[0.021s] Invoking command in '/home/ylspyrou/humble_ws/build/joint_state_broadcaster': AMENT_PREFIX_PATH=/home/ylspyrou/humble_ws/install/controller_manager:/home/ylspyrou/humble_ws/install/controller_interface:/home/ylspyrou/humble_ws/install/hardware_interface:/home/ylspyrou/humble_ws/install/ros2_control_test_assets:/home/ylspyrou/humble_ws/install/realtime_tools:/home/ylspyrou/humble_ws/install/controller_manager_msgs:/home/ylspyrou/humble_ws/install/control_msgs:${AMENT_PREFIX_PATH} CMAKE_PREFIX_PATH=/home/ylspyrou/humble_ws/install/controller_manager:/home/ylspyrou/humble_ws/install/controller_interface:/home/ylspyrou/humble_ws/install/hardware_interface:/home/ylspyrou/humble_ws/install/ros2_control_test_assets:/home/ylspyrou/humble_ws/install/realtime_tools:/home/ylspyrou/humble_ws/install/controller_manager_msgs:/home/ylspyrou/humble_ws/install/control_msgs:/opt/ros/foxy LD_LIBRARY_PATH=/home/ylspyrou/humble_ws/install/controller_manager/lib:/home/ylspyrou/humble_ws/install/controller_interface/lib:/home/ylspyrou/humble_ws/install/hardware_interface/lib:/home/ylspyrou/humble_ws/install/realtime_tools/lib:/home/ylspyrou/humble_ws/install/controller_manager_msgs/lib:/home/ylspyrou/humble_ws/install/control_msgs/lib:${LD_LIBRARY_PATH} PYTHONPATH=/home/ylspyrou/humble_ws/install/controller_manager/lib/python3.8/site-packages:/home/ylspyrou/humble_ws/install/controller_manager_msgs/lib/python3.8/site-packages:/home/ylspyrou/humble_ws/install/control_msgs/lib/python3.8/site-packages:${PYTHONPATH} /usr/bin/cmake --build /home/ylspyrou/humble_ws/build/joint_state_broadcaster -- -j2 -l2
[0.114s] [ 27%] Built target gmock
[0.165s] [ 45%] Built target gmock_main
[0.179s] [ 63%] Built target joint_state_broadcaster
[0.234s] [ 81%] Built target test_joint_state_broadcaster
[0.242s] [100%] Built target test_load_joint_state_broadcaster
[0.260s] Invoked command in '/home/ylspyrou/humble_ws/build/joint_state_broadcaster' returned '0': AMENT_PREFIX_PATH=/home/ylspyrou/humble_ws/install/controller_manager:/home/ylspyrou/humble_ws/install/controller_interface:/home/ylspyrou/humble_ws/install/hardware_interface:/home/ylspyrou/humble_ws/install/ros2_control_test_assets:/home/ylspyrou/humble_ws/install/realtime_tools:/home/ylspyrou/humble_ws/install/controller_manager_msgs:/home/ylspyrou/humble_ws/install/control_msgs:${AMENT_PREFIX_PATH} CMAKE_PREFIX_PATH=/home/ylspyrou/humble_ws/install/controller_manager:/home/ylspyrou/humble_ws/install/controller_interface:/home/ylspyrou/humble_ws/install/hardware_interface:/home/ylspyrou/humble_ws/install/ros2_control_test_assets:/home/ylspyrou/humble_ws/install/realtime_tools:/home/ylspyrou/humble_ws/install/controller_manager_msgs:/home/ylspyrou/humble_ws/install/control_msgs:/opt/ros/foxy LD_LIBRARY_PATH=/home/ylspyrou/humble_ws/install/controller_manager/lib:/home/ylspyrou/humble_ws/install/controller_interface/lib:/home/ylspyrou/humble_ws/install/hardware_interface/lib:/home/ylspyrou/humble_ws/install/realtime_tools/lib:/home/ylspyrou/humble_ws/install/controller_manager_msgs/lib:/home/ylspyrou/humble_ws/install/control_msgs/lib:${LD_LIBRARY_PATH} PYTHONPATH=/home/ylspyrou/humble_ws/install/controller_manager/lib/python3.8/site-packages:/home/ylspyrou/humble_ws/install/controller_manager_msgs/lib/python3.8/site-packages:/home/ylspyrou/humble_ws/install/control_msgs/lib/python3.8/site-packages:${PYTHONPATH} /usr/bin/cmake --build /home/ylspyrou/humble_ws/build/joint_state_broadcaster -- -j2 -l2
[0.306s] Invoking command in '/home/ylspyrou/humble_ws/build/joint_state_broadcaster': AMENT_PREFIX_PATH=/home/ylspyrou/humble_ws/install/controller_manager:/home/ylspyrou/humble_ws/install/controller_interface:/home/ylspyrou/humble_ws/install/hardware_interface:/home/ylspyrou/humble_ws/install/ros2_control_test_assets:/home/ylspyrou/humble_ws/install/realtime_tools:/home/ylspyrou/humble_ws/install/controller_manager_msgs:/home/ylspyrou/humble_ws/install/control_msgs:${AMENT_PREFIX_PATH} CMAKE_PREFIX_PATH=/home/ylspyrou/humble_ws/install/controller_manager:/home/ylspyrou/humble_ws/install/controller_interface:/home/ylspyrou/humble_ws/install/hardware_interface:/home/ylspyrou/humble_ws/install/ros2_control_test_assets:/home/ylspyrou/humble_ws/install/realtime_tools:/home/ylspyrou/humble_ws/install/controller_manager_msgs:/home/ylspyrou/humble_ws/install/control_msgs:/opt/ros/foxy LD_LIBRARY_PATH=/home/ylspyrou/humble_ws/install/controller_manager/lib:/home/ylspyrou/humble_ws/install/controller_interface/lib:/home/ylspyrou/humble_ws/install/hardware_interface/lib:/home/ylspyrou/humble_ws/install/realtime_tools/lib:/home/ylspyrou/humble_ws/install/controller_manager_msgs/lib:/home/ylspyrou/humble_ws/install/control_msgs/lib:${LD_LIBRARY_PATH} PYTHONPATH=/home/ylspyrou/humble_ws/install/controller_manager/lib/python3.8/site-packages:/home/ylspyrou/humble_ws/install/controller_manager_msgs/lib/python3.8/site-packages:/home/ylspyrou/humble_ws/install/control_msgs/lib/python3.8/site-packages:${PYTHONPATH} /usr/bin/cmake --install /home/ylspyrou/humble_ws/build/joint_state_broadcaster
[0.320s] -- Install configuration: ""
[0.322s] -- Execute custom install script
[0.323s] -- Up-to-date symlink: /home/ylspyrou/humble_ws/install/joint_state_broadcaster/share/joint_state_broadcaster//joint_state_plugin.xml
[0.323s] -- Up-to-date symlink: /home/ylspyrou/humble_ws/install/joint_state_broadcaster/include/joint_state_broadcaster/joint_state_broadcaster.hpp
[0.324s] -- Up-to-date symlink: /home/ylspyrou/humble_ws/install/joint_state_broadcaster/include/joint_state_broadcaster/visibility_control.h
[0.325s] -- Up-to-date symlink: /home/ylspyrou/humble_ws/install/joint_state_broadcaster/lib/libjoint_state_broadcaster.so
[0.325s] -- Up-to-date symlink: /home/ylspyrou/humble_ws/install/joint_state_broadcaster/share/joint_state_broadcaster/environment/library_path.sh
[0.326s] -- Up-to-date symlink: /home/ylspyrou/humble_ws/install/joint_state_broadcaster/share/joint_state_broadcaster/environment/library_path.dsv
[0.328s] -- Up-to-date symlink: /home/ylspyrou/humble_ws/install/joint_state_broadcaster/share/ament_index/resource_index/package_run_dependencies/joint_state_broadcaster
[0.329s] -- Up-to-date symlink: /home/ylspyrou/humble_ws/install/joint_state_broadcaster/share/ament_index/resource_index/parent_prefix_path/joint_state_broadcaster
[0.329s] -- Up-to-date symlink: /home/ylspyrou/humble_ws/install/joint_state_broadcaster/share/joint_state_broadcaster/environment/ament_prefix_path.sh
[0.331s] -- Up-to-date symlink: /home/ylspyrou/humble_ws/install/joint_state_broadcaster/share/joint_state_broadcaster/environment/ament_prefix_path.dsv
[0.331s] -- Up-to-date symlink: /home/ylspyrou/humble_ws/install/joint_state_broadcaster/share/joint_state_broadcaster/environment/path.sh
[0.332s] -- Up-to-date symlink: /home/ylspyrou/humble_ws/install/joint_state_broadcaster/share/joint_state_broadcaster/environment/path.dsv
[0.334s] -- Up-to-date symlink: /home/ylspyrou/humble_ws/install/joint_state_broadcaster/share/joint_state_broadcaster/local_setup.bash
[0.334s] -- Up-to-date symlink: /home/ylspyrou/humble_ws/install/joint_state_broadcaster/share/joint_state_broadcaster/local_setup.sh
[0.335s] -- Up-to-date symlink: /home/ylspyrou/humble_ws/install/joint_state_broadcaster/share/joint_state_broadcaster/local_setup.zsh
[0.338s] -- Up-to-date symlink: /home/ylspyrou/humble_ws/install/joint_state_broadcaster/share/joint_state_broadcaster/local_setup.dsv
[0.338s] -- Symlinking: /home/ylspyrou/humble_ws/install/joint_state_broadcaster/share/joint_state_broadcaster/package.dsv
[0.351s] -- Up-to-date symlink: /home/ylspyrou/humble_ws/install/joint_state_broadcaster/share/ament_index/resource_index/packages/joint_state_broadcaster
[0.352s] -- Up-to-date symlink: /home/ylspyrou/humble_ws/install/joint_state_broadcaster/share/ament_index/resource_index/controller_interface__pluginlib__plugin/joint_state_broadcaster
[0.352s] -- Up-to-date symlink: /home/ylspyrou/humble_ws/install/joint_state_broadcaster/share/joint_state_broadcaster/cmake/ament_cmake_export_dependencies-extras.cmake
[0.352s] -- Up-to-date symlink: /home/ylspyrou/humble_ws/install/joint_state_broadcaster/share/joint_state_broadcaster/cmake/ament_cmake_export_include_directories-extras.cmake
[0.352s] -- Up-to-date symlink: /home/ylspyrou/humble_ws/install/joint_state_broadcaster/share/joint_state_broadcaster/cmake/ament_cmake_export_libraries-extras.cmake
[0.352s] -- Up-to-date symlink: /home/ylspyrou/humble_ws/install/joint_state_broadcaster/share/joint_state_broadcaster/cmake/joint_state_broadcasterConfig.cmake
[0.352s] -- Up-to-date symlink: /home/ylspyrou/humble_ws/install/joint_state_broadcaster/share/joint_state_broadcaster/cmake/joint_state_broadcasterConfig-version.cmake
[0.352s] -- Up-to-date symlink: /home/ylspyrou/humble_ws/install/joint_state_broadcaster/share/joint_state_broadcaster/package.xml
[0.357s] Invoked command in '/home/ylspyrou/humble_ws/build/joint_state_broadcaster' returned '0': AMENT_PREFIX_PATH=/home/ylspyrou/humble_ws/install/controller_manager:/home/ylspyrou/humble_ws/install/controller_interface:/home/ylspyrou/humble_ws/install/hardware_interface:/home/ylspyrou/humble_ws/install/ros2_control_test_assets:/home/ylspyrou/humble_ws/install/realtime_tools:/home/ylspyrou/humble_ws/install/controller_manager_msgs:/home/ylspyrou/humble_ws/install/control_msgs:${AMENT_PREFIX_PATH} CMAKE_PREFIX_PATH=/home/ylspyrou/humble_ws/install/controller_manager:/home/ylspyrou/humble_ws/install/controller_interface:/home/ylspyrou/humble_ws/install/hardware_interface:/home/ylspyrou/humble_ws/install/ros2_control_test_assets:/home/ylspyrou/humble_ws/install/realtime_tools:/home/ylspyrou/humble_ws/install/controller_manager_msgs:/home/ylspyrou/humble_ws/install/control_msgs:/opt/ros/foxy LD_LIBRARY_PATH=/home/ylspyrou/humble_ws/install/controller_manager/lib:/home/ylspyrou/humble_ws/install/controller_interface/lib:/home/ylspyrou/humble_ws/install/hardware_interface/lib:/home/ylspyrou/humble_ws/install/realtime_tools/lib:/home/ylspyrou/humble_ws/install/controller_manager_msgs/lib:/home/ylspyrou/humble_ws/install/control_msgs/lib:${LD_LIBRARY_PATH} PYTHONPATH=/home/ylspyrou/humble_ws/install/controller_manager/lib/python3.8/site-packages:/home/ylspyrou/humble_ws/install/controller_manager_msgs/lib/python3.8/site-packages:/home/ylspyrou/humble_ws/install/control_msgs/lib/python3.8/site-packages:${PYTHONPATH} /usr/bin/cmake --install /home/ylspyrou/humble_ws/build/joint_state_broadcaster
