[0.015s] Invoking command in '/home/ylspyrou/humble_ws/build/controller_manager_msgs': CMAKE_PREFIX_PATH=/opt/ros/foxy /usr/bin/cmake /home/ylspyrou/humble_ws/src/ros2_control/controller_manager_msgs -DAMENT_CMAKE_SYMLINK_INSTALL=1 -DCMAKE_INSTALL_PREFIX=/home/ylspyrou/humble_ws/install/controller_manager_msgs
[0.081s] -- The C compiler identification is GNU 9.4.0
[0.135s] -- The CXX compiler identification is GNU 9.4.0
[0.138s] -- Check for working C compiler: /usr/bin/cc
[0.219s] -- Check for working C compiler: /usr/bin/cc -- works
[0.225s] -- Detecting C compiler ABI info
[0.317s] -- Detecting C compiler ABI info - done
[0.326s] -- Detecting C compile features
[0.326s] -- Detecting C compile features - done
[0.331s] -- Check for working CXX compiler: /usr/bin/c++
[0.415s] -- Check for working CXX compiler: /usr/bin/c++ -- works
[0.415s] -- Detecting CXX compiler ABI info
[0.492s] -- Detecting CXX compiler ABI info - done
[0.503s] -- Detecting CXX compile features
[0.503s] -- Detecting CXX compile features - done
[0.505s] -- Found ament_cmake: 0.9.12 (/opt/ros/foxy/share/ament_cmake/cmake)
[0.532s] -- Found PythonInterp: /usr/bin/python3 (found suitable version "3.8.10", minimum required is "3") 
[0.532s] -- Using PYTHON_EXECUTABLE: /usr/bin/python3
[0.694s] -- Override CMake install command with custom implementation using symlinks instead of copying resources
[0.704s] -- Found builtin_interfaces: 1.0.0 (/opt/ros/foxy/share/builtin_interfaces/cmake)
[0.731s] -- Using all available rosidl_typesupport_c: rosidl_typesupport_fastrtps_c;rosidl_typesupport_introspection_c
[0.739s] -- Found rosidl_adapter: 1.3.1 (/opt/ros/foxy/share/rosidl_adapter/cmake)
[0.811s] -- Found OpenSSL: /usr/lib/x86_64-linux-gnu/libcrypto.so (found version "1.1.1f")  
[0.841s] -- Found FastRTPS: /opt/ros/foxy/include  
[0.912s] -- Using all available rosidl_typesupport_cpp: rosidl_typesupport_fastrtps_cpp;rosidl_typesupport_introspection_cpp
[0.942s] -- Found rosidl_default_generators: 1.0.1 (/opt/ros/foxy/share/rosidl_default_generators/cmake)
[0.954s] -- Found ament_lint_auto: 0.9.8 (/opt/ros/foxy/share/ament_lint_auto/cmake)
[1.041s] -- Found PythonInterp: /usr/bin/python3 (found version "3.8.10") 
[1.185s] -- Found ament_cmake_ros: 0.9.2 (/opt/ros/foxy/share/ament_cmake_ros/cmake)
[1.301s] -- Using all available rosidl_typesupport_c: rosidl_typesupport_fastrtps_c;rosidl_typesupport_introspection_c
[1.320s] -- Using all available rosidl_typesupport_cpp: rosidl_typesupport_fastrtps_cpp;rosidl_typesupport_introspection_cpp
[1.358s] -- Found PythonInterp: /usr/bin/python3 (found suitable version "3.8.10", minimum required is "3.5") 
[1.360s] -- Found python_cmake_module: 0.8.1 (/opt/ros/foxy/share/python_cmake_module/cmake)
[1.385s] -- Found PythonLibs: /usr/lib/x86_64-linux-gnu/libpython3.8.so (found suitable version "3.8.10", minimum required is "3.5") 
[1.386s] -- Using PYTHON_EXECUTABLE: /usr/bin/python3
[1.386s] -- Using PYTHON_INCLUDE_DIRS: /usr/include/python3.8
[1.387s] -- Using PYTHON_LIBRARIES: /usr/lib/x86_64-linux-gnu/libpython3.8.so
[1.425s] -- Found PythonExtra: .so  
[1.536s] -- Added test 'copyright' to check source files copyright and LICENSE
[1.549s] -- Added test 'lint_cmake' to check CMake code style
[1.549s] -- Added test 'xmllint' to check XML markup files
[1.568s] -- Configuring done
[1.654s] -- Generating done
[1.657s] -- Build files have been written to: /home/ylspyrou/humble_ws/build/controller_manager_msgs
[1.670s] Invoked command in '/home/ylspyrou/humble_ws/build/controller_manager_msgs' returned '0': CMAKE_PREFIX_PATH=/opt/ros/foxy /usr/bin/cmake /home/ylspyrou/humble_ws/src/ros2_control/controller_manager_msgs -DAMENT_CMAKE_SYMLINK_INSTALL=1 -DCMAKE_INSTALL_PREFIX=/home/ylspyrou/humble_ws/install/controller_manager_msgs
[1.673s] Invoking command in '/home/ylspyrou/humble_ws/build/controller_manager_msgs': CMAKE_PREFIX_PATH=/opt/ros/foxy /usr/bin/cmake --build /home/ylspyrou/humble_ws/build/controller_manager_msgs -- -j2 -l2
[1.823s] [35m[1mScanning dependencies of target controller_manager_msgs__cpp[0m
[1.823s] [  1%] [34m[1mGenerating C code for ROS interfaces[0m
[1.861s] [  1%] [34m[1mGenerating C++ code for ROS interfaces[0m
[6.102s] [  1%] Built target controller_manager_msgs__cpp
[6.139s] [  2%] [34m[1mGenerating C++ type support dispatch for ROS interfaces[0m
[6.456s] [35m[1mScanning dependencies of target controller_manager_msgs__rosidl_generator_c[0m
[6.521s] [  3%] [32mBuilding C object CMakeFiles/controller_manager_msgs__rosidl_generator_c.dir/rosidl_generator_c/controller_manager_msgs/msg/detail/controller_state__functions.c.o[0m
[6.671s] [  3%] [32mBuilding C object CMakeFiles/controller_manager_msgs__rosidl_generator_c.dir/rosidl_generator_c/controller_manager_msgs/msg/detail/hardware_interface__functions.c.o[0m
[6.957s] [  4%] [32mBuilding C object CMakeFiles/controller_manager_msgs__rosidl_generator_c.dir/rosidl_generator_c/controller_manager_msgs/srv/detail/configure_controller__functions.c.o[0m
[7.110s] [  5%] [32mBuilding C object CMakeFiles/controller_manager_msgs__rosidl_generator_c.dir/rosidl_generator_c/controller_manager_msgs/srv/detail/configure_start_controller__functions.c.o[0m
[7.247s] [  6%] [32mBuilding C object CMakeFiles/controller_manager_msgs__rosidl_generator_c.dir/rosidl_generator_c/controller_manager_msgs/srv/detail/list_controllers__functions.c.o[0m
[7.438s] [  7%] [32mBuilding C object CMakeFiles/controller_manager_msgs__rosidl_generator_c.dir/rosidl_generator_c/controller_manager_msgs/srv/detail/list_controller_types__functions.c.o[0m
[7.614s] [  7%] [32mBuilding C object CMakeFiles/controller_manager_msgs__rosidl_generator_c.dir/rosidl_generator_c/controller_manager_msgs/srv/detail/list_hardware_interfaces__functions.c.o[0m
[7.744s] [  8%] [32mBuilding C object CMakeFiles/controller_manager_msgs__rosidl_generator_c.dir/rosidl_generator_c/controller_manager_msgs/srv/detail/load_configure_controller__functions.c.o[0m
[7.867s] [35m[1mScanning dependencies of target controller_manager_msgs__rosidl_typesupport_cpp[0m
[7.872s] [  9%] [32mBuilding C object CMakeFiles/controller_manager_msgs__rosidl_generator_c.dir/rosidl_generator_c/controller_manager_msgs/srv/detail/load_controller__functions.c.o[0m
[7.931s] [ 10%] [32mBuilding CXX object CMakeFiles/controller_manager_msgs__rosidl_typesupport_cpp.dir/rosidl_typesupport_cpp/controller_manager_msgs/msg/controller_state__type_support.cpp.o[0m
[7.983s] [ 11%] [32mBuilding C object CMakeFiles/controller_manager_msgs__rosidl_generator_c.dir/rosidl_generator_c/controller_manager_msgs/srv/detail/load_start_controller__functions.c.o[0m
[8.160s] [ 12%] [32mBuilding C object CMakeFiles/controller_manager_msgs__rosidl_generator_c.dir/rosidl_generator_c/controller_manager_msgs/srv/detail/reload_controller_libraries__functions.c.o[0m
[8.285s] [ 12%] [32mBuilding C object CMakeFiles/controller_manager_msgs__rosidl_generator_c.dir/rosidl_generator_c/controller_manager_msgs/srv/detail/switch_controller__functions.c.o[0m
[8.446s] [ 13%] [32mBuilding C object CMakeFiles/controller_manager_msgs__rosidl_generator_c.dir/rosidl_generator_c/controller_manager_msgs/srv/detail/unload_controller__functions.c.o[0m
[8.533s] [ 14%] [32mBuilding CXX object CMakeFiles/controller_manager_msgs__rosidl_typesupport_cpp.dir/rosidl_typesupport_cpp/controller_manager_msgs/msg/hardware_interface__type_support.cpp.o[0m
[8.692s] [ 15%] [32m[1mLinking C shared library libcontroller_manager_msgs__rosidl_generator_c.so[0m
[8.841s] [ 15%] Built target controller_manager_msgs__rosidl_generator_c
[8.889s] [ 16%] [34m[1mGenerating C++ type support for eProsima Fast-RTPS[0m
[9.165s] [ 16%] [32mBuilding CXX object CMakeFiles/controller_manager_msgs__rosidl_typesupport_cpp.dir/rosidl_typesupport_cpp/controller_manager_msgs/srv/configure_controller__type_support.cpp.o[0m
[10.112s] [ 17%] [32mBuilding CXX object CMakeFiles/controller_manager_msgs__rosidl_typesupport_cpp.dir/rosidl_typesupport_cpp/controller_manager_msgs/srv/configure_start_controller__type_support.cpp.o[0m
[11.216s] [ 18%] [32mBuilding CXX object CMakeFiles/controller_manager_msgs__rosidl_typesupport_cpp.dir/rosidl_typesupport_cpp/controller_manager_msgs/srv/list_controllers__type_support.cpp.o[0m
[11.985s] [ 19%] [32mBuilding CXX object CMakeFiles/controller_manager_msgs__rosidl_typesupport_cpp.dir/rosidl_typesupport_cpp/controller_manager_msgs/srv/list_controller_types__type_support.cpp.o[0m
[12.699s] [35m[1mScanning dependencies of target controller_manager_msgs__rosidl_typesupport_fastrtps_cpp[0m
[12.783s] [ 20%] [32mBuilding CXX object CMakeFiles/controller_manager_msgs__rosidl_typesupport_fastrtps_cpp.dir/rosidl_typesupport_fastrtps_cpp/controller_manager_msgs/msg/detail/dds_fastrtps/controller_state__type_support.cpp.o[0m
[12.915s] [ 21%] [32mBuilding CXX object CMakeFiles/controller_manager_msgs__rosidl_typesupport_cpp.dir/rosidl_typesupport_cpp/controller_manager_msgs/srv/list_hardware_interfaces__type_support.cpp.o[0m
[13.673s] [ 21%] [32mBuilding CXX object CMakeFiles/controller_manager_msgs__rosidl_typesupport_cpp.dir/rosidl_typesupport_cpp/controller_manager_msgs/srv/load_configure_controller__type_support.cpp.o[0m
[14.079s] [ 22%] [32mBuilding CXX object CMakeFiles/controller_manager_msgs__rosidl_typesupport_fastrtps_cpp.dir/rosidl_typesupport_fastrtps_cpp/controller_manager_msgs/msg/detail/dds_fastrtps/hardware_interface__type_support.cpp.o[0m
[14.661s] [ 23%] [32mBuilding CXX object CMakeFiles/controller_manager_msgs__rosidl_typesupport_cpp.dir/rosidl_typesupport_cpp/controller_manager_msgs/srv/load_controller__type_support.cpp.o[0m
[15.264s] [ 24%] [32mBuilding CXX object CMakeFiles/controller_manager_msgs__rosidl_typesupport_fastrtps_cpp.dir/rosidl_typesupport_fastrtps_cpp/controller_manager_msgs/srv/detail/dds_fastrtps/configure_controller__type_support.cpp.o[0m
[15.428s] [ 25%] [32mBuilding CXX object CMakeFiles/controller_manager_msgs__rosidl_typesupport_cpp.dir/rosidl_typesupport_cpp/controller_manager_msgs/srv/load_start_controller__type_support.cpp.o[0m
[16.221s] [ 26%] [32mBuilding CXX object CMakeFiles/controller_manager_msgs__rosidl_typesupport_cpp.dir/rosidl_typesupport_cpp/controller_manager_msgs/srv/reload_controller_libraries__type_support.cpp.o[0m
[16.323s] [ 26%] [32mBuilding CXX object CMakeFiles/controller_manager_msgs__rosidl_typesupport_fastrtps_cpp.dir/rosidl_typesupport_fastrtps_cpp/controller_manager_msgs/srv/detail/dds_fastrtps/configure_start_controller__type_support.cpp.o[0m
[16.845s] [ 27%] [32mBuilding CXX object CMakeFiles/controller_manager_msgs__rosidl_typesupport_cpp.dir/rosidl_typesupport_cpp/controller_manager_msgs/srv/switch_controller__type_support.cpp.o[0m
[17.232s] [ 28%] [32mBuilding CXX object CMakeFiles/controller_manager_msgs__rosidl_typesupport_fastrtps_cpp.dir/rosidl_typesupport_fastrtps_cpp/controller_manager_msgs/srv/detail/dds_fastrtps/list_controllers__type_support.cpp.o[0m
[17.461s] [ 28%] [32mBuilding CXX object CMakeFiles/controller_manager_msgs__rosidl_typesupport_cpp.dir/rosidl_typesupport_cpp/controller_manager_msgs/srv/unload_controller__type_support.cpp.o[0m
[17.998s] [ 29%] [32m[1mLinking CXX shared library libcontroller_manager_msgs__rosidl_typesupport_cpp.so[0m
[18.179s] [ 29%] Built target controller_manager_msgs__rosidl_typesupport_cpp
[18.217s] [ 30%] [32mBuilding CXX object CMakeFiles/controller_manager_msgs__rosidl_typesupport_fastrtps_cpp.dir/rosidl_typesupport_fastrtps_cpp/controller_manager_msgs/srv/detail/dds_fastrtps/list_controller_types__type_support.cpp.o[0m
[18.237s] [ 31%] [32mBuilding CXX object CMakeFiles/controller_manager_msgs__rosidl_typesupport_fastrtps_cpp.dir/rosidl_typesupport_fastrtps_cpp/controller_manager_msgs/srv/detail/dds_fastrtps/list_hardware_interfaces__type_support.cpp.o[0m
[19.085s] [ 32%] [32mBuilding CXX object CMakeFiles/controller_manager_msgs__rosidl_typesupport_fastrtps_cpp.dir/rosidl_typesupport_fastrtps_cpp/controller_manager_msgs/srv/detail/dds_fastrtps/load_configure_controller__type_support.cpp.o[0m
[19.236s] [ 32%] [32mBuilding CXX object CMakeFiles/controller_manager_msgs__rosidl_typesupport_fastrtps_cpp.dir/rosidl_typesupport_fastrtps_cpp/controller_manager_msgs/srv/detail/dds_fastrtps/load_controller__type_support.cpp.o[0m
[20.015s] [ 33%] [34m[1mGenerating C introspection for ROS interfaces[0m
[20.301s] [ 34%] [32mBuilding CXX object CMakeFiles/controller_manager_msgs__rosidl_typesupport_fastrtps_cpp.dir/rosidl_typesupport_fastrtps_cpp/controller_manager_msgs/srv/detail/dds_fastrtps/load_start_controller__type_support.cpp.o[0m
[21.343s] [ 35%] [32mBuilding CXX object CMakeFiles/controller_manager_msgs__rosidl_typesupport_fastrtps_cpp.dir/rosidl_typesupport_fastrtps_cpp/controller_manager_msgs/srv/detail/dds_fastrtps/reload_controller_libraries__type_support.cpp.o[0m
[22.974s] [ 36%] [32mBuilding CXX object CMakeFiles/controller_manager_msgs__rosidl_typesupport_fastrtps_cpp.dir/rosidl_typesupport_fastrtps_cpp/controller_manager_msgs/srv/detail/dds_fastrtps/switch_controller__type_support.cpp.o[0m
[23.376s] [35m[1mScanning dependencies of target controller_manager_msgs__rosidl_typesupport_introspection_c[0m
[23.470s] [ 37%] [32mBuilding C object CMakeFiles/controller_manager_msgs__rosidl_typesupport_introspection_c.dir/rosidl_typesupport_introspection_c/controller_manager_msgs/msg/detail/controller_state__type_support.c.o[0m
[23.570s] [ 38%] [32mBuilding C object CMakeFiles/controller_manager_msgs__rosidl_typesupport_introspection_c.dir/rosidl_typesupport_introspection_c/controller_manager_msgs/msg/detail/hardware_interface__type_support.c.o[0m
[23.691s] [ 38%] [32mBuilding C object CMakeFiles/controller_manager_msgs__rosidl_typesupport_introspection_c.dir/rosidl_typesupport_introspection_c/controller_manager_msgs/srv/detail/configure_controller__type_support.c.o[0m
[23.839s] [ 39%] [32mBuilding C object CMakeFiles/controller_manager_msgs__rosidl_typesupport_introspection_c.dir/rosidl_typesupport_introspection_c/controller_manager_msgs/srv/detail/configure_start_controller__type_support.c.o[0m
[23.957s] [ 40%] [32mBuilding C object CMakeFiles/controller_manager_msgs__rosidl_typesupport_introspection_c.dir/rosidl_typesupport_introspection_c/controller_manager_msgs/srv/detail/list_controllers__type_support.c.o[0m
[24.057s] [ 41%] [32mBuilding CXX object CMakeFiles/controller_manager_msgs__rosidl_typesupport_fastrtps_cpp.dir/rosidl_typesupport_fastrtps_cpp/controller_manager_msgs/srv/detail/dds_fastrtps/unload_controller__type_support.cpp.o[0m
[24.067s] [ 42%] [32mBuilding C object CMakeFiles/controller_manager_msgs__rosidl_typesupport_introspection_c.dir/rosidl_typesupport_introspection_c/controller_manager_msgs/srv/detail/list_controller_types__type_support.c.o[0m
[24.205s] [ 43%] [32mBuilding C object CMakeFiles/controller_manager_msgs__rosidl_typesupport_introspection_c.dir/rosidl_typesupport_introspection_c/controller_manager_msgs/srv/detail/list_hardware_interfaces__type_support.c.o[0m
[24.355s] [ 43%] [32mBuilding C object CMakeFiles/controller_manager_msgs__rosidl_typesupport_introspection_c.dir/rosidl_typesupport_introspection_c/controller_manager_msgs/srv/detail/load_configure_controller__type_support.c.o[0m
[24.473s] [ 44%] [32mBuilding C object CMakeFiles/controller_manager_msgs__rosidl_typesupport_introspection_c.dir/rosidl_typesupport_introspection_c/controller_manager_msgs/srv/detail/load_controller__type_support.c.o[0m
[24.583s] [ 45%] [32mBuilding C object CMakeFiles/controller_manager_msgs__rosidl_typesupport_introspection_c.dir/rosidl_typesupport_introspection_c/controller_manager_msgs/srv/detail/load_start_controller__type_support.c.o[0m
[24.712s] [ 46%] [32mBuilding C object CMakeFiles/controller_manager_msgs__rosidl_typesupport_introspection_c.dir/rosidl_typesupport_introspection_c/controller_manager_msgs/srv/detail/reload_controller_libraries__type_support.c.o[0m
[24.871s] [ 47%] [32mBuilding C object CMakeFiles/controller_manager_msgs__rosidl_typesupport_introspection_c.dir/rosidl_typesupport_introspection_c/controller_manager_msgs/srv/detail/switch_controller__type_support.c.o[0m
[24.971s] [ 47%] [32m[1mLinking CXX shared library libcontroller_manager_msgs__rosidl_typesupport_fastrtps_cpp.so[0m
[25.017s] [ 47%] [32mBuilding C object CMakeFiles/controller_manager_msgs__rosidl_typesupport_introspection_c.dir/rosidl_typesupport_introspection_c/controller_manager_msgs/srv/detail/unload_controller__type_support.c.o[0m
[25.174s] [ 48%] [32m[1mLinking C shared library libcontroller_manager_msgs__rosidl_typesupport_introspection_c.so[0m
[25.318s] [ 48%] Built target controller_manager_msgs__rosidl_typesupport_introspection_c
[25.323s] [ 48%] Built target controller_manager_msgs__rosidl_typesupport_fastrtps_cpp
[25.359s] [ 49%] [34m[1mGenerating C type support dispatch for ROS interfaces[0m
[25.393s] [ 49%] [34m[1mGenerating C++ introspection for ROS interfaces[0m
[26.989s] [35m[1mScanning dependencies of target controller_manager_msgs__rosidl_typesupport_c[0m
[27.029s] [ 49%] [32mBuilding CXX object CMakeFiles/controller_manager_msgs__rosidl_typesupport_c.dir/rosidl_typesupport_c/controller_manager_msgs/msg/controller_state__type_support.cpp.o[0m
[27.112s] [ 50%] [32mBuilding CXX object CMakeFiles/controller_manager_msgs__rosidl_typesupport_c.dir/rosidl_typesupport_c/controller_manager_msgs/msg/hardware_interface__type_support.cpp.o[0m
[27.243s] [ 51%] [32mBuilding CXX object CMakeFiles/controller_manager_msgs__rosidl_typesupport_c.dir/rosidl_typesupport_c/controller_manager_msgs/srv/configure_controller__type_support.cpp.o[0m
[27.376s] [ 52%] [32mBuilding CXX object CMakeFiles/controller_manager_msgs__rosidl_typesupport_c.dir/rosidl_typesupport_c/controller_manager_msgs/srv/configure_start_controller__type_support.cpp.o[0m
[27.453s] [ 53%] [32mBuilding CXX object CMakeFiles/controller_manager_msgs__rosidl_typesupport_c.dir/rosidl_typesupport_c/controller_manager_msgs/srv/list_controllers__type_support.cpp.o[0m
[27.538s] [ 53%] [32mBuilding CXX object CMakeFiles/controller_manager_msgs__rosidl_typesupport_c.dir/rosidl_typesupport_c/controller_manager_msgs/srv/list_controller_types__type_support.cpp.o[0m
[27.623s] [ 54%] [32mBuilding CXX object CMakeFiles/controller_manager_msgs__rosidl_typesupport_c.dir/rosidl_typesupport_c/controller_manager_msgs/srv/list_hardware_interfaces__type_support.cpp.o[0m
[27.696s] [35m[1mScanning dependencies of target controller_manager_msgs__rosidl_typesupport_introspection_cpp[0m
[27.733s] [ 55%] [32mBuilding CXX object CMakeFiles/controller_manager_msgs__rosidl_typesupport_c.dir/rosidl_typesupport_c/controller_manager_msgs/srv/load_configure_controller__type_support.cpp.o[0m
[27.741s] [ 56%] [32mBuilding CXX object CMakeFiles/controller_manager_msgs__rosidl_typesupport_introspection_cpp.dir/rosidl_typesupport_introspection_cpp/controller_manager_msgs/msg/detail/controller_state__type_support.cpp.o[0m
[27.858s] [ 57%] [32mBuilding CXX object CMakeFiles/controller_manager_msgs__rosidl_typesupport_c.dir/rosidl_typesupport_c/controller_manager_msgs/srv/load_controller__type_support.cpp.o[0m
[28.025s] [ 58%] [32mBuilding CXX object CMakeFiles/controller_manager_msgs__rosidl_typesupport_c.dir/rosidl_typesupport_c/controller_manager_msgs/srv/load_start_controller__type_support.cpp.o[0m
[28.203s] [ 58%] [32mBuilding CXX object CMakeFiles/controller_manager_msgs__rosidl_typesupport_c.dir/rosidl_typesupport_c/controller_manager_msgs/srv/reload_controller_libraries__type_support.cpp.o[0m
[28.386s] [ 59%] [32mBuilding CXX object CMakeFiles/controller_manager_msgs__rosidl_typesupport_c.dir/rosidl_typesupport_c/controller_manager_msgs/srv/switch_controller__type_support.cpp.o[0m
[28.483s] [ 60%] [32mBuilding CXX object CMakeFiles/controller_manager_msgs__rosidl_typesupport_c.dir/rosidl_typesupport_c/controller_manager_msgs/srv/unload_controller__type_support.cpp.o[0m
[28.573s] [ 61%] [32m[1mLinking CXX shared library libcontroller_manager_msgs__rosidl_typesupport_c.so[0m
[28.625s] [ 62%] [32mBuilding CXX object CMakeFiles/controller_manager_msgs__rosidl_typesupport_introspection_cpp.dir/rosidl_typesupport_introspection_cpp/controller_manager_msgs/msg/detail/hardware_interface__type_support.cpp.o[0m
[28.739s] [ 62%] Built target controller_manager_msgs__rosidl_typesupport_c
[29.284s] [ 63%] [32mBuilding CXX object CMakeFiles/controller_manager_msgs__rosidl_typesupport_introspection_cpp.dir/rosidl_typesupport_introspection_cpp/controller_manager_msgs/srv/detail/configure_controller__type_support.cpp.o[0m
[29.682s] [ 64%] [32mBuilding CXX object CMakeFiles/controller_manager_msgs__rosidl_typesupport_introspection_cpp.dir/rosidl_typesupport_introspection_cpp/controller_manager_msgs/srv/detail/configure_start_controller__type_support.cpp.o[0m
[30.124s] [ 64%] [32mBuilding CXX object CMakeFiles/controller_manager_msgs__rosidl_typesupport_introspection_cpp.dir/rosidl_typesupport_introspection_cpp/controller_manager_msgs/srv/detail/list_controllers__type_support.cpp.o[0m
[30.559s] [ 65%] [32mBuilding CXX object CMakeFiles/controller_manager_msgs__rosidl_typesupport_introspection_cpp.dir/rosidl_typesupport_introspection_cpp/controller_manager_msgs/srv/detail/list_controller_types__type_support.cpp.o[0m
[30.955s] [ 66%] [32mBuilding CXX object CMakeFiles/controller_manager_msgs__rosidl_typesupport_introspection_cpp.dir/rosidl_typesupport_introspection_cpp/controller_manager_msgs/srv/detail/list_hardware_interfaces__type_support.cpp.o[0m
[31.299s] [ 67%] [32mBuilding CXX object CMakeFiles/controller_manager_msgs__rosidl_typesupport_introspection_cpp.dir/rosidl_typesupport_introspection_cpp/controller_manager_msgs/srv/detail/load_configure_controller__type_support.cpp.o[0m
[31.591s] [ 68%] [32mBuilding CXX object CMakeFiles/controller_manager_msgs__rosidl_typesupport_introspection_cpp.dir/rosidl_typesupport_introspection_cpp/controller_manager_msgs/srv/detail/load_controller__type_support.cpp.o[0m
[31.858s] [ 68%] [32mBuilding CXX object CMakeFiles/controller_manager_msgs__rosidl_typesupport_introspection_cpp.dir/rosidl_typesupport_introspection_cpp/controller_manager_msgs/srv/detail/load_start_controller__type_support.cpp.o[0m
[32.195s] [ 69%] [32mBuilding CXX object CMakeFiles/controller_manager_msgs__rosidl_typesupport_introspection_cpp.dir/rosidl_typesupport_introspection_cpp/controller_manager_msgs/srv/detail/reload_controller_libraries__type_support.cpp.o[0m
[32.578s] [ 70%] [32mBuilding CXX object CMakeFiles/controller_manager_msgs__rosidl_typesupport_introspection_cpp.dir/rosidl_typesupport_introspection_cpp/controller_manager_msgs/srv/detail/switch_controller__type_support.cpp.o[0m
[33.033s] [ 71%] [32mBuilding CXX object CMakeFiles/controller_manager_msgs__rosidl_typesupport_introspection_cpp.dir/rosidl_typesupport_introspection_cpp/controller_manager_msgs/srv/detail/unload_controller__type_support.cpp.o[0m
[33.384s] [ 72%] [32m[1mLinking CXX shared library libcontroller_manager_msgs__rosidl_typesupport_introspection_cpp.so[0m
[33.489s] [ 72%] Built target controller_manager_msgs__rosidl_typesupport_introspection_cpp
[33.499s] [ 73%] [34m[1mGenerating C type support for eProsima Fast-RTPS[0m
[35.073s] [35m[1mScanning dependencies of target controller_manager_msgs__rosidl_typesupport_fastrtps_c[0m
[35.116s] [ 74%] [32mBuilding CXX object CMakeFiles/controller_manager_msgs__rosidl_typesupport_fastrtps_c.dir/rosidl_typesupport_fastrtps_c/controller_manager_msgs/msg/detail/controller_state__type_support_c.cpp.o[0m
[35.523s] [ 74%] [32mBuilding CXX object CMakeFiles/controller_manager_msgs__rosidl_typesupport_fastrtps_c.dir/rosidl_typesupport_fastrtps_c/controller_manager_msgs/msg/detail/hardware_interface__type_support_c.cpp.o[0m
[35.941s] [ 75%] [32mBuilding CXX object CMakeFiles/controller_manager_msgs__rosidl_typesupport_fastrtps_c.dir/rosidl_typesupport_fastrtps_c/controller_manager_msgs/srv/detail/configure_controller__type_support_c.cpp.o[0m
[36.331s] [ 76%] [32mBuilding CXX object CMakeFiles/controller_manager_msgs__rosidl_typesupport_fastrtps_c.dir/rosidl_typesupport_fastrtps_c/controller_manager_msgs/srv/detail/configure_start_controller__type_support_c.cpp.o[0m
[36.814s] [ 77%] [32mBuilding CXX object CMakeFiles/controller_manager_msgs__rosidl_typesupport_fastrtps_c.dir/rosidl_typesupport_fastrtps_c/controller_manager_msgs/srv/detail/list_controllers__type_support_c.cpp.o[0m
[37.448s] [ 78%] [32mBuilding CXX object CMakeFiles/controller_manager_msgs__rosidl_typesupport_fastrtps_c.dir/rosidl_typesupport_fastrtps_c/controller_manager_msgs/srv/detail/list_controller_types__type_support_c.cpp.o[0m
[38.093s] [ 78%] [32mBuilding CXX object CMakeFiles/controller_manager_msgs__rosidl_typesupport_fastrtps_c.dir/rosidl_typesupport_fastrtps_c/controller_manager_msgs/srv/detail/list_hardware_interfaces__type_support_c.cpp.o[0m
[38.570s] [ 79%] [32mBuilding CXX object CMakeFiles/controller_manager_msgs__rosidl_typesupport_fastrtps_c.dir/rosidl_typesupport_fastrtps_c/controller_manager_msgs/srv/detail/load_configure_controller__type_support_c.cpp.o[0m
[39.058s] [ 80%] [32mBuilding CXX object CMakeFiles/controller_manager_msgs__rosidl_typesupport_fastrtps_c.dir/rosidl_typesupport_fastrtps_c/controller_manager_msgs/srv/detail/load_controller__type_support_c.cpp.o[0m
[39.633s] [ 81%] [32mBuilding CXX object CMakeFiles/controller_manager_msgs__rosidl_typesupport_fastrtps_c.dir/rosidl_typesupport_fastrtps_c/controller_manager_msgs/srv/detail/load_start_controller__type_support_c.cpp.o[0m
[40.179s] [ 82%] [32mBuilding CXX object CMakeFiles/controller_manager_msgs__rosidl_typesupport_fastrtps_c.dir/rosidl_typesupport_fastrtps_c/controller_manager_msgs/srv/detail/reload_controller_libraries__type_support_c.cpp.o[0m
[40.884s] [ 82%] [32mBuilding CXX object CMakeFiles/controller_manager_msgs__rosidl_typesupport_fastrtps_c.dir/rosidl_typesupport_fastrtps_c/controller_manager_msgs/srv/detail/switch_controller__type_support_c.cpp.o[0m
[41.367s] [ 83%] [32mBuilding CXX object CMakeFiles/controller_manager_msgs__rosidl_typesupport_fastrtps_c.dir/rosidl_typesupport_fastrtps_c/controller_manager_msgs/srv/detail/unload_controller__type_support_c.cpp.o[0m
[41.762s] [ 84%] [32m[1mLinking CXX shared library libcontroller_manager_msgs__rosidl_typesupport_fastrtps_c.so[0m
[41.876s] [ 84%] Built target controller_manager_msgs__rosidl_typesupport_fastrtps_c
[41.890s] [35m[1mScanning dependencies of target controller_manager_msgs[0m
[41.902s] [ 84%] Built target controller_manager_msgs
[41.912s] [35m[1mScanning dependencies of target controller_manager_msgs__py[0m
[41.923s] [ 85%] [34m[1mGenerating Python code for ROS interfaces[0m
[44.403s] [ 85%] Built target controller_manager_msgs__py
[44.415s] [35m[1mScanning dependencies of target controller_manager_msgs__python[0m
[44.455s] [ 86%] [32mBuilding C object CMakeFiles/controller_manager_msgs__python.dir/rosidl_generator_py/controller_manager_msgs/msg/_controller_state_s.c.o[0m
[44.557s] [ 87%] [32mBuilding C object CMakeFiles/controller_manager_msgs__python.dir/rosidl_generator_py/controller_manager_msgs/msg/_hardware_interface_s.c.o[0m
[44.647s] [ 87%] [32mBuilding C object CMakeFiles/controller_manager_msgs__python.dir/rosidl_generator_py/controller_manager_msgs/srv/_configure_controller_s.c.o[0m
[44.744s] [ 88%] [32mBuilding C object CMakeFiles/controller_manager_msgs__python.dir/rosidl_generator_py/controller_manager_msgs/srv/_configure_start_controller_s.c.o[0m
[44.834s] [ 89%] [32mBuilding C object CMakeFiles/controller_manager_msgs__python.dir/rosidl_generator_py/controller_manager_msgs/srv/_list_controllers_s.c.o[0m
[44.997s] [ 90%] [32mBuilding C object CMakeFiles/controller_manager_msgs__python.dir/rosidl_generator_py/controller_manager_msgs/srv/_list_controller_types_s.c.o[0m
[45.217s] [ 91%] [32mBuilding C object CMakeFiles/controller_manager_msgs__python.dir/rosidl_generator_py/controller_manager_msgs/srv/_list_hardware_interfaces_s.c.o[0m
[45.429s] [ 91%] [32mBuilding C object CMakeFiles/controller_manager_msgs__python.dir/rosidl_generator_py/controller_manager_msgs/srv/_load_configure_controller_s.c.o[0m
[45.528s] [ 92%] [32mBuilding C object CMakeFiles/controller_manager_msgs__python.dir/rosidl_generator_py/controller_manager_msgs/srv/_load_controller_s.c.o[0m
[45.617s] [ 93%] [32mBuilding C object CMakeFiles/controller_manager_msgs__python.dir/rosidl_generator_py/controller_manager_msgs/srv/_load_start_controller_s.c.o[0m
[45.712s] [ 94%] [32mBuilding C object CMakeFiles/controller_manager_msgs__python.dir/rosidl_generator_py/controller_manager_msgs/srv/_reload_controller_libraries_s.c.o[0m
[45.803s] [ 95%] [32mBuilding C object CMakeFiles/controller_manager_msgs__python.dir/rosidl_generator_py/controller_manager_msgs/srv/_switch_controller_s.c.o[0m
[45.897s] [ 95%] [32mBuilding C object CMakeFiles/controller_manager_msgs__python.dir/rosidl_generator_py/controller_manager_msgs/srv/_unload_controller_s.c.o[0m
[45.985s] [ 96%] [32m[1mLinking C shared library rosidl_generator_py/controller_manager_msgs/libcontroller_manager_msgs__python.so[0m
[46.033s] [ 96%] Built target controller_manager_msgs__python
[46.044s] [35m[1mScanning dependencies of target controller_manager_msgs__rosidl_typesupport_c__pyext[0m
[46.068s] [ 97%] [32mBuilding C object CMakeFiles/controller_manager_msgs__rosidl_typesupport_c__pyext.dir/rosidl_generator_py/controller_manager_msgs/_controller_manager_msgs_s.ep.rosidl_typesupport_c.c.o[0m
[46.237s] [ 97%] [32m[1mLinking C shared library rosidl_generator_py/controller_manager_msgs/controller_manager_msgs_s__rosidl_typesupport_c.cpython-38-x86_64-linux-gnu.so[0m
[46.273s] [ 97%] Built target controller_manager_msgs__rosidl_typesupport_c__pyext
[46.283s] [35m[1mScanning dependencies of target controller_manager_msgs__rosidl_typesupport_introspection_c__pyext[0m
[46.305s] [ 98%] [32mBuilding C object CMakeFiles/controller_manager_msgs__rosidl_typesupport_introspection_c__pyext.dir/rosidl_generator_py/controller_manager_msgs/_controller_manager_msgs_s.ep.rosidl_typesupport_introspection_c.c.o[0m
[46.480s] [ 99%] [32m[1mLinking C shared library rosidl_generator_py/controller_manager_msgs/controller_manager_msgs_s__rosidl_typesupport_introspection_c.cpython-38-x86_64-linux-gnu.so[0m
[46.515s] [ 99%] Built target controller_manager_msgs__rosidl_typesupport_introspection_c__pyext
[46.525s] [35m[1mScanning dependencies of target controller_manager_msgs__rosidl_typesupport_fastrtps_c__pyext[0m
[46.557s] [100%] [32mBuilding C object CMakeFiles/controller_manager_msgs__rosidl_typesupport_fastrtps_c__pyext.dir/rosidl_generator_py/controller_manager_msgs/_controller_manager_msgs_s.ep.rosidl_typesupport_fastrtps_c.c.o[0m
[46.721s] [100%] [32m[1mLinking CXX shared library rosidl_generator_py/controller_manager_msgs/controller_manager_msgs_s__rosidl_typesupport_fastrtps_c.cpython-38-x86_64-linux-gnu.so[0m
[46.791s] [100%] Built target controller_manager_msgs__rosidl_typesupport_fastrtps_c__pyext
[46.808s] Invoked command in '/home/ylspyrou/humble_ws/build/controller_manager_msgs' returned '0': CMAKE_PREFIX_PATH=/opt/ros/foxy /usr/bin/cmake --build /home/ylspyrou/humble_ws/build/controller_manager_msgs -- -j2 -l2
[47.055s] Invoking command in '/home/ylspyrou/humble_ws/build/controller_manager_msgs': CMAKE_PREFIX_PATH=/opt/ros/foxy /usr/bin/cmake --install /home/ylspyrou/humble_ws/build/controller_manager_msgs
[47.085s] -- Install configuration: ""
[47.086s] -- Execute custom install script
[47.089s] -- Symlinking: /home/ylspyrou/humble_ws/install/controller_manager_msgs/share/ament_index/resource_index/rosidl_interfaces/controller_manager_msgs
[47.117s] -- Symlinking: /home/ylspyrou/humble_ws/install/controller_manager_msgs/include/controller_manager_msgs/msg/controller_state.h
[47.132s] -- Symlinking: /home/ylspyrou/humble_ws/install/controller_manager_msgs/include/controller_manager_msgs/msg/detail/controller_state__functions.h
[47.161s] -- Symlinking: /home/ylspyrou/humble_ws/install/controller_manager_msgs/include/controller_manager_msgs/msg/detail/controller_state__struct.h
[47.180s] -- Symlinking: /home/ylspyrou/humble_ws/install/controller_manager_msgs/include/controller_manager_msgs/msg/detail/controller_state__type_support.h
[47.199s] -- Symlinking: /home/ylspyrou/humble_ws/install/controller_manager_msgs/include/controller_manager_msgs/msg/detail/hardware_interface__functions.h
[47.217s] -- Symlinking: /home/ylspyrou/humble_ws/install/controller_manager_msgs/include/controller_manager_msgs/msg/detail/hardware_interface__struct.h
[47.235s] -- Symlinking: /home/ylspyrou/humble_ws/install/controller_manager_msgs/include/controller_manager_msgs/msg/detail/hardware_interface__type_support.h
[47.247s] -- Symlinking: /home/ylspyrou/humble_ws/install/controller_manager_msgs/include/controller_manager_msgs/msg/hardware_interface.h
[47.265s] -- Symlinking: /home/ylspyrou/humble_ws/install/controller_manager_msgs/include/controller_manager_msgs/msg/rosidl_generator_c__visibility_control.h
[47.278s] -- Symlinking: /home/ylspyrou/humble_ws/install/controller_manager_msgs/include/controller_manager_msgs/srv/configure_controller.h
[47.290s] -- Symlinking: /home/ylspyrou/humble_ws/install/controller_manager_msgs/include/controller_manager_msgs/srv/configure_start_controller.h
[47.304s] -- Symlinking: /home/ylspyrou/humble_ws/install/controller_manager_msgs/include/controller_manager_msgs/srv/detail/configure_controller__functions.h
[47.315s] -- Symlinking: /home/ylspyrou/humble_ws/install/controller_manager_msgs/include/controller_manager_msgs/srv/detail/configure_controller__struct.h
[47.334s] -- Symlinking: /home/ylspyrou/humble_ws/install/controller_manager_msgs/include/controller_manager_msgs/srv/detail/configure_controller__type_support.h
[47.364s] -- Symlinking: /home/ylspyrou/humble_ws/install/controller_manager_msgs/include/controller_manager_msgs/srv/detail/configure_start_controller__functions.h
[47.380s] -- Symlinking: /home/ylspyrou/humble_ws/install/controller_manager_msgs/include/controller_manager_msgs/srv/detail/configure_start_controller__struct.h
[47.398s] -- Symlinking: /home/ylspyrou/humble_ws/install/controller_manager_msgs/include/controller_manager_msgs/srv/detail/configure_start_controller__type_support.h
[47.417s] -- Symlinking: /home/ylspyrou/humble_ws/install/controller_manager_msgs/include/controller_manager_msgs/srv/detail/list_controller_types__functions.h
[47.432s] -- Symlinking: /home/ylspyrou/humble_ws/install/controller_manager_msgs/include/controller_manager_msgs/srv/detail/list_controller_types__struct.h
[47.446s] -- Symlinking: /home/ylspyrou/humble_ws/install/controller_manager_msgs/include/controller_manager_msgs/srv/detail/list_controller_types__type_support.h
[47.464s] -- Symlinking: /home/ylspyrou/humble_ws/install/controller_manager_msgs/include/controller_manager_msgs/srv/detail/list_controllers__functions.h
[47.472s] -- Symlinking: /home/ylspyrou/humble_ws/install/controller_manager_msgs/include/controller_manager_msgs/srv/detail/list_controllers__struct.h
[47.484s] -- Symlinking: /home/ylspyrou/humble_ws/install/controller_manager_msgs/include/controller_manager_msgs/srv/detail/list_controllers__type_support.h
[47.496s] -- Symlinking: /home/ylspyrou/humble_ws/install/controller_manager_msgs/include/controller_manager_msgs/srv/detail/list_hardware_interfaces__functions.h
[47.511s] -- Symlinking: /home/ylspyrou/humble_ws/install/controller_manager_msgs/include/controller_manager_msgs/srv/detail/list_hardware_interfaces__struct.h
[47.521s] -- Symlinking: /home/ylspyrou/humble_ws/install/controller_manager_msgs/include/controller_manager_msgs/srv/detail/list_hardware_interfaces__type_support.h
[47.533s] -- Symlinking: /home/ylspyrou/humble_ws/install/controller_manager_msgs/include/controller_manager_msgs/srv/detail/load_configure_controller__functions.h
[47.545s] -- Symlinking: /home/ylspyrou/humble_ws/install/controller_manager_msgs/include/controller_manager_msgs/srv/detail/load_configure_controller__struct.h
[47.566s] -- Symlinking: /home/ylspyrou/humble_ws/install/controller_manager_msgs/include/controller_manager_msgs/srv/detail/load_configure_controller__type_support.h
[47.572s] -- Symlinking: /home/ylspyrou/humble_ws/install/controller_manager_msgs/include/controller_manager_msgs/srv/detail/load_controller__functions.h
[47.583s] -- Symlinking: /home/ylspyrou/humble_ws/install/controller_manager_msgs/include/controller_manager_msgs/srv/detail/load_controller__struct.h
[47.596s] -- Symlinking: /home/ylspyrou/humble_ws/install/controller_manager_msgs/include/controller_manager_msgs/srv/detail/load_controller__type_support.h
[47.607s] -- Symlinking: /home/ylspyrou/humble_ws/install/controller_manager_msgs/include/controller_manager_msgs/srv/detail/load_start_controller__functions.h
[47.620s] -- Symlinking: /home/ylspyrou/humble_ws/install/controller_manager_msgs/include/controller_manager_msgs/srv/detail/load_start_controller__struct.h
[47.631s] -- Symlinking: /home/ylspyrou/humble_ws/install/controller_manager_msgs/include/controller_manager_msgs/srv/detail/load_start_controller__type_support.h
[47.646s] -- Symlinking: /home/ylspyrou/humble_ws/install/controller_manager_msgs/include/controller_manager_msgs/srv/detail/reload_controller_libraries__functions.h
[47.663s] -- Symlinking: /home/ylspyrou/humble_ws/install/controller_manager_msgs/include/controller_manager_msgs/srv/detail/reload_controller_libraries__struct.h
[47.674s] -- Symlinking: /home/ylspyrou/humble_ws/install/controller_manager_msgs/include/controller_manager_msgs/srv/detail/reload_controller_libraries__type_support.h
[47.685s] -- Symlinking: /home/ylspyrou/humble_ws/install/controller_manager_msgs/include/controller_manager_msgs/srv/detail/switch_controller__functions.h
[47.698s] -- Symlinking: /home/ylspyrou/humble_ws/install/controller_manager_msgs/include/controller_manager_msgs/srv/detail/switch_controller__struct.h
[47.711s] -- Symlinking: /home/ylspyrou/humble_ws/install/controller_manager_msgs/include/controller_manager_msgs/srv/detail/switch_controller__type_support.h
[47.720s] -- Symlinking: /home/ylspyrou/humble_ws/install/controller_manager_msgs/include/controller_manager_msgs/srv/detail/unload_controller__functions.h
[47.730s] -- Symlinking: /home/ylspyrou/humble_ws/install/controller_manager_msgs/include/controller_manager_msgs/srv/detail/unload_controller__struct.h
[47.741s] -- Symlinking: /home/ylspyrou/humble_ws/install/controller_manager_msgs/include/controller_manager_msgs/srv/detail/unload_controller__type_support.h
[47.753s] -- Symlinking: /home/ylspyrou/humble_ws/install/controller_manager_msgs/include/controller_manager_msgs/srv/list_controller_types.h
[47.766s] -- Symlinking: /home/ylspyrou/humble_ws/install/controller_manager_msgs/include/controller_manager_msgs/srv/list_controllers.h
[47.780s] -- Symlinking: /home/ylspyrou/humble_ws/install/controller_manager_msgs/include/controller_manager_msgs/srv/list_hardware_interfaces.h
[47.788s] -- Symlinking: /home/ylspyrou/humble_ws/install/controller_manager_msgs/include/controller_manager_msgs/srv/load_configure_controller.h
[47.799s] -- Symlinking: /home/ylspyrou/humble_ws/install/controller_manager_msgs/include/controller_manager_msgs/srv/load_controller.h
[47.811s] -- Symlinking: /home/ylspyrou/humble_ws/install/controller_manager_msgs/include/controller_manager_msgs/srv/load_start_controller.h
[47.822s] -- Symlinking: /home/ylspyrou/humble_ws/install/controller_manager_msgs/include/controller_manager_msgs/srv/reload_controller_libraries.h
[47.830s] -- Symlinking: /home/ylspyrou/humble_ws/install/controller_manager_msgs/include/controller_manager_msgs/srv/switch_controller.h
[47.843s] -- Symlinking: /home/ylspyrou/humble_ws/install/controller_manager_msgs/include/controller_manager_msgs/srv/unload_controller.h
[47.854s] -- Symlinking: /home/ylspyrou/humble_ws/install/controller_manager_msgs/share/controller_manager_msgs/environment/library_path.sh
[47.868s] -- Symlinking: /home/ylspyrou/humble_ws/install/controller_manager_msgs/share/controller_manager_msgs/environment/library_path.dsv
[47.883s] -- Symlinking: /home/ylspyrou/humble_ws/install/controller_manager_msgs/include/controller_manager_msgs/msg/detail/controller_state__rosidl_typesupport_fastrtps_c.h
[47.891s] -- Symlinking: /home/ylspyrou/humble_ws/install/controller_manager_msgs/include/controller_manager_msgs/msg/detail/hardware_interface__rosidl_typesupport_fastrtps_c.h
[47.905s] -- Symlinking: /home/ylspyrou/humble_ws/install/controller_manager_msgs/include/controller_manager_msgs/msg/rosidl_typesupport_fastrtps_c__visibility_control.h
[47.916s] -- Symlinking: /home/ylspyrou/humble_ws/install/controller_manager_msgs/include/controller_manager_msgs/srv/detail/configure_controller__rosidl_typesupport_fastrtps_c.h
[47.926s] -- Symlinking: /home/ylspyrou/humble_ws/install/controller_manager_msgs/include/controller_manager_msgs/srv/detail/configure_start_controller__rosidl_typesupport_fastrtps_c.h
[47.938s] -- Symlinking: /home/ylspyrou/humble_ws/install/controller_manager_msgs/include/controller_manager_msgs/srv/detail/list_controller_types__rosidl_typesupport_fastrtps_c.h
[47.954s] -- Symlinking: /home/ylspyrou/humble_ws/install/controller_manager_msgs/include/controller_manager_msgs/srv/detail/list_controllers__rosidl_typesupport_fastrtps_c.h
[47.972s] -- Symlinking: /home/ylspyrou/humble_ws/install/controller_manager_msgs/include/controller_manager_msgs/srv/detail/list_hardware_interfaces__rosidl_typesupport_fastrtps_c.h
[47.985s] -- Symlinking: /home/ylspyrou/humble_ws/install/controller_manager_msgs/include/controller_manager_msgs/srv/detail/load_configure_controller__rosidl_typesupport_fastrtps_c.h
[47.996s] -- Symlinking: /home/ylspyrou/humble_ws/install/controller_manager_msgs/include/controller_manager_msgs/srv/detail/load_controller__rosidl_typesupport_fastrtps_c.h
[48.010s] -- Symlinking: /home/ylspyrou/humble_ws/install/controller_manager_msgs/include/controller_manager_msgs/srv/detail/load_start_controller__rosidl_typesupport_fastrtps_c.h
[48.023s] -- Symlinking: /home/ylspyrou/humble_ws/install/controller_manager_msgs/include/controller_manager_msgs/srv/detail/reload_controller_libraries__rosidl_typesupport_fastrtps_c.h
[48.038s] -- Symlinking: /home/ylspyrou/humble_ws/install/controller_manager_msgs/include/controller_manager_msgs/srv/detail/switch_controller__rosidl_typesupport_fastrtps_c.h
[48.049s] -- Symlinking: /home/ylspyrou/humble_ws/install/controller_manager_msgs/include/controller_manager_msgs/srv/detail/unload_controller__rosidl_typesupport_fastrtps_c.h
[48.064s] -- Symlinking: /home/ylspyrou/humble_ws/install/controller_manager_msgs/lib/libcontroller_manager_msgs__rosidl_typesupport_fastrtps_c.so
[48.093s] -- Symlinking: /home/ylspyrou/humble_ws/install/controller_manager_msgs/include/controller_manager_msgs/msg/detail/controller_state__rosidl_typesupport_fastrtps_cpp.hpp
[48.125s] -- Symlinking: /home/ylspyrou/humble_ws/install/controller_manager_msgs/include/controller_manager_msgs/msg/detail/hardware_interface__rosidl_typesupport_fastrtps_cpp.hpp
[48.140s] -- Symlinking: /home/ylspyrou/humble_ws/install/controller_manager_msgs/include/controller_manager_msgs/msg/rosidl_typesupport_fastrtps_cpp__visibility_control.h
[48.151s] -- Symlinking: /home/ylspyrou/humble_ws/install/controller_manager_msgs/include/controller_manager_msgs/srv/detail/configure_controller__rosidl_typesupport_fastrtps_cpp.hpp
[48.162s] -- Symlinking: /home/ylspyrou/humble_ws/install/controller_manager_msgs/include/controller_manager_msgs/srv/detail/configure_start_controller__rosidl_typesupport_fastrtps_cpp.hpp
[48.177s] -- Symlinking: /home/ylspyrou/humble_ws/install/controller_manager_msgs/include/controller_manager_msgs/srv/detail/list_controller_types__rosidl_typesupport_fastrtps_cpp.hpp
[48.188s] -- Symlinking: /home/ylspyrou/humble_ws/install/controller_manager_msgs/include/controller_manager_msgs/srv/detail/list_controllers__rosidl_typesupport_fastrtps_cpp.hpp
[48.198s] -- Symlinking: /home/ylspyrou/humble_ws/install/controller_manager_msgs/include/controller_manager_msgs/srv/detail/list_hardware_interfaces__rosidl_typesupport_fastrtps_cpp.hpp
[48.209s] -- Symlinking: /home/ylspyrou/humble_ws/install/controller_manager_msgs/include/controller_manager_msgs/srv/detail/load_configure_controller__rosidl_typesupport_fastrtps_cpp.hpp
[48.221s] -- Symlinking: /home/ylspyrou/humble_ws/install/controller_manager_msgs/include/controller_manager_msgs/srv/detail/load_controller__rosidl_typesupport_fastrtps_cpp.hpp
[48.229s] -- Symlinking: /home/ylspyrou/humble_ws/install/controller_manager_msgs/include/controller_manager_msgs/srv/detail/load_start_controller__rosidl_typesupport_fastrtps_cpp.hpp
[48.239s] -- Symlinking: /home/ylspyrou/humble_ws/install/controller_manager_msgs/include/controller_manager_msgs/srv/detail/reload_controller_libraries__rosidl_typesupport_fastrtps_cpp.hpp
[48.248s] -- Symlinking: /home/ylspyrou/humble_ws/install/controller_manager_msgs/include/controller_manager_msgs/srv/detail/switch_controller__rosidl_typesupport_fastrtps_cpp.hpp
[48.257s] -- Symlinking: /home/ylspyrou/humble_ws/install/controller_manager_msgs/include/controller_manager_msgs/srv/detail/unload_controller__rosidl_typesupport_fastrtps_cpp.hpp
[48.266s] -- Symlinking: /home/ylspyrou/humble_ws/install/controller_manager_msgs/lib/libcontroller_manager_msgs__rosidl_typesupport_fastrtps_cpp.so
[48.283s] -- Symlinking: /home/ylspyrou/humble_ws/install/controller_manager_msgs/include/controller_manager_msgs/msg/detail/controller_state__rosidl_typesupport_introspection_c.h
[48.291s] -- Symlinking: /home/ylspyrou/humble_ws/install/controller_manager_msgs/include/controller_manager_msgs/msg/detail/hardware_interface__rosidl_typesupport_introspection_c.h
[48.301s] -- Symlinking: /home/ylspyrou/humble_ws/install/controller_manager_msgs/include/controller_manager_msgs/msg/rosidl_typesupport_introspection_c__visibility_control.h
[48.311s] -- Symlinking: /home/ylspyrou/humble_ws/install/controller_manager_msgs/include/controller_manager_msgs/srv/detail/configure_controller__rosidl_typesupport_introspection_c.h
[48.320s] -- Symlinking: /home/ylspyrou/humble_ws/install/controller_manager_msgs/include/controller_manager_msgs/srv/detail/configure_start_controller__rosidl_typesupport_introspection_c.h
[48.331s] -- Symlinking: /home/ylspyrou/humble_ws/install/controller_manager_msgs/include/controller_manager_msgs/srv/detail/list_controller_types__rosidl_typesupport_introspection_c.h
[48.340s] -- Symlinking: /home/ylspyrou/humble_ws/install/controller_manager_msgs/include/controller_manager_msgs/srv/detail/list_controllers__rosidl_typesupport_introspection_c.h
[48.349s] -- Symlinking: /home/ylspyrou/humble_ws/install/controller_manager_msgs/include/controller_manager_msgs/srv/detail/list_hardware_interfaces__rosidl_typesupport_introspection_c.h
[48.358s] -- Symlinking: /home/ylspyrou/humble_ws/install/controller_manager_msgs/include/controller_manager_msgs/srv/detail/load_configure_controller__rosidl_typesupport_introspection_c.h
[48.366s] -- Symlinking: /home/ylspyrou/humble_ws/install/controller_manager_msgs/include/controller_manager_msgs/srv/detail/load_controller__rosidl_typesupport_introspection_c.h
[48.389s] -- Symlinking: /home/ylspyrou/humble_ws/install/controller_manager_msgs/include/controller_manager_msgs/srv/detail/load_start_controller__rosidl_typesupport_introspection_c.h
[48.400s] -- Symlinking: /home/ylspyrou/humble_ws/install/controller_manager_msgs/include/controller_manager_msgs/srv/detail/reload_controller_libraries__rosidl_typesupport_introspection_c.h
[48.410s] -- Symlinking: /home/ylspyrou/humble_ws/install/controller_manager_msgs/include/controller_manager_msgs/srv/detail/switch_controller__rosidl_typesupport_introspection_c.h
[48.420s] -- Symlinking: /home/ylspyrou/humble_ws/install/controller_manager_msgs/include/controller_manager_msgs/srv/detail/unload_controller__rosidl_typesupport_introspection_c.h
[48.434s] -- Symlinking: /home/ylspyrou/humble_ws/install/controller_manager_msgs/include/controller_manager_msgs/msg/controller_state.hpp
[48.443s] -- Symlinking: /home/ylspyrou/humble_ws/install/controller_manager_msgs/include/controller_manager_msgs/msg/detail/controller_state__builder.hpp
[48.452s] -- Symlinking: /home/ylspyrou/humble_ws/install/controller_manager_msgs/include/controller_manager_msgs/msg/detail/controller_state__struct.hpp
[48.461s] -- Symlinking: /home/ylspyrou/humble_ws/install/controller_manager_msgs/include/controller_manager_msgs/msg/detail/controller_state__traits.hpp
[48.471s] -- Symlinking: /home/ylspyrou/humble_ws/install/controller_manager_msgs/include/controller_manager_msgs/msg/detail/controller_state__type_support.hpp
[48.486s] -- Symlinking: /home/ylspyrou/humble_ws/install/controller_manager_msgs/include/controller_manager_msgs/msg/detail/hardware_interface__builder.hpp
[48.499s] -- Symlinking: /home/ylspyrou/humble_ws/install/controller_manager_msgs/include/controller_manager_msgs/msg/detail/hardware_interface__struct.hpp
[48.508s] -- Symlinking: /home/ylspyrou/humble_ws/install/controller_manager_msgs/include/controller_manager_msgs/msg/detail/hardware_interface__traits.hpp
[48.519s] -- Symlinking: /home/ylspyrou/humble_ws/install/controller_manager_msgs/include/controller_manager_msgs/msg/detail/hardware_interface__type_support.hpp
[48.530s] -- Symlinking: /home/ylspyrou/humble_ws/install/controller_manager_msgs/include/controller_manager_msgs/msg/hardware_interface.hpp
[48.543s] -- Symlinking: /home/ylspyrou/humble_ws/install/controller_manager_msgs/include/controller_manager_msgs/msg/rosidl_generator_cpp__visibility_control.hpp
[48.553s] -- Symlinking: /home/ylspyrou/humble_ws/install/controller_manager_msgs/include/controller_manager_msgs/srv/configure_controller.hpp
[48.562s] -- Symlinking: /home/ylspyrou/humble_ws/install/controller_manager_msgs/include/controller_manager_msgs/srv/configure_start_controller.hpp
[48.573s] -- Symlinking: /home/ylspyrou/humble_ws/install/controller_manager_msgs/include/controller_manager_msgs/srv/detail/configure_controller__builder.hpp
[48.587s] -- Symlinking: /home/ylspyrou/humble_ws/install/controller_manager_msgs/include/controller_manager_msgs/srv/detail/configure_controller__struct.hpp
[48.600s] -- Symlinking: /home/ylspyrou/humble_ws/install/controller_manager_msgs/include/controller_manager_msgs/srv/detail/configure_controller__traits.hpp
[48.610s] -- Symlinking: /home/ylspyrou/humble_ws/install/controller_manager_msgs/include/controller_manager_msgs/srv/detail/configure_controller__type_support.hpp
[48.619s] -- Symlinking: /home/ylspyrou/humble_ws/install/controller_manager_msgs/include/controller_manager_msgs/srv/detail/configure_start_controller__builder.hpp
[48.630s] -- Symlinking: /home/ylspyrou/humble_ws/install/controller_manager_msgs/include/controller_manager_msgs/srv/detail/configure_start_controller__struct.hpp
[48.641s] -- Symlinking: /home/ylspyrou/humble_ws/install/controller_manager_msgs/include/controller_manager_msgs/srv/detail/configure_start_controller__traits.hpp
[48.650s] -- Symlinking: /home/ylspyrou/humble_ws/install/controller_manager_msgs/include/controller_manager_msgs/srv/detail/configure_start_controller__type_support.hpp
[48.660s] -- Symlinking: /home/ylspyrou/humble_ws/install/controller_manager_msgs/include/controller_manager_msgs/srv/detail/list_controller_types__builder.hpp
[48.670s] -- Symlinking: /home/ylspyrou/humble_ws/install/controller_manager_msgs/include/controller_manager_msgs/srv/detail/list_controller_types__struct.hpp
[48.686s] -- Symlinking: /home/ylspyrou/humble_ws/install/controller_manager_msgs/include/controller_manager_msgs/srv/detail/list_controller_types__traits.hpp
[48.699s] -- Symlinking: /home/ylspyrou/humble_ws/install/controller_manager_msgs/include/controller_manager_msgs/srv/detail/list_controller_types__type_support.hpp
[48.709s] -- Symlinking: /home/ylspyrou/humble_ws/install/controller_manager_msgs/include/controller_manager_msgs/srv/detail/list_controllers__builder.hpp
[48.719s] -- Symlinking: /home/ylspyrou/humble_ws/install/controller_manager_msgs/include/controller_manager_msgs/srv/detail/list_controllers__struct.hpp
[48.732s] -- Symlinking: /home/ylspyrou/humble_ws/install/controller_manager_msgs/include/controller_manager_msgs/srv/detail/list_controllers__traits.hpp
[48.742s] -- Symlinking: /home/ylspyrou/humble_ws/install/controller_manager_msgs/include/controller_manager_msgs/srv/detail/list_controllers__type_support.hpp
[48.751s] -- Symlinking: /home/ylspyrou/humble_ws/install/controller_manager_msgs/include/controller_manager_msgs/srv/detail/list_hardware_interfaces__builder.hpp
[48.760s] -- Symlinking: /home/ylspyrou/humble_ws/install/controller_manager_msgs/include/controller_manager_msgs/srv/detail/list_hardware_interfaces__struct.hpp
[48.770s] -- Symlinking: /home/ylspyrou/humble_ws/install/controller_manager_msgs/include/controller_manager_msgs/srv/detail/list_hardware_interfaces__traits.hpp
[48.786s] -- Symlinking: /home/ylspyrou/humble_ws/install/controller_manager_msgs/include/controller_manager_msgs/srv/detail/list_hardware_interfaces__type_support.hpp
[48.799s] -- Symlinking: /home/ylspyrou/humble_ws/install/controller_manager_msgs/include/controller_manager_msgs/srv/detail/load_configure_controller__builder.hpp
[48.810s] -- Symlinking: /home/ylspyrou/humble_ws/install/controller_manager_msgs/include/controller_manager_msgs/srv/detail/load_configure_controller__struct.hpp
[48.819s] -- Symlinking: /home/ylspyrou/humble_ws/install/controller_manager_msgs/include/controller_manager_msgs/srv/detail/load_configure_controller__traits.hpp
[48.830s] -- Symlinking: /home/ylspyrou/humble_ws/install/controller_manager_msgs/include/controller_manager_msgs/srv/detail/load_configure_controller__type_support.hpp
[48.841s] -- Symlinking: /home/ylspyrou/humble_ws/install/controller_manager_msgs/include/controller_manager_msgs/srv/detail/load_controller__builder.hpp
[48.851s] -- Symlinking: /home/ylspyrou/humble_ws/install/controller_manager_msgs/include/controller_manager_msgs/srv/detail/load_controller__struct.hpp
[48.861s] -- Symlinking: /home/ylspyrou/humble_ws/install/controller_manager_msgs/include/controller_manager_msgs/srv/detail/load_controller__traits.hpp
[48.872s] -- Symlinking: /home/ylspyrou/humble_ws/install/controller_manager_msgs/include/controller_manager_msgs/srv/detail/load_controller__type_support.hpp
[48.891s] -- Symlinking: /home/ylspyrou/humble_ws/install/controller_manager_msgs/include/controller_manager_msgs/srv/detail/load_start_controller__builder.hpp
[48.905s] -- Symlinking: /home/ylspyrou/humble_ws/install/controller_manager_msgs/include/controller_manager_msgs/srv/detail/load_start_controller__struct.hpp
[48.942s] -- Symlinking: /home/ylspyrou/humble_ws/install/controller_manager_msgs/include/controller_manager_msgs/srv/detail/load_start_controller__traits.hpp
[48.961s] -- Symlinking: /home/ylspyrou/humble_ws/install/controller_manager_msgs/include/controller_manager_msgs/srv/detail/load_start_controller__type_support.hpp
[48.993s] -- Symlinking: /home/ylspyrou/humble_ws/install/controller_manager_msgs/include/controller_manager_msgs/srv/detail/reload_controller_libraries__builder.hpp
[49.024s] -- Symlinking: /home/ylspyrou/humble_ws/install/controller_manager_msgs/include/controller_manager_msgs/srv/detail/reload_controller_libraries__struct.hpp
[49.053s] -- Symlinking: /home/ylspyrou/humble_ws/install/controller_manager_msgs/include/controller_manager_msgs/srv/detail/reload_controller_libraries__traits.hpp
[49.076s] -- Symlinking: /home/ylspyrou/humble_ws/install/controller_manager_msgs/include/controller_manager_msgs/srv/detail/reload_controller_libraries__type_support.hpp
[49.107s] -- Symlinking: /home/ylspyrou/humble_ws/install/controller_manager_msgs/include/controller_manager_msgs/srv/detail/switch_controller__builder.hpp
[49.126s] -- Symlinking: /home/ylspyrou/humble_ws/install/controller_manager_msgs/include/controller_manager_msgs/srv/detail/switch_controller__struct.hpp
[49.150s] -- Symlinking: /home/ylspyrou/humble_ws/install/controller_manager_msgs/include/controller_manager_msgs/srv/detail/switch_controller__traits.hpp
[49.181s] -- Symlinking: /home/ylspyrou/humble_ws/install/controller_manager_msgs/include/controller_manager_msgs/srv/detail/switch_controller__type_support.hpp
[49.228s] -- Symlinking: /home/ylspyrou/humble_ws/install/controller_manager_msgs/include/controller_manager_msgs/srv/detail/unload_controller__builder.hpp
[49.245s] -- Symlinking: /home/ylspyrou/humble_ws/install/controller_manager_msgs/include/controller_manager_msgs/srv/detail/unload_controller__struct.hpp
[49.271s] -- Symlinking: /home/ylspyrou/humble_ws/install/controller_manager_msgs/include/controller_manager_msgs/srv/detail/unload_controller__traits.hpp
[49.302s] -- Symlinking: /home/ylspyrou/humble_ws/install/controller_manager_msgs/include/controller_manager_msgs/srv/detail/unload_controller__type_support.hpp
[49.331s] -- Symlinking: /home/ylspyrou/humble_ws/install/controller_manager_msgs/include/controller_manager_msgs/srv/list_controller_types.hpp
[49.332s] -- Symlinking: /home/ylspyrou/humble_ws/install/controller_manager_msgs/include/controller_manager_msgs/srv/list_controllers.hpp
[49.363s] -- Symlinking: /home/ylspyrou/humble_ws/install/controller_manager_msgs/include/controller_manager_msgs/srv/list_hardware_interfaces.hpp
[49.396s] -- Symlinking: /home/ylspyrou/humble_ws/install/controller_manager_msgs/include/controller_manager_msgs/srv/load_configure_controller.hpp
[49.423s] -- Symlinking: /home/ylspyrou/humble_ws/install/controller_manager_msgs/include/controller_manager_msgs/srv/load_controller.hpp
[49.448s] -- Symlinking: /home/ylspyrou/humble_ws/install/controller_manager_msgs/include/controller_manager_msgs/srv/load_start_controller.hpp
[49.470s] -- Symlinking: /home/ylspyrou/humble_ws/install/controller_manager_msgs/include/controller_manager_msgs/srv/reload_controller_libraries.hpp
[49.494s] -- Symlinking: /home/ylspyrou/humble_ws/install/controller_manager_msgs/include/controller_manager_msgs/srv/switch_controller.hpp
[49.528s] -- Symlinking: /home/ylspyrou/humble_ws/install/controller_manager_msgs/include/controller_manager_msgs/srv/unload_controller.hpp
[49.552s] -- Symlinking: /home/ylspyrou/humble_ws/install/controller_manager_msgs/include/controller_manager_msgs/msg/detail/controller_state__rosidl_typesupport_introspection_cpp.hpp
[49.571s] -- Symlinking: /home/ylspyrou/humble_ws/install/controller_manager_msgs/include/controller_manager_msgs/msg/detail/hardware_interface__rosidl_typesupport_introspection_cpp.hpp
[49.587s] -- Symlinking: /home/ylspyrou/humble_ws/install/controller_manager_msgs/include/controller_manager_msgs/srv/detail/configure_controller__rosidl_typesupport_introspection_cpp.hpp
[49.601s] -- Symlinking: /home/ylspyrou/humble_ws/install/controller_manager_msgs/include/controller_manager_msgs/srv/detail/configure_start_controller__rosidl_typesupport_introspection_cpp.hpp
[49.619s] -- Symlinking: /home/ylspyrou/humble_ws/install/controller_manager_msgs/include/controller_manager_msgs/srv/detail/list_controller_types__rosidl_typesupport_introspection_cpp.hpp
[49.636s] -- Symlinking: /home/ylspyrou/humble_ws/install/controller_manager_msgs/include/controller_manager_msgs/srv/detail/list_controllers__rosidl_typesupport_introspection_cpp.hpp
[49.647s] -- Symlinking: /home/ylspyrou/humble_ws/install/controller_manager_msgs/include/controller_manager_msgs/srv/detail/list_hardware_interfaces__rosidl_typesupport_introspection_cpp.hpp
[49.656s] -- Symlinking: /home/ylspyrou/humble_ws/install/controller_manager_msgs/include/controller_manager_msgs/srv/detail/load_configure_controller__rosidl_typesupport_introspection_cpp.hpp
[49.667s] -- Symlinking: /home/ylspyrou/humble_ws/install/controller_manager_msgs/include/controller_manager_msgs/srv/detail/load_controller__rosidl_typesupport_introspection_cpp.hpp
[49.678s] -- Symlinking: /home/ylspyrou/humble_ws/install/controller_manager_msgs/include/controller_manager_msgs/srv/detail/load_start_controller__rosidl_typesupport_introspection_cpp.hpp
[49.687s] -- Symlinking: /home/ylspyrou/humble_ws/install/controller_manager_msgs/include/controller_manager_msgs/srv/detail/reload_controller_libraries__rosidl_typesupport_introspection_cpp.hpp
[49.696s] -- Symlinking: /home/ylspyrou/humble_ws/install/controller_manager_msgs/include/controller_manager_msgs/srv/detail/switch_controller__rosidl_typesupport_introspection_cpp.hpp
[49.706s] -- Symlinking: /home/ylspyrou/humble_ws/install/controller_manager_msgs/include/controller_manager_msgs/srv/detail/unload_controller__rosidl_typesupport_introspection_cpp.hpp
[49.717s] -- Symlinking: /home/ylspyrou/humble_ws/install/controller_manager_msgs/share/controller_manager_msgs/environment/pythonpath.sh
[49.727s] -- Symlinking: /home/ylspyrou/humble_ws/install/controller_manager_msgs/share/controller_manager_msgs/environment/pythonpath.dsv
[49.737s] -- Symlinking: /home/ylspyrou/humble_ws/install/controller_manager_msgs/lib/python3.8/site-packages/controller_manager_msgs/__init__.py
[49.756s] -- Symlinking: /home/ylspyrou/humble_ws/install/controller_manager_msgs/lib/python3.8/site-packages/controller_manager_msgs/msg/__init__.py
[49.776s] -- Symlinking: /home/ylspyrou/humble_ws/install/controller_manager_msgs/lib/python3.8/site-packages/controller_manager_msgs/msg/_controller_state.py
[49.797s] -- Symlinking: /home/ylspyrou/humble_ws/install/controller_manager_msgs/lib/python3.8/site-packages/controller_manager_msgs/msg/_hardware_interface.py
[49.821s] -- Symlinking: /home/ylspyrou/humble_ws/install/controller_manager_msgs/lib/python3.8/site-packages/controller_manager_msgs/srv/__init__.py
[49.839s] -- Symlinking: /home/ylspyrou/humble_ws/install/controller_manager_msgs/lib/python3.8/site-packages/controller_manager_msgs/srv/_configure_controller.py
[49.857s] -- Symlinking: /home/ylspyrou/humble_ws/install/controller_manager_msgs/lib/python3.8/site-packages/controller_manager_msgs/srv/_configure_start_controller.py
[49.878s] -- Symlinking: /home/ylspyrou/humble_ws/install/controller_manager_msgs/lib/python3.8/site-packages/controller_manager_msgs/srv/_list_controller_types.py
[49.890s] -- Symlinking: /home/ylspyrou/humble_ws/install/controller_manager_msgs/lib/python3.8/site-packages/controller_manager_msgs/srv/_list_controllers.py
[49.907s] -- Symlinking: /home/ylspyrou/humble_ws/install/controller_manager_msgs/lib/python3.8/site-packages/controller_manager_msgs/srv/_list_hardware_interfaces.py
[49.924s] -- Symlinking: /home/ylspyrou/humble_ws/install/controller_manager_msgs/lib/python3.8/site-packages/controller_manager_msgs/srv/_load_configure_controller.py
[49.940s] -- Symlinking: /home/ylspyrou/humble_ws/install/controller_manager_msgs/lib/python3.8/site-packages/controller_manager_msgs/srv/_load_controller.py
[49.962s] -- Symlinking: /home/ylspyrou/humble_ws/install/controller_manager_msgs/lib/python3.8/site-packages/controller_manager_msgs/srv/_load_start_controller.py
[49.978s] -- Symlinking: /home/ylspyrou/humble_ws/install/controller_manager_msgs/lib/python3.8/site-packages/controller_manager_msgs/srv/_reload_controller_libraries.py
[49.989s] -- Symlinking: /home/ylspyrou/humble_ws/install/controller_manager_msgs/lib/python3.8/site-packages/controller_manager_msgs/srv/_switch_controller.py
[50.005s] -- Symlinking: /home/ylspyrou/humble_ws/install/controller_manager_msgs/lib/python3.8/site-packages/controller_manager_msgs/srv/_unload_controller.py
[50.024s] -- Symlinking: /home/ylspyrou/humble_ws/install/controller_manager_msgs/lib/python3.8/site-packages/controller_manager_msgs/controller_manager_msgs_s__rosidl_typesupport_fastrtps_c.cpython-38-x86_64-linux-gnu.so
[50.041s] -- Symlinking: /home/ylspyrou/humble_ws/install/controller_manager_msgs/lib/python3.8/site-packages/controller_manager_msgs/controller_manager_msgs_s__rosidl_typesupport_introspection_c.cpython-38-x86_64-linux-gnu.so
[50.061s] -- Symlinking: /home/ylspyrou/humble_ws/install/controller_manager_msgs/lib/python3.8/site-packages/controller_manager_msgs/controller_manager_msgs_s__rosidl_typesupport_c.cpython-38-x86_64-linux-gnu.so
[50.074s] -- Symlinking: /home/ylspyrou/humble_ws/install/controller_manager_msgs/lib/libcontroller_manager_msgs__python.so
[50.091s] -- Symlinking: /home/ylspyrou/humble_ws/install/controller_manager_msgs/share/controller_manager_msgs/msg/ControllerState.idl
[50.106s] -- Symlinking: /home/ylspyrou/humble_ws/install/controller_manager_msgs/share/controller_manager_msgs/msg/HardwareInterface.idl
[50.121s] -- Symlinking: /home/ylspyrou/humble_ws/install/controller_manager_msgs/share/controller_manager_msgs/srv/ConfigureController.idl
[50.139s] -- Symlinking: /home/ylspyrou/humble_ws/install/controller_manager_msgs/share/controller_manager_msgs/srv/ConfigureStartController.idl
[50.156s] -- Symlinking: /home/ylspyrou/humble_ws/install/controller_manager_msgs/share/controller_manager_msgs/srv/ListControllers.idl
[50.171s] -- Symlinking: /home/ylspyrou/humble_ws/install/controller_manager_msgs/share/controller_manager_msgs/srv/ListControllerTypes.idl
[50.185s] -- Symlinking: /home/ylspyrou/humble_ws/install/controller_manager_msgs/share/controller_manager_msgs/srv/ListHardwareInterfaces.idl
[50.198s] -- Symlinking: /home/ylspyrou/humble_ws/install/controller_manager_msgs/share/controller_manager_msgs/srv/LoadConfigureController.idl
[50.213s] -- Symlinking: /home/ylspyrou/humble_ws/install/controller_manager_msgs/share/controller_manager_msgs/srv/LoadController.idl
[50.224s] -- Symlinking: /home/ylspyrou/humble_ws/install/controller_manager_msgs/share/controller_manager_msgs/srv/LoadStartController.idl
[50.239s] -- Symlinking: /home/ylspyrou/humble_ws/install/controller_manager_msgs/share/controller_manager_msgs/srv/ReloadControllerLibraries.idl
[50.255s] -- Symlinking: /home/ylspyrou/humble_ws/install/controller_manager_msgs/share/controller_manager_msgs/srv/SwitchController.idl
[50.271s] -- Symlinking: /home/ylspyrou/humble_ws/install/controller_manager_msgs/share/controller_manager_msgs/srv/UnloadController.idl
[50.298s] -- Symlinking: /home/ylspyrou/humble_ws/install/controller_manager_msgs/share/controller_manager_msgs/msg/ControllerState.msg
[50.329s] -- Symlinking: /home/ylspyrou/humble_ws/install/controller_manager_msgs/share/controller_manager_msgs/msg/HardwareInterface.msg
[50.347s] -- Symlinking: /home/ylspyrou/humble_ws/install/controller_manager_msgs/share/controller_manager_msgs/srv/ConfigureController.srv
[50.378s] -- Symlinking: /home/ylspyrou/humble_ws/install/controller_manager_msgs/share/controller_manager_msgs/srv/ConfigureController_Request.msg
[50.401s] -- Symlinking: /home/ylspyrou/humble_ws/install/controller_manager_msgs/share/controller_manager_msgs/srv/ConfigureController_Response.msg
[50.426s] -- Symlinking: /home/ylspyrou/humble_ws/install/controller_manager_msgs/share/controller_manager_msgs/srv/ConfigureStartController.srv
[50.461s] -- Symlinking: /home/ylspyrou/humble_ws/install/controller_manager_msgs/share/controller_manager_msgs/srv/ConfigureStartController_Request.msg
[50.489s] -- Symlinking: /home/ylspyrou/humble_ws/install/controller_manager_msgs/share/controller_manager_msgs/srv/ConfigureStartController_Response.msg
[50.506s] -- Symlinking: /home/ylspyrou/humble_ws/install/controller_manager_msgs/share/controller_manager_msgs/srv/ListControllers.srv
[50.518s] -- Symlinking: /home/ylspyrou/humble_ws/install/controller_manager_msgs/share/controller_manager_msgs/srv/ListControllers_Request.msg
[50.539s] -- Symlinking: /home/ylspyrou/humble_ws/install/controller_manager_msgs/share/controller_manager_msgs/srv/ListControllers_Response.msg
[50.558s] -- Symlinking: /home/ylspyrou/humble_ws/install/controller_manager_msgs/share/controller_manager_msgs/srv/ListControllerTypes.srv
[50.574s] -- Symlinking: /home/ylspyrou/humble_ws/install/controller_manager_msgs/share/controller_manager_msgs/srv/ListControllerTypes_Request.msg
[50.591s] -- Symlinking: /home/ylspyrou/humble_ws/install/controller_manager_msgs/share/controller_manager_msgs/srv/ListControllerTypes_Response.msg
[50.604s] -- Symlinking: /home/ylspyrou/humble_ws/install/controller_manager_msgs/share/controller_manager_msgs/srv/ListHardwareInterfaces.srv
[50.614s] -- Symlinking: /home/ylspyrou/humble_ws/install/controller_manager_msgs/share/controller_manager_msgs/srv/ListHardwareInterfaces_Request.msg
[50.628s] -- Symlinking: /home/ylspyrou/humble_ws/install/controller_manager_msgs/share/controller_manager_msgs/srv/ListHardwareInterfaces_Response.msg
[50.640s] -- Symlinking: /home/ylspyrou/humble_ws/install/controller_manager_msgs/share/controller_manager_msgs/srv/LoadConfigureController.srv
[50.659s] -- Symlinking: /home/ylspyrou/humble_ws/install/controller_manager_msgs/share/controller_manager_msgs/srv/LoadConfigureController_Request.msg
[50.668s] -- Symlinking: /home/ylspyrou/humble_ws/install/controller_manager_msgs/share/controller_manager_msgs/srv/LoadConfigureController_Response.msg
[50.681s] -- Symlinking: /home/ylspyrou/humble_ws/install/controller_manager_msgs/share/controller_manager_msgs/srv/LoadController.srv
[50.691s] -- Symlinking: /home/ylspyrou/humble_ws/install/controller_manager_msgs/share/controller_manager_msgs/srv/LoadController_Request.msg
[50.704s] -- Symlinking: /home/ylspyrou/humble_ws/install/controller_manager_msgs/share/controller_manager_msgs/srv/LoadController_Response.msg
[50.715s] -- Symlinking: /home/ylspyrou/humble_ws/install/controller_manager_msgs/share/controller_manager_msgs/srv/LoadStartController.srv
[50.724s] -- Symlinking: /home/ylspyrou/humble_ws/install/controller_manager_msgs/share/controller_manager_msgs/srv/LoadStartController_Request.msg
[50.737s] -- Symlinking: /home/ylspyrou/humble_ws/install/controller_manager_msgs/share/controller_manager_msgs/srv/LoadStartController_Response.msg
[50.754s] -- Symlinking: /home/ylspyrou/humble_ws/install/controller_manager_msgs/share/controller_manager_msgs/srv/ReloadControllerLibraries.srv
[50.764s] -- Symlinking: /home/ylspyrou/humble_ws/install/controller_manager_msgs/share/controller_manager_msgs/srv/ReloadControllerLibraries_Request.msg
[50.775s] -- Symlinking: /home/ylspyrou/humble_ws/install/controller_manager_msgs/share/controller_manager_msgs/srv/ReloadControllerLibraries_Response.msg
[50.786s] -- Symlinking: /home/ylspyrou/humble_ws/install/controller_manager_msgs/share/controller_manager_msgs/srv/SwitchController.srv
[50.795s] -- Symlinking: /home/ylspyrou/humble_ws/install/controller_manager_msgs/share/controller_manager_msgs/srv/SwitchController_Request.msg
[50.805s] -- Symlinking: /home/ylspyrou/humble_ws/install/controller_manager_msgs/share/controller_manager_msgs/srv/SwitchController_Response.msg
[50.814s] -- Symlinking: /home/ylspyrou/humble_ws/install/controller_manager_msgs/share/controller_manager_msgs/srv/UnloadController.srv
[50.823s] -- Symlinking: /home/ylspyrou/humble_ws/install/controller_manager_msgs/share/controller_manager_msgs/srv/UnloadController_Request.msg
[50.834s] -- Symlinking: /home/ylspyrou/humble_ws/install/controller_manager_msgs/share/controller_manager_msgs/srv/UnloadController_Response.msg
[50.847s] -- Symlinking: /home/ylspyrou/humble_ws/install/controller_manager_msgs/share/ament_index/resource_index/package_run_dependencies/controller_manager_msgs
[50.857s] -- Symlinking: /home/ylspyrou/humble_ws/install/controller_manager_msgs/share/ament_index/resource_index/parent_prefix_path/controller_manager_msgs
[50.867s] -- Symlinking: /home/ylspyrou/humble_ws/install/controller_manager_msgs/share/controller_manager_msgs/environment/ament_prefix_path.sh
[50.878s] -- Symlinking: /home/ylspyrou/humble_ws/install/controller_manager_msgs/share/controller_manager_msgs/environment/ament_prefix_path.dsv
[50.888s] -- Symlinking: /home/ylspyrou/humble_ws/install/controller_manager_msgs/share/controller_manager_msgs/environment/path.sh
[50.898s] -- Symlinking: /home/ylspyrou/humble_ws/install/controller_manager_msgs/share/controller_manager_msgs/environment/path.dsv
[50.906s] -- Symlinking: /home/ylspyrou/humble_ws/install/controller_manager_msgs/share/controller_manager_msgs/local_setup.bash
[50.915s] -- Symlinking: /home/ylspyrou/humble_ws/install/controller_manager_msgs/share/controller_manager_msgs/local_setup.sh
[50.924s] -- Symlinking: /home/ylspyrou/humble_ws/install/controller_manager_msgs/share/controller_manager_msgs/local_setup.zsh
[50.936s] -- Symlinking: /home/ylspyrou/humble_ws/install/controller_manager_msgs/share/controller_manager_msgs/local_setup.dsv
[50.947s] -- Symlinking: /home/ylspyrou/humble_ws/install/controller_manager_msgs/share/controller_manager_msgs/package.dsv
[50.958s] -- Symlinking: /home/ylspyrou/humble_ws/install/controller_manager_msgs/share/ament_index/resource_index/packages/controller_manager_msgs
[50.968s] -- Symlinking: /home/ylspyrou/humble_ws/install/controller_manager_msgs/share/controller_manager_msgs/cmake/rosidl_cmake-extras.cmake
[50.978s] -- Symlinking: /home/ylspyrou/humble_ws/install/controller_manager_msgs/share/controller_manager_msgs/cmake/ament_cmake_export_dependencies-extras.cmake
[50.988s] -- Symlinking: /home/ylspyrou/humble_ws/install/controller_manager_msgs/share/controller_manager_msgs/cmake/ament_cmake_export_libraries-extras.cmake
[50.998s] -- Symlinking: /home/ylspyrou/humble_ws/install/controller_manager_msgs/share/controller_manager_msgs/cmake/ament_cmake_export_targets-extras.cmake
[51.007s] -- Symlinking: /home/ylspyrou/humble_ws/install/controller_manager_msgs/share/controller_manager_msgs/cmake/ament_cmake_export_include_directories-extras.cmake
[51.016s] -- Symlinking: /home/ylspyrou/humble_ws/install/controller_manager_msgs/share/controller_manager_msgs/cmake/rosidl_cmake_export_typesupport_libraries-extras.cmake
[51.027s] -- Symlinking: /home/ylspyrou/humble_ws/install/controller_manager_msgs/share/controller_manager_msgs/cmake/rosidl_cmake_export_typesupport_targets-extras.cmake
[51.039s] -- Symlinking: /home/ylspyrou/humble_ws/install/controller_manager_msgs/share/controller_manager_msgs/cmake/controller_manager_msgsConfig.cmake
[51.053s] -- Symlinking: /home/ylspyrou/humble_ws/install/controller_manager_msgs/share/controller_manager_msgs/cmake/controller_manager_msgsConfig-version.cmake
[51.064s] -- Symlinking: /home/ylspyrou/humble_ws/install/controller_manager_msgs/share/controller_manager_msgs/package.xml
[51.075s] -- Installing: /home/ylspyrou/humble_ws/install/controller_manager_msgs/lib/libcontroller_manager_msgs__rosidl_generator_c.so
[51.076s] -- Set runtime path of "/home/ylspyrou/humble_ws/install/controller_manager_msgs/lib/libcontroller_manager_msgs__rosidl_generator_c.so" to ""
[51.076s] -- Installing: /home/ylspyrou/humble_ws/install/controller_manager_msgs/lib/libcontroller_manager_msgs__rosidl_typesupport_introspection_c.so
[51.077s] -- Set runtime path of "/home/ylspyrou/humble_ws/install/controller_manager_msgs/lib/libcontroller_manager_msgs__rosidl_typesupport_introspection_c.so" to ""
[51.077s] -- Installing: /home/ylspyrou/humble_ws/install/controller_manager_msgs/lib/libcontroller_manager_msgs__rosidl_typesupport_c.so
[51.077s] -- Set runtime path of "/home/ylspyrou/humble_ws/install/controller_manager_msgs/lib/libcontroller_manager_msgs__rosidl_typesupport_c.so" to ""
[51.077s] -- Installing: /home/ylspyrou/humble_ws/install/controller_manager_msgs/lib/libcontroller_manager_msgs__rosidl_typesupport_introspection_cpp.so
[51.077s] -- Set runtime path of "/home/ylspyrou/humble_ws/install/controller_manager_msgs/lib/libcontroller_manager_msgs__rosidl_typesupport_introspection_cpp.so" to ""
[51.078s] -- Installing: /home/ylspyrou/humble_ws/install/controller_manager_msgs/lib/libcontroller_manager_msgs__rosidl_typesupport_cpp.so
[51.078s] -- Set runtime path of "/home/ylspyrou/humble_ws/install/controller_manager_msgs/lib/libcontroller_manager_msgs__rosidl_typesupport_cpp.so" to ""
[51.111s] Compiling '/home/ylspyrou/humble_ws/install/controller_manager_msgs/lib/python3.8/site-packages/controller_manager_msgs/__init__.py'...
[51.116s] -- Installing: /home/ylspyrou/humble_ws/install/controller_manager_msgs/share/controller_manager_msgs/cmake/controller_manager_msgs__rosidl_generator_cExport.cmake
[51.117s] -- Installing: /home/ylspyrou/humble_ws/install/controller_manager_msgs/share/controller_manager_msgs/cmake/controller_manager_msgs__rosidl_generator_cExport-noconfig.cmake
[51.117s] -- Installing: /home/ylspyrou/humble_ws/install/controller_manager_msgs/share/controller_manager_msgs/cmake/controller_manager_msgs__rosidl_typesupport_introspection_cExport.cmake
[51.117s] -- Installing: /home/ylspyrou/humble_ws/install/controller_manager_msgs/share/controller_manager_msgs/cmake/controller_manager_msgs__rosidl_typesupport_introspection_cExport-noconfig.cmake
[51.117s] -- Installing: /home/ylspyrou/humble_ws/install/controller_manager_msgs/share/controller_manager_msgs/cmake/controller_manager_msgs__rosidl_typesupport_cExport.cmake
[51.117s] -- Installing: /home/ylspyrou/humble_ws/install/controller_manager_msgs/share/controller_manager_msgs/cmake/controller_manager_msgs__rosidl_typesupport_cExport-noconfig.cmake
[51.117s] -- Installing: /home/ylspyrou/humble_ws/install/controller_manager_msgs/share/controller_manager_msgs/cmake/controller_manager_msgs__rosidl_generator_cppExport.cmake
[51.117s] -- Installing: /home/ylspyrou/humble_ws/install/controller_manager_msgs/share/controller_manager_msgs/cmake/controller_manager_msgs__rosidl_typesupport_introspection_cppExport.cmake
[51.118s] -- Installing: /home/ylspyrou/humble_ws/install/controller_manager_msgs/share/controller_manager_msgs/cmake/controller_manager_msgs__rosidl_typesupport_introspection_cppExport-noconfig.cmake
[51.118s] -- Installing: /home/ylspyrou/humble_ws/install/controller_manager_msgs/share/controller_manager_msgs/cmake/controller_manager_msgs__rosidl_typesupport_cppExport.cmake
[51.118s] -- Installing: /home/ylspyrou/humble_ws/install/controller_manager_msgs/share/controller_manager_msgs/cmake/controller_manager_msgs__rosidl_typesupport_cppExport-noconfig.cmake
[51.121s] Invoked command in '/home/ylspyrou/humble_ws/build/controller_manager_msgs' returned '0': CMAKE_PREFIX_PATH=/opt/ros/foxy /usr/bin/cmake --install /home/ylspyrou/humble_ws/build/controller_manager_msgs
