[0.031s] Invoking command in '/home/ylspyrou/humble_ws/build/forward_command_controller': AMENT_PREFIX_PATH=/home/ylspyrou/humble_ws/install/controller_manager:/home/ylspyrou/humble_ws/install/controller_interface:/home/ylspyrou/humble_ws/install/hardware_interface:/home/ylspyrou/humble_ws/install/ros2_control_test_assets:/home/ylspyrou/humble_ws/install/realtime_tools:/home/ylspyrou/humble_ws/install/controller_manager_msgs:/home/ylspyrou/humble_ws/install/control_msgs:${AMENT_PREFIX_PATH} CMAKE_PREFIX_PATH=/home/ylspyrou/humble_ws/install/controller_manager:/home/ylspyrou/humble_ws/install/controller_interface:/home/ylspyrou/humble_ws/install/hardware_interface:/home/ylspyrou/humble_ws/install/ros2_control_test_assets:/home/ylspyrou/humble_ws/install/realtime_tools:/home/ylspyrou/humble_ws/install/controller_manager_msgs:/home/ylspyrou/humble_ws/install/control_msgs:/opt/ros/foxy LD_LIBRARY_PATH=/home/ylspyrou/humble_ws/install/controller_manager/lib:/home/ylspyrou/humble_ws/install/controller_interface/lib:/home/ylspyrou/humble_ws/install/hardware_interface/lib:/home/ylspyrou/humble_ws/install/realtime_tools/lib:/home/ylspyrou/humble_ws/install/controller_manager_msgs/lib:/home/ylspyrou/humble_ws/install/control_msgs/lib:${LD_LIBRARY_PATH} PYTHONPATH=/home/ylspyrou/humble_ws/install/controller_manager/lib/python3.8/site-packages:/home/ylspyrou/humble_ws/install/controller_manager_msgs/lib/python3.8/site-packages:/home/ylspyrou/humble_ws/install/control_msgs/lib/python3.8/site-packages:${PYTHONPATH} /usr/bin/cmake --build /home/ylspyrou/humble_ws/build/forward_command_controller -- -j2 -l2
[0.137s] [ 18%] Built target gmock_main
[0.138s] [ 45%] Built target gmock
[0.196s] [ 63%] Built target forward_command_controller
[0.211s] [ 81%] Built target test_load_forward_command_controller
[0.250s] [100%] Built target test_forward_command_controller
[0.270s] Invoked command in '/home/ylspyrou/humble_ws/build/forward_command_controller' returned '0': AMENT_PREFIX_PATH=/home/ylspyrou/humble_ws/install/controller_manager:/home/ylspyrou/humble_ws/install/controller_interface:/home/ylspyrou/humble_ws/install/hardware_interface:/home/ylspyrou/humble_ws/install/ros2_control_test_assets:/home/ylspyrou/humble_ws/install/realtime_tools:/home/ylspyrou/humble_ws/install/controller_manager_msgs:/home/ylspyrou/humble_ws/install/control_msgs:${AMENT_PREFIX_PATH} CMAKE_PREFIX_PATH=/home/ylspyrou/humble_ws/install/controller_manager:/home/ylspyrou/humble_ws/install/controller_interface:/home/ylspyrou/humble_ws/install/hardware_interface:/home/ylspyrou/humble_ws/install/ros2_control_test_assets:/home/ylspyrou/humble_ws/install/realtime_tools:/home/ylspyrou/humble_ws/install/controller_manager_msgs:/home/ylspyrou/humble_ws/install/control_msgs:/opt/ros/foxy LD_LIBRARY_PATH=/home/ylspyrou/humble_ws/install/controller_manager/lib:/home/ylspyrou/humble_ws/install/controller_interface/lib:/home/ylspyrou/humble_ws/install/hardware_interface/lib:/home/ylspyrou/humble_ws/install/realtime_tools/lib:/home/ylspyrou/humble_ws/install/controller_manager_msgs/lib:/home/ylspyrou/humble_ws/install/control_msgs/lib:${LD_LIBRARY_PATH} PYTHONPATH=/home/ylspyrou/humble_ws/install/controller_manager/lib/python3.8/site-packages:/home/ylspyrou/humble_ws/install/controller_manager_msgs/lib/python3.8/site-packages:/home/ylspyrou/humble_ws/install/control_msgs/lib/python3.8/site-packages:${PYTHONPATH} /usr/bin/cmake --build /home/ylspyrou/humble_ws/build/forward_command_controller -- -j2 -l2
[0.310s] Invoking command in '/home/ylspyrou/humble_ws/build/forward_command_controller': AMENT_PREFIX_PATH=/home/ylspyrou/humble_ws/install/controller_manager:/home/ylspyrou/humble_ws/install/controller_interface:/home/ylspyrou/humble_ws/install/hardware_interface:/home/ylspyrou/humble_ws/install/ros2_control_test_assets:/home/ylspyrou/humble_ws/install/realtime_tools:/home/ylspyrou/humble_ws/install/controller_manager_msgs:/home/ylspyrou/humble_ws/install/control_msgs:${AMENT_PREFIX_PATH} CMAKE_PREFIX_PATH=/home/ylspyrou/humble_ws/install/controller_manager:/home/ylspyrou/humble_ws/install/controller_interface:/home/ylspyrou/humble_ws/install/hardware_interface:/home/ylspyrou/humble_ws/install/ros2_control_test_assets:/home/ylspyrou/humble_ws/install/realtime_tools:/home/ylspyrou/humble_ws/install/controller_manager_msgs:/home/ylspyrou/humble_ws/install/control_msgs:/opt/ros/foxy LD_LIBRARY_PATH=/home/ylspyrou/humble_ws/install/controller_manager/lib:/home/ylspyrou/humble_ws/install/controller_interface/lib:/home/ylspyrou/humble_ws/install/hardware_interface/lib:/home/ylspyrou/humble_ws/install/realtime_tools/lib:/home/ylspyrou/humble_ws/install/controller_manager_msgs/lib:/home/ylspyrou/humble_ws/install/control_msgs/lib:${LD_LIBRARY_PATH} PYTHONPATH=/home/ylspyrou/humble_ws/install/controller_manager/lib/python3.8/site-packages:/home/ylspyrou/humble_ws/install/controller_manager_msgs/lib/python3.8/site-packages:/home/ylspyrou/humble_ws/install/control_msgs/lib/python3.8/site-packages:${PYTHONPATH} /usr/bin/cmake --install /home/ylspyrou/humble_ws/build/forward_command_controller
[0.329s] -- Install configuration: ""
[0.330s] -- Execute custom install script
[0.330s] -- Up-to-date symlink: /home/ylspyrou/humble_ws/install/forward_command_controller/share/forward_command_controller//forward_command_plugin.xml
[0.330s] -- Up-to-date symlink: /home/ylspyrou/humble_ws/install/forward_command_controller/include/forward_command_controller/forward_command_controller.hpp
[0.330s] -- Up-to-date symlink: /home/ylspyrou/humble_ws/install/forward_command_controller/include/forward_command_controller/visibility_control.h
[0.331s] -- Up-to-date symlink: /home/ylspyrou/humble_ws/install/forward_command_controller/lib/libforward_command_controller.so
[0.331s] -- Up-to-date symlink: /home/ylspyrou/humble_ws/install/forward_command_controller/share/forward_command_controller/environment/library_path.sh
[0.333s] -- Up-to-date symlink: /home/ylspyrou/humble_ws/install/forward_command_controller/share/forward_command_controller/environment/library_path.dsv
[0.334s] -- Up-to-date symlink: /home/ylspyrou/humble_ws/install/forward_command_controller/share/ament_index/resource_index/package_run_dependencies/forward_command_controller
[0.335s] -- Up-to-date symlink: /home/ylspyrou/humble_ws/install/forward_command_controller/share/ament_index/resource_index/parent_prefix_path/forward_command_controller
[0.335s] -- Up-to-date symlink: /home/ylspyrou/humble_ws/install/forward_command_controller/share/forward_command_controller/environment/ament_prefix_path.sh
[0.335s] -- Up-to-date symlink: /home/ylspyrou/humble_ws/install/forward_command_controller/share/forward_command_controller/environment/ament_prefix_path.dsv
[0.336s] -- Up-to-date symlink: /home/ylspyrou/humble_ws/install/forward_command_controller/share/forward_command_controller/environment/path.sh
[0.336s] -- Up-to-date symlink: /home/ylspyrou/humble_ws/install/forward_command_controller/share/forward_command_controller/environment/path.dsv
[0.337s] -- Up-to-date symlink: /home/ylspyrou/humble_ws/install/forward_command_controller/share/forward_command_controller/local_setup.bash
[0.338s] -- Up-to-date symlink: /home/ylspyrou/humble_ws/install/forward_command_controller/share/forward_command_controller/local_setup.sh
[0.338s] -- Up-to-date symlink: /home/ylspyrou/humble_ws/install/forward_command_controller/share/forward_command_controller/local_setup.zsh
[0.339s] -- Up-to-date symlink: /home/ylspyrou/humble_ws/install/forward_command_controller/share/forward_command_controller/local_setup.dsv
[0.339s] -- Symlinking: /home/ylspyrou/humble_ws/install/forward_command_controller/share/forward_command_controller/package.dsv
[0.351s] -- Up-to-date symlink: /home/ylspyrou/humble_ws/install/forward_command_controller/share/ament_index/resource_index/packages/forward_command_controller
[0.352s] -- Up-to-date symlink: /home/ylspyrou/humble_ws/install/forward_command_controller/share/ament_index/resource_index/controller_interface__pluginlib__plugin/forward_command_controller
[0.352s] -- Up-to-date symlink: /home/ylspyrou/humble_ws/install/forward_command_controller/share/forward_command_controller/cmake/ament_cmake_export_dependencies-extras.cmake
[0.353s] -- Up-to-date symlink: /home/ylspyrou/humble_ws/install/forward_command_controller/share/forward_command_controller/cmake/ament_cmake_export_include_directories-extras.cmake
[0.353s] -- Up-to-date symlink: /home/ylspyrou/humble_ws/install/forward_command_controller/share/forward_command_controller/cmake/ament_cmake_export_libraries-extras.cmake
[0.354s] -- Up-to-date symlink: /home/ylspyrou/humble_ws/install/forward_command_controller/share/forward_command_controller/cmake/forward_command_controllerConfig.cmake
[0.354s] -- Up-to-date symlink: /home/ylspyrou/humble_ws/install/forward_command_controller/share/forward_command_controller/cmake/forward_command_controllerConfig-version.cmake
[0.355s] -- Up-to-date symlink: /home/ylspyrou/humble_ws/install/forward_command_controller/share/forward_command_controller/package.xml
[0.360s] Invoked command in '/home/ylspyrou/humble_ws/build/forward_command_controller' returned '0': AMENT_PREFIX_PATH=/home/ylspyrou/humble_ws/install/controller_manager:/home/ylspyrou/humble_ws/install/controller_interface:/home/ylspyrou/humble_ws/install/hardware_interface:/home/ylspyrou/humble_ws/install/ros2_control_test_assets:/home/ylspyrou/humble_ws/install/realtime_tools:/home/ylspyrou/humble_ws/install/controller_manager_msgs:/home/ylspyrou/humble_ws/install/control_msgs:${AMENT_PREFIX_PATH} CMAKE_PREFIX_PATH=/home/ylspyrou/humble_ws/install/controller_manager:/home/ylspyrou/humble_ws/install/controller_interface:/home/ylspyrou/humble_ws/install/hardware_interface:/home/ylspyrou/humble_ws/install/ros2_control_test_assets:/home/ylspyrou/humble_ws/install/realtime_tools:/home/ylspyrou/humble_ws/install/controller_manager_msgs:/home/ylspyrou/humble_ws/install/control_msgs:/opt/ros/foxy LD_LIBRARY_PATH=/home/ylspyrou/humble_ws/install/controller_manager/lib:/home/ylspyrou/humble_ws/install/controller_interface/lib:/home/ylspyrou/humble_ws/install/hardware_interface/lib:/home/ylspyrou/humble_ws/install/realtime_tools/lib:/home/ylspyrou/humble_ws/install/controller_manager_msgs/lib:/home/ylspyrou/humble_ws/install/control_msgs/lib:${LD_LIBRARY_PATH} PYTHONPATH=/home/ylspyrou/humble_ws/install/controller_manager/lib/python3.8/site-packages:/home/ylspyrou/humble_ws/install/controller_manager_msgs/lib/python3.8/site-packages:/home/ylspyrou/humble_ws/install/control_msgs/lib/python3.8/site-packages:${PYTHONPATH} /usr/bin/cmake --install /home/ylspyrou/humble_ws/build/forward_command_controller
