[0.025s] Invoking command in '/home/ylspyrou/humble_ws/build/ros2_control_demo_hardware': AMENT_PREFIX_PATH=/home/ylspyrou/humble_ws/install/hardware_interface:/home/ylspyrou/humble_ws/install/ros2_control_test_assets:/home/ylspyrou/humble_ws/install/control_msgs:${AMENT_PREFIX_PATH} CMAKE_PREFIX_PATH=/home/ylspyrou/humble_ws/install/hardware_interface:/home/ylspyrou/humble_ws/install/ros2_control_test_assets:/home/ylspyrou/humble_ws/install/control_msgs:/opt/ros/foxy LD_LIBRARY_PATH=/home/ylspyrou/humble_ws/install/hardware_interface/lib:/home/ylspyrou/humble_ws/install/control_msgs/lib:${LD_LIBRARY_PATH} PYTHONPATH=/home/ylspyrou/humble_ws/install/control_msgs/lib/python3.8/site-packages:${PYTHONPATH} /usr/bin/cmake --build /home/ylspyrou/humble_ws/build/ros2_control_demo_hardware -- -j2 -l2
[0.143s] [100%] Built target ros2_control_demo_hardware
[0.167s] Invoked command in '/home/ylspyrou/humble_ws/build/ros2_control_demo_hardware' returned '0': AMENT_PREFIX_PATH=/home/ylspyrou/humble_ws/install/hardware_interface:/home/ylspyrou/humble_ws/install/ros2_control_test_assets:/home/ylspyrou/humble_ws/install/control_msgs:${AMENT_PREFIX_PATH} CMAKE_PREFIX_PATH=/home/ylspyrou/humble_ws/install/hardware_interface:/home/ylspyrou/humble_ws/install/ros2_control_test_assets:/home/ylspyrou/humble_ws/install/control_msgs:/opt/ros/foxy LD_LIBRARY_PATH=/home/ylspyrou/humble_ws/install/hardware_interface/lib:/home/ylspyrou/humble_ws/install/control_msgs/lib:${LD_LIBRARY_PATH} PYTHONPATH=/home/ylspyrou/humble_ws/install/control_msgs/lib/python3.8/site-packages:${PYTHONPATH} /usr/bin/cmake --build /home/ylspyrou/humble_ws/build/ros2_control_demo_hardware -- -j2 -l2
[0.227s] Invoking command in '/home/ylspyrou/humble_ws/build/ros2_control_demo_hardware': AMENT_PREFIX_PATH=/home/ylspyrou/humble_ws/install/hardware_interface:/home/ylspyrou/humble_ws/install/ros2_control_test_assets:/home/ylspyrou/humble_ws/install/control_msgs:${AMENT_PREFIX_PATH} CMAKE_PREFIX_PATH=/home/ylspyrou/humble_ws/install/hardware_interface:/home/ylspyrou/humble_ws/install/ros2_control_test_assets:/home/ylspyrou/humble_ws/install/control_msgs:/opt/ros/foxy LD_LIBRARY_PATH=/home/ylspyrou/humble_ws/install/hardware_interface/lib:/home/ylspyrou/humble_ws/install/control_msgs/lib:${LD_LIBRARY_PATH} PYTHONPATH=/home/ylspyrou/humble_ws/install/control_msgs/lib/python3.8/site-packages:${PYTHONPATH} /usr/bin/cmake --install /home/ylspyrou/humble_ws/build/ros2_control_demo_hardware
[0.238s] -- Install configuration: ""
[0.244s] -- Execute custom install script
[0.245s] -- Up-to-date symlink: /home/ylspyrou/humble_ws/install/ros2_control_demo_hardware/share/ros2_control_demo_hardware//ros2_control_demo_hardware.xml
[0.247s] -- Up-to-date symlink: /home/ylspyrou/humble_ws/install/ros2_control_demo_hardware/lib/libros2_control_demo_hardware.so
[0.248s] -- Up-to-date symlink: /home/ylspyrou/humble_ws/install/ros2_control_demo_hardware/include/ros2_control_demo_hardware/arduino_comms.hpp
[0.248s] -- Up-to-date symlink: /home/ylspyrou/humble_ws/install/ros2_control_demo_hardware/include/ros2_control_demo_hardware/diffbot_system.hpp
[0.249s] -- Up-to-date symlink: /home/ylspyrou/humble_ws/install/ros2_control_demo_hardware/include/ros2_control_demo_hardware/rrbot_system_multi_interface.hpp
[0.250s] -- Up-to-date symlink: /home/ylspyrou/humble_ws/install/ros2_control_demo_hardware/include/ros2_control_demo_hardware/rrbot_system_position_only.hpp
[0.251s] -- Up-to-date symlink: /home/ylspyrou/humble_ws/install/ros2_control_demo_hardware/include/ros2_control_demo_hardware/rrbot_system_with_sensor.hpp
[0.252s] -- Up-to-date symlink: /home/ylspyrou/humble_ws/install/ros2_control_demo_hardware/include/ros2_control_demo_hardware/visibility_control.h
[0.253s] -- Up-to-date symlink: /home/ylspyrou/humble_ws/install/ros2_control_demo_hardware/include/ros2_control_demo_hardware/wheel.hpp
[0.254s] -- Up-to-date symlink: /home/ylspyrou/humble_ws/install/ros2_control_demo_hardware/share/ros2_control_demo_hardware/environment/library_path.sh
[0.255s] -- Up-to-date symlink: /home/ylspyrou/humble_ws/install/ros2_control_demo_hardware/share/ros2_control_demo_hardware/environment/library_path.dsv
[0.256s] -- Up-to-date symlink: /home/ylspyrou/humble_ws/install/ros2_control_demo_hardware/share/ament_index/resource_index/package_run_dependencies/ros2_control_demo_hardware
[0.258s] -- Up-to-date symlink: /home/ylspyrou/humble_ws/install/ros2_control_demo_hardware/share/ament_index/resource_index/parent_prefix_path/ros2_control_demo_hardware
[0.258s] -- Up-to-date symlink: /home/ylspyrou/humble_ws/install/ros2_control_demo_hardware/share/ros2_control_demo_hardware/environment/ament_prefix_path.sh
[0.259s] -- Up-to-date symlink: /home/ylspyrou/humble_ws/install/ros2_control_demo_hardware/share/ros2_control_demo_hardware/environment/ament_prefix_path.dsv
[0.260s] -- Up-to-date symlink: /home/ylspyrou/humble_ws/install/ros2_control_demo_hardware/share/ros2_control_demo_hardware/environment/path.sh
[0.261s] -- Up-to-date symlink: /home/ylspyrou/humble_ws/install/ros2_control_demo_hardware/share/ros2_control_demo_hardware/environment/path.dsv
[0.261s] -- Up-to-date symlink: /home/ylspyrou/humble_ws/install/ros2_control_demo_hardware/share/ros2_control_demo_hardware/local_setup.bash
[0.262s] -- Up-to-date symlink: /home/ylspyrou/humble_ws/install/ros2_control_demo_hardware/share/ros2_control_demo_hardware/local_setup.sh
[0.262s] -- Up-to-date symlink: /home/ylspyrou/humble_ws/install/ros2_control_demo_hardware/share/ros2_control_demo_hardware/local_setup.zsh
[0.263s] -- Up-to-date symlink: /home/ylspyrou/humble_ws/install/ros2_control_demo_hardware/share/ros2_control_demo_hardware/local_setup.dsv
[0.264s] -- Symlinking: /home/ylspyrou/humble_ws/install/ros2_control_demo_hardware/share/ros2_control_demo_hardware/package.dsv
[0.284s] -- Up-to-date symlink: /home/ylspyrou/humble_ws/install/ros2_control_demo_hardware/share/ament_index/resource_index/packages/ros2_control_demo_hardware
[0.285s] -- Up-to-date symlink: /home/ylspyrou/humble_ws/install/ros2_control_demo_hardware/share/ament_index/resource_index/hardware_interface__pluginlib__plugin/ros2_control_demo_hardware
[0.286s] -- Up-to-date symlink: /home/ylspyrou/humble_ws/install/ros2_control_demo_hardware/share/ros2_control_demo_hardware/cmake/ament_cmake_export_include_directories-extras.cmake
[0.287s] -- Up-to-date symlink: /home/ylspyrou/humble_ws/install/ros2_control_demo_hardware/share/ros2_control_demo_hardware/cmake/ament_cmake_export_libraries-extras.cmake
[0.287s] -- Up-to-date symlink: /home/ylspyrou/humble_ws/install/ros2_control_demo_hardware/share/ros2_control_demo_hardware/cmake/ament_cmake_export_dependencies-extras.cmake
[0.288s] -- Up-to-date symlink: /home/ylspyrou/humble_ws/install/ros2_control_demo_hardware/share/ros2_control_demo_hardware/cmake/ros2_control_demo_hardwareConfig.cmake
[0.289s] -- Up-to-date symlink: /home/ylspyrou/humble_ws/install/ros2_control_demo_hardware/share/ros2_control_demo_hardware/cmake/ros2_control_demo_hardwareConfig-version.cmake
[0.290s] -- Up-to-date symlink: /home/ylspyrou/humble_ws/install/ros2_control_demo_hardware/share/ros2_control_demo_hardware/package.xml
[0.294s] Invoked command in '/home/ylspyrou/humble_ws/build/ros2_control_demo_hardware' returned '0': AMENT_PREFIX_PATH=/home/ylspyrou/humble_ws/install/hardware_interface:/home/ylspyrou/humble_ws/install/ros2_control_test_assets:/home/ylspyrou/humble_ws/install/control_msgs:${AMENT_PREFIX_PATH} CMAKE_PREFIX_PATH=/home/ylspyrou/humble_ws/install/hardware_interface:/home/ylspyrou/humble_ws/install/ros2_control_test_assets:/home/ylspyrou/humble_ws/install/control_msgs:/opt/ros/foxy LD_LIBRARY_PATH=/home/ylspyrou/humble_ws/install/hardware_interface/lib:/home/ylspyrou/humble_ws/install/control_msgs/lib:${LD_LIBRARY_PATH} PYTHONPATH=/home/ylspyrou/humble_ws/install/control_msgs/lib/python3.8/site-packages:${PYTHONPATH} /usr/bin/cmake --install /home/ylspyrou/humble_ws/build/ros2_control_demo_hardware
