[0.023s] Invoking command in '/home/ylspyrou/humble_ws/build/control_msgs': CMAKE_PREFIX_PATH=/opt/ros/foxy /usr/bin/cmake --build /home/ylspyrou/humble_ws/build/control_msgs -- -j2 -l2
[0.141s] [  0%] Built target control_msgs__cpp
[0.164s] [ 12%] Built target control_msgs__rosidl_generator_c
[0.210s] [ 24%] Built target control_msgs__rosidl_typesupport_cpp
[0.256s] [ 36%] Built target control_msgs__rosidl_typesupport_introspection_c
[0.285s] [ 48%] Built target control_msgs__rosidl_typesupport_fastrtps_cpp
[0.302s] [ 60%] Built target control_msgs__rosidl_typesupport_c
[0.354s] [ 72%] Built target control_msgs__rosidl_typesupport_introspection_cpp
[0.371s] [ 84%] Built target control_msgs__rosidl_typesupport_fastrtps_c
[0.406s] [ 84%] Built target control_msgs
[0.453s] [ 85%] Built target control_msgs__py
[0.504s] [ 96%] Built target control_msgs__python
[0.550s] [ 97%] Built target control_msgs__rosidl_typesupport_c__pyext
[0.558s] [ 99%] Built target control_msgs__rosidl_typesupport_introspection_c__pyext
[0.592s] [100%] Built target control_msgs__rosidl_typesupport_fastrtps_c__pyext
[0.604s] Invoked command in '/home/ylspyrou/humble_ws/build/control_msgs' returned '0': CMAKE_PREFIX_PATH=/opt/ros/foxy /usr/bin/cmake --build /home/ylspyrou/humble_ws/build/control_msgs -- -j2 -l2
[0.868s] Invoking command in '/home/ylspyrou/humble_ws/build/control_msgs': CMAKE_PREFIX_PATH=/opt/ros/foxy /usr/bin/cmake --install /home/ylspyrou/humble_ws/build/control_msgs
[0.880s] -- Install configuration: ""
[0.882s] -- Execute custom install script
[0.884s] -- Up-to-date symlink: /home/ylspyrou/humble_ws/install/control_msgs/share/ament_index/resource_index/rosidl_interfaces/control_msgs
[0.886s] -- Up-to-date symlink: /home/ylspyrou/humble_ws/install/control_msgs/include/control_msgs/action/detail/follow_joint_trajectory__functions.h
[0.887s] -- Up-to-date symlink: /home/ylspyrou/humble_ws/install/control_msgs/include/control_msgs/action/detail/follow_joint_trajectory__struct.h
[0.888s] -- Up-to-date symlink: /home/ylspyrou/humble_ws/install/control_msgs/include/control_msgs/action/detail/follow_joint_trajectory__type_support.h
[0.889s] -- Up-to-date symlink: /home/ylspyrou/humble_ws/install/control_msgs/include/control_msgs/action/detail/gripper_command__functions.h
[0.890s] -- Up-to-date symlink: /home/ylspyrou/humble_ws/install/control_msgs/include/control_msgs/action/detail/gripper_command__struct.h
[0.891s] -- Up-to-date symlink: /home/ylspyrou/humble_ws/install/control_msgs/include/control_msgs/action/detail/gripper_command__type_support.h
[0.892s] -- Up-to-date symlink: /home/ylspyrou/humble_ws/install/control_msgs/include/control_msgs/action/detail/joint_trajectory__functions.h
[0.893s] -- Up-to-date symlink: /home/ylspyrou/humble_ws/install/control_msgs/include/control_msgs/action/detail/joint_trajectory__struct.h
[0.894s] -- Up-to-date symlink: /home/ylspyrou/humble_ws/install/control_msgs/include/control_msgs/action/detail/joint_trajectory__type_support.h
[0.895s] -- Up-to-date symlink: /home/ylspyrou/humble_ws/install/control_msgs/include/control_msgs/action/detail/point_head__functions.h
[0.898s] -- Up-to-date symlink: /home/ylspyrou/humble_ws/install/control_msgs/include/control_msgs/action/detail/point_head__struct.h
[0.899s] -- Up-to-date symlink: /home/ylspyrou/humble_ws/install/control_msgs/include/control_msgs/action/detail/point_head__type_support.h
[0.900s] -- Up-to-date symlink: /home/ylspyrou/humble_ws/install/control_msgs/include/control_msgs/action/detail/single_joint_position__functions.h
[0.901s] -- Up-to-date symlink: /home/ylspyrou/humble_ws/install/control_msgs/include/control_msgs/action/detail/single_joint_position__struct.h
[0.903s] -- Up-to-date symlink: /home/ylspyrou/humble_ws/install/control_msgs/include/control_msgs/action/detail/single_joint_position__type_support.h
[0.903s] -- Up-to-date symlink: /home/ylspyrou/humble_ws/install/control_msgs/include/control_msgs/action/follow_joint_trajectory.h
[0.904s] -- Up-to-date symlink: /home/ylspyrou/humble_ws/install/control_msgs/include/control_msgs/action/gripper_command.h
[0.906s] -- Up-to-date symlink: /home/ylspyrou/humble_ws/install/control_msgs/include/control_msgs/action/joint_trajectory.h
[0.906s] -- Up-to-date symlink: /home/ylspyrou/humble_ws/install/control_msgs/include/control_msgs/action/point_head.h
[0.907s] -- Up-to-date symlink: /home/ylspyrou/humble_ws/install/control_msgs/include/control_msgs/action/single_joint_position.h
[0.908s] -- Up-to-date symlink: /home/ylspyrou/humble_ws/install/control_msgs/include/control_msgs/msg/detail/dynamic_joint_state__functions.h
[0.909s] -- Up-to-date symlink: /home/ylspyrou/humble_ws/install/control_msgs/include/control_msgs/msg/detail/dynamic_joint_state__struct.h
[0.910s] -- Up-to-date symlink: /home/ylspyrou/humble_ws/install/control_msgs/include/control_msgs/msg/detail/dynamic_joint_state__type_support.h
[0.911s] -- Up-to-date symlink: /home/ylspyrou/humble_ws/install/control_msgs/include/control_msgs/msg/detail/gripper_command__functions.h
[0.913s] -- Up-to-date symlink: /home/ylspyrou/humble_ws/install/control_msgs/include/control_msgs/msg/detail/gripper_command__struct.h
[0.914s] -- Up-to-date symlink: /home/ylspyrou/humble_ws/install/control_msgs/include/control_msgs/msg/detail/gripper_command__type_support.h
[0.915s] -- Up-to-date symlink: /home/ylspyrou/humble_ws/install/control_msgs/include/control_msgs/msg/detail/interface_value__functions.h
[0.916s] -- Up-to-date symlink: /home/ylspyrou/humble_ws/install/control_msgs/include/control_msgs/msg/detail/interface_value__struct.h
[0.917s] -- Up-to-date symlink: /home/ylspyrou/humble_ws/install/control_msgs/include/control_msgs/msg/detail/interface_value__type_support.h
[0.918s] -- Up-to-date symlink: /home/ylspyrou/humble_ws/install/control_msgs/include/control_msgs/msg/detail/joint_controller_state__functions.h
[0.919s] -- Up-to-date symlink: /home/ylspyrou/humble_ws/install/control_msgs/include/control_msgs/msg/detail/joint_controller_state__struct.h
[0.919s] -- Up-to-date symlink: /home/ylspyrou/humble_ws/install/control_msgs/include/control_msgs/msg/detail/joint_controller_state__type_support.h
[0.920s] -- Up-to-date symlink: /home/ylspyrou/humble_ws/install/control_msgs/include/control_msgs/msg/detail/joint_jog__functions.h
[0.921s] -- Up-to-date symlink: /home/ylspyrou/humble_ws/install/control_msgs/include/control_msgs/msg/detail/joint_jog__struct.h
[0.922s] -- Up-to-date symlink: /home/ylspyrou/humble_ws/install/control_msgs/include/control_msgs/msg/detail/joint_jog__type_support.h
[0.924s] -- Up-to-date symlink: /home/ylspyrou/humble_ws/install/control_msgs/include/control_msgs/msg/detail/joint_tolerance__functions.h
[0.925s] -- Up-to-date symlink: /home/ylspyrou/humble_ws/install/control_msgs/include/control_msgs/msg/detail/joint_tolerance__struct.h
[0.926s] -- Up-to-date symlink: /home/ylspyrou/humble_ws/install/control_msgs/include/control_msgs/msg/detail/joint_tolerance__type_support.h
[0.926s] -- Up-to-date symlink: /home/ylspyrou/humble_ws/install/control_msgs/include/control_msgs/msg/detail/joint_trajectory_controller_state__functions.h
[0.927s] -- Up-to-date symlink: /home/ylspyrou/humble_ws/install/control_msgs/include/control_msgs/msg/detail/joint_trajectory_controller_state__struct.h
[0.929s] -- Up-to-date symlink: /home/ylspyrou/humble_ws/install/control_msgs/include/control_msgs/msg/detail/joint_trajectory_controller_state__type_support.h
[0.930s] -- Up-to-date symlink: /home/ylspyrou/humble_ws/install/control_msgs/include/control_msgs/msg/detail/pid_state__functions.h
[0.931s] -- Up-to-date symlink: /home/ylspyrou/humble_ws/install/control_msgs/include/control_msgs/msg/detail/pid_state__struct.h
[0.932s] -- Up-to-date symlink: /home/ylspyrou/humble_ws/install/control_msgs/include/control_msgs/msg/detail/pid_state__type_support.h
[0.932s] -- Up-to-date symlink: /home/ylspyrou/humble_ws/install/control_msgs/include/control_msgs/msg/dynamic_joint_state.h
[0.934s] -- Up-to-date symlink: /home/ylspyrou/humble_ws/install/control_msgs/include/control_msgs/msg/gripper_command.h
[0.935s] -- Up-to-date symlink: /home/ylspyrou/humble_ws/install/control_msgs/include/control_msgs/msg/interface_value.h
[0.936s] -- Up-to-date symlink: /home/ylspyrou/humble_ws/install/control_msgs/include/control_msgs/msg/joint_controller_state.h
[0.937s] -- Up-to-date symlink: /home/ylspyrou/humble_ws/install/control_msgs/include/control_msgs/msg/joint_jog.h
[0.937s] -- Up-to-date symlink: /home/ylspyrou/humble_ws/install/control_msgs/include/control_msgs/msg/joint_tolerance.h
[0.938s] -- Up-to-date symlink: /home/ylspyrou/humble_ws/install/control_msgs/include/control_msgs/msg/joint_trajectory_controller_state.h
[0.939s] -- Up-to-date symlink: /home/ylspyrou/humble_ws/install/control_msgs/include/control_msgs/msg/pid_state.h
[0.940s] -- Up-to-date symlink: /home/ylspyrou/humble_ws/install/control_msgs/include/control_msgs/msg/rosidl_generator_c__visibility_control.h
[0.943s] -- Up-to-date symlink: /home/ylspyrou/humble_ws/install/control_msgs/include/control_msgs/srv/detail/query_calibration_state__functions.h
[0.943s] -- Up-to-date symlink: /home/ylspyrou/humble_ws/install/control_msgs/include/control_msgs/srv/detail/query_calibration_state__struct.h
[0.944s] -- Up-to-date symlink: /home/ylspyrou/humble_ws/install/control_msgs/include/control_msgs/srv/detail/query_calibration_state__type_support.h
[0.946s] -- Up-to-date symlink: /home/ylspyrou/humble_ws/install/control_msgs/include/control_msgs/srv/detail/query_trajectory_state__functions.h
[0.947s] -- Up-to-date symlink: /home/ylspyrou/humble_ws/install/control_msgs/include/control_msgs/srv/detail/query_trajectory_state__struct.h
[0.948s] -- Up-to-date symlink: /home/ylspyrou/humble_ws/install/control_msgs/include/control_msgs/srv/detail/query_trajectory_state__type_support.h
[0.949s] -- Up-to-date symlink: /home/ylspyrou/humble_ws/install/control_msgs/include/control_msgs/srv/query_calibration_state.h
[0.950s] -- Up-to-date symlink: /home/ylspyrou/humble_ws/install/control_msgs/include/control_msgs/srv/query_trajectory_state.h
[0.950s] -- Up-to-date symlink: /home/ylspyrou/humble_ws/install/control_msgs/share/control_msgs/environment/library_path.sh
[0.951s] -- Up-to-date symlink: /home/ylspyrou/humble_ws/install/control_msgs/share/control_msgs/environment/library_path.dsv
[0.954s] -- Up-to-date symlink: /home/ylspyrou/humble_ws/install/control_msgs/include/control_msgs/action/detail/follow_joint_trajectory__rosidl_typesupport_fastrtps_c.h
[0.954s] -- Up-to-date symlink: /home/ylspyrou/humble_ws/install/control_msgs/include/control_msgs/action/detail/gripper_command__rosidl_typesupport_fastrtps_c.h
[0.955s] -- Up-to-date symlink: /home/ylspyrou/humble_ws/install/control_msgs/include/control_msgs/action/detail/joint_trajectory__rosidl_typesupport_fastrtps_c.h
[0.956s] -- Up-to-date symlink: /home/ylspyrou/humble_ws/install/control_msgs/include/control_msgs/action/detail/point_head__rosidl_typesupport_fastrtps_c.h
[0.957s] -- Up-to-date symlink: /home/ylspyrou/humble_ws/install/control_msgs/include/control_msgs/action/detail/single_joint_position__rosidl_typesupport_fastrtps_c.h
[0.958s] -- Up-to-date symlink: /home/ylspyrou/humble_ws/install/control_msgs/include/control_msgs/msg/detail/dynamic_joint_state__rosidl_typesupport_fastrtps_c.h
[0.959s] -- Up-to-date symlink: /home/ylspyrou/humble_ws/install/control_msgs/include/control_msgs/msg/detail/gripper_command__rosidl_typesupport_fastrtps_c.h
[0.959s] -- Up-to-date symlink: /home/ylspyrou/humble_ws/install/control_msgs/include/control_msgs/msg/detail/interface_value__rosidl_typesupport_fastrtps_c.h
[0.960s] -- Up-to-date symlink: /home/ylspyrou/humble_ws/install/control_msgs/include/control_msgs/msg/detail/joint_controller_state__rosidl_typesupport_fastrtps_c.h
[0.960s] -- Up-to-date symlink: /home/ylspyrou/humble_ws/install/control_msgs/include/control_msgs/msg/detail/joint_jog__rosidl_typesupport_fastrtps_c.h
[0.961s] -- Up-to-date symlink: /home/ylspyrou/humble_ws/install/control_msgs/include/control_msgs/msg/detail/joint_tolerance__rosidl_typesupport_fastrtps_c.h
[0.962s] -- Up-to-date symlink: /home/ylspyrou/humble_ws/install/control_msgs/include/control_msgs/msg/detail/joint_trajectory_controller_state__rosidl_typesupport_fastrtps_c.h
[0.962s] -- Up-to-date symlink: /home/ylspyrou/humble_ws/install/control_msgs/include/control_msgs/msg/detail/pid_state__rosidl_typesupport_fastrtps_c.h
[0.963s] -- Up-to-date symlink: /home/ylspyrou/humble_ws/install/control_msgs/include/control_msgs/msg/rosidl_typesupport_fastrtps_c__visibility_control.h
[0.964s] -- Up-to-date symlink: /home/ylspyrou/humble_ws/install/control_msgs/include/control_msgs/srv/detail/query_calibration_state__rosidl_typesupport_fastrtps_c.h
[0.965s] -- Up-to-date symlink: /home/ylspyrou/humble_ws/install/control_msgs/include/control_msgs/srv/detail/query_trajectory_state__rosidl_typesupport_fastrtps_c.h
[0.966s] -- Up-to-date symlink: /home/ylspyrou/humble_ws/install/control_msgs/lib/libcontrol_msgs__rosidl_typesupport_fastrtps_c.so
[0.968s] -- Up-to-date symlink: /home/ylspyrou/humble_ws/install/control_msgs/include/control_msgs/action/detail/follow_joint_trajectory__rosidl_typesupport_fastrtps_cpp.hpp
[0.969s] -- Up-to-date symlink: /home/ylspyrou/humble_ws/install/control_msgs/include/control_msgs/action/detail/gripper_command__rosidl_typesupport_fastrtps_cpp.hpp
[0.970s] -- Up-to-date symlink: /home/ylspyrou/humble_ws/install/control_msgs/include/control_msgs/action/detail/joint_trajectory__rosidl_typesupport_fastrtps_cpp.hpp
[0.971s] -- Up-to-date symlink: /home/ylspyrou/humble_ws/install/control_msgs/include/control_msgs/action/detail/point_head__rosidl_typesupport_fastrtps_cpp.hpp
[0.971s] -- Up-to-date symlink: /home/ylspyrou/humble_ws/install/control_msgs/include/control_msgs/action/detail/single_joint_position__rosidl_typesupport_fastrtps_cpp.hpp
[0.972s] -- Up-to-date symlink: /home/ylspyrou/humble_ws/install/control_msgs/include/control_msgs/msg/detail/dynamic_joint_state__rosidl_typesupport_fastrtps_cpp.hpp
[0.972s] -- Up-to-date symlink: /home/ylspyrou/humble_ws/install/control_msgs/include/control_msgs/msg/detail/gripper_command__rosidl_typesupport_fastrtps_cpp.hpp
[0.973s] -- Up-to-date symlink: /home/ylspyrou/humble_ws/install/control_msgs/include/control_msgs/msg/detail/interface_value__rosidl_typesupport_fastrtps_cpp.hpp
[0.973s] -- Up-to-date symlink: /home/ylspyrou/humble_ws/install/control_msgs/include/control_msgs/msg/detail/joint_controller_state__rosidl_typesupport_fastrtps_cpp.hpp
[0.974s] -- Up-to-date symlink: /home/ylspyrou/humble_ws/install/control_msgs/include/control_msgs/msg/detail/joint_jog__rosidl_typesupport_fastrtps_cpp.hpp
[0.975s] -- Up-to-date symlink: /home/ylspyrou/humble_ws/install/control_msgs/include/control_msgs/msg/detail/joint_tolerance__rosidl_typesupport_fastrtps_cpp.hpp
[0.976s] -- Up-to-date symlink: /home/ylspyrou/humble_ws/install/control_msgs/include/control_msgs/msg/detail/joint_trajectory_controller_state__rosidl_typesupport_fastrtps_cpp.hpp
[0.977s] -- Up-to-date symlink: /home/ylspyrou/humble_ws/install/control_msgs/include/control_msgs/msg/detail/pid_state__rosidl_typesupport_fastrtps_cpp.hpp
[0.977s] -- Up-to-date symlink: /home/ylspyrou/humble_ws/install/control_msgs/include/control_msgs/msg/rosidl_typesupport_fastrtps_cpp__visibility_control.h
[0.979s] -- Up-to-date symlink: /home/ylspyrou/humble_ws/install/control_msgs/include/control_msgs/srv/detail/query_calibration_state__rosidl_typesupport_fastrtps_cpp.hpp
[0.980s] -- Up-to-date symlink: /home/ylspyrou/humble_ws/install/control_msgs/include/control_msgs/srv/detail/query_trajectory_state__rosidl_typesupport_fastrtps_cpp.hpp
[0.981s] -- Up-to-date symlink: /home/ylspyrou/humble_ws/install/control_msgs/lib/libcontrol_msgs__rosidl_typesupport_fastrtps_cpp.so
[0.983s] -- Up-to-date symlink: /home/ylspyrou/humble_ws/install/control_msgs/include/control_msgs/action/detail/follow_joint_trajectory__rosidl_typesupport_introspection_c.h
[0.983s] -- Up-to-date symlink: /home/ylspyrou/humble_ws/install/control_msgs/include/control_msgs/action/detail/gripper_command__rosidl_typesupport_introspection_c.h
[0.984s] -- Up-to-date symlink: /home/ylspyrou/humble_ws/install/control_msgs/include/control_msgs/action/detail/joint_trajectory__rosidl_typesupport_introspection_c.h
[0.985s] -- Up-to-date symlink: /home/ylspyrou/humble_ws/install/control_msgs/include/control_msgs/action/detail/point_head__rosidl_typesupport_introspection_c.h
[0.985s] -- Up-to-date symlink: /home/ylspyrou/humble_ws/install/control_msgs/include/control_msgs/action/detail/single_joint_position__rosidl_typesupport_introspection_c.h
[0.986s] -- Up-to-date symlink: /home/ylspyrou/humble_ws/install/control_msgs/include/control_msgs/msg/detail/dynamic_joint_state__rosidl_typesupport_introspection_c.h
[0.986s] -- Up-to-date symlink: /home/ylspyrou/humble_ws/install/control_msgs/include/control_msgs/msg/detail/gripper_command__rosidl_typesupport_introspection_c.h
[0.987s] -- Up-to-date symlink: /home/ylspyrou/humble_ws/install/control_msgs/include/control_msgs/msg/detail/interface_value__rosidl_typesupport_introspection_c.h
[0.988s] -- Up-to-date symlink: /home/ylspyrou/humble_ws/install/control_msgs/include/control_msgs/msg/detail/joint_controller_state__rosidl_typesupport_introspection_c.h
[0.988s] -- Up-to-date symlink: /home/ylspyrou/humble_ws/install/control_msgs/include/control_msgs/msg/detail/joint_jog__rosidl_typesupport_introspection_c.h
[0.989s] -- Up-to-date symlink: /home/ylspyrou/humble_ws/install/control_msgs/include/control_msgs/msg/detail/joint_tolerance__rosidl_typesupport_introspection_c.h
[0.990s] -- Up-to-date symlink: /home/ylspyrou/humble_ws/install/control_msgs/include/control_msgs/msg/detail/joint_trajectory_controller_state__rosidl_typesupport_introspection_c.h
[0.990s] -- Up-to-date symlink: /home/ylspyrou/humble_ws/install/control_msgs/include/control_msgs/msg/detail/pid_state__rosidl_typesupport_introspection_c.h
[0.991s] -- Up-to-date symlink: /home/ylspyrou/humble_ws/install/control_msgs/include/control_msgs/msg/rosidl_typesupport_introspection_c__visibility_control.h
[0.992s] -- Up-to-date symlink: /home/ylspyrou/humble_ws/install/control_msgs/include/control_msgs/srv/detail/query_calibration_state__rosidl_typesupport_introspection_c.h
[0.993s] -- Up-to-date symlink: /home/ylspyrou/humble_ws/install/control_msgs/include/control_msgs/srv/detail/query_trajectory_state__rosidl_typesupport_introspection_c.h
[0.995s] -- Up-to-date symlink: /home/ylspyrou/humble_ws/install/control_msgs/include/control_msgs/action/detail/follow_joint_trajectory__builder.hpp
[0.996s] -- Up-to-date symlink: /home/ylspyrou/humble_ws/install/control_msgs/include/control_msgs/action/detail/follow_joint_trajectory__struct.hpp
[0.997s] -- Up-to-date symlink: /home/ylspyrou/humble_ws/install/control_msgs/include/control_msgs/action/detail/follow_joint_trajectory__traits.hpp
[0.998s] -- Up-to-date symlink: /home/ylspyrou/humble_ws/install/control_msgs/include/control_msgs/action/detail/follow_joint_trajectory__type_support.hpp
[0.999s] -- Up-to-date symlink: /home/ylspyrou/humble_ws/install/control_msgs/include/control_msgs/action/detail/gripper_command__builder.hpp
[0.999s] -- Up-to-date symlink: /home/ylspyrou/humble_ws/install/control_msgs/include/control_msgs/action/detail/gripper_command__struct.hpp
[0.999s] -- Up-to-date symlink: /home/ylspyrou/humble_ws/install/control_msgs/include/control_msgs/action/detail/gripper_command__traits.hpp
[1.000s] -- Up-to-date symlink: /home/ylspyrou/humble_ws/install/control_msgs/include/control_msgs/action/detail/gripper_command__type_support.hpp
[1.001s] -- Up-to-date symlink: /home/ylspyrou/humble_ws/install/control_msgs/include/control_msgs/action/detail/joint_trajectory__builder.hpp
[1.001s] -- Up-to-date symlink: /home/ylspyrou/humble_ws/install/control_msgs/include/control_msgs/action/detail/joint_trajectory__struct.hpp
[1.002s] -- Up-to-date symlink: /home/ylspyrou/humble_ws/install/control_msgs/include/control_msgs/action/detail/joint_trajectory__traits.hpp
[1.003s] -- Up-to-date symlink: /home/ylspyrou/humble_ws/install/control_msgs/include/control_msgs/action/detail/joint_trajectory__type_support.hpp
[1.004s] -- Up-to-date symlink: /home/ylspyrou/humble_ws/install/control_msgs/include/control_msgs/action/detail/point_head__builder.hpp
[1.005s] -- Up-to-date symlink: /home/ylspyrou/humble_ws/install/control_msgs/include/control_msgs/action/detail/point_head__struct.hpp
[1.006s] -- Up-to-date symlink: /home/ylspyrou/humble_ws/install/control_msgs/include/control_msgs/action/detail/point_head__traits.hpp
[1.007s] -- Up-to-date symlink: /home/ylspyrou/humble_ws/install/control_msgs/include/control_msgs/action/detail/point_head__type_support.hpp
[1.008s] -- Up-to-date symlink: /home/ylspyrou/humble_ws/install/control_msgs/include/control_msgs/action/detail/single_joint_position__builder.hpp
[1.009s] -- Up-to-date symlink: /home/ylspyrou/humble_ws/install/control_msgs/include/control_msgs/action/detail/single_joint_position__struct.hpp
[1.010s] -- Up-to-date symlink: /home/ylspyrou/humble_ws/install/control_msgs/include/control_msgs/action/detail/single_joint_position__traits.hpp
[1.011s] -- Up-to-date symlink: /home/ylspyrou/humble_ws/install/control_msgs/include/control_msgs/action/detail/single_joint_position__type_support.hpp
[1.011s] -- Up-to-date symlink: /home/ylspyrou/humble_ws/install/control_msgs/include/control_msgs/action/follow_joint_trajectory.hpp
[1.012s] -- Up-to-date symlink: /home/ylspyrou/humble_ws/install/control_msgs/include/control_msgs/action/gripper_command.hpp
[1.012s] -- Up-to-date symlink: /home/ylspyrou/humble_ws/install/control_msgs/include/control_msgs/action/joint_trajectory.hpp
[1.013s] -- Up-to-date symlink: /home/ylspyrou/humble_ws/install/control_msgs/include/control_msgs/action/point_head.hpp
[1.014s] -- Up-to-date symlink: /home/ylspyrou/humble_ws/install/control_msgs/include/control_msgs/action/single_joint_position.hpp
[1.014s] -- Up-to-date symlink: /home/ylspyrou/humble_ws/install/control_msgs/include/control_msgs/msg/detail/dynamic_joint_state__builder.hpp
[1.014s] -- Up-to-date symlink: /home/ylspyrou/humble_ws/install/control_msgs/include/control_msgs/msg/detail/dynamic_joint_state__struct.hpp
[1.014s] -- Up-to-date symlink: /home/ylspyrou/humble_ws/install/control_msgs/include/control_msgs/msg/detail/dynamic_joint_state__traits.hpp
[1.015s] -- Up-to-date symlink: /home/ylspyrou/humble_ws/install/control_msgs/include/control_msgs/msg/detail/dynamic_joint_state__type_support.hpp
[1.016s] -- Up-to-date symlink: /home/ylspyrou/humble_ws/install/control_msgs/include/control_msgs/msg/detail/gripper_command__builder.hpp
[1.016s] -- Up-to-date symlink: /home/ylspyrou/humble_ws/install/control_msgs/include/control_msgs/msg/detail/gripper_command__struct.hpp
[1.016s] -- Up-to-date symlink: /home/ylspyrou/humble_ws/install/control_msgs/include/control_msgs/msg/detail/gripper_command__traits.hpp
[1.017s] -- Up-to-date symlink: /home/ylspyrou/humble_ws/install/control_msgs/include/control_msgs/msg/detail/gripper_command__type_support.hpp
[1.018s] -- Up-to-date symlink: /home/ylspyrou/humble_ws/install/control_msgs/include/control_msgs/msg/detail/interface_value__builder.hpp
[1.018s] -- Up-to-date symlink: /home/ylspyrou/humble_ws/install/control_msgs/include/control_msgs/msg/detail/interface_value__struct.hpp
[1.019s] -- Up-to-date symlink: /home/ylspyrou/humble_ws/install/control_msgs/include/control_msgs/msg/detail/interface_value__traits.hpp
[1.020s] -- Up-to-date symlink: /home/ylspyrou/humble_ws/install/control_msgs/include/control_msgs/msg/detail/interface_value__type_support.hpp
[1.020s] -- Up-to-date symlink: /home/ylspyrou/humble_ws/install/control_msgs/include/control_msgs/msg/detail/joint_controller_state__builder.hpp
[1.021s] -- Up-to-date symlink: /home/ylspyrou/humble_ws/install/control_msgs/include/control_msgs/msg/detail/joint_controller_state__struct.hpp
[1.022s] -- Up-to-date symlink: /home/ylspyrou/humble_ws/install/control_msgs/include/control_msgs/msg/detail/joint_controller_state__traits.hpp
[1.024s] -- Up-to-date symlink: /home/ylspyrou/humble_ws/install/control_msgs/include/control_msgs/msg/detail/joint_controller_state__type_support.hpp
[1.025s] -- Up-to-date symlink: /home/ylspyrou/humble_ws/install/control_msgs/include/control_msgs/msg/detail/joint_jog__builder.hpp
[1.026s] -- Up-to-date symlink: /home/ylspyrou/humble_ws/install/control_msgs/include/control_msgs/msg/detail/joint_jog__struct.hpp
[1.028s] -- Up-to-date symlink: /home/ylspyrou/humble_ws/install/control_msgs/include/control_msgs/msg/detail/joint_jog__traits.hpp
[1.029s] -- Up-to-date symlink: /home/ylspyrou/humble_ws/install/control_msgs/include/control_msgs/msg/detail/joint_jog__type_support.hpp
[1.030s] -- Up-to-date symlink: /home/ylspyrou/humble_ws/install/control_msgs/include/control_msgs/msg/detail/joint_tolerance__builder.hpp
[1.031s] -- Up-to-date symlink: /home/ylspyrou/humble_ws/install/control_msgs/include/control_msgs/msg/detail/joint_tolerance__struct.hpp
[1.032s] -- Up-to-date symlink: /home/ylspyrou/humble_ws/install/control_msgs/include/control_msgs/msg/detail/joint_tolerance__traits.hpp
[1.038s] -- Up-to-date symlink: /home/ylspyrou/humble_ws/install/control_msgs/include/control_msgs/msg/detail/joint_tolerance__type_support.hpp
[1.039s] -- Up-to-date symlink: /home/ylspyrou/humble_ws/install/control_msgs/include/control_msgs/msg/detail/joint_trajectory_controller_state__builder.hpp
[1.040s] -- Up-to-date symlink: /home/ylspyrou/humble_ws/install/control_msgs/include/control_msgs/msg/detail/joint_trajectory_controller_state__struct.hpp
[1.041s] -- Up-to-date symlink: /home/ylspyrou/humble_ws/install/control_msgs/include/control_msgs/msg/detail/joint_trajectory_controller_state__traits.hpp
[1.042s] -- Up-to-date symlink: /home/ylspyrou/humble_ws/install/control_msgs/include/control_msgs/msg/detail/joint_trajectory_controller_state__type_support.hpp
[1.042s] -- Up-to-date symlink: /home/ylspyrou/humble_ws/install/control_msgs/include/control_msgs/msg/detail/pid_state__builder.hpp
[1.043s] -- Up-to-date symlink: /home/ylspyrou/humble_ws/install/control_msgs/include/control_msgs/msg/detail/pid_state__struct.hpp
[1.044s] -- Up-to-date symlink: /home/ylspyrou/humble_ws/install/control_msgs/include/control_msgs/msg/detail/pid_state__traits.hpp
[1.045s] -- Up-to-date symlink: /home/ylspyrou/humble_ws/install/control_msgs/include/control_msgs/msg/detail/pid_state__type_support.hpp
[1.045s] -- Up-to-date symlink: /home/ylspyrou/humble_ws/install/control_msgs/include/control_msgs/msg/dynamic_joint_state.hpp
[1.046s] -- Up-to-date symlink: /home/ylspyrou/humble_ws/install/control_msgs/include/control_msgs/msg/gripper_command.hpp
[1.047s] -- Up-to-date symlink: /home/ylspyrou/humble_ws/install/control_msgs/include/control_msgs/msg/interface_value.hpp
[1.049s] -- Up-to-date symlink: /home/ylspyrou/humble_ws/install/control_msgs/include/control_msgs/msg/joint_controller_state.hpp
[1.049s] -- Up-to-date symlink: /home/ylspyrou/humble_ws/install/control_msgs/include/control_msgs/msg/joint_jog.hpp
[1.050s] -- Up-to-date symlink: /home/ylspyrou/humble_ws/install/control_msgs/include/control_msgs/msg/joint_tolerance.hpp
[1.051s] -- Up-to-date symlink: /home/ylspyrou/humble_ws/install/control_msgs/include/control_msgs/msg/joint_trajectory_controller_state.hpp
[1.053s] -- Up-to-date symlink: /home/ylspyrou/humble_ws/install/control_msgs/include/control_msgs/msg/pid_state.hpp
[1.054s] -- Up-to-date symlink: /home/ylspyrou/humble_ws/install/control_msgs/include/control_msgs/msg/rosidl_generator_cpp__visibility_control.hpp
[1.055s] -- Up-to-date symlink: /home/ylspyrou/humble_ws/install/control_msgs/include/control_msgs/srv/detail/query_calibration_state__builder.hpp
[1.056s] -- Up-to-date symlink: /home/ylspyrou/humble_ws/install/control_msgs/include/control_msgs/srv/detail/query_calibration_state__struct.hpp
[1.058s] -- Up-to-date symlink: /home/ylspyrou/humble_ws/install/control_msgs/include/control_msgs/srv/detail/query_calibration_state__traits.hpp
[1.059s] -- Up-to-date symlink: /home/ylspyrou/humble_ws/install/control_msgs/include/control_msgs/srv/detail/query_calibration_state__type_support.hpp
[1.060s] -- Up-to-date symlink: /home/ylspyrou/humble_ws/install/control_msgs/include/control_msgs/srv/detail/query_trajectory_state__builder.hpp
[1.061s] -- Up-to-date symlink: /home/ylspyrou/humble_ws/install/control_msgs/include/control_msgs/srv/detail/query_trajectory_state__struct.hpp
[1.062s] -- Up-to-date symlink: /home/ylspyrou/humble_ws/install/control_msgs/include/control_msgs/srv/detail/query_trajectory_state__traits.hpp
[1.064s] -- Up-to-date symlink: /home/ylspyrou/humble_ws/install/control_msgs/include/control_msgs/srv/detail/query_trajectory_state__type_support.hpp
[1.065s] -- Up-to-date symlink: /home/ylspyrou/humble_ws/install/control_msgs/include/control_msgs/srv/query_calibration_state.hpp
[1.066s] -- Up-to-date symlink: /home/ylspyrou/humble_ws/install/control_msgs/include/control_msgs/srv/query_trajectory_state.hpp
[1.067s] -- Up-to-date symlink: /home/ylspyrou/humble_ws/install/control_msgs/include/control_msgs/action/detail/follow_joint_trajectory__rosidl_typesupport_introspection_cpp.hpp
[1.068s] -- Up-to-date symlink: /home/ylspyrou/humble_ws/install/control_msgs/include/control_msgs/action/detail/gripper_command__rosidl_typesupport_introspection_cpp.hpp
[1.069s] -- Up-to-date symlink: /home/ylspyrou/humble_ws/install/control_msgs/include/control_msgs/action/detail/joint_trajectory__rosidl_typesupport_introspection_cpp.hpp
[1.070s] -- Up-to-date symlink: /home/ylspyrou/humble_ws/install/control_msgs/include/control_msgs/action/detail/point_head__rosidl_typesupport_introspection_cpp.hpp
[1.071s] -- Up-to-date symlink: /home/ylspyrou/humble_ws/install/control_msgs/include/control_msgs/action/detail/single_joint_position__rosidl_typesupport_introspection_cpp.hpp
[1.072s] -- Up-to-date symlink: /home/ylspyrou/humble_ws/install/control_msgs/include/control_msgs/msg/detail/dynamic_joint_state__rosidl_typesupport_introspection_cpp.hpp
[1.073s] -- Up-to-date symlink: /home/ylspyrou/humble_ws/install/control_msgs/include/control_msgs/msg/detail/gripper_command__rosidl_typesupport_introspection_cpp.hpp
[1.074s] -- Up-to-date symlink: /home/ylspyrou/humble_ws/install/control_msgs/include/control_msgs/msg/detail/interface_value__rosidl_typesupport_introspection_cpp.hpp
[1.075s] -- Up-to-date symlink: /home/ylspyrou/humble_ws/install/control_msgs/include/control_msgs/msg/detail/joint_controller_state__rosidl_typesupport_introspection_cpp.hpp
[1.076s] -- Up-to-date symlink: /home/ylspyrou/humble_ws/install/control_msgs/include/control_msgs/msg/detail/joint_jog__rosidl_typesupport_introspection_cpp.hpp
[1.078s] -- Up-to-date symlink: /home/ylspyrou/humble_ws/install/control_msgs/include/control_msgs/msg/detail/joint_tolerance__rosidl_typesupport_introspection_cpp.hpp
[1.080s] -- Up-to-date symlink: /home/ylspyrou/humble_ws/install/control_msgs/include/control_msgs/msg/detail/joint_trajectory_controller_state__rosidl_typesupport_introspection_cpp.hpp
[1.082s] -- Up-to-date symlink: /home/ylspyrou/humble_ws/install/control_msgs/include/control_msgs/msg/detail/pid_state__rosidl_typesupport_introspection_cpp.hpp
[1.083s] -- Up-to-date symlink: /home/ylspyrou/humble_ws/install/control_msgs/include/control_msgs/srv/detail/query_calibration_state__rosidl_typesupport_introspection_cpp.hpp
[1.084s] -- Up-to-date symlink: /home/ylspyrou/humble_ws/install/control_msgs/include/control_msgs/srv/detail/query_trajectory_state__rosidl_typesupport_introspection_cpp.hpp
[1.085s] -- Up-to-date symlink: /home/ylspyrou/humble_ws/install/control_msgs/share/control_msgs/environment/pythonpath.sh
[1.086s] -- Up-to-date symlink: /home/ylspyrou/humble_ws/install/control_msgs/share/control_msgs/environment/pythonpath.dsv
[1.088s] -- Up-to-date symlink: /home/ylspyrou/humble_ws/install/control_msgs/lib/python3.8/site-packages/control_msgs/__init__.py
[1.091s] -- Up-to-date symlink: /home/ylspyrou/humble_ws/install/control_msgs/lib/python3.8/site-packages/control_msgs/msg/__init__.py
[1.092s] -- Up-to-date symlink: /home/ylspyrou/humble_ws/install/control_msgs/lib/python3.8/site-packages/control_msgs/msg/_dynamic_joint_state.py
[1.093s] -- Up-to-date symlink: /home/ylspyrou/humble_ws/install/control_msgs/lib/python3.8/site-packages/control_msgs/msg/_gripper_command.py
[1.094s] -- Up-to-date symlink: /home/ylspyrou/humble_ws/install/control_msgs/lib/python3.8/site-packages/control_msgs/msg/_interface_value.py
[1.095s] -- Up-to-date symlink: /home/ylspyrou/humble_ws/install/control_msgs/lib/python3.8/site-packages/control_msgs/msg/_joint_controller_state.py
[1.096s] -- Up-to-date symlink: /home/ylspyrou/humble_ws/install/control_msgs/lib/python3.8/site-packages/control_msgs/msg/_joint_jog.py
[1.097s] -- Up-to-date symlink: /home/ylspyrou/humble_ws/install/control_msgs/lib/python3.8/site-packages/control_msgs/msg/_joint_tolerance.py
[1.097s] -- Up-to-date symlink: /home/ylspyrou/humble_ws/install/control_msgs/lib/python3.8/site-packages/control_msgs/msg/_joint_trajectory_controller_state.py
[1.098s] -- Up-to-date symlink: /home/ylspyrou/humble_ws/install/control_msgs/lib/python3.8/site-packages/control_msgs/msg/_pid_state.py
[1.100s] -- Up-to-date symlink: /home/ylspyrou/humble_ws/install/control_msgs/lib/python3.8/site-packages/control_msgs/srv/__init__.py
[1.101s] -- Up-to-date symlink: /home/ylspyrou/humble_ws/install/control_msgs/lib/python3.8/site-packages/control_msgs/srv/_query_calibration_state.py
[1.102s] -- Up-to-date symlink: /home/ylspyrou/humble_ws/install/control_msgs/lib/python3.8/site-packages/control_msgs/srv/_query_trajectory_state.py
[1.104s] -- Up-to-date symlink: /home/ylspyrou/humble_ws/install/control_msgs/lib/python3.8/site-packages/control_msgs/action/__init__.py
[1.105s] -- Up-to-date symlink: /home/ylspyrou/humble_ws/install/control_msgs/lib/python3.8/site-packages/control_msgs/action/_follow_joint_trajectory.py
[1.106s] -- Up-to-date symlink: /home/ylspyrou/humble_ws/install/control_msgs/lib/python3.8/site-packages/control_msgs/action/_gripper_command.py
[1.107s] -- Up-to-date symlink: /home/ylspyrou/humble_ws/install/control_msgs/lib/python3.8/site-packages/control_msgs/action/_joint_trajectory.py
[1.108s] -- Up-to-date symlink: /home/ylspyrou/humble_ws/install/control_msgs/lib/python3.8/site-packages/control_msgs/action/_point_head.py
[1.109s] -- Up-to-date symlink: /home/ylspyrou/humble_ws/install/control_msgs/lib/python3.8/site-packages/control_msgs/action/_single_joint_position.py
[1.110s] -- Up-to-date symlink: /home/ylspyrou/humble_ws/install/control_msgs/lib/python3.8/site-packages/control_msgs/control_msgs_s__rosidl_typesupport_fastrtps_c.cpython-38-x86_64-linux-gnu.so
[1.112s] -- Up-to-date symlink: /home/ylspyrou/humble_ws/install/control_msgs/lib/python3.8/site-packages/control_msgs/control_msgs_s__rosidl_typesupport_introspection_c.cpython-38-x86_64-linux-gnu.so
[1.113s] -- Up-to-date symlink: /home/ylspyrou/humble_ws/install/control_msgs/lib/python3.8/site-packages/control_msgs/control_msgs_s__rosidl_typesupport_c.cpython-38-x86_64-linux-gnu.so
[1.115s] -- Up-to-date symlink: /home/ylspyrou/humble_ws/install/control_msgs/lib/libcontrol_msgs__python.so
[1.118s] -- Up-to-date symlink: /home/ylspyrou/humble_ws/install/control_msgs/share/control_msgs/msg/DynamicJointState.idl
[1.119s] -- Up-to-date symlink: /home/ylspyrou/humble_ws/install/control_msgs/share/control_msgs/msg/GripperCommand.idl
[1.120s] -- Up-to-date symlink: /home/ylspyrou/humble_ws/install/control_msgs/share/control_msgs/msg/InterfaceValue.idl
[1.121s] -- Up-to-date symlink: /home/ylspyrou/humble_ws/install/control_msgs/share/control_msgs/msg/JointControllerState.idl
[1.122s] -- Up-to-date symlink: /home/ylspyrou/humble_ws/install/control_msgs/share/control_msgs/msg/JointJog.idl
[1.125s] -- Up-to-date symlink: /home/ylspyrou/humble_ws/install/control_msgs/share/control_msgs/msg/JointTolerance.idl
[1.125s] -- Up-to-date symlink: /home/ylspyrou/humble_ws/install/control_msgs/share/control_msgs/msg/JointTrajectoryControllerState.idl
[1.127s] -- Up-to-date symlink: /home/ylspyrou/humble_ws/install/control_msgs/share/control_msgs/msg/PidState.idl
[1.129s] -- Up-to-date symlink: /home/ylspyrou/humble_ws/install/control_msgs/share/control_msgs/srv/QueryCalibrationState.idl
[1.130s] -- Up-to-date symlink: /home/ylspyrou/humble_ws/install/control_msgs/share/control_msgs/srv/QueryTrajectoryState.idl
[1.138s] -- Up-to-date symlink: /home/ylspyrou/humble_ws/install/control_msgs/share/control_msgs/action/FollowJointTrajectory.idl
[1.139s] -- Up-to-date symlink: /home/ylspyrou/humble_ws/install/control_msgs/share/control_msgs/action/GripperCommand.idl
[1.139s] -- Up-to-date symlink: /home/ylspyrou/humble_ws/install/control_msgs/share/control_msgs/action/JointTrajectory.idl
[1.139s] -- Up-to-date symlink: /home/ylspyrou/humble_ws/install/control_msgs/share/control_msgs/action/PointHead.idl
[1.139s] -- Up-to-date symlink: /home/ylspyrou/humble_ws/install/control_msgs/share/control_msgs/action/SingleJointPosition.idl
[1.139s] -- Up-to-date symlink: /home/ylspyrou/humble_ws/install/control_msgs/share/control_msgs/msg/DynamicJointState.msg
[1.139s] -- Up-to-date symlink: /home/ylspyrou/humble_ws/install/control_msgs/share/control_msgs/msg/GripperCommand.msg
[1.139s] -- Up-to-date symlink: /home/ylspyrou/humble_ws/install/control_msgs/share/control_msgs/msg/InterfaceValue.msg
[1.140s] -- Up-to-date symlink: /home/ylspyrou/humble_ws/install/control_msgs/share/control_msgs/msg/JointControllerState.msg
[1.140s] -- Up-to-date symlink: /home/ylspyrou/humble_ws/install/control_msgs/share/control_msgs/msg/JointJog.msg
[1.140s] -- Up-to-date symlink: /home/ylspyrou/humble_ws/install/control_msgs/share/control_msgs/msg/JointTolerance.msg
[1.142s] -- Up-to-date symlink: /home/ylspyrou/humble_ws/install/control_msgs/share/control_msgs/msg/JointTrajectoryControllerState.msg
[1.144s] -- Up-to-date symlink: /home/ylspyrou/humble_ws/install/control_msgs/share/control_msgs/msg/PidState.msg
[1.146s] -- Up-to-date symlink: /home/ylspyrou/humble_ws/install/control_msgs/share/control_msgs/srv/QueryCalibrationState.srv
[1.146s] -- Up-to-date symlink: /home/ylspyrou/humble_ws/install/control_msgs/share/control_msgs/srv/QueryCalibrationState_Request.msg
[1.146s] -- Up-to-date symlink: /home/ylspyrou/humble_ws/install/control_msgs/share/control_msgs/srv/QueryCalibrationState_Response.msg
[1.146s] -- Up-to-date symlink: /home/ylspyrou/humble_ws/install/control_msgs/share/control_msgs/srv/QueryTrajectoryState.srv
[1.147s] -- Up-to-date symlink: /home/ylspyrou/humble_ws/install/control_msgs/share/control_msgs/srv/QueryTrajectoryState_Request.msg
[1.148s] -- Up-to-date symlink: /home/ylspyrou/humble_ws/install/control_msgs/share/control_msgs/srv/QueryTrajectoryState_Response.msg
[1.150s] -- Up-to-date symlink: /home/ylspyrou/humble_ws/install/control_msgs/share/control_msgs/action/FollowJointTrajectory.action
[1.152s] -- Up-to-date symlink: /home/ylspyrou/humble_ws/install/control_msgs/share/control_msgs/action/GripperCommand.action
[1.153s] -- Up-to-date symlink: /home/ylspyrou/humble_ws/install/control_msgs/share/control_msgs/action/JointTrajectory.action
[1.153s] -- Up-to-date symlink: /home/ylspyrou/humble_ws/install/control_msgs/share/control_msgs/action/PointHead.action
[1.154s] -- Up-to-date symlink: /home/ylspyrou/humble_ws/install/control_msgs/share/control_msgs/action/SingleJointPosition.action
[1.154s] -- Up-to-date symlink: /home/ylspyrou/humble_ws/install/control_msgs/share/ament_index/resource_index/package_run_dependencies/control_msgs
[1.154s] -- Up-to-date symlink: /home/ylspyrou/humble_ws/install/control_msgs/share/ament_index/resource_index/parent_prefix_path/control_msgs
[1.154s] -- Up-to-date symlink: /home/ylspyrou/humble_ws/install/control_msgs/share/control_msgs/environment/ament_prefix_path.sh
[1.154s] -- Up-to-date symlink: /home/ylspyrou/humble_ws/install/control_msgs/share/control_msgs/environment/ament_prefix_path.dsv
[1.154s] -- Up-to-date symlink: /home/ylspyrou/humble_ws/install/control_msgs/share/control_msgs/environment/path.sh
[1.154s] -- Up-to-date symlink: /home/ylspyrou/humble_ws/install/control_msgs/share/control_msgs/environment/path.dsv
[1.158s] -- Up-to-date symlink: /home/ylspyrou/humble_ws/install/control_msgs/share/control_msgs/local_setup.bash
[1.158s] -- Up-to-date symlink: /home/ylspyrou/humble_ws/install/control_msgs/share/control_msgs/local_setup.sh
[1.159s] -- Up-to-date symlink: /home/ylspyrou/humble_ws/install/control_msgs/share/control_msgs/local_setup.zsh
[1.159s] -- Up-to-date symlink: /home/ylspyrou/humble_ws/install/control_msgs/share/control_msgs/local_setup.dsv
[1.159s] -- Symlinking: /home/ylspyrou/humble_ws/install/control_msgs/share/control_msgs/package.dsv
[1.180s] -- Up-to-date symlink: /home/ylspyrou/humble_ws/install/control_msgs/share/ament_index/resource_index/packages/control_msgs
[1.180s] -- Up-to-date symlink: /home/ylspyrou/humble_ws/install/control_msgs/share/control_msgs/cmake/rosidl_cmake-extras.cmake
[1.183s] -- Up-to-date symlink: /home/ylspyrou/humble_ws/install/control_msgs/share/control_msgs/cmake/ament_cmake_export_dependencies-extras.cmake
[1.185s] -- Up-to-date symlink: /home/ylspyrou/humble_ws/install/control_msgs/share/control_msgs/cmake/ament_cmake_export_libraries-extras.cmake
[1.185s] -- Up-to-date symlink: /home/ylspyrou/humble_ws/install/control_msgs/share/control_msgs/cmake/ament_cmake_export_targets-extras.cmake
[1.186s] -- Up-to-date symlink: /home/ylspyrou/humble_ws/install/control_msgs/share/control_msgs/cmake/ament_cmake_export_include_directories-extras.cmake
[1.186s] -- Up-to-date symlink: /home/ylspyrou/humble_ws/install/control_msgs/share/control_msgs/cmake/rosidl_cmake_export_typesupport_libraries-extras.cmake
[1.186s] -- Up-to-date symlink: /home/ylspyrou/humble_ws/install/control_msgs/share/control_msgs/cmake/rosidl_cmake_export_typesupport_targets-extras.cmake
[1.186s] -- Up-to-date symlink: /home/ylspyrou/humble_ws/install/control_msgs/share/control_msgs/cmake/control_msgsConfig.cmake
[1.186s] -- Up-to-date symlink: /home/ylspyrou/humble_ws/install/control_msgs/share/control_msgs/cmake/control_msgsConfig-version.cmake
[1.186s] -- Up-to-date symlink: /home/ylspyrou/humble_ws/install/control_msgs/share/control_msgs/package.xml
[1.186s] -- Up-to-date: /home/ylspyrou/humble_ws/install/control_msgs/lib/libcontrol_msgs__rosidl_generator_c.so
[1.186s] -- Up-to-date: /home/ylspyrou/humble_ws/install/control_msgs/lib/libcontrol_msgs__rosidl_typesupport_introspection_c.so
[1.187s] -- Up-to-date: /home/ylspyrou/humble_ws/install/control_msgs/lib/libcontrol_msgs__rosidl_typesupport_c.so
[1.187s] -- Up-to-date: /home/ylspyrou/humble_ws/install/control_msgs/lib/libcontrol_msgs__rosidl_typesupport_introspection_cpp.so
[1.187s] -- Up-to-date: /home/ylspyrou/humble_ws/install/control_msgs/lib/libcontrol_msgs__rosidl_typesupport_cpp.so
[1.225s] -- Up-to-date: /home/ylspyrou/humble_ws/install/control_msgs/share/control_msgs/cmake/control_msgs__rosidl_generator_cExport.cmake
[1.225s] -- Up-to-date: /home/ylspyrou/humble_ws/install/control_msgs/share/control_msgs/cmake/control_msgs__rosidl_generator_cExport-noconfig.cmake
[1.226s] -- Up-to-date: /home/ylspyrou/humble_ws/install/control_msgs/share/control_msgs/cmake/control_msgs__rosidl_typesupport_introspection_cExport.cmake
[1.226s] -- Up-to-date: /home/ylspyrou/humble_ws/install/control_msgs/share/control_msgs/cmake/control_msgs__rosidl_typesupport_introspection_cExport-noconfig.cmake
[1.227s] -- Up-to-date: /home/ylspyrou/humble_ws/install/control_msgs/share/control_msgs/cmake/control_msgs__rosidl_typesupport_cExport.cmake
[1.227s] -- Up-to-date: /home/ylspyrou/humble_ws/install/control_msgs/share/control_msgs/cmake/control_msgs__rosidl_typesupport_cExport-noconfig.cmake
[1.227s] -- Up-to-date: /home/ylspyrou/humble_ws/install/control_msgs/share/control_msgs/cmake/control_msgs__rosidl_generator_cppExport.cmake
[1.229s] -- Up-to-date: /home/ylspyrou/humble_ws/install/control_msgs/share/control_msgs/cmake/control_msgs__rosidl_typesupport_introspection_cppExport.cmake
[1.229s] -- Up-to-date: /home/ylspyrou/humble_ws/install/control_msgs/share/control_msgs/cmake/control_msgs__rosidl_typesupport_introspection_cppExport-noconfig.cmake
[1.230s] -- Up-to-date: /home/ylspyrou/humble_ws/install/control_msgs/share/control_msgs/cmake/control_msgs__rosidl_typesupport_cppExport.cmake
[1.230s] -- Up-to-date: /home/ylspyrou/humble_ws/install/control_msgs/share/control_msgs/cmake/control_msgs__rosidl_typesupport_cppExport-noconfig.cmake
[1.235s] Invoked command in '/home/ylspyrou/humble_ws/build/control_msgs' returned '0': CMAKE_PREFIX_PATH=/opt/ros/foxy /usr/bin/cmake --install /home/ylspyrou/humble_ws/build/control_msgs
