[1.291s] Invoking command in '/home/ylspyrou/humble_ws/build/ros2controlcli': AMENT_PREFIX_PATH=/home/ylspyrou/humble_ws/install/controller_manager:/home/ylspyrou/humble_ws/install/controller_interface:/home/ylspyrou/humble_ws/install/hardware_interface:/home/ylspyrou/humble_ws/install/ros2_control_test_assets:/home/ylspyrou/humble_ws/install/controller_manager_msgs:/home/ylspyrou/humble_ws/install/control_msgs:${AMENT_PREFIX_PATH} CMAKE_PREFIX_PATH=/home/ylspyrou/humble_ws/install/controller_manager:/home/ylspyrou/humble_ws/install/controller_interface:/home/ylspyrou/humble_ws/install/hardware_interface:/home/ylspyrou/humble_ws/install/ros2_control_test_assets:/home/ylspyrou/humble_ws/install/controller_manager_msgs:/home/ylspyrou/humble_ws/install/control_msgs LD_LIBRARY_PATH=/home/ylspyrou/humble_ws/install/controller_manager/lib:/home/ylspyrou/humble_ws/install/controller_interface/lib:/home/ylspyrou/humble_ws/install/hardware_interface/lib:/home/ylspyrou/humble_ws/install/controller_manager_msgs/lib:/home/ylspyrou/humble_ws/install/control_msgs/lib:${LD_LIBRARY_PATH} PYTHONPATH=/home/ylspyrou/humble_ws/build/ros2controlcli/prefix_override:/usr/lib/python3/dist-packages/colcon_core/task/python/colcon_distutils_commands:/home/ylspyrou/humble_ws/install/ros2controlcli/lib/python3.8/site-packages:/home/ylspyrou/humble_ws/install/controller_manager/lib/python3.8/site-packages:/home/ylspyrou/humble_ws/install/controller_manager_msgs/lib/python3.8/site-packages:/home/ylspyrou/humble_ws/install/control_msgs/lib/python3.8/site-packages:${PYTHONPATH} /usr/bin/python3 -W ignore:setup.py install is deprecated setup.py develop --editable --build-directory /home/ylspyrou/humble_ws/build/ros2controlcli/build --no-deps symlink_data
[1.626s] running develop
[1.855s] running egg_info
[1.856s] creating ros2controlcli.egg-info
[1.856s] writing ros2controlcli.egg-info/PKG-INFO
[1.862s] writing dependency_links to ros2controlcli.egg-info/dependency_links.txt
[1.865s] writing entry points to ros2controlcli.egg-info/entry_points.txt
[1.867s] writing requirements to ros2controlcli.egg-info/requires.txt
[1.869s] writing top-level names to ros2controlcli.egg-info/top_level.txt
[1.884s] writing manifest file 'ros2controlcli.egg-info/SOURCES.txt'
[1.943s] reading manifest file 'ros2controlcli.egg-info/SOURCES.txt'
[1.948s] writing manifest file 'ros2controlcli.egg-info/SOURCES.txt'
[2.068s] running build_ext
[2.070s] Creating /home/ylspyrou/humble_ws/install/ros2controlcli/lib/python3.8/site-packages/site.py
[2.077s] Creating /home/ylspyrou/humble_ws/install/ros2controlcli/lib/python3.8/site-packages/ros2controlcli.egg-link (link to .)
[2.079s] 
[2.081s] Installed /home/ylspyrou/humble_ws/build/ros2controlcli
[2.081s] running symlink_data
[2.082s] symbolically linking /home/ylspyrou/humble_ws/build/ros2controlcli/package.xml -> /home/ylspyrou/humble_ws/install/ros2controlcli/share/ros2controlcli
[2.082s] creating /home/ylspyrou/humble_ws/install/ros2controlcli/share/ament_index
[2.082s] creating /home/ylspyrou/humble_ws/install/ros2controlcli/share/ament_index/resource_index
[2.082s] creating /home/ylspyrou/humble_ws/install/ros2controlcli/share/ament_index/resource_index/packages
[2.083s] symbolically linking /home/ylspyrou/humble_ws/build/ros2controlcli/resource/ros2controlcli -> /home/ylspyrou/humble_ws/install/ros2controlcli/share/ament_index/resource_index/packages
[2.172s] Invoked command in '/home/ylspyrou/humble_ws/build/ros2controlcli' returned '0': AMENT_PREFIX_PATH=/home/ylspyrou/humble_ws/install/controller_manager:/home/ylspyrou/humble_ws/install/controller_interface:/home/ylspyrou/humble_ws/install/hardware_interface:/home/ylspyrou/humble_ws/install/ros2_control_test_assets:/home/ylspyrou/humble_ws/install/controller_manager_msgs:/home/ylspyrou/humble_ws/install/control_msgs:${AMENT_PREFIX_PATH} CMAKE_PREFIX_PATH=/home/ylspyrou/humble_ws/install/controller_manager:/home/ylspyrou/humble_ws/install/controller_interface:/home/ylspyrou/humble_ws/install/hardware_interface:/home/ylspyrou/humble_ws/install/ros2_control_test_assets:/home/ylspyrou/humble_ws/install/controller_manager_msgs:/home/ylspyrou/humble_ws/install/control_msgs LD_LIBRARY_PATH=/home/ylspyrou/humble_ws/install/controller_manager/lib:/home/ylspyrou/humble_ws/install/controller_interface/lib:/home/ylspyrou/humble_ws/install/hardware_interface/lib:/home/ylspyrou/humble_ws/install/controller_manager_msgs/lib:/home/ylspyrou/humble_ws/install/control_msgs/lib:${LD_LIBRARY_PATH} PYTHONPATH=/home/ylspyrou/humble_ws/build/ros2controlcli/prefix_override:/usr/lib/python3/dist-packages/colcon_core/task/python/colcon_distutils_commands:/home/ylspyrou/humble_ws/install/ros2controlcli/lib/python3.8/site-packages:/home/ylspyrou/humble_ws/install/controller_manager/lib/python3.8/site-packages:/home/ylspyrou/humble_ws/install/controller_manager_msgs/lib/python3.8/site-packages:/home/ylspyrou/humble_ws/install/control_msgs/lib/python3.8/site-packages:${PYTHONPATH} /usr/bin/python3 -W ignore:setup.py install is deprecated setup.py develop --editable --build-directory /home/ylspyrou/humble_ws/build/ros2controlcli/build --no-deps symlink_data
