[0.012s] Invoking command in '/home/ylspyrou/humble_ws/build/realtime_tools': CMAKE_PREFIX_PATH=/opt/ros/foxy /usr/bin/cmake /home/ylspyrou/humble_ws/src/realtime_tools -DAMENT_CMAKE_SYMLINK_INSTALL=1 -DCMAKE_INSTALL_PREFIX=/home/ylspyrou/humble_ws/install/realtime_tools
[0.108s] -- The C compiler identification is GNU 9.4.0
[0.166s] -- The CXX compiler identification is GNU 9.4.0
[0.174s] -- Check for working C compiler: /usr/bin/cc
[0.247s] -- Check for working C compiler: /usr/bin/cc -- works
[0.248s] -- Detecting C compiler ABI info
[0.322s] -- Detecting C compiler ABI info - done
[0.332s] -- Detecting C compile features
[0.332s] -- Detecting C compile features - done
[0.335s] -- Check for working CXX compiler: /usr/bin/c++
[0.424s] -- Check for working CXX compiler: /usr/bin/c++ -- works
[0.425s] -- Detecting CXX compiler ABI info
[0.516s] -- Detecting CXX compiler ABI info - done
[0.524s] -- Detecting CXX compile features
[0.524s] -- Detecting CXX compile features - done
[0.525s] -- Found ament_cmake: 0.9.12 (/opt/ros/foxy/share/ament_cmake/cmake)
[0.550s] -- Found PythonInterp: /usr/bin/python3 (found suitable version "3.8.10", minimum required is "3") 
[0.552s] -- Using PYTHON_EXECUTABLE: /usr/bin/python3
[0.726s] -- Override CMake install command with custom implementation using symlinks instead of copying resources
[0.749s] -- Found rclcpp: 2.4.3 (/opt/ros/foxy/share/rclcpp/cmake)
[0.792s] -- Using all available rosidl_typesupport_c: rosidl_typesupport_fastrtps_c;rosidl_typesupport_introspection_c
[0.803s] -- Found rosidl_adapter: 1.3.1 (/opt/ros/foxy/share/rosidl_adapter/cmake)
[0.887s] -- Found OpenSSL: /usr/lib/x86_64-linux-gnu/libcrypto.so (found version "1.1.1f")  
[0.923s] -- Found FastRTPS: /opt/ros/foxy/include  
[1.024s] -- Using all available rosidl_typesupport_cpp: rosidl_typesupport_fastrtps_cpp;rosidl_typesupport_introspection_cpp
[1.097s] -- Found rmw_implementation_cmake: 1.0.4 (/opt/ros/foxy/share/rmw_implementation_cmake/cmake)
[1.099s] -- Using RMW implementation 'rmw_fastrtps_cpp' as default
[1.100s] -- Looking for pthread.h
[1.197s] -- Looking for pthread.h - found
[1.198s] -- Performing Test CMAKE_HAVE_LIBC_PTHREAD
[1.275s] -- Performing Test CMAKE_HAVE_LIBC_PTHREAD - Failed
[1.281s] -- Looking for pthread_create in pthreads
[1.352s] -- Looking for pthread_create in pthreads - not found
[1.357s] -- Looking for pthread_create in pthread
[1.428s] -- Looking for pthread_create in pthread - found
[1.428s] -- Found Threads: TRUE  
[1.598s] -- Found rclcpp_action: 2.4.3 (/opt/ros/foxy/share/rclcpp_action/cmake)
[1.694s] -- Found ament_cmake_cppcheck: 0.9.8 (/opt/ros/foxy/share/ament_cmake_cppcheck/cmake)
[1.694s] -- Found ament_cmake_cpplint: 0.9.8 (/opt/ros/foxy/share/ament_cmake_cpplint/cmake)
[1.695s] -- Found ament_cmake_lint_cmake: 0.9.8 (/opt/ros/foxy/share/ament_cmake_lint_cmake/cmake)
[1.700s] -- Found ament_cmake_uncrustify: 0.9.8 (/opt/ros/foxy/share/ament_cmake_uncrustify/cmake)
[1.700s] -- Found ament_cmake_gmock: 0.9.12 (/opt/ros/foxy/share/ament_cmake_gmock/cmake)
[1.702s] -- Found test_msgs: 1.0.0 (/opt/ros/foxy/share/test_msgs/cmake)
[1.778s] -- Found gmock sources under '/opt/ros/foxy/src/gmock_vendor': C++ tests using 'Google Mock' will be built
[1.782s] -- Found ament_cmake_gtest: 0.9.12 (/opt/ros/foxy/share/ament_cmake_gtest/cmake)
[1.783s] -- Found gtest sources under '/opt/ros/foxy/src/gtest_vendor': C++ tests using 'Google Test' will be built
[1.868s] -- Configuring done
[1.990s] -- Generating done
[1.993s] -- Build files have been written to: /home/ylspyrou/humble_ws/build/realtime_tools
[2.005s] Invoked command in '/home/ylspyrou/humble_ws/build/realtime_tools' returned '0': CMAKE_PREFIX_PATH=/opt/ros/foxy /usr/bin/cmake /home/ylspyrou/humble_ws/src/realtime_tools -DAMENT_CMAKE_SYMLINK_INSTALL=1 -DCMAKE_INSTALL_PREFIX=/home/ylspyrou/humble_ws/install/realtime_tools
[2.010s] Invoking command in '/home/ylspyrou/humble_ws/build/realtime_tools': CMAKE_PREFIX_PATH=/opt/ros/foxy /usr/bin/cmake --build /home/ylspyrou/humble_ws/build/realtime_tools -- -j2 -l2
[2.102s] [35m[1mScanning dependencies of target realtime_tools[0m
[2.151s] [  5%] [32mBuilding CXX object CMakeFiles/realtime_tools.dir/src/realtime_clock.cpp.o[0m
[3.028s] [ 11%] [32m[1mLinking CXX static library librealtime_tools.a[0m
[3.075s] [ 11%] Built target realtime_tools
[3.095s] [35m[1mScanning dependencies of target gmock[0m
[3.134s] [ 17%] [32mBuilding CXX object gmock/CMakeFiles/gmock.dir/opt/ros/foxy/src/gtest_vendor/src/gtest-all.cc.o[0m
[7.214s] [ 23%] [32mBuilding CXX object gmock/CMakeFiles/gmock.dir/src/gmock-all.cc.o[0m
[9.478s] [ 29%] [32m[1mLinking CXX static library libgmock.a[0m
[9.596s] [ 29%] Built target gmock
[9.598s] [35m[1mScanning dependencies of target gmock_main[0m
[9.621s] [ 35%] [32mBuilding CXX object gmock/CMakeFiles/gmock_main.dir/src/gmock_main.cc.o[0m
[10.631s] [ 41%] [32m[1mLinking CXX static library libgmock_main.a[0m
[10.698s] [ 41%] Built target gmock_main
[10.711s] [35m[1mScanning dependencies of target realtime_buffer_tests[0m
[10.733s] [ 47%] [32mBuilding CXX object CMakeFiles/realtime_buffer_tests.dir/test/realtime_buffer_tests.cpp.o[0m
[11.959s] [ 52%] [32m[1mLinking CXX executable realtime_buffer_tests[0m
[12.401s] [ 52%] Built target realtime_buffer_tests
[12.425s] [35m[1mScanning dependencies of target realtime_publisher_tests[0m
[12.541s] [ 58%] [32mBuilding CXX object CMakeFiles/realtime_publisher_tests.dir/test/realtime_publisher_tests.cpp.o[0m
[23.679s] [ 64%] [32m[1mLinking CXX executable realtime_publisher_tests[0m
[24.803s] [ 64%] Built target realtime_publisher_tests
[24.820s] [35m[1mScanning dependencies of target realtime_server_goal_handle_tests[0m
[24.903s] [ 70%] [32mBuilding CXX object CMakeFiles/realtime_server_goal_handle_tests.dir/test/realtime_server_goal_handle_tests.cpp.o[0m
[31.572s] [ 76%] [32m[1mLinking CXX executable realtime_server_goal_handle_tests[0m
[32.602s] [ 76%] Built target realtime_server_goal_handle_tests
[32.619s] [35m[1mScanning dependencies of target realtime_box_tests[0m
[32.643s] [ 82%] [32mBuilding CXX object CMakeFiles/realtime_box_tests.dir/test/realtime_box_tests.cpp.o[0m
[33.911s] [ 88%] [32m[1mLinking CXX executable realtime_box_tests[0m
[34.194s] [ 88%] Built target realtime_box_tests
[34.213s] [35m[1mScanning dependencies of target realtime_clock_tests[0m
[34.247s] [ 94%] [32mBuilding CXX object CMakeFiles/realtime_clock_tests.dir/test/realtime_clock_tests.cpp.o[0m
[35.946s] [100%] [32m[1mLinking CXX executable realtime_clock_tests[0m
[36.244s] [100%] Built target realtime_clock_tests
[36.257s] Invoked command in '/home/ylspyrou/humble_ws/build/realtime_tools' returned '0': CMAKE_PREFIX_PATH=/opt/ros/foxy /usr/bin/cmake --build /home/ylspyrou/humble_ws/build/realtime_tools -- -j2 -l2
[36.312s] Invoking command in '/home/ylspyrou/humble_ws/build/realtime_tools': CMAKE_PREFIX_PATH=/opt/ros/foxy /usr/bin/cmake --install /home/ylspyrou/humble_ws/build/realtime_tools
[36.324s] -- Install configuration: ""
[36.326s] -- Execute custom install script
[36.327s] -- Symlinking: /home/ylspyrou/humble_ws/install/realtime_tools/include/realtime_tools/realtime_box.h
[36.336s] -- Symlinking: /home/ylspyrou/humble_ws/install/realtime_tools/include/realtime_tools/realtime_buffer.h
[36.346s] -- Symlinking: /home/ylspyrou/humble_ws/install/realtime_tools/include/realtime_tools/realtime_clock.h
[36.356s] -- Symlinking: /home/ylspyrou/humble_ws/install/realtime_tools/include/realtime_tools/realtime_publisher.h
[36.372s] -- Symlinking: /home/ylspyrou/humble_ws/install/realtime_tools/include/realtime_tools/realtime_server_goal_handle.h
[36.377s] -- Symlinking: /home/ylspyrou/humble_ws/install/realtime_tools/lib/librealtime_tools.a
[36.389s] -- Symlinking: /home/ylspyrou/humble_ws/install/realtime_tools/share/realtime_tools/environment/library_path.sh
[36.399s] -- Symlinking: /home/ylspyrou/humble_ws/install/realtime_tools/share/realtime_tools/environment/library_path.dsv
[36.412s] -- Symlinking: /home/ylspyrou/humble_ws/install/realtime_tools/share/ament_index/resource_index/package_run_dependencies/realtime_tools
[36.423s] -- Symlinking: /home/ylspyrou/humble_ws/install/realtime_tools/share/ament_index/resource_index/parent_prefix_path/realtime_tools
[36.432s] -- Symlinking: /home/ylspyrou/humble_ws/install/realtime_tools/share/realtime_tools/environment/ament_prefix_path.sh
[36.442s] -- Symlinking: /home/ylspyrou/humble_ws/install/realtime_tools/share/realtime_tools/environment/ament_prefix_path.dsv
[36.451s] -- Symlinking: /home/ylspyrou/humble_ws/install/realtime_tools/share/realtime_tools/environment/path.sh
[36.461s] -- Symlinking: /home/ylspyrou/humble_ws/install/realtime_tools/share/realtime_tools/environment/path.dsv
[36.477s] -- Symlinking: /home/ylspyrou/humble_ws/install/realtime_tools/share/realtime_tools/local_setup.bash
[36.490s] -- Symlinking: /home/ylspyrou/humble_ws/install/realtime_tools/share/realtime_tools/local_setup.sh
[36.500s] -- Symlinking: /home/ylspyrou/humble_ws/install/realtime_tools/share/realtime_tools/local_setup.zsh
[36.511s] -- Symlinking: /home/ylspyrou/humble_ws/install/realtime_tools/share/realtime_tools/local_setup.dsv
[36.524s] -- Symlinking: /home/ylspyrou/humble_ws/install/realtime_tools/share/realtime_tools/package.dsv
[36.537s] -- Symlinking: /home/ylspyrou/humble_ws/install/realtime_tools/share/ament_index/resource_index/packages/realtime_tools
[36.547s] -- Symlinking: /home/ylspyrou/humble_ws/install/realtime_tools/share/realtime_tools/cmake/ament_cmake_export_include_directories-extras.cmake
[36.557s] -- Symlinking: /home/ylspyrou/humble_ws/install/realtime_tools/share/realtime_tools/cmake/ament_cmake_export_libraries-extras.cmake
[36.576s] -- Symlinking: /home/ylspyrou/humble_ws/install/realtime_tools/share/realtime_tools/cmake/ament_cmake_export_dependencies-extras.cmake
[36.590s] -- Symlinking: /home/ylspyrou/humble_ws/install/realtime_tools/share/realtime_tools/cmake/realtime_toolsConfig.cmake
[36.599s] -- Symlinking: /home/ylspyrou/humble_ws/install/realtime_tools/share/realtime_tools/cmake/realtime_toolsConfig-version.cmake
[36.610s] -- Symlinking: /home/ylspyrou/humble_ws/install/realtime_tools/share/realtime_tools/package.xml
[36.627s] Invoked command in '/home/ylspyrou/humble_ws/build/realtime_tools' returned '0': CMAKE_PREFIX_PATH=/opt/ros/foxy /usr/bin/cmake --install /home/ylspyrou/humble_ws/build/realtime_tools
