[0.054s] Invoking command in '/home/ylspyrou/humble_ws/build/position_controllers': AMENT_PREFIX_PATH=/home/ylspyrou/humble_ws/install/forward_command_controller:/home/ylspyrou/humble_ws/install/controller_manager:/home/ylspyrou/humble_ws/install/controller_interface:/home/ylspyrou/humble_ws/install/hardware_interface:/home/ylspyrou/humble_ws/install/ros2_control_test_assets:/home/ylspyrou/humble_ws/install/realtime_tools:/home/ylspyrou/humble_ws/install/controller_manager_msgs:/home/ylspyrou/humble_ws/install/control_msgs:${AMENT_PREFIX_PATH} CMAKE_PREFIX_PATH=/home/ylspyrou/humble_ws/install/forward_command_controller:/home/ylspyrou/humble_ws/install/controller_manager:/home/ylspyrou/humble_ws/install/controller_interface:/home/ylspyrou/humble_ws/install/hardware_interface:/home/ylspyrou/humble_ws/install/ros2_control_test_assets:/home/ylspyrou/humble_ws/install/realtime_tools:/home/ylspyrou/humble_ws/install/controller_manager_msgs:/home/ylspyrou/humble_ws/install/control_msgs:/opt/ros/foxy LD_LIBRARY_PATH=/home/ylspyrou/humble_ws/install/forward_command_controller/lib:/home/ylspyrou/humble_ws/install/controller_manager/lib:/home/ylspyrou/humble_ws/install/controller_interface/lib:/home/ylspyrou/humble_ws/install/hardware_interface/lib:/home/ylspyrou/humble_ws/install/realtime_tools/lib:/home/ylspyrou/humble_ws/install/controller_manager_msgs/lib:/home/ylspyrou/humble_ws/install/control_msgs/lib:${LD_LIBRARY_PATH} PYTHONPATH=/home/ylspyrou/humble_ws/install/controller_manager/lib/python3.8/site-packages:/home/ylspyrou/humble_ws/install/controller_manager_msgs/lib/python3.8/site-packages:/home/ylspyrou/humble_ws/install/control_msgs/lib/python3.8/site-packages:${PYTHONPATH} /usr/bin/cmake /home/ylspyrou/humble_ws/src/ros2_controllers/position_controllers -DAMENT_CMAKE_SYMLINK_INSTALL=1 -DCMAKE_INSTALL_PREFIX=/home/ylspyrou/humble_ws/install/position_controllers
[0.149s] -- The C compiler identification is GNU 9.4.0
[0.210s] -- The CXX compiler identification is GNU 9.4.0
[0.220s] -- Check for working C compiler: /usr/bin/cc
[0.313s] -- Check for working C compiler: /usr/bin/cc -- works
[0.313s] -- Detecting C compiler ABI info
[0.393s] -- Detecting C compiler ABI info - done
[0.404s] -- Detecting C compile features
[0.405s] -- Detecting C compile features - done
[0.408s] -- Check for working CXX compiler: /usr/bin/c++
[0.526s] -- Check for working CXX compiler: /usr/bin/c++ -- works
[0.526s] -- Detecting CXX compiler ABI info
[0.638s] -- Detecting CXX compiler ABI info - done
[0.653s] -- Detecting CXX compile features
[0.653s] -- Detecting CXX compile features - done
[0.655s] -- Found ament_cmake: 0.9.12 (/opt/ros/foxy/share/ament_cmake/cmake)
[0.686s] -- Found PythonInterp: /usr/bin/python3 (found suitable version "3.8.10", minimum required is "3") 
[0.688s] -- Using PYTHON_EXECUTABLE: /usr/bin/python3
[0.900s] -- Override CMake install command with custom implementation using symlinks instead of copying resources
[0.935s] -- Found forward_command_controller: 0.9.0 (/home/ylspyrou/humble_ws/install/forward_command_controller/share/forward_command_controller/cmake)
[0.981s] -- Using all available rosidl_typesupport_c: rosidl_typesupport_fastrtps_c;rosidl_typesupport_introspection_c
[0.993s] -- Found rosidl_adapter: 1.3.1 (/opt/ros/foxy/share/rosidl_adapter/cmake)
[1.104s] -- Found OpenSSL: /usr/lib/x86_64-linux-gnu/libcrypto.so (found version "1.1.1f")  
[1.143s] -- Found FastRTPS: /opt/ros/foxy/include  
[1.239s] -- Using all available rosidl_typesupport_cpp: rosidl_typesupport_fastrtps_cpp;rosidl_typesupport_introspection_cpp
[1.979s] -- Found rmw_implementation_cmake: 1.0.4 (/opt/ros/foxy/share/rmw_implementation_cmake/cmake)
[1.981s] -- Using RMW implementation 'rmw_fastrtps_cpp' as default
[1.983s] -- Looking for pthread.h
[2.079s] -- Looking for pthread.h - found
[2.079s] -- Performing Test CMAKE_HAVE_LIBC_PTHREAD
[2.199s] -- Performing Test CMAKE_HAVE_LIBC_PTHREAD - Failed
[2.199s] -- Looking for pthread_create in pthreads
[2.290s] -- Looking for pthread_create in pthreads - not found
[2.292s] -- Looking for pthread_create in pthread
[2.791s] -- Looking for pthread_create in pthread - found
[2.791s] -- Found Threads: TRUE  
[3.721s] -- Found ament_cmake_gmock: 0.9.12 (/opt/ros/foxy/share/ament_cmake_gmock/cmake)
[3.723s] -- Found controller_manager: 0.11.0 (/home/ylspyrou/humble_ws/install/controller_manager/share/controller_manager/cmake)
[3.863s] -- Found ros2_control_test_assets: 0.11.0 (/home/ylspyrou/humble_ws/install/ros2_control_test_assets/share/ros2_control_test_assets/cmake)
[3.871s] -- Found gmock sources under '/opt/ros/foxy/src/gmock_vendor': C++ tests using 'Google Mock' will be built
[3.879s] -- Found ament_cmake_gtest: 0.9.12 (/opt/ros/foxy/share/ament_cmake_gtest/cmake)
[3.881s] -- Found gtest sources under '/opt/ros/foxy/src/gtest_vendor': C++ tests using 'Google Test' will be built
[4.104s] -- Configuring done
[4.201s] -- Generating done
[4.204s] -- Build files have been written to: /home/ylspyrou/humble_ws/build/position_controllers
[4.226s] Invoked command in '/home/ylspyrou/humble_ws/build/position_controllers' returned '0': AMENT_PREFIX_PATH=/home/ylspyrou/humble_ws/install/forward_command_controller:/home/ylspyrou/humble_ws/install/controller_manager:/home/ylspyrou/humble_ws/install/controller_interface:/home/ylspyrou/humble_ws/install/hardware_interface:/home/ylspyrou/humble_ws/install/ros2_control_test_assets:/home/ylspyrou/humble_ws/install/realtime_tools:/home/ylspyrou/humble_ws/install/controller_manager_msgs:/home/ylspyrou/humble_ws/install/control_msgs:${AMENT_PREFIX_PATH} CMAKE_PREFIX_PATH=/home/ylspyrou/humble_ws/install/forward_command_controller:/home/ylspyrou/humble_ws/install/controller_manager:/home/ylspyrou/humble_ws/install/controller_interface:/home/ylspyrou/humble_ws/install/hardware_interface:/home/ylspyrou/humble_ws/install/ros2_control_test_assets:/home/ylspyrou/humble_ws/install/realtime_tools:/home/ylspyrou/humble_ws/install/controller_manager_msgs:/home/ylspyrou/humble_ws/install/control_msgs:/opt/ros/foxy LD_LIBRARY_PATH=/home/ylspyrou/humble_ws/install/forward_command_controller/lib:/home/ylspyrou/humble_ws/install/controller_manager/lib:/home/ylspyrou/humble_ws/install/controller_interface/lib:/home/ylspyrou/humble_ws/install/hardware_interface/lib:/home/ylspyrou/humble_ws/install/realtime_tools/lib:/home/ylspyrou/humble_ws/install/controller_manager_msgs/lib:/home/ylspyrou/humble_ws/install/control_msgs/lib:${LD_LIBRARY_PATH} PYTHONPATH=/home/ylspyrou/humble_ws/install/controller_manager/lib/python3.8/site-packages:/home/ylspyrou/humble_ws/install/controller_manager_msgs/lib/python3.8/site-packages:/home/ylspyrou/humble_ws/install/control_msgs/lib/python3.8/site-packages:${PYTHONPATH} /usr/bin/cmake /home/ylspyrou/humble_ws/src/ros2_controllers/position_controllers -DAMENT_CMAKE_SYMLINK_INSTALL=1 -DCMAKE_INSTALL_PREFIX=/home/ylspyrou/humble_ws/install/position_controllers
[4.227s] Invoking command in '/home/ylspyrou/humble_ws/build/position_controllers': AMENT_PREFIX_PATH=/home/ylspyrou/humble_ws/install/forward_command_controller:/home/ylspyrou/humble_ws/install/controller_manager:/home/ylspyrou/humble_ws/install/controller_interface:/home/ylspyrou/humble_ws/install/hardware_interface:/home/ylspyrou/humble_ws/install/ros2_control_test_assets:/home/ylspyrou/humble_ws/install/realtime_tools:/home/ylspyrou/humble_ws/install/controller_manager_msgs:/home/ylspyrou/humble_ws/install/control_msgs:${AMENT_PREFIX_PATH} CMAKE_PREFIX_PATH=/home/ylspyrou/humble_ws/install/forward_command_controller:/home/ylspyrou/humble_ws/install/controller_manager:/home/ylspyrou/humble_ws/install/controller_interface:/home/ylspyrou/humble_ws/install/hardware_interface:/home/ylspyrou/humble_ws/install/ros2_control_test_assets:/home/ylspyrou/humble_ws/install/realtime_tools:/home/ylspyrou/humble_ws/install/controller_manager_msgs:/home/ylspyrou/humble_ws/install/control_msgs:/opt/ros/foxy LD_LIBRARY_PATH=/home/ylspyrou/humble_ws/install/forward_command_controller/lib:/home/ylspyrou/humble_ws/install/controller_manager/lib:/home/ylspyrou/humble_ws/install/controller_interface/lib:/home/ylspyrou/humble_ws/install/hardware_interface/lib:/home/ylspyrou/humble_ws/install/realtime_tools/lib:/home/ylspyrou/humble_ws/install/controller_manager_msgs/lib:/home/ylspyrou/humble_ws/install/control_msgs/lib:${LD_LIBRARY_PATH} PYTHONPATH=/home/ylspyrou/humble_ws/install/controller_manager/lib/python3.8/site-packages:/home/ylspyrou/humble_ws/install/controller_manager_msgs/lib/python3.8/site-packages:/home/ylspyrou/humble_ws/install/control_msgs/lib/python3.8/site-packages:${PYTHONPATH} /usr/bin/cmake --build /home/ylspyrou/humble_ws/build/position_controllers -- -j2 -l2
[4.306s] [35m[1mScanning dependencies of target gmock[0m
[4.344s] [  9%] [32mBuilding CXX object gmock/CMakeFiles/gmock.dir/opt/ros/foxy/src/gtest_vendor/src/gtest-all.cc.o[0m
[9.527s] [ 18%] [32mBuilding CXX object gmock/CMakeFiles/gmock.dir/src/gmock-all.cc.o[0m
[12.349s] [ 27%] [32m[1mLinking CXX static library libgmock.a[0m
[12.445s] [ 27%] Built target gmock
[12.470s] [35m[1mScanning dependencies of target position_controllers[0m
[12.537s] [ 36%] [32mBuilding CXX object CMakeFiles/position_controllers.dir/src/joint_group_position_controller.cpp.o[0m
[16.156s] [ 45%] [32m[1mLinking CXX shared library libposition_controllers.so[0m
[16.595s] [ 45%] Built target position_controllers
[16.631s] [35m[1mScanning dependencies of target gmock_main[0m
[16.679s] [ 54%] [32mBuilding CXX object gmock/CMakeFiles/gmock_main.dir/src/gmock_main.cc.o[0m
[18.192s] [ 63%] [32m[1mLinking CXX static library libgmock_main.a[0m
[18.246s] [ 63%] Built target gmock_main
[18.264s] [35m[1mScanning dependencies of target test_joint_group_position_controller[0m
[18.340s] [ 72%] [32mBuilding CXX object CMakeFiles/test_joint_group_position_controller.dir/test/test_joint_group_position_controller.cpp.o[0m
[26.695s] [ 81%] [32m[1mLinking CXX executable test_joint_group_position_controller[0m
[27.642s] [ 81%] Built target test_joint_group_position_controller
[27.690s] [35m[1mScanning dependencies of target test_load_joint_group_position_controller[0m
[27.838s] [ 90%] [32mBuilding CXX object CMakeFiles/test_load_joint_group_position_controller.dir/test/test_load_joint_group_position_controller.cpp.o[0m
[33.088s] [100%] [32m[1mLinking CXX executable test_load_joint_group_position_controller[0m
[34.576s] [100%] Built target test_load_joint_group_position_controller
[34.596s] Invoked command in '/home/ylspyrou/humble_ws/build/position_controllers' returned '0': AMENT_PREFIX_PATH=/home/ylspyrou/humble_ws/install/forward_command_controller:/home/ylspyrou/humble_ws/install/controller_manager:/home/ylspyrou/humble_ws/install/controller_interface:/home/ylspyrou/humble_ws/install/hardware_interface:/home/ylspyrou/humble_ws/install/ros2_control_test_assets:/home/ylspyrou/humble_ws/install/realtime_tools:/home/ylspyrou/humble_ws/install/controller_manager_msgs:/home/ylspyrou/humble_ws/install/control_msgs:${AMENT_PREFIX_PATH} CMAKE_PREFIX_PATH=/home/ylspyrou/humble_ws/install/forward_command_controller:/home/ylspyrou/humble_ws/install/controller_manager:/home/ylspyrou/humble_ws/install/controller_interface:/home/ylspyrou/humble_ws/install/hardware_interface:/home/ylspyrou/humble_ws/install/ros2_control_test_assets:/home/ylspyrou/humble_ws/install/realtime_tools:/home/ylspyrou/humble_ws/install/controller_manager_msgs:/home/ylspyrou/humble_ws/install/control_msgs:/opt/ros/foxy LD_LIBRARY_PATH=/home/ylspyrou/humble_ws/install/forward_command_controller/lib:/home/ylspyrou/humble_ws/install/controller_manager/lib:/home/ylspyrou/humble_ws/install/controller_interface/lib:/home/ylspyrou/humble_ws/install/hardware_interface/lib:/home/ylspyrou/humble_ws/install/realtime_tools/lib:/home/ylspyrou/humble_ws/install/controller_manager_msgs/lib:/home/ylspyrou/humble_ws/install/control_msgs/lib:${LD_LIBRARY_PATH} PYTHONPATH=/home/ylspyrou/humble_ws/install/controller_manager/lib/python3.8/site-packages:/home/ylspyrou/humble_ws/install/controller_manager_msgs/lib/python3.8/site-packages:/home/ylspyrou/humble_ws/install/control_msgs/lib/python3.8/site-packages:${PYTHONPATH} /usr/bin/cmake --build /home/ylspyrou/humble_ws/build/position_controllers -- -j2 -l2
[34.646s] Invoking command in '/home/ylspyrou/humble_ws/build/position_controllers': AMENT_PREFIX_PATH=/home/ylspyrou/humble_ws/install/forward_command_controller:/home/ylspyrou/humble_ws/install/controller_manager:/home/ylspyrou/humble_ws/install/controller_interface:/home/ylspyrou/humble_ws/install/hardware_interface:/home/ylspyrou/humble_ws/install/ros2_control_test_assets:/home/ylspyrou/humble_ws/install/realtime_tools:/home/ylspyrou/humble_ws/install/controller_manager_msgs:/home/ylspyrou/humble_ws/install/control_msgs:${AMENT_PREFIX_PATH} CMAKE_PREFIX_PATH=/home/ylspyrou/humble_ws/install/forward_command_controller:/home/ylspyrou/humble_ws/install/controller_manager:/home/ylspyrou/humble_ws/install/controller_interface:/home/ylspyrou/humble_ws/install/hardware_interface:/home/ylspyrou/humble_ws/install/ros2_control_test_assets:/home/ylspyrou/humble_ws/install/realtime_tools:/home/ylspyrou/humble_ws/install/controller_manager_msgs:/home/ylspyrou/humble_ws/install/control_msgs:/opt/ros/foxy LD_LIBRARY_PATH=/home/ylspyrou/humble_ws/install/forward_command_controller/lib:/home/ylspyrou/humble_ws/install/controller_manager/lib:/home/ylspyrou/humble_ws/install/controller_interface/lib:/home/ylspyrou/humble_ws/install/hardware_interface/lib:/home/ylspyrou/humble_ws/install/realtime_tools/lib:/home/ylspyrou/humble_ws/install/controller_manager_msgs/lib:/home/ylspyrou/humble_ws/install/control_msgs/lib:${LD_LIBRARY_PATH} PYTHONPATH=/home/ylspyrou/humble_ws/install/controller_manager/lib/python3.8/site-packages:/home/ylspyrou/humble_ws/install/controller_manager_msgs/lib/python3.8/site-packages:/home/ylspyrou/humble_ws/install/control_msgs/lib/python3.8/site-packages:${PYTHONPATH} /usr/bin/cmake --install /home/ylspyrou/humble_ws/build/position_controllers
[34.674s] -- Install configuration: ""
[34.675s] -- Execute custom install script
[34.676s] -- Symlinking: /home/ylspyrou/humble_ws/install/position_controllers/share/position_controllers//position_controllers_plugins.xml
[34.691s] -- Symlinking: /home/ylspyrou/humble_ws/install/position_controllers/include/position_controllers/joint_group_position_controller.hpp
[34.712s] -- Symlinking: /home/ylspyrou/humble_ws/install/position_controllers/include/position_controllers/visibility_control.h
[34.726s] -- Symlinking: /home/ylspyrou/humble_ws/install/position_controllers/lib/libposition_controllers.so
[34.745s] -- Symlinking: /home/ylspyrou/humble_ws/install/position_controllers/share/position_controllers/environment/library_path.sh
[34.784s] -- Symlinking: /home/ylspyrou/humble_ws/install/position_controllers/share/position_controllers/environment/library_path.dsv
[34.807s] -- Symlinking: /home/ylspyrou/humble_ws/install/position_controllers/share/ament_index/resource_index/package_run_dependencies/position_controllers
[34.823s] -- Symlinking: /home/ylspyrou/humble_ws/install/position_controllers/share/ament_index/resource_index/parent_prefix_path/position_controllers
[34.845s] -- Symlinking: /home/ylspyrou/humble_ws/install/position_controllers/share/position_controllers/environment/ament_prefix_path.sh
[34.876s] -- Symlinking: /home/ylspyrou/humble_ws/install/position_controllers/share/position_controllers/environment/ament_prefix_path.dsv
[34.892s] -- Symlinking: /home/ylspyrou/humble_ws/install/position_controllers/share/position_controllers/environment/path.sh
[34.907s] -- Symlinking: /home/ylspyrou/humble_ws/install/position_controllers/share/position_controllers/environment/path.dsv
[34.921s] -- Symlinking: /home/ylspyrou/humble_ws/install/position_controllers/share/position_controllers/local_setup.bash
[34.932s] -- Symlinking: /home/ylspyrou/humble_ws/install/position_controllers/share/position_controllers/local_setup.sh
[34.948s] -- Symlinking: /home/ylspyrou/humble_ws/install/position_controllers/share/position_controllers/local_setup.zsh
[34.964s] -- Symlinking: /home/ylspyrou/humble_ws/install/position_controllers/share/position_controllers/local_setup.dsv
[34.983s] -- Symlinking: /home/ylspyrou/humble_ws/install/position_controllers/share/position_controllers/package.dsv
[34.996s] -- Symlinking: /home/ylspyrou/humble_ws/install/position_controllers/share/ament_index/resource_index/packages/position_controllers
[35.012s] -- Symlinking: /home/ylspyrou/humble_ws/install/position_controllers/share/ament_index/resource_index/controller_interface__pluginlib__plugin/position_controllers
[35.027s] -- Symlinking: /home/ylspyrou/humble_ws/install/position_controllers/share/position_controllers/cmake/ament_cmake_export_dependencies-extras.cmake
[35.041s] -- Symlinking: /home/ylspyrou/humble_ws/install/position_controllers/share/position_controllers/cmake/ament_cmake_export_include_directories-extras.cmake
[35.055s] -- Symlinking: /home/ylspyrou/humble_ws/install/position_controllers/share/position_controllers/cmake/ament_cmake_export_libraries-extras.cmake
[35.072s] -- Symlinking: /home/ylspyrou/humble_ws/install/position_controllers/share/position_controllers/cmake/position_controllersConfig.cmake
[35.087s] -- Symlinking: /home/ylspyrou/humble_ws/install/position_controllers/share/position_controllers/cmake/position_controllersConfig-version.cmake
[35.104s] -- Symlinking: /home/ylspyrou/humble_ws/install/position_controllers/share/position_controllers/package.xml
[35.125s] Invoked command in '/home/ylspyrou/humble_ws/build/position_controllers' returned '0': AMENT_PREFIX_PATH=/home/ylspyrou/humble_ws/install/forward_command_controller:/home/ylspyrou/humble_ws/install/controller_manager:/home/ylspyrou/humble_ws/install/controller_interface:/home/ylspyrou/humble_ws/install/hardware_interface:/home/ylspyrou/humble_ws/install/ros2_control_test_assets:/home/ylspyrou/humble_ws/install/realtime_tools:/home/ylspyrou/humble_ws/install/controller_manager_msgs:/home/ylspyrou/humble_ws/install/control_msgs:${AMENT_PREFIX_PATH} CMAKE_PREFIX_PATH=/home/ylspyrou/humble_ws/install/forward_command_controller:/home/ylspyrou/humble_ws/install/controller_manager:/home/ylspyrou/humble_ws/install/controller_interface:/home/ylspyrou/humble_ws/install/hardware_interface:/home/ylspyrou/humble_ws/install/ros2_control_test_assets:/home/ylspyrou/humble_ws/install/realtime_tools:/home/ylspyrou/humble_ws/install/controller_manager_msgs:/home/ylspyrou/humble_ws/install/control_msgs:/opt/ros/foxy LD_LIBRARY_PATH=/home/ylspyrou/humble_ws/install/forward_command_controller/lib:/home/ylspyrou/humble_ws/install/controller_manager/lib:/home/ylspyrou/humble_ws/install/controller_interface/lib:/home/ylspyrou/humble_ws/install/hardware_interface/lib:/home/ylspyrou/humble_ws/install/realtime_tools/lib:/home/ylspyrou/humble_ws/install/controller_manager_msgs/lib:/home/ylspyrou/humble_ws/install/control_msgs/lib:${LD_LIBRARY_PATH} PYTHONPATH=/home/ylspyrou/humble_ws/install/controller_manager/lib/python3.8/site-packages:/home/ylspyrou/humble_ws/install/controller_manager_msgs/lib/python3.8/site-packages:/home/ylspyrou/humble_ws/install/control_msgs/lib/python3.8/site-packages:${PYTHONPATH} /usr/bin/cmake --install /home/ylspyrou/humble_ws/build/position_controllers
