[0.016s] Invoking command in '/home/ylspyrou/humble_ws/build/diffdrive_arduino': AMENT_PREFIX_PATH=/home/ylspyrou/humble_ws/install/serial:${AMENT_PREFIX_PATH} CMAKE_PREFIX_PATH=/home/ylspyrou/humble_ws/install/serial:/home/ylspyrou/ros2_ws/install:/opt/ros/foxy LD_LIBRARY_PATH=/home/ylspyrou/humble_ws/install/serial/lib:${LD_LIBRARY_PATH} /usr/bin/cmake --build /home/ylspyrou/humble_ws/build/diffdrive_arduino -- -j2 -l2
[0.115s] [ 42%] Built target fake_robot
[0.127s] [100%] Built target diffdrive_arduino
[0.144s] Invoked command in '/home/ylspyrou/humble_ws/build/diffdrive_arduino' returned '0': AMENT_PREFIX_PATH=/home/ylspyrou/humble_ws/install/serial:${AMENT_PREFIX_PATH} CMAKE_PREFIX_PATH=/home/ylspyrou/humble_ws/install/serial:/home/ylspyrou/ros2_ws/install:/opt/ros/foxy LD_LIBRARY_PATH=/home/ylspyrou/humble_ws/install/serial/lib:${LD_LIBRARY_PATH} /usr/bin/cmake --build /home/ylspyrou/humble_ws/build/diffdrive_arduino -- -j2 -l2
[0.321s] Invoking command in '/home/ylspyrou/humble_ws/build/diffdrive_arduino': AMENT_PREFIX_PATH=/home/ylspyrou/humble_ws/install/serial:${AMENT_PREFIX_PATH} CMAKE_PREFIX_PATH=/home/ylspyrou/humble_ws/install/serial:/home/ylspyrou/ros2_ws/install:/opt/ros/foxy LD_LIBRARY_PATH=/home/ylspyrou/humble_ws/install/serial/lib:${LD_LIBRARY_PATH} /usr/bin/cmake --install /home/ylspyrou/humble_ws/build/diffdrive_arduino
[0.346s] -- Install configuration: ""
[0.355s] -- Execute custom install script
[0.355s] -- Up-to-date symlink: /home/ylspyrou/humble_ws/install/diffdrive_arduino/share/diffdrive_arduino//robot_hardware.xml
[0.356s] -- Up-to-date symlink: /home/ylspyrou/humble_ws/install/diffdrive_arduino/share/diffdrive_arduino//fake_robot_hardware.xml
[0.356s] -- Up-to-date symlink: /home/ylspyrou/humble_ws/install/diffdrive_arduino/lib/libdiffdrive_arduino.so
[0.356s] -- Up-to-date symlink: /home/ylspyrou/humble_ws/install/diffdrive_arduino/lib/libfake_robot.so
[0.357s] -- Up-to-date symlink: /home/ylspyrou/humble_ws/install/diffdrive_arduino/share/diffdrive_arduino/controllers/robot_controller_example.yaml
[0.357s] -- Up-to-date symlink: /home/ylspyrou/humble_ws/install/diffdrive_arduino/share/diffdrive_arduino/fake_robot.launch.py
[0.358s] -- Up-to-date symlink: /home/ylspyrou/humble_ws/install/diffdrive_arduino/share/diffdrive_arduino/test_robot.launch.py
[0.358s] -- Up-to-date symlink: /home/ylspyrou/humble_ws/install/diffdrive_arduino/share/diffdrive_arduino/environment/library_path.sh
[0.359s] -- Up-to-date symlink: /home/ylspyrou/humble_ws/install/diffdrive_arduino/share/diffdrive_arduino/environment/library_path.dsv
[0.359s] -- Up-to-date symlink: /home/ylspyrou/humble_ws/install/diffdrive_arduino/share/ament_index/resource_index/package_run_dependencies/diffdrive_arduino
[0.359s] -- Up-to-date symlink: /home/ylspyrou/humble_ws/install/diffdrive_arduino/share/ament_index/resource_index/parent_prefix_path/diffdrive_arduino
[0.360s] -- Up-to-date symlink: /home/ylspyrou/humble_ws/install/diffdrive_arduino/share/diffdrive_arduino/environment/ament_prefix_path.sh
[0.360s] -- Up-to-date symlink: /home/ylspyrou/humble_ws/install/diffdrive_arduino/share/diffdrive_arduino/environment/ament_prefix_path.dsv
[0.360s] -- Up-to-date symlink: /home/ylspyrou/humble_ws/install/diffdrive_arduino/share/diffdrive_arduino/environment/path.sh
[0.361s] -- Up-to-date symlink: /home/ylspyrou/humble_ws/install/diffdrive_arduino/share/diffdrive_arduino/environment/path.dsv
[0.361s] -- Up-to-date symlink: /home/ylspyrou/humble_ws/install/diffdrive_arduino/share/diffdrive_arduino/local_setup.bash
[0.362s] -- Up-to-date symlink: /home/ylspyrou/humble_ws/install/diffdrive_arduino/share/diffdrive_arduino/local_setup.sh
[0.362s] -- Up-to-date symlink: /home/ylspyrou/humble_ws/install/diffdrive_arduino/share/diffdrive_arduino/local_setup.zsh
[0.362s] -- Up-to-date symlink: /home/ylspyrou/humble_ws/install/diffdrive_arduino/share/diffdrive_arduino/local_setup.dsv
[0.363s] -- Symlinking: /home/ylspyrou/humble_ws/install/diffdrive_arduino/share/diffdrive_arduino/package.dsv
[0.373s] -- Up-to-date symlink: /home/ylspyrou/humble_ws/install/diffdrive_arduino/share/ament_index/resource_index/packages/diffdrive_arduino
[0.374s] -- Up-to-date symlink: /home/ylspyrou/humble_ws/install/diffdrive_arduino/share/ament_index/resource_index/hardware_interface__pluginlib__plugin/diffdrive_arduino
[0.374s] -- Up-to-date symlink: /home/ylspyrou/humble_ws/install/diffdrive_arduino/share/diffdrive_arduino/cmake/ament_cmake_export_libraries-extras.cmake
[0.375s] -- Up-to-date symlink: /home/ylspyrou/humble_ws/install/diffdrive_arduino/share/diffdrive_arduino/cmake/ament_cmake_export_dependencies-extras.cmake
[0.375s] -- Up-to-date symlink: /home/ylspyrou/humble_ws/install/diffdrive_arduino/share/diffdrive_arduino/cmake/diffdrive_arduinoConfig.cmake
[0.377s] -- Up-to-date symlink: /home/ylspyrou/humble_ws/install/diffdrive_arduino/share/diffdrive_arduino/cmake/diffdrive_arduinoConfig-version.cmake
[0.377s] -- Up-to-date symlink: /home/ylspyrou/humble_ws/install/diffdrive_arduino/share/diffdrive_arduino/package.xml
[0.379s] Invoked command in '/home/ylspyrou/humble_ws/build/diffdrive_arduino' returned '0': AMENT_PREFIX_PATH=/home/ylspyrou/humble_ws/install/serial:${AMENT_PREFIX_PATH} CMAKE_PREFIX_PATH=/home/ylspyrou/humble_ws/install/serial:/home/ylspyrou/ros2_ws/install:/opt/ros/foxy LD_LIBRARY_PATH=/home/ylspyrou/humble_ws/install/serial/lib:${LD_LIBRARY_PATH} /usr/bin/cmake --install /home/ylspyrou/humble_ws/build/diffdrive_arduino
