[0.017s] Invoking command in '/home/ylspyrou/humble_ws/build/serial_motor_demo_msgs': CMAKE_PREFIX_PATH=${CMAKE_PREFIX_PATH}:/home/ylspyrou/humble_ws/install/serial_motor_demo:/home/ylspyrou/humble_ws/install/ros2controlcli:/home/ylspyrou/humble_ws/install/ros2_control_test_nodes:/opt/ros/foxy /usr/bin/cmake --build /home/ylspyrou/humble_ws/build/serial_motor_demo_msgs -- -j2 -l2
[0.108s] [  2%] Built target serial_motor_demo_msgs__cpp
[0.133s] [ 12%] Built target serial_motor_demo_msgs__rosidl_generator_c
[0.162s] [ 23%] Built target serial_motor_demo_msgs__rosidl_typesupport_cpp
[0.188s] [ 34%] Built target serial_motor_demo_msgs__rosidl_typesupport_fastrtps_cpp
[0.236s] [ 44%] Built target serial_motor_demo_msgs__rosidl_typesupport_c
[0.268s] [ 55%] Built target serial_motor_demo_msgs__rosidl_typesupport_introspection_cpp
[0.307s] [ 65%] Built target serial_motor_demo_msgs__rosidl_typesupport_introspection_c
[0.324s] [ 76%] Built target serial_motor_demo_msgs__rosidl_typesupport_fastrtps_c
[0.359s] [ 76%] Built target serial_motor_demo_msgs
[0.395s] [ 78%] Built target serial_motor_demo_msgs__py
[0.437s] [ 87%] Built target serial_motor_demo_msgs__python
[0.477s] [ 91%] Built target serial_motor_demo_msgs__rosidl_typesupport_introspection_c__pyext
[0.484s] [ 95%] Built target serial_motor_demo_msgs__rosidl_typesupport_fastrtps_c__pyext
[0.524s] [100%] Built target serial_motor_demo_msgs__rosidl_typesupport_c__pyext
[0.565s] Invoked command in '/home/ylspyrou/humble_ws/build/serial_motor_demo_msgs' returned '0': CMAKE_PREFIX_PATH=${CMAKE_PREFIX_PATH}:/home/ylspyrou/humble_ws/install/serial_motor_demo:/home/ylspyrou/humble_ws/install/ros2controlcli:/home/ylspyrou/humble_ws/install/ros2_control_test_nodes:/opt/ros/foxy /usr/bin/cmake --build /home/ylspyrou/humble_ws/build/serial_motor_demo_msgs -- -j2 -l2
[0.872s] Invoking command in '/home/ylspyrou/humble_ws/build/serial_motor_demo_msgs': CMAKE_PREFIX_PATH=${CMAKE_PREFIX_PATH}:/home/ylspyrou/humble_ws/install/serial_motor_demo:/home/ylspyrou/humble_ws/install/ros2controlcli:/home/ylspyrou/humble_ws/install/ros2_control_test_nodes:/opt/ros/foxy /usr/bin/cmake --install /home/ylspyrou/humble_ws/build/serial_motor_demo_msgs
[0.899s] -- Install configuration: ""
[0.899s] -- Execute custom install script
[0.899s] -- Up-to-date symlink: /home/ylspyrou/humble_ws/install/serial_motor_demo_msgs/share/ament_index/resource_index/rosidl_interfaces/serial_motor_demo_msgs
[0.900s] -- Up-to-date symlink: /home/ylspyrou/humble_ws/install/serial_motor_demo_msgs/include/serial_motor_demo_msgs/msg/detail/encoder_vals__functions.h
[0.900s] -- Up-to-date symlink: /home/ylspyrou/humble_ws/install/serial_motor_demo_msgs/include/serial_motor_demo_msgs/msg/detail/encoder_vals__struct.h
[0.900s] -- Up-to-date symlink: /home/ylspyrou/humble_ws/install/serial_motor_demo_msgs/include/serial_motor_demo_msgs/msg/detail/encoder_vals__type_support.h
[0.901s] -- Up-to-date symlink: /home/ylspyrou/humble_ws/install/serial_motor_demo_msgs/include/serial_motor_demo_msgs/msg/detail/motor_command__functions.h
[0.901s] -- Up-to-date symlink: /home/ylspyrou/humble_ws/install/serial_motor_demo_msgs/include/serial_motor_demo_msgs/msg/detail/motor_command__struct.h
[0.901s] -- Up-to-date symlink: /home/ylspyrou/humble_ws/install/serial_motor_demo_msgs/include/serial_motor_demo_msgs/msg/detail/motor_command__type_support.h
[0.902s] -- Up-to-date symlink: /home/ylspyrou/humble_ws/install/serial_motor_demo_msgs/include/serial_motor_demo_msgs/msg/detail/motor_vels__functions.h
[0.902s] -- Up-to-date symlink: /home/ylspyrou/humble_ws/install/serial_motor_demo_msgs/include/serial_motor_demo_msgs/msg/detail/motor_vels__struct.h
[0.902s] -- Up-to-date symlink: /home/ylspyrou/humble_ws/install/serial_motor_demo_msgs/include/serial_motor_demo_msgs/msg/detail/motor_vels__type_support.h
[0.903s] -- Up-to-date symlink: /home/ylspyrou/humble_ws/install/serial_motor_demo_msgs/include/serial_motor_demo_msgs/msg/encoder_vals.h
[0.903s] -- Up-to-date symlink: /home/ylspyrou/humble_ws/install/serial_motor_demo_msgs/include/serial_motor_demo_msgs/msg/motor_command.h
[0.903s] -- Up-to-date symlink: /home/ylspyrou/humble_ws/install/serial_motor_demo_msgs/include/serial_motor_demo_msgs/msg/motor_vels.h
[0.903s] -- Up-to-date symlink: /home/ylspyrou/humble_ws/install/serial_motor_demo_msgs/include/serial_motor_demo_msgs/msg/rosidl_generator_c__visibility_control.h
[0.904s] -- Up-to-date symlink: /home/ylspyrou/humble_ws/install/serial_motor_demo_msgs/share/serial_motor_demo_msgs/environment/library_path.sh
[0.904s] -- Up-to-date symlink: /home/ylspyrou/humble_ws/install/serial_motor_demo_msgs/share/serial_motor_demo_msgs/environment/library_path.dsv
[0.905s] -- Up-to-date symlink: /home/ylspyrou/humble_ws/install/serial_motor_demo_msgs/include/serial_motor_demo_msgs/msg/detail/encoder_vals__rosidl_typesupport_fastrtps_c.h
[0.905s] -- Up-to-date symlink: /home/ylspyrou/humble_ws/install/serial_motor_demo_msgs/include/serial_motor_demo_msgs/msg/detail/motor_command__rosidl_typesupport_fastrtps_c.h
[0.906s] -- Up-to-date symlink: /home/ylspyrou/humble_ws/install/serial_motor_demo_msgs/include/serial_motor_demo_msgs/msg/detail/motor_vels__rosidl_typesupport_fastrtps_c.h
[0.906s] -- Up-to-date symlink: /home/ylspyrou/humble_ws/install/serial_motor_demo_msgs/include/serial_motor_demo_msgs/msg/rosidl_typesupport_fastrtps_c__visibility_control.h
[0.907s] -- Up-to-date symlink: /home/ylspyrou/humble_ws/install/serial_motor_demo_msgs/lib/libserial_motor_demo_msgs__rosidl_typesupport_fastrtps_c.so
[0.908s] -- Up-to-date symlink: /home/ylspyrou/humble_ws/install/serial_motor_demo_msgs/include/serial_motor_demo_msgs/msg/detail/encoder_vals__rosidl_typesupport_fastrtps_cpp.hpp
[0.908s] -- Up-to-date symlink: /home/ylspyrou/humble_ws/install/serial_motor_demo_msgs/include/serial_motor_demo_msgs/msg/detail/motor_command__rosidl_typesupport_fastrtps_cpp.hpp
[0.910s] -- Up-to-date symlink: /home/ylspyrou/humble_ws/install/serial_motor_demo_msgs/include/serial_motor_demo_msgs/msg/detail/motor_vels__rosidl_typesupport_fastrtps_cpp.hpp
[0.915s] -- Up-to-date symlink: /home/ylspyrou/humble_ws/install/serial_motor_demo_msgs/include/serial_motor_demo_msgs/msg/rosidl_typesupport_fastrtps_cpp__visibility_control.h
[0.915s] -- Up-to-date symlink: /home/ylspyrou/humble_ws/install/serial_motor_demo_msgs/lib/libserial_motor_demo_msgs__rosidl_typesupport_fastrtps_cpp.so
[0.916s] -- Up-to-date symlink: /home/ylspyrou/humble_ws/install/serial_motor_demo_msgs/include/serial_motor_demo_msgs/msg/detail/encoder_vals__rosidl_typesupport_introspection_c.h
[0.916s] -- Up-to-date symlink: /home/ylspyrou/humble_ws/install/serial_motor_demo_msgs/include/serial_motor_demo_msgs/msg/detail/motor_command__rosidl_typesupport_introspection_c.h
[0.916s] -- Up-to-date symlink: /home/ylspyrou/humble_ws/install/serial_motor_demo_msgs/include/serial_motor_demo_msgs/msg/detail/motor_vels__rosidl_typesupport_introspection_c.h
[0.916s] -- Up-to-date symlink: /home/ylspyrou/humble_ws/install/serial_motor_demo_msgs/include/serial_motor_demo_msgs/msg/rosidl_typesupport_introspection_c__visibility_control.h
[0.916s] -- Up-to-date symlink: /home/ylspyrou/humble_ws/install/serial_motor_demo_msgs/include/serial_motor_demo_msgs/msg/detail/encoder_vals__builder.hpp
[0.916s] -- Up-to-date symlink: /home/ylspyrou/humble_ws/install/serial_motor_demo_msgs/include/serial_motor_demo_msgs/msg/detail/encoder_vals__struct.hpp
[0.916s] -- Up-to-date symlink: /home/ylspyrou/humble_ws/install/serial_motor_demo_msgs/include/serial_motor_demo_msgs/msg/detail/encoder_vals__traits.hpp
[0.916s] -- Up-to-date symlink: /home/ylspyrou/humble_ws/install/serial_motor_demo_msgs/include/serial_motor_demo_msgs/msg/detail/encoder_vals__type_support.hpp
[0.916s] -- Up-to-date symlink: /home/ylspyrou/humble_ws/install/serial_motor_demo_msgs/include/serial_motor_demo_msgs/msg/detail/motor_command__builder.hpp
[0.916s] -- Up-to-date symlink: /home/ylspyrou/humble_ws/install/serial_motor_demo_msgs/include/serial_motor_demo_msgs/msg/detail/motor_command__struct.hpp
[0.916s] -- Up-to-date symlink: /home/ylspyrou/humble_ws/install/serial_motor_demo_msgs/include/serial_motor_demo_msgs/msg/detail/motor_command__traits.hpp
[0.916s] -- Up-to-date symlink: /home/ylspyrou/humble_ws/install/serial_motor_demo_msgs/include/serial_motor_demo_msgs/msg/detail/motor_command__type_support.hpp
[0.916s] -- Up-to-date symlink: /home/ylspyrou/humble_ws/install/serial_motor_demo_msgs/include/serial_motor_demo_msgs/msg/detail/motor_vels__builder.hpp
[0.916s] -- Up-to-date symlink: /home/ylspyrou/humble_ws/install/serial_motor_demo_msgs/include/serial_motor_demo_msgs/msg/detail/motor_vels__struct.hpp
[0.916s] -- Up-to-date symlink: /home/ylspyrou/humble_ws/install/serial_motor_demo_msgs/include/serial_motor_demo_msgs/msg/detail/motor_vels__traits.hpp
[0.916s] -- Up-to-date symlink: /home/ylspyrou/humble_ws/install/serial_motor_demo_msgs/include/serial_motor_demo_msgs/msg/detail/motor_vels__type_support.hpp
[0.916s] -- Up-to-date symlink: /home/ylspyrou/humble_ws/install/serial_motor_demo_msgs/include/serial_motor_demo_msgs/msg/encoder_vals.hpp
[0.917s] -- Up-to-date symlink: /home/ylspyrou/humble_ws/install/serial_motor_demo_msgs/include/serial_motor_demo_msgs/msg/motor_command.hpp
[0.917s] -- Up-to-date symlink: /home/ylspyrou/humble_ws/install/serial_motor_demo_msgs/include/serial_motor_demo_msgs/msg/motor_vels.hpp
[0.917s] -- Up-to-date symlink: /home/ylspyrou/humble_ws/install/serial_motor_demo_msgs/include/serial_motor_demo_msgs/msg/rosidl_generator_cpp__visibility_control.hpp
[0.917s] -- Up-to-date symlink: /home/ylspyrou/humble_ws/install/serial_motor_demo_msgs/include/serial_motor_demo_msgs/msg/detail/encoder_vals__rosidl_typesupport_introspection_cpp.hpp
[0.918s] -- Up-to-date symlink: /home/ylspyrou/humble_ws/install/serial_motor_demo_msgs/include/serial_motor_demo_msgs/msg/detail/motor_command__rosidl_typesupport_introspection_cpp.hpp
[0.919s] -- Up-to-date symlink: /home/ylspyrou/humble_ws/install/serial_motor_demo_msgs/include/serial_motor_demo_msgs/msg/detail/motor_vels__rosidl_typesupport_introspection_cpp.hpp
[0.919s] -- Up-to-date symlink: /home/ylspyrou/humble_ws/install/serial_motor_demo_msgs/share/serial_motor_demo_msgs/environment/pythonpath.sh
[0.919s] -- Up-to-date symlink: /home/ylspyrou/humble_ws/install/serial_motor_demo_msgs/share/serial_motor_demo_msgs/environment/pythonpath.dsv
[0.920s] -- Up-to-date symlink: /home/ylspyrou/humble_ws/install/serial_motor_demo_msgs/lib/python3.8/site-packages/serial_motor_demo_msgs/__init__.py
[0.920s] -- Up-to-date symlink: /home/ylspyrou/humble_ws/install/serial_motor_demo_msgs/lib/python3.8/site-packages/serial_motor_demo_msgs/msg/__init__.py
[0.921s] -- Up-to-date symlink: /home/ylspyrou/humble_ws/install/serial_motor_demo_msgs/lib/python3.8/site-packages/serial_motor_demo_msgs/msg/_encoder_vals.py
[0.921s] -- Up-to-date symlink: /home/ylspyrou/humble_ws/install/serial_motor_demo_msgs/lib/python3.8/site-packages/serial_motor_demo_msgs/msg/_motor_command.py
[0.921s] -- Up-to-date symlink: /home/ylspyrou/humble_ws/install/serial_motor_demo_msgs/lib/python3.8/site-packages/serial_motor_demo_msgs/msg/_motor_vels.py
[0.922s] -- Up-to-date symlink: /home/ylspyrou/humble_ws/install/serial_motor_demo_msgs/lib/python3.8/site-packages/serial_motor_demo_msgs/serial_motor_demo_msgs_s__rosidl_typesupport_fastrtps_c.cpython-38-x86_64-linux-gnu.so
[0.922s] -- Up-to-date symlink: /home/ylspyrou/humble_ws/install/serial_motor_demo_msgs/lib/python3.8/site-packages/serial_motor_demo_msgs/serial_motor_demo_msgs_s__rosidl_typesupport_introspection_c.cpython-38-x86_64-linux-gnu.so
[0.923s] -- Up-to-date symlink: /home/ylspyrou/humble_ws/install/serial_motor_demo_msgs/lib/python3.8/site-packages/serial_motor_demo_msgs/serial_motor_demo_msgs_s__rosidl_typesupport_c.cpython-38-x86_64-linux-gnu.so
[0.924s] -- Up-to-date symlink: /home/ylspyrou/humble_ws/install/serial_motor_demo_msgs/lib/libserial_motor_demo_msgs__python.so
[0.924s] -- Up-to-date symlink: /home/ylspyrou/humble_ws/install/serial_motor_demo_msgs/share/serial_motor_demo_msgs/msg/MotorCommand.idl
[0.924s] -- Up-to-date symlink: /home/ylspyrou/humble_ws/install/serial_motor_demo_msgs/share/serial_motor_demo_msgs/msg/MotorVels.idl
[0.925s] -- Up-to-date symlink: /home/ylspyrou/humble_ws/install/serial_motor_demo_msgs/share/serial_motor_demo_msgs/msg/EncoderVals.idl
[0.925s] -- Up-to-date symlink: /home/ylspyrou/humble_ws/install/serial_motor_demo_msgs/share/serial_motor_demo_msgs/msg/MotorCommand.msg
[0.932s] -- Up-to-date symlink: /home/ylspyrou/humble_ws/install/serial_motor_demo_msgs/share/serial_motor_demo_msgs/msg/MotorVels.msg
[0.932s] -- Up-to-date symlink: /home/ylspyrou/humble_ws/install/serial_motor_demo_msgs/share/serial_motor_demo_msgs/msg/EncoderVals.msg
[0.933s] -- Up-to-date symlink: /home/ylspyrou/humble_ws/install/serial_motor_demo_msgs/share/ament_index/resource_index/package_run_dependencies/serial_motor_demo_msgs
[0.933s] -- Up-to-date symlink: /home/ylspyrou/humble_ws/install/serial_motor_demo_msgs/share/ament_index/resource_index/parent_prefix_path/serial_motor_demo_msgs
[0.933s] -- Up-to-date symlink: /home/ylspyrou/humble_ws/install/serial_motor_demo_msgs/share/serial_motor_demo_msgs/environment/ament_prefix_path.sh
[0.933s] -- Up-to-date symlink: /home/ylspyrou/humble_ws/install/serial_motor_demo_msgs/share/serial_motor_demo_msgs/environment/ament_prefix_path.dsv
[0.933s] -- Up-to-date symlink: /home/ylspyrou/humble_ws/install/serial_motor_demo_msgs/share/serial_motor_demo_msgs/environment/path.sh
[0.933s] -- Up-to-date symlink: /home/ylspyrou/humble_ws/install/serial_motor_demo_msgs/share/serial_motor_demo_msgs/environment/path.dsv
[0.933s] -- Up-to-date symlink: /home/ylspyrou/humble_ws/install/serial_motor_demo_msgs/share/serial_motor_demo_msgs/local_setup.bash
[0.933s] -- Up-to-date symlink: /home/ylspyrou/humble_ws/install/serial_motor_demo_msgs/share/serial_motor_demo_msgs/local_setup.sh
[0.933s] -- Up-to-date symlink: /home/ylspyrou/humble_ws/install/serial_motor_demo_msgs/share/serial_motor_demo_msgs/local_setup.zsh
[0.933s] -- Up-to-date symlink: /home/ylspyrou/humble_ws/install/serial_motor_demo_msgs/share/serial_motor_demo_msgs/local_setup.dsv
[0.933s] -- Symlinking: /home/ylspyrou/humble_ws/install/serial_motor_demo_msgs/share/serial_motor_demo_msgs/package.dsv
[0.950s] -- Up-to-date symlink: /home/ylspyrou/humble_ws/install/serial_motor_demo_msgs/share/ament_index/resource_index/packages/serial_motor_demo_msgs
[0.950s] -- Up-to-date symlink: /home/ylspyrou/humble_ws/install/serial_motor_demo_msgs/share/serial_motor_demo_msgs/cmake/rosidl_cmake-extras.cmake
[0.953s] -- Up-to-date symlink: /home/ylspyrou/humble_ws/install/serial_motor_demo_msgs/share/serial_motor_demo_msgs/cmake/ament_cmake_export_dependencies-extras.cmake
[0.953s] -- Up-to-date symlink: /home/ylspyrou/humble_ws/install/serial_motor_demo_msgs/share/serial_motor_demo_msgs/cmake/ament_cmake_export_libraries-extras.cmake
[0.953s] -- Up-to-date symlink: /home/ylspyrou/humble_ws/install/serial_motor_demo_msgs/share/serial_motor_demo_msgs/cmake/ament_cmake_export_targets-extras.cmake
[0.953s] -- Up-to-date symlink: /home/ylspyrou/humble_ws/install/serial_motor_demo_msgs/share/serial_motor_demo_msgs/cmake/ament_cmake_export_include_directories-extras.cmake
[0.953s] -- Up-to-date symlink: /home/ylspyrou/humble_ws/install/serial_motor_demo_msgs/share/serial_motor_demo_msgs/cmake/rosidl_cmake_export_typesupport_libraries-extras.cmake
[0.953s] -- Up-to-date symlink: /home/ylspyrou/humble_ws/install/serial_motor_demo_msgs/share/serial_motor_demo_msgs/cmake/rosidl_cmake_export_typesupport_targets-extras.cmake
[0.953s] -- Up-to-date symlink: /home/ylspyrou/humble_ws/install/serial_motor_demo_msgs/share/serial_motor_demo_msgs/cmake/serial_motor_demo_msgsConfig.cmake
[0.953s] -- Up-to-date symlink: /home/ylspyrou/humble_ws/install/serial_motor_demo_msgs/share/serial_motor_demo_msgs/cmake/serial_motor_demo_msgsConfig-version.cmake
[0.956s] -- Up-to-date symlink: /home/ylspyrou/humble_ws/install/serial_motor_demo_msgs/share/serial_motor_demo_msgs/package.xml
[0.956s] -- Up-to-date: /home/ylspyrou/humble_ws/install/serial_motor_demo_msgs/lib/libserial_motor_demo_msgs__rosidl_generator_c.so
[0.956s] -- Up-to-date: /home/ylspyrou/humble_ws/install/serial_motor_demo_msgs/lib/libserial_motor_demo_msgs__rosidl_typesupport_introspection_c.so
[0.956s] -- Up-to-date: /home/ylspyrou/humble_ws/install/serial_motor_demo_msgs/lib/libserial_motor_demo_msgs__rosidl_typesupport_c.so
[0.956s] -- Up-to-date: /home/ylspyrou/humble_ws/install/serial_motor_demo_msgs/lib/libserial_motor_demo_msgs__rosidl_typesupport_introspection_cpp.so
[0.956s] -- Up-to-date: /home/ylspyrou/humble_ws/install/serial_motor_demo_msgs/lib/libserial_motor_demo_msgs__rosidl_typesupport_cpp.so
[1.036s] -- Up-to-date: /home/ylspyrou/humble_ws/install/serial_motor_demo_msgs/share/serial_motor_demo_msgs/cmake/serial_motor_demo_msgs__rosidl_generator_cExport.cmake
[1.036s] -- Up-to-date: /home/ylspyrou/humble_ws/install/serial_motor_demo_msgs/share/serial_motor_demo_msgs/cmake/serial_motor_demo_msgs__rosidl_generator_cExport-noconfig.cmake
[1.036s] -- Up-to-date: /home/ylspyrou/humble_ws/install/serial_motor_demo_msgs/share/serial_motor_demo_msgs/cmake/serial_motor_demo_msgs__rosidl_typesupport_introspection_cExport.cmake
[1.036s] -- Up-to-date: /home/ylspyrou/humble_ws/install/serial_motor_demo_msgs/share/serial_motor_demo_msgs/cmake/serial_motor_demo_msgs__rosidl_typesupport_introspection_cExport-noconfig.cmake
[1.036s] -- Up-to-date: /home/ylspyrou/humble_ws/install/serial_motor_demo_msgs/share/serial_motor_demo_msgs/cmake/serial_motor_demo_msgs__rosidl_typesupport_cExport.cmake
[1.037s] -- Up-to-date: /home/ylspyrou/humble_ws/install/serial_motor_demo_msgs/share/serial_motor_demo_msgs/cmake/serial_motor_demo_msgs__rosidl_typesupport_cExport-noconfig.cmake
[1.037s] -- Up-to-date: /home/ylspyrou/humble_ws/install/serial_motor_demo_msgs/share/serial_motor_demo_msgs/cmake/serial_motor_demo_msgs__rosidl_generator_cppExport.cmake
[1.037s] -- Up-to-date: /home/ylspyrou/humble_ws/install/serial_motor_demo_msgs/share/serial_motor_demo_msgs/cmake/serial_motor_demo_msgs__rosidl_typesupport_introspection_cppExport.cmake
[1.037s] -- Up-to-date: /home/ylspyrou/humble_ws/install/serial_motor_demo_msgs/share/serial_motor_demo_msgs/cmake/serial_motor_demo_msgs__rosidl_typesupport_introspection_cppExport-noconfig.cmake
[1.037s] -- Up-to-date: /home/ylspyrou/humble_ws/install/serial_motor_demo_msgs/share/serial_motor_demo_msgs/cmake/serial_motor_demo_msgs__rosidl_typesupport_cppExport.cmake
[1.037s] -- Up-to-date: /home/ylspyrou/humble_ws/install/serial_motor_demo_msgs/share/serial_motor_demo_msgs/cmake/serial_motor_demo_msgs__rosidl_typesupport_cppExport-noconfig.cmake
[1.041s] Invoked command in '/home/ylspyrou/humble_ws/build/serial_motor_demo_msgs' returned '0': CMAKE_PREFIX_PATH=${CMAKE_PREFIX_PATH}:/home/ylspyrou/humble_ws/install/serial_motor_demo:/home/ylspyrou/humble_ws/install/ros2controlcli:/home/ylspyrou/humble_ws/install/ros2_control_test_nodes:/opt/ros/foxy /usr/bin/cmake --install /home/ylspyrou/humble_ws/build/serial_motor_demo_msgs
