-- The C compiler identification is GNU 9.4.0
-- The CXX compiler identification is GNU 9.4.0
-- Check for working C compiler: /usr/bin/cc
-- Check for working C compiler: /usr/bin/cc -- works
-- Detecting C compiler ABI info
-- Detecting C compiler ABI info - done
-- Detecting C compile features
-- Detecting C compile features - done
-- Check for working CXX compiler: /usr/bin/c++
-- Check for working CXX compiler: /usr/bin/c++ -- works
-- Detecting CXX compiler ABI info
-- Detecting CXX compiler ABI info - done
-- Detecting CXX compile features
-- Detecting CXX compile features - done
-- Found ament_cmake: 0.9.12 (/opt/ros/foxy/share/ament_cmake/cmake)
-- Found PythonInterp: /usr/bin/python3 (found suitable version "3.8.10", minimum required is "3") 
-- Using PYTHON_EXECUTABLE: /usr/bin/python3
-- Override CMake install command with custom implementation using symlinks instead of copying resources
-- Found control_msgs: 2.5.1 (/home/ylspyrou/humble_ws/install/control_msgs/share/control_msgs/cmake)
-- Using all available rosidl_typesupport_c: rosidl_typesupport_fastrtps_c;rosidl_typesupport_introspection_c
-- Found rosidl_adapter: 1.3.1 (/opt/ros/foxy/share/rosidl_adapter/cmake)
-- Found OpenSSL: /usr/lib/x86_64-linux-gnu/libcrypto.so (found version "1.1.1f")  
-- Found FastRTPS: /opt/ros/foxy/include  
-- Using all available rosidl_typesupport_cpp: rosidl_typesupport_fastrtps_cpp;rosidl_typesupport_introspection_cpp
-- Found pluginlib: 2.5.4 (/opt/ros/foxy/share/pluginlib/cmake)
-- Found TinyXML2: /usr/lib/x86_64-linux-gnu/libtinyxml2.so  
-- Found ament_lint_auto: 0.9.8 (/opt/ros/foxy/share/ament_lint_auto/cmake)
-- Found gmock sources under '/opt/ros/foxy/src/gmock_vendor': C++ tests using 'Google Mock' will be built
-- Found ament_cmake_gtest: 0.9.12 (/opt/ros/foxy/share/ament_cmake_gtest/cmake)
-- Found gtest sources under '/opt/ros/foxy/src/gtest_vendor': C++ tests using 'Google Test' will be built
-- Added test 'copyright' to check source files copyright and LICENSE
-- Added test 'cppcheck' to perform static code analysis on C / C++ code
-- Configured cppcheck include dirs: /home/ylspyrou/humble_ws/src/ros2_control/hardware_interface/include
-- Configured cppcheck exclude dirs and/or files: 
-- Added test 'lint_cmake' to check CMake code style
-- Added test 'xmllint' to check XML markup files
-- Configuring done
-- Generating done
-- Build files have been written to: /home/ylspyrou/humble_ws/build/hardware_interface
[35m[1mScanning dependencies of target hardware_interface[0m
[  2%] [32mBuilding CXX object CMakeFiles/hardware_interface.dir/src/actuator.cpp.o[0m
[  5%] [32mBuilding CXX object CMakeFiles/hardware_interface.dir/src/component_parser.cpp.o[0m
[  8%] [32mBuilding CXX object CMakeFiles/hardware_interface.dir/src/resource_manager.cpp.o[0m
[ 11%] [32mBuilding CXX object CMakeFiles/hardware_interface.dir/src/sensor.cpp.o[0m
[ 14%] [32mBuilding CXX object CMakeFiles/hardware_interface.dir/src/system.cpp.o[0m
[ 17%] [32m[1mLinking CXX shared library libhardware_interface.so[0m
[ 17%] Built target hardware_interface
[35m[1mScanning dependencies of target gmock[0m
[ 20%] [32mBuilding CXX object gmock/CMakeFiles/gmock.dir/opt/ros/foxy/src/gtest_vendor/src/gtest-all.cc.o[0m
[ 23%] [32mBuilding CXX object gmock/CMakeFiles/gmock.dir/src/gmock-all.cc.o[0m
[ 26%] [32m[1mLinking CXX static library libgmock.a[0m
[ 26%] Built target gmock
[35m[1mScanning dependencies of target gmock_main[0m
[ 29%] [32mBuilding CXX object gmock/CMakeFiles/gmock_main.dir/src/gmock_main.cc.o[0m
[ 32%] [32m[1mLinking CXX static library libgmock_main.a[0m
[ 32%] Built target gmock_main
[35m[1mScanning dependencies of target test_components[0m
[ 35%] [32mBuilding CXX object CMakeFiles/test_components.dir/test/test_components/test_actuator.cpp.o[0m
[ 38%] [32mBuilding CXX object CMakeFiles/test_components.dir/test/test_components/test_sensor.cpp.o[0m
[ 41%] [32mBuilding CXX object CMakeFiles/test_components.dir/test/test_components/test_system.cpp.o[0m
[ 44%] [32m[1mLinking CXX shared library libtest_components.so[0m
[ 44%] Built target test_components
[35m[1mScanning dependencies of target test_hardware_components[0m
[ 47%] [32mBuilding CXX object CMakeFiles/test_hardware_components.dir/test/test_hardware_components/test_single_joint_actuator.cpp.o[0m
[ 50%] [32mBuilding CXX object CMakeFiles/test_hardware_components.dir/test/test_hardware_components/test_force_torque_sensor.cpp.o[0m
[ 52%] [32mBuilding CXX object CMakeFiles/test_hardware_components.dir/test/test_hardware_components/test_two_joint_system.cpp.o[0m
[ 55%] [32mBuilding CXX object CMakeFiles/test_hardware_components.dir/test/test_hardware_components/test_system_with_command_modes.cpp.o[0m
[ 58%] [32m[1mLinking CXX shared library libtest_hardware_components.so[0m
[ 58%] Built target test_hardware_components
[35m[1mScanning dependencies of target test_generic_system[0m
[ 61%] [32mBuilding CXX object CMakeFiles/test_generic_system.dir/test/fake_components/test_generic_system.cpp.o[0m
[ 64%] [32m[1mLinking CXX executable test_generic_system[0m
[ 64%] Built target test_generic_system
[35m[1mScanning dependencies of target test_macros[0m
[ 67%] [32mBuilding CXX object CMakeFiles/test_macros.dir/test/test_macros.cpp.o[0m
[ 70%] [32m[1mLinking CXX executable test_macros[0m
[ 70%] Built target test_macros
[35m[1mScanning dependencies of target test_resource_manager[0m
[ 73%] [32mBuilding CXX object CMakeFiles/test_resource_manager.dir/test/test_resource_manager.cpp.o[0m
[ 76%] [32m[1mLinking CXX executable test_resource_manager[0m
[ 76%] Built target test_resource_manager
[35m[1mScanning dependencies of target fake_components[0m
[ 79%] [32mBuilding CXX object CMakeFiles/fake_components.dir/src/fake_components/generic_system.cpp.o[0m
[ 82%] [32m[1mLinking CXX shared library libfake_components.so[0m
[ 82%] Built target fake_components
[35m[1mScanning dependencies of target test_component_interfaces[0m
[ 85%] [32mBuilding CXX object CMakeFiles/test_component_interfaces.dir/test/test_component_interfaces.cpp.o[0m
[ 88%] [32m[1mLinking CXX executable test_component_interfaces[0m
[ 88%] Built target test_component_interfaces
[35m[1mScanning dependencies of target test_joint_handle[0m
[ 91%] [32mBuilding CXX object CMakeFiles/test_joint_handle.dir/test/test_handle.cpp.o[0m
[ 94%] [32m[1mLinking CXX executable test_joint_handle[0m
[ 94%] Built target test_joint_handle
[35m[1mScanning dependencies of target test_component_parser[0m
[ 97%] [32mBuilding CXX object CMakeFiles/test_component_parser.dir/test/test_component_parser.cpp.o[0m
[100%] [32m[1mLinking CXX executable test_component_parser[0m
[100%] Built target test_component_parser
-- Install configuration: ""
-- Execute custom install script
-- Symlinking: /home/ylspyrou/humble_ws/install/hardware_interface/share/hardware_interface//fake_components_plugin_description.xml
-- Symlinking: /home/ylspyrou/humble_ws/install/hardware_interface/include/fake_components/generic_system.hpp
-- Symlinking: /home/ylspyrou/humble_ws/install/hardware_interface/include/fake_components/visibility_control.h
-- Symlinking: /home/ylspyrou/humble_ws/install/hardware_interface/include/hardware_interface/actuator.hpp
-- Symlinking: /home/ylspyrou/humble_ws/install/hardware_interface/include/hardware_interface/actuator_interface.hpp
-- Symlinking: /home/ylspyrou/humble_ws/install/hardware_interface/include/hardware_interface/base_interface.hpp
-- Symlinking: /home/ylspyrou/humble_ws/install/hardware_interface/include/hardware_interface/component_parser.hpp
-- Symlinking: /home/ylspyrou/humble_ws/install/hardware_interface/include/hardware_interface/controller_info.hpp
-- Symlinking: /home/ylspyrou/humble_ws/install/hardware_interface/include/hardware_interface/handle.hpp
-- Symlinking: /home/ylspyrou/humble_ws/install/hardware_interface/include/hardware_interface/hardware_info.hpp
-- Symlinking: /home/ylspyrou/humble_ws/install/hardware_interface/include/hardware_interface/loaned_command_interface.hpp
-- Symlinking: /home/ylspyrou/humble_ws/install/hardware_interface/include/hardware_interface/loaned_state_interface.hpp
-- Symlinking: /home/ylspyrou/humble_ws/install/hardware_interface/include/hardware_interface/macros.hpp
-- Symlinking: /home/ylspyrou/humble_ws/install/hardware_interface/include/hardware_interface/resource_manager.hpp
-- Symlinking: /home/ylspyrou/humble_ws/install/hardware_interface/include/hardware_interface/sensor.hpp
-- Symlinking: /home/ylspyrou/humble_ws/install/hardware_interface/include/hardware_interface/sensor_interface.hpp
-- Symlinking: /home/ylspyrou/humble_ws/install/hardware_interface/include/hardware_interface/system.hpp
-- Symlinking: /home/ylspyrou/humble_ws/install/hardware_interface/include/hardware_interface/system_interface.hpp
-- Symlinking: /home/ylspyrou/humble_ws/install/hardware_interface/include/hardware_interface/types/hardware_interface_return_values.hpp
-- Symlinking: /home/ylspyrou/humble_ws/install/hardware_interface/include/hardware_interface/types/hardware_interface_status_values.hpp
-- Symlinking: /home/ylspyrou/humble_ws/install/hardware_interface/include/hardware_interface/types/hardware_interface_type_values.hpp
-- Symlinking: /home/ylspyrou/humble_ws/install/hardware_interface/include/hardware_interface/visibility_control.h
-- Symlinking: /home/ylspyrou/humble_ws/install/hardware_interface/lib/libfake_components.so
-- Symlinking: /home/ylspyrou/humble_ws/install/hardware_interface/lib/libhardware_interface.so
-- Symlinking: /home/ylspyrou/humble_ws/install/hardware_interface/lib/libtest_components.so
-- Symlinking: /home/ylspyrou/humble_ws/install/hardware_interface/share/hardware_interface/test/test_components/test_components.xml
-- Symlinking: /home/ylspyrou/humble_ws/install/hardware_interface/lib/libtest_hardware_components.so
-- Symlinking: /home/ylspyrou/humble_ws/install/hardware_interface/share/hardware_interface/test/test_hardware_components/test_hardware_components.xml
-- Symlinking: /home/ylspyrou/humble_ws/install/hardware_interface/share/hardware_interface/environment/library_path.sh
-- Symlinking: /home/ylspyrou/humble_ws/install/hardware_interface/share/hardware_interface/environment/library_path.dsv
-- Symlinking: /home/ylspyrou/humble_ws/install/hardware_interface/share/ament_index/resource_index/package_run_dependencies/hardware_interface
-- Symlinking: /home/ylspyrou/humble_ws/install/hardware_interface/share/ament_index/resource_index/parent_prefix_path/hardware_interface
-- Symlinking: /home/ylspyrou/humble_ws/install/hardware_interface/share/hardware_interface/environment/ament_prefix_path.sh
-- Symlinking: /home/ylspyrou/humble_ws/install/hardware_interface/share/hardware_interface/environment/ament_prefix_path.dsv
-- Symlinking: /home/ylspyrou/humble_ws/install/hardware_interface/share/hardware_interface/environment/path.sh
-- Symlinking: /home/ylspyrou/humble_ws/install/hardware_interface/share/hardware_interface/environment/path.dsv
-- Symlinking: /home/ylspyrou/humble_ws/install/hardware_interface/share/hardware_interface/local_setup.bash
-- Symlinking: /home/ylspyrou/humble_ws/install/hardware_interface/share/hardware_interface/local_setup.sh
-- Symlinking: /home/ylspyrou/humble_ws/install/hardware_interface/share/hardware_interface/local_setup.zsh
-- Symlinking: /home/ylspyrou/humble_ws/install/hardware_interface/share/hardware_interface/local_setup.dsv
-- Symlinking: /home/ylspyrou/humble_ws/install/hardware_interface/share/hardware_interface/package.dsv
-- Symlinking: /home/ylspyrou/humble_ws/install/hardware_interface/share/ament_index/resource_index/packages/hardware_interface
-- Symlinking: /home/ylspyrou/humble_ws/install/hardware_interface/share/ament_index/resource_index/hardware_interface__pluginlib__plugin/hardware_interface
-- Symlinking: /home/ylspyrou/humble_ws/install/hardware_interface/share/hardware_interface/cmake/ament_cmake_export_include_directories-extras.cmake
-- Symlinking: /home/ylspyrou/humble_ws/install/hardware_interface/share/hardware_interface/cmake/ament_cmake_export_libraries-extras.cmake
-- Symlinking: /home/ylspyrou/humble_ws/install/hardware_interface/share/hardware_interface/cmake/ament_cmake_export_dependencies-extras.cmake
-- Symlinking: /home/ylspyrou/humble_ws/install/hardware_interface/share/hardware_interface/cmake/hardware_interfaceConfig.cmake
-- Symlinking: /home/ylspyrou/humble_ws/install/hardware_interface/share/hardware_interface/cmake/hardware_interfaceConfig-version.cmake
-- Symlinking: /home/ylspyrou/humble_ws/install/hardware_interface/share/hardware_interface/package.xml
