[0.086s] Invoking command in '/home/ylspyrou/humble_ws/build/hardware_interface': AMENT_PREFIX_PATH=/home/ylspyrou/humble_ws/install/ros2_control_test_assets:/home/ylspyrou/humble_ws/install/control_msgs:${AMENT_PREFIX_PATH} CMAKE_PREFIX_PATH=/home/ylspyrou/humble_ws/install/ros2_control_test_assets:/home/ylspyrou/humble_ws/install/control_msgs:/opt/ros/foxy LD_LIBRARY_PATH=/home/ylspyrou/humble_ws/install/control_msgs/lib:${LD_LIBRARY_PATH} PYTHONPATH=/home/ylspyrou/humble_ws/install/control_msgs/lib/python3.8/site-packages:${PYTHONPATH} /usr/bin/cmake /home/ylspyrou/humble_ws/src/ros2_control/hardware_interface -DAMENT_CMAKE_SYMLINK_INSTALL=1 -DCMAKE_INSTALL_PREFIX=/home/ylspyrou/humble_ws/install/hardware_interface
[0.611s] -- The C compiler identification is GNU 9.4.0
[0.735s] -- The CXX compiler identification is GNU 9.4.0
[0.826s] -- Check for working C compiler: /usr/bin/cc
[1.093s] -- Check for working C compiler: /usr/bin/cc -- works
[1.101s] -- Detecting C compiler ABI info
[1.294s] -- Detecting C compiler ABI info - done
[1.315s] -- Detecting C compile features
[1.316s] -- Detecting C compile features - done
[1.332s] -- Check for working CXX compiler: /usr/bin/c++
[1.607s] -- Check for working CXX compiler: /usr/bin/c++ -- works
[1.607s] -- Detecting CXX compiler ABI info
[1.858s] -- Detecting CXX compiler ABI info - done
[1.889s] -- Detecting CXX compile features
[1.892s] -- Detecting CXX compile features - done
[1.917s] -- Found ament_cmake: 0.9.12 (/opt/ros/foxy/share/ament_cmake/cmake)
[2.024s] -- Found PythonInterp: /usr/bin/python3 (found suitable version "3.8.10", minimum required is "3") 
[2.024s] -- Using PYTHON_EXECUTABLE: /usr/bin/python3
[2.558s] -- Override CMake install command with custom implementation using symlinks instead of copying resources
[2.621s] -- Found control_msgs: 2.5.1 (/home/ylspyrou/humble_ws/install/control_msgs/share/control_msgs/cmake)
[2.696s] -- Using all available rosidl_typesupport_c: rosidl_typesupport_fastrtps_c;rosidl_typesupport_introspection_c
[2.715s] -- Found rosidl_adapter: 1.3.1 (/opt/ros/foxy/share/rosidl_adapter/cmake)
[2.852s] -- Found OpenSSL: /usr/lib/x86_64-linux-gnu/libcrypto.so (found version "1.1.1f")  
[2.896s] -- Found FastRTPS: /opt/ros/foxy/include  
[3.031s] -- Using all available rosidl_typesupport_cpp: rosidl_typesupport_fastrtps_cpp;rosidl_typesupport_introspection_cpp
[3.709s] -- Found pluginlib: 2.5.4 (/opt/ros/foxy/share/pluginlib/cmake)
[3.769s] -- Found TinyXML2: /usr/lib/x86_64-linux-gnu/libtinyxml2.so  
[3.775s] -- Found ament_lint_auto: 0.9.8 (/opt/ros/foxy/share/ament_lint_auto/cmake)
[3.893s] -- Found gmock sources under '/opt/ros/foxy/src/gmock_vendor': C++ tests using 'Google Mock' will be built
[3.900s] -- Found ament_cmake_gtest: 0.9.12 (/opt/ros/foxy/share/ament_cmake_gtest/cmake)
[3.903s] -- Found gtest sources under '/opt/ros/foxy/src/gtest_vendor': C++ tests using 'Google Test' will be built
[3.964s] -- Added test 'copyright' to check source files copyright and LICENSE
[3.972s] -- Added test 'cppcheck' to perform static code analysis on C / C++ code
[3.973s] -- Configured cppcheck include dirs: /home/ylspyrou/humble_ws/src/ros2_control/hardware_interface/include
[3.973s] -- Configured cppcheck exclude dirs and/or files: 
[3.976s] -- Added test 'lint_cmake' to check CMake code style
[3.978s] -- Added test 'xmllint' to check XML markup files
[3.988s] -- Configuring done
[4.040s] -- Generating done
[4.044s] -- Build files have been written to: /home/ylspyrou/humble_ws/build/hardware_interface
[4.058s] Invoked command in '/home/ylspyrou/humble_ws/build/hardware_interface' returned '0': AMENT_PREFIX_PATH=/home/ylspyrou/humble_ws/install/ros2_control_test_assets:/home/ylspyrou/humble_ws/install/control_msgs:${AMENT_PREFIX_PATH} CMAKE_PREFIX_PATH=/home/ylspyrou/humble_ws/install/ros2_control_test_assets:/home/ylspyrou/humble_ws/install/control_msgs:/opt/ros/foxy LD_LIBRARY_PATH=/home/ylspyrou/humble_ws/install/control_msgs/lib:${LD_LIBRARY_PATH} PYTHONPATH=/home/ylspyrou/humble_ws/install/control_msgs/lib/python3.8/site-packages:${PYTHONPATH} /usr/bin/cmake /home/ylspyrou/humble_ws/src/ros2_control/hardware_interface -DAMENT_CMAKE_SYMLINK_INSTALL=1 -DCMAKE_INSTALL_PREFIX=/home/ylspyrou/humble_ws/install/hardware_interface
[4.060s] Invoking command in '/home/ylspyrou/humble_ws/build/hardware_interface': AMENT_PREFIX_PATH=/home/ylspyrou/humble_ws/install/ros2_control_test_assets:/home/ylspyrou/humble_ws/install/control_msgs:${AMENT_PREFIX_PATH} CMAKE_PREFIX_PATH=/home/ylspyrou/humble_ws/install/ros2_control_test_assets:/home/ylspyrou/humble_ws/install/control_msgs:/opt/ros/foxy LD_LIBRARY_PATH=/home/ylspyrou/humble_ws/install/control_msgs/lib:${LD_LIBRARY_PATH} PYTHONPATH=/home/ylspyrou/humble_ws/install/control_msgs/lib/python3.8/site-packages:${PYTHONPATH} /usr/bin/cmake --build /home/ylspyrou/humble_ws/build/hardware_interface -- -j2 -l2
[4.104s] [35m[1mScanning dependencies of target hardware_interface[0m
[4.171s] [  2%] [32mBuilding CXX object CMakeFiles/hardware_interface.dir/src/actuator.cpp.o[0m
[4.659s] [  5%] [32mBuilding CXX object CMakeFiles/hardware_interface.dir/src/component_parser.cpp.o[0m
[8.530s] [  8%] [32mBuilding CXX object CMakeFiles/hardware_interface.dir/src/resource_manager.cpp.o[0m
[14.685s] [ 11%] [32mBuilding CXX object CMakeFiles/hardware_interface.dir/src/sensor.cpp.o[0m
[15.161s] [ 14%] [32mBuilding CXX object CMakeFiles/hardware_interface.dir/src/system.cpp.o[0m
[15.534s] [ 17%] [32m[1mLinking CXX shared library libhardware_interface.so[0m
[15.884s] [ 17%] Built target hardware_interface
[15.899s] [35m[1mScanning dependencies of target gmock[0m
[15.931s] [ 20%] [32mBuilding CXX object gmock/CMakeFiles/gmock.dir/opt/ros/foxy/src/gtest_vendor/src/gtest-all.cc.o[0m
[19.992s] [ 23%] [32mBuilding CXX object gmock/CMakeFiles/gmock.dir/src/gmock-all.cc.o[0m
[22.288s] [ 26%] [32m[1mLinking CXX static library libgmock.a[0m
[22.406s] [ 26%] Built target gmock
[22.420s] [35m[1mScanning dependencies of target gmock_main[0m
[22.474s] [ 29%] [32mBuilding CXX object gmock/CMakeFiles/gmock_main.dir/src/gmock_main.cc.o[0m
[23.574s] [ 32%] [32m[1mLinking CXX static library libgmock_main.a[0m
[23.623s] [ 32%] Built target gmock_main
[23.638s] [35m[1mScanning dependencies of target test_components[0m
[23.656s] [ 35%] [32mBuilding CXX object CMakeFiles/test_components.dir/test/test_components/test_actuator.cpp.o[0m
[24.738s] [ 38%] [32mBuilding CXX object CMakeFiles/test_components.dir/test/test_components/test_sensor.cpp.o[0m
[25.665s] [ 41%] [32mBuilding CXX object CMakeFiles/test_components.dir/test/test_components/test_system.cpp.o[0m
[26.676s] [ 44%] [32m[1mLinking CXX shared library libtest_components.so[0m
[26.827s] [ 44%] Built target test_components
[26.841s] [35m[1mScanning dependencies of target test_hardware_components[0m
[26.862s] [ 47%] [32mBuilding CXX object CMakeFiles/test_hardware_components.dir/test/test_hardware_components/test_single_joint_actuator.cpp.o[0m
[28.109s] [ 50%] [32mBuilding CXX object CMakeFiles/test_hardware_components.dir/test/test_hardware_components/test_force_torque_sensor.cpp.o[0m
[29.094s] [ 52%] [32mBuilding CXX object CMakeFiles/test_hardware_components.dir/test/test_hardware_components/test_two_joint_system.cpp.o[0m
[30.079s] [ 55%] [32mBuilding CXX object CMakeFiles/test_hardware_components.dir/test/test_hardware_components/test_system_with_command_modes.cpp.o[0m
[31.474s] [ 58%] [32m[1mLinking CXX shared library libtest_hardware_components.so[0m
[31.678s] [ 58%] Built target test_hardware_components
[31.693s] [35m[1mScanning dependencies of target test_generic_system[0m
[31.740s] [ 61%] [32mBuilding CXX object CMakeFiles/test_generic_system.dir/test/fake_components/test_generic_system.cpp.o[0m
[34.531s] [ 64%] [32m[1mLinking CXX executable test_generic_system[0m
[34.810s] [ 64%] Built target test_generic_system
[34.823s] [35m[1mScanning dependencies of target test_macros[0m
[34.842s] [ 67%] [32mBuilding CXX object CMakeFiles/test_macros.dir/test/test_macros.cpp.o[0m
[35.918s] [ 70%] [32m[1mLinking CXX executable test_macros[0m
[36.163s] [ 70%] Built target test_macros
[36.176s] [35m[1mScanning dependencies of target test_resource_manager[0m
[36.200s] [ 73%] [32mBuilding CXX object CMakeFiles/test_resource_manager.dir/test/test_resource_manager.cpp.o[0m
[37.821s] [ 76%] [32m[1mLinking CXX executable test_resource_manager[0m
[38.080s] [ 76%] Built target test_resource_manager
[38.099s] [35m[1mScanning dependencies of target fake_components[0m
[38.128s] [ 79%] [32mBuilding CXX object CMakeFiles/fake_components.dir/src/fake_components/generic_system.cpp.o[0m
[39.779s] [ 82%] [32m[1mLinking CXX shared library libfake_components.so[0m
[39.947s] [ 82%] Built target fake_components
[39.963s] [35m[1mScanning dependencies of target test_component_interfaces[0m
[39.999s] [ 85%] [32mBuilding CXX object CMakeFiles/test_component_interfaces.dir/test/test_component_interfaces.cpp.o[0m
[41.952s] [ 88%] [32m[1mLinking CXX executable test_component_interfaces[0m
[42.296s] [ 88%] Built target test_component_interfaces
[42.308s] [35m[1mScanning dependencies of target test_joint_handle[0m
[42.343s] [ 91%] [32mBuilding CXX object CMakeFiles/test_joint_handle.dir/test/test_handle.cpp.o[0m
[43.417s] [ 94%] [32m[1mLinking CXX executable test_joint_handle[0m
[43.643s] [ 94%] Built target test_joint_handle
[43.654s] [35m[1mScanning dependencies of target test_component_parser[0m
[43.687s] [ 97%] [32mBuilding CXX object CMakeFiles/test_component_parser.dir/test/test_component_parser.cpp.o[0m
[46.724s] [100%] [32m[1mLinking CXX executable test_component_parser[0m
[47.076s] [100%] Built target test_component_parser
[47.099s] Invoked command in '/home/ylspyrou/humble_ws/build/hardware_interface' returned '0': AMENT_PREFIX_PATH=/home/ylspyrou/humble_ws/install/ros2_control_test_assets:/home/ylspyrou/humble_ws/install/control_msgs:${AMENT_PREFIX_PATH} CMAKE_PREFIX_PATH=/home/ylspyrou/humble_ws/install/ros2_control_test_assets:/home/ylspyrou/humble_ws/install/control_msgs:/opt/ros/foxy LD_LIBRARY_PATH=/home/ylspyrou/humble_ws/install/control_msgs/lib:${LD_LIBRARY_PATH} PYTHONPATH=/home/ylspyrou/humble_ws/install/control_msgs/lib/python3.8/site-packages:${PYTHONPATH} /usr/bin/cmake --build /home/ylspyrou/humble_ws/build/hardware_interface -- -j2 -l2
[47.170s] Invoking command in '/home/ylspyrou/humble_ws/build/hardware_interface': AMENT_PREFIX_PATH=/home/ylspyrou/humble_ws/install/ros2_control_test_assets:/home/ylspyrou/humble_ws/install/control_msgs:${AMENT_PREFIX_PATH} CMAKE_PREFIX_PATH=/home/ylspyrou/humble_ws/install/ros2_control_test_assets:/home/ylspyrou/humble_ws/install/control_msgs:/opt/ros/foxy LD_LIBRARY_PATH=/home/ylspyrou/humble_ws/install/control_msgs/lib:${LD_LIBRARY_PATH} PYTHONPATH=/home/ylspyrou/humble_ws/install/control_msgs/lib/python3.8/site-packages:${PYTHONPATH} /usr/bin/cmake --install /home/ylspyrou/humble_ws/build/hardware_interface
[47.183s] -- Install configuration: ""
[47.183s] -- Execute custom install script
[47.186s] -- Symlinking: /home/ylspyrou/humble_ws/install/hardware_interface/share/hardware_interface//fake_components_plugin_description.xml
[47.197s] -- Symlinking: /home/ylspyrou/humble_ws/install/hardware_interface/include/fake_components/generic_system.hpp
[47.209s] -- Symlinking: /home/ylspyrou/humble_ws/install/hardware_interface/include/fake_components/visibility_control.h
[47.220s] -- Symlinking: /home/ylspyrou/humble_ws/install/hardware_interface/include/hardware_interface/actuator.hpp
[47.230s] -- Symlinking: /home/ylspyrou/humble_ws/install/hardware_interface/include/hardware_interface/actuator_interface.hpp
[47.240s] -- Symlinking: /home/ylspyrou/humble_ws/install/hardware_interface/include/hardware_interface/base_interface.hpp
[47.253s] -- Symlinking: /home/ylspyrou/humble_ws/install/hardware_interface/include/hardware_interface/component_parser.hpp
[47.269s] -- Symlinking: /home/ylspyrou/humble_ws/install/hardware_interface/include/hardware_interface/controller_info.hpp
[47.283s] -- Symlinking: /home/ylspyrou/humble_ws/install/hardware_interface/include/hardware_interface/handle.hpp
[47.301s] -- Symlinking: /home/ylspyrou/humble_ws/install/hardware_interface/include/hardware_interface/hardware_info.hpp
[47.317s] -- Symlinking: /home/ylspyrou/humble_ws/install/hardware_interface/include/hardware_interface/loaned_command_interface.hpp
[47.332s] -- Symlinking: /home/ylspyrou/humble_ws/install/hardware_interface/include/hardware_interface/loaned_state_interface.hpp
[47.346s] -- Symlinking: /home/ylspyrou/humble_ws/install/hardware_interface/include/hardware_interface/macros.hpp
[47.360s] -- Symlinking: /home/ylspyrou/humble_ws/install/hardware_interface/include/hardware_interface/resource_manager.hpp
[47.374s] -- Symlinking: /home/ylspyrou/humble_ws/install/hardware_interface/include/hardware_interface/sensor.hpp
[47.385s] -- Symlinking: /home/ylspyrou/humble_ws/install/hardware_interface/include/hardware_interface/sensor_interface.hpp
[47.405s] -- Symlinking: /home/ylspyrou/humble_ws/install/hardware_interface/include/hardware_interface/system.hpp
[47.418s] -- Symlinking: /home/ylspyrou/humble_ws/install/hardware_interface/include/hardware_interface/system_interface.hpp
[47.435s] -- Symlinking: /home/ylspyrou/humble_ws/install/hardware_interface/include/hardware_interface/types/hardware_interface_return_values.hpp
[47.451s] -- Symlinking: /home/ylspyrou/humble_ws/install/hardware_interface/include/hardware_interface/types/hardware_interface_status_values.hpp
[47.468s] -- Symlinking: /home/ylspyrou/humble_ws/install/hardware_interface/include/hardware_interface/types/hardware_interface_type_values.hpp
[47.486s] -- Symlinking: /home/ylspyrou/humble_ws/install/hardware_interface/include/hardware_interface/visibility_control.h
[47.501s] -- Symlinking: /home/ylspyrou/humble_ws/install/hardware_interface/lib/libfake_components.so
[47.513s] -- Symlinking: /home/ylspyrou/humble_ws/install/hardware_interface/lib/libhardware_interface.so
[47.524s] -- Symlinking: /home/ylspyrou/humble_ws/install/hardware_interface/lib/libtest_components.so
[47.539s] -- Symlinking: /home/ylspyrou/humble_ws/install/hardware_interface/share/hardware_interface/test/test_components/test_components.xml
[47.555s] -- Symlinking: /home/ylspyrou/humble_ws/install/hardware_interface/lib/libtest_hardware_components.so
[47.577s] -- Symlinking: /home/ylspyrou/humble_ws/install/hardware_interface/share/hardware_interface/test/test_hardware_components/test_hardware_components.xml
[47.601s] -- Symlinking: /home/ylspyrou/humble_ws/install/hardware_interface/share/hardware_interface/environment/library_path.sh
[47.625s] -- Symlinking: /home/ylspyrou/humble_ws/install/hardware_interface/share/hardware_interface/environment/library_path.dsv
[47.649s] -- Symlinking: /home/ylspyrou/humble_ws/install/hardware_interface/share/ament_index/resource_index/package_run_dependencies/hardware_interface
[47.670s] -- Symlinking: /home/ylspyrou/humble_ws/install/hardware_interface/share/ament_index/resource_index/parent_prefix_path/hardware_interface
[47.689s] -- Symlinking: /home/ylspyrou/humble_ws/install/hardware_interface/share/hardware_interface/environment/ament_prefix_path.sh
[47.710s] -- Symlinking: /home/ylspyrou/humble_ws/install/hardware_interface/share/hardware_interface/environment/ament_prefix_path.dsv
[47.736s] -- Symlinking: /home/ylspyrou/humble_ws/install/hardware_interface/share/hardware_interface/environment/path.sh
[47.757s] -- Symlinking: /home/ylspyrou/humble_ws/install/hardware_interface/share/hardware_interface/environment/path.dsv
[47.775s] -- Symlinking: /home/ylspyrou/humble_ws/install/hardware_interface/share/hardware_interface/local_setup.bash
[47.797s] -- Symlinking: /home/ylspyrou/humble_ws/install/hardware_interface/share/hardware_interface/local_setup.sh
[47.822s] -- Symlinking: /home/ylspyrou/humble_ws/install/hardware_interface/share/hardware_interface/local_setup.zsh
[47.840s] -- Symlinking: /home/ylspyrou/humble_ws/install/hardware_interface/share/hardware_interface/local_setup.dsv
[47.857s] -- Symlinking: /home/ylspyrou/humble_ws/install/hardware_interface/share/hardware_interface/package.dsv
[47.875s] -- Symlinking: /home/ylspyrou/humble_ws/install/hardware_interface/share/ament_index/resource_index/packages/hardware_interface
[47.891s] -- Symlinking: /home/ylspyrou/humble_ws/install/hardware_interface/share/ament_index/resource_index/hardware_interface__pluginlib__plugin/hardware_interface
[47.908s] -- Symlinking: /home/ylspyrou/humble_ws/install/hardware_interface/share/hardware_interface/cmake/ament_cmake_export_include_directories-extras.cmake
[47.925s] -- Symlinking: /home/ylspyrou/humble_ws/install/hardware_interface/share/hardware_interface/cmake/ament_cmake_export_libraries-extras.cmake
[47.943s] -- Symlinking: /home/ylspyrou/humble_ws/install/hardware_interface/share/hardware_interface/cmake/ament_cmake_export_dependencies-extras.cmake
[47.958s] -- Symlinking: /home/ylspyrou/humble_ws/install/hardware_interface/share/hardware_interface/cmake/hardware_interfaceConfig.cmake
[47.970s] -- Symlinking: /home/ylspyrou/humble_ws/install/hardware_interface/share/hardware_interface/cmake/hardware_interfaceConfig-version.cmake
[47.984s] -- Symlinking: /home/ylspyrou/humble_ws/install/hardware_interface/share/hardware_interface/package.xml
[47.995s] Invoked command in '/home/ylspyrou/humble_ws/build/hardware_interface' returned '0': AMENT_PREFIX_PATH=/home/ylspyrou/humble_ws/install/ros2_control_test_assets:/home/ylspyrou/humble_ws/install/control_msgs:${AMENT_PREFIX_PATH} CMAKE_PREFIX_PATH=/home/ylspyrou/humble_ws/install/ros2_control_test_assets:/home/ylspyrou/humble_ws/install/control_msgs:/opt/ros/foxy LD_LIBRARY_PATH=/home/ylspyrou/humble_ws/install/control_msgs/lib:${LD_LIBRARY_PATH} PYTHONPATH=/home/ylspyrou/humble_ws/install/control_msgs/lib/python3.8/site-packages:${PYTHONPATH} /usr/bin/cmake --install /home/ylspyrou/humble_ws/build/hardware_interface
