running develop
running egg_info
creating serial_motor_demo.egg-info
writing serial_motor_demo.egg-info/PKG-INFO
writing dependency_links to serial_motor_demo.egg-info/dependency_links.txt
writing entry points to serial_motor_demo.egg-info/entry_points.txt
writing requirements to serial_motor_demo.egg-info/requires.txt
writing top-level names to serial_motor_demo.egg-info/top_level.txt
writing manifest file 'serial_motor_demo.egg-info/SOURCES.txt'
reading manifest file 'serial_motor_demo.egg-info/SOURCES.txt'
writing manifest file 'serial_motor_demo.egg-info/SOURCES.txt'
running build_ext
Creating /home/ylspyrou/humble_ws/install/serial_motor_demo/lib/python3.8/site-packages/site.py
Creating /home/ylspyrou/humble_ws/install/serial_motor_demo/lib/python3.8/site-packages/serial-motor-demo.egg-link (link to .)
Installing driver script to /home/ylspyrou/humble_ws/install/serial_motor_demo/lib/serial_motor_demo
Installing gui script to /home/ylspyrou/humble_ws/install/serial_motor_demo/lib/serial_motor_demo

Installed /home/ylspyrou/humble_ws/build/serial_motor_demo
running symlink_data
creating /home/ylspyrou/humble_ws/install/serial_motor_demo/share/ament_index
creating /home/ylspyrou/humble_ws/install/serial_motor_demo/share/ament_index/resource_index
creating /home/ylspyrou/humble_ws/install/serial_motor_demo/share/ament_index/resource_index/packages
symbolically linking /home/ylspyrou/humble_ws/build/serial_motor_demo/resource/serial_motor_demo -> /home/ylspyrou/humble_ws/install/serial_motor_demo/share/ament_index/resource_index/packages
symbolically linking /home/ylspyrou/humble_ws/build/serial_motor_demo/package.xml -> /home/ylspyrou/humble_ws/install/serial_motor_demo/share/serial_motor_demo
