[0.720s] Invoking command in '/home/ylspyrou/humble_ws/build/serial_motor_demo': AMENT_PREFIX_PATH=/home/ylspyrou/humble_ws/install/serial_motor_demo_msgs:${AMENT_PREFIX_PATH} CMAKE_PREFIX_PATH=/home/ylspyrou/humble_ws/install/serial_motor_demo_msgs:${CMAKE_PREFIX_PATH} LD_LIBRARY_PATH=/home/ylspyrou/humble_ws/install/serial_motor_demo_msgs/lib:${LD_LIBRARY_PATH} PYTHONPATH=/home/ylspyrou/humble_ws/build/serial_motor_demo/prefix_override:/usr/lib/python3/dist-packages/colcon_core/task/python/colcon_distutils_commands:/home/ylspyrou/humble_ws/install/serial_motor_demo/lib/python3.8/site-packages:/home/ylspyrou/humble_ws/install/serial_motor_demo_msgs/lib/python3.8/site-packages:${PYTHONPATH} /usr/bin/python3 -W ignore:setup.py install is deprecated setup.py develop --editable --build-directory /home/ylspyrou/humble_ws/build/serial_motor_demo/build --no-deps symlink_data
[0.921s] running develop
[1.033s] running egg_info
[1.033s] creating serial_motor_demo.egg-info
[1.033s] writing serial_motor_demo.egg-info/PKG-INFO
[1.034s] writing dependency_links to serial_motor_demo.egg-info/dependency_links.txt
[1.034s] writing entry points to serial_motor_demo.egg-info/entry_points.txt
[1.034s] writing requirements to serial_motor_demo.egg-info/requires.txt
[1.035s] writing top-level names to serial_motor_demo.egg-info/top_level.txt
[1.040s] writing manifest file 'serial_motor_demo.egg-info/SOURCES.txt'
[1.069s] reading manifest file 'serial_motor_demo.egg-info/SOURCES.txt'
[1.069s] writing manifest file 'serial_motor_demo.egg-info/SOURCES.txt'
[1.100s] running build_ext
[1.102s] Creating /home/ylspyrou/humble_ws/install/serial_motor_demo/lib/python3.8/site-packages/site.py
[1.104s] Creating /home/ylspyrou/humble_ws/install/serial_motor_demo/lib/python3.8/site-packages/serial-motor-demo.egg-link (link to .)
[1.105s] Installing driver script to /home/ylspyrou/humble_ws/install/serial_motor_demo/lib/serial_motor_demo
[1.105s] Installing gui script to /home/ylspyrou/humble_ws/install/serial_motor_demo/lib/serial_motor_demo
[1.105s] 
[1.106s] Installed /home/ylspyrou/humble_ws/build/serial_motor_demo
[1.106s] running symlink_data
[1.106s] creating /home/ylspyrou/humble_ws/install/serial_motor_demo/share/ament_index
[1.106s] creating /home/ylspyrou/humble_ws/install/serial_motor_demo/share/ament_index/resource_index
[1.106s] creating /home/ylspyrou/humble_ws/install/serial_motor_demo/share/ament_index/resource_index/packages
[1.106s] symbolically linking /home/ylspyrou/humble_ws/build/serial_motor_demo/resource/serial_motor_demo -> /home/ylspyrou/humble_ws/install/serial_motor_demo/share/ament_index/resource_index/packages
[1.106s] symbolically linking /home/ylspyrou/humble_ws/build/serial_motor_demo/package.xml -> /home/ylspyrou/humble_ws/install/serial_motor_demo/share/serial_motor_demo
[1.146s] Invoked command in '/home/ylspyrou/humble_ws/build/serial_motor_demo' returned '0': AMENT_PREFIX_PATH=/home/ylspyrou/humble_ws/install/serial_motor_demo_msgs:${AMENT_PREFIX_PATH} CMAKE_PREFIX_PATH=/home/ylspyrou/humble_ws/install/serial_motor_demo_msgs:${CMAKE_PREFIX_PATH} LD_LIBRARY_PATH=/home/ylspyrou/humble_ws/install/serial_motor_demo_msgs/lib:${LD_LIBRARY_PATH} PYTHONPATH=/home/ylspyrou/humble_ws/build/serial_motor_demo/prefix_override:/usr/lib/python3/dist-packages/colcon_core/task/python/colcon_distutils_commands:/home/ylspyrou/humble_ws/install/serial_motor_demo/lib/python3.8/site-packages:/home/ylspyrou/humble_ws/install/serial_motor_demo_msgs/lib/python3.8/site-packages:${PYTHONPATH} /usr/bin/python3 -W ignore:setup.py install is deprecated setup.py develop --editable --build-directory /home/ylspyrou/humble_ws/build/serial_motor_demo/build --no-deps symlink_data
