[0.040s] Invoking command in '/home/ylspyrou/humble_ws/build/ros2_control_demo_hardware': AMENT_PREFIX_PATH=/home/ylspyrou/humble_ws/install/hardware_interface:/home/ylspyrou/humble_ws/install/ros2_control_test_assets:/home/ylspyrou/humble_ws/install/control_msgs:${AMENT_PREFIX_PATH} CMAKE_PREFIX_PATH=/home/ylspyrou/humble_ws/install/hardware_interface:/home/ylspyrou/humble_ws/install/ros2_control_test_assets:/home/ylspyrou/humble_ws/install/control_msgs:/opt/ros/foxy LD_LIBRARY_PATH=/home/ylspyrou/humble_ws/install/hardware_interface/lib:/home/ylspyrou/humble_ws/install/control_msgs/lib:${LD_LIBRARY_PATH} PYTHONPATH=/home/ylspyrou/humble_ws/install/control_msgs/lib/python3.8/site-packages:${PYTHONPATH} /usr/bin/cmake /home/ylspyrou/humble_ws/src/ros2_control_demos/ros2_control_demo_hardware -DAMENT_CMAKE_SYMLINK_INSTALL=1 -DCMAKE_INSTALL_PREFIX=/home/ylspyrou/humble_ws/install/ros2_control_demo_hardware
[0.158s] -- The C compiler identification is GNU 9.4.0
[0.312s] -- The CXX compiler identification is GNU 9.4.0
[0.321s] -- Check for working C compiler: /usr/bin/cc
[0.551s] -- Check for working C compiler: /usr/bin/cc -- works
[0.551s] -- Detecting C compiler ABI info
[0.775s] -- Detecting C compiler ABI info - done
[0.805s] -- Detecting C compile features
[0.826s] -- Detecting C compile features - done
[0.829s] -- Check for working CXX compiler: /usr/bin/c++
[1.033s] -- Check for working CXX compiler: /usr/bin/c++ -- works
[1.034s] -- Detecting CXX compiler ABI info
[1.265s] -- Detecting CXX compiler ABI info - done
[1.307s] -- Detecting CXX compile features
[1.308s] -- Detecting CXX compile features - done
[1.314s] -- Found ament_cmake: 0.9.12 (/opt/ros/foxy/share/ament_cmake/cmake)
[1.361s] -- Found PythonInterp: /usr/bin/python3 (found suitable version "3.8.10", minimum required is "3") 
[1.361s] -- Using PYTHON_EXECUTABLE: /usr/bin/python3
[1.782s] -- Override CMake install command with custom implementation using symlinks instead of copying resources
[1.830s] -- Found hardware_interface: 0.11.0 (/home/ylspyrou/humble_ws/install/hardware_interface/share/hardware_interface/cmake)
[1.926s] -- Using all available rosidl_typesupport_c: rosidl_typesupport_fastrtps_c;rosidl_typesupport_introspection_c
[1.953s] -- Found rosidl_adapter: 1.3.1 (/opt/ros/foxy/share/rosidl_adapter/cmake)
[2.176s] -- Found OpenSSL: /usr/lib/x86_64-linux-gnu/libcrypto.so (found version "1.1.1f")  
[2.237s] -- Found FastRTPS: /opt/ros/foxy/include  
[2.410s] -- Using all available rosidl_typesupport_cpp: rosidl_typesupport_fastrtps_cpp;rosidl_typesupport_introspection_cpp
[3.398s] -- Found rclcpp: 2.4.3 (/opt/ros/foxy/share/rclcpp/cmake)
[3.567s] -- Found rmw_implementation_cmake: 1.0.4 (/opt/ros/foxy/share/rmw_implementation_cmake/cmake)
[3.572s] -- Using RMW implementation 'rmw_fastrtps_cpp' as default
[3.577s] -- Looking for pthread.h
[3.752s] -- Looking for pthread.h - found
[3.753s] -- Performing Test CMAKE_HAVE_LIBC_PTHREAD
[3.940s] -- Performing Test CMAKE_HAVE_LIBC_PTHREAD - Failed
[3.940s] -- Looking for pthread_create in pthreads
[4.075s] -- Looking for pthread_create in pthreads - not found
[4.075s] -- Looking for pthread_create in pthread
[4.186s] -- Looking for pthread_create in pthread - found
[4.186s] -- Found Threads: TRUE  
[4.503s] -- Found ament_cmake_gtest: 0.9.12 (/opt/ros/foxy/share/ament_cmake_gtest/cmake)
[4.621s] -- Configuring done
[4.654s] -- Generating done
[4.661s] -- Build files have been written to: /home/ylspyrou/humble_ws/build/ros2_control_demo_hardware
[4.683s] Invoked command in '/home/ylspyrou/humble_ws/build/ros2_control_demo_hardware' returned '0': AMENT_PREFIX_PATH=/home/ylspyrou/humble_ws/install/hardware_interface:/home/ylspyrou/humble_ws/install/ros2_control_test_assets:/home/ylspyrou/humble_ws/install/control_msgs:${AMENT_PREFIX_PATH} CMAKE_PREFIX_PATH=/home/ylspyrou/humble_ws/install/hardware_interface:/home/ylspyrou/humble_ws/install/ros2_control_test_assets:/home/ylspyrou/humble_ws/install/control_msgs:/opt/ros/foxy LD_LIBRARY_PATH=/home/ylspyrou/humble_ws/install/hardware_interface/lib:/home/ylspyrou/humble_ws/install/control_msgs/lib:${LD_LIBRARY_PATH} PYTHONPATH=/home/ylspyrou/humble_ws/install/control_msgs/lib/python3.8/site-packages:${PYTHONPATH} /usr/bin/cmake /home/ylspyrou/humble_ws/src/ros2_control_demos/ros2_control_demo_hardware -DAMENT_CMAKE_SYMLINK_INSTALL=1 -DCMAKE_INSTALL_PREFIX=/home/ylspyrou/humble_ws/install/ros2_control_demo_hardware
[4.687s] Invoking command in '/home/ylspyrou/humble_ws/build/ros2_control_demo_hardware': AMENT_PREFIX_PATH=/home/ylspyrou/humble_ws/install/hardware_interface:/home/ylspyrou/humble_ws/install/ros2_control_test_assets:/home/ylspyrou/humble_ws/install/control_msgs:${AMENT_PREFIX_PATH} CMAKE_PREFIX_PATH=/home/ylspyrou/humble_ws/install/hardware_interface:/home/ylspyrou/humble_ws/install/ros2_control_test_assets:/home/ylspyrou/humble_ws/install/control_msgs:/opt/ros/foxy LD_LIBRARY_PATH=/home/ylspyrou/humble_ws/install/hardware_interface/lib:/home/ylspyrou/humble_ws/install/control_msgs/lib:${LD_LIBRARY_PATH} PYTHONPATH=/home/ylspyrou/humble_ws/install/control_msgs/lib/python3.8/site-packages:${PYTHONPATH} /usr/bin/cmake --build /home/ylspyrou/humble_ws/build/ros2_control_demo_hardware -- -j2 -l2
[4.742s] [35m[1mScanning dependencies of target ros2_control_demo_hardware[0m
[4.882s] [ 20%] [32mBuilding CXX object CMakeFiles/ros2_control_demo_hardware.dir/src/diffbot_system.cpp.o[0m
[8.928s] [ 40%] [32mBuilding CXX object CMakeFiles/ros2_control_demo_hardware.dir/src/rrbot_system_position_only.cpp.o[0m
[12.829s] [ 60%] [32mBuilding CXX object CMakeFiles/ros2_control_demo_hardware.dir/src/rrbot_system_multi_interface.cpp.o[0m
[16.457s] [ 80%] [32mBuilding CXX object CMakeFiles/ros2_control_demo_hardware.dir/src/rrbot_system_with_sensor.cpp.o[0m
[20.186s] [100%] [32m[1mLinking CXX shared library libros2_control_demo_hardware.so[0m
[20.482s] [100%] Built target ros2_control_demo_hardware
[20.505s] Invoked command in '/home/ylspyrou/humble_ws/build/ros2_control_demo_hardware' returned '0': AMENT_PREFIX_PATH=/home/ylspyrou/humble_ws/install/hardware_interface:/home/ylspyrou/humble_ws/install/ros2_control_test_assets:/home/ylspyrou/humble_ws/install/control_msgs:${AMENT_PREFIX_PATH} CMAKE_PREFIX_PATH=/home/ylspyrou/humble_ws/install/hardware_interface:/home/ylspyrou/humble_ws/install/ros2_control_test_assets:/home/ylspyrou/humble_ws/install/control_msgs:/opt/ros/foxy LD_LIBRARY_PATH=/home/ylspyrou/humble_ws/install/hardware_interface/lib:/home/ylspyrou/humble_ws/install/control_msgs/lib:${LD_LIBRARY_PATH} PYTHONPATH=/home/ylspyrou/humble_ws/install/control_msgs/lib/python3.8/site-packages:${PYTHONPATH} /usr/bin/cmake --build /home/ylspyrou/humble_ws/build/ros2_control_demo_hardware -- -j2 -l2
[20.551s] Invoking command in '/home/ylspyrou/humble_ws/build/ros2_control_demo_hardware': AMENT_PREFIX_PATH=/home/ylspyrou/humble_ws/install/hardware_interface:/home/ylspyrou/humble_ws/install/ros2_control_test_assets:/home/ylspyrou/humble_ws/install/control_msgs:${AMENT_PREFIX_PATH} CMAKE_PREFIX_PATH=/home/ylspyrou/humble_ws/install/hardware_interface:/home/ylspyrou/humble_ws/install/ros2_control_test_assets:/home/ylspyrou/humble_ws/install/control_msgs:/opt/ros/foxy LD_LIBRARY_PATH=/home/ylspyrou/humble_ws/install/hardware_interface/lib:/home/ylspyrou/humble_ws/install/control_msgs/lib:${LD_LIBRARY_PATH} PYTHONPATH=/home/ylspyrou/humble_ws/install/control_msgs/lib/python3.8/site-packages:${PYTHONPATH} /usr/bin/cmake --install /home/ylspyrou/humble_ws/build/ros2_control_demo_hardware
[20.562s] -- Install configuration: ""
[20.564s] -- Execute custom install script
[20.564s] -- Symlinking: /home/ylspyrou/humble_ws/install/ros2_control_demo_hardware/share/ros2_control_demo_hardware//ros2_control_demo_hardware.xml
[20.576s] -- Symlinking: /home/ylspyrou/humble_ws/install/ros2_control_demo_hardware/lib/libros2_control_demo_hardware.so
[20.591s] -- Symlinking: /home/ylspyrou/humble_ws/install/ros2_control_demo_hardware/include/ros2_control_demo_hardware/arduino_comms.hpp
[20.601s] -- Symlinking: /home/ylspyrou/humble_ws/install/ros2_control_demo_hardware/include/ros2_control_demo_hardware/diffbot_system.hpp
[20.612s] -- Symlinking: /home/ylspyrou/humble_ws/install/ros2_control_demo_hardware/include/ros2_control_demo_hardware/rrbot_system_multi_interface.hpp
[20.626s] -- Symlinking: /home/ylspyrou/humble_ws/install/ros2_control_demo_hardware/include/ros2_control_demo_hardware/rrbot_system_position_only.hpp
[20.637s] -- Symlinking: /home/ylspyrou/humble_ws/install/ros2_control_demo_hardware/include/ros2_control_demo_hardware/rrbot_system_with_sensor.hpp
[20.648s] -- Symlinking: /home/ylspyrou/humble_ws/install/ros2_control_demo_hardware/include/ros2_control_demo_hardware/visibility_control.h
[20.660s] -- Symlinking: /home/ylspyrou/humble_ws/install/ros2_control_demo_hardware/include/ros2_control_demo_hardware/wheel.hpp
[20.672s] -- Symlinking: /home/ylspyrou/humble_ws/install/ros2_control_demo_hardware/share/ros2_control_demo_hardware/environment/library_path.sh
[20.683s] -- Symlinking: /home/ylspyrou/humble_ws/install/ros2_control_demo_hardware/share/ros2_control_demo_hardware/environment/library_path.dsv
[20.693s] -- Symlinking: /home/ylspyrou/humble_ws/install/ros2_control_demo_hardware/share/ament_index/resource_index/package_run_dependencies/ros2_control_demo_hardware
[20.708s] -- Symlinking: /home/ylspyrou/humble_ws/install/ros2_control_demo_hardware/share/ament_index/resource_index/parent_prefix_path/ros2_control_demo_hardware
[20.723s] -- Symlinking: /home/ylspyrou/humble_ws/install/ros2_control_demo_hardware/share/ros2_control_demo_hardware/environment/ament_prefix_path.sh
[20.737s] -- Symlinking: /home/ylspyrou/humble_ws/install/ros2_control_demo_hardware/share/ros2_control_demo_hardware/environment/ament_prefix_path.dsv
[20.750s] -- Symlinking: /home/ylspyrou/humble_ws/install/ros2_control_demo_hardware/share/ros2_control_demo_hardware/environment/path.sh
[20.760s] -- Symlinking: /home/ylspyrou/humble_ws/install/ros2_control_demo_hardware/share/ros2_control_demo_hardware/environment/path.dsv
[20.772s] -- Symlinking: /home/ylspyrou/humble_ws/install/ros2_control_demo_hardware/share/ros2_control_demo_hardware/local_setup.bash
[20.784s] -- Symlinking: /home/ylspyrou/humble_ws/install/ros2_control_demo_hardware/share/ros2_control_demo_hardware/local_setup.sh
[20.794s] -- Symlinking: /home/ylspyrou/humble_ws/install/ros2_control_demo_hardware/share/ros2_control_demo_hardware/local_setup.zsh
[20.805s] -- Symlinking: /home/ylspyrou/humble_ws/install/ros2_control_demo_hardware/share/ros2_control_demo_hardware/local_setup.dsv
[20.815s] -- Symlinking: /home/ylspyrou/humble_ws/install/ros2_control_demo_hardware/share/ros2_control_demo_hardware/package.dsv
[20.825s] -- Symlinking: /home/ylspyrou/humble_ws/install/ros2_control_demo_hardware/share/ament_index/resource_index/packages/ros2_control_demo_hardware
[20.836s] -- Symlinking: /home/ylspyrou/humble_ws/install/ros2_control_demo_hardware/share/ament_index/resource_index/hardware_interface__pluginlib__plugin/ros2_control_demo_hardware
[20.849s] -- Symlinking: /home/ylspyrou/humble_ws/install/ros2_control_demo_hardware/share/ros2_control_demo_hardware/cmake/ament_cmake_export_include_directories-extras.cmake
[20.861s] -- Symlinking: /home/ylspyrou/humble_ws/install/ros2_control_demo_hardware/share/ros2_control_demo_hardware/cmake/ament_cmake_export_libraries-extras.cmake
[20.871s] -- Symlinking: /home/ylspyrou/humble_ws/install/ros2_control_demo_hardware/share/ros2_control_demo_hardware/cmake/ament_cmake_export_dependencies-extras.cmake
[20.883s] -- Symlinking: /home/ylspyrou/humble_ws/install/ros2_control_demo_hardware/share/ros2_control_demo_hardware/cmake/ros2_control_demo_hardwareConfig.cmake
[20.895s] -- Symlinking: /home/ylspyrou/humble_ws/install/ros2_control_demo_hardware/share/ros2_control_demo_hardware/cmake/ros2_control_demo_hardwareConfig-version.cmake
[20.905s] -- Symlinking: /home/ylspyrou/humble_ws/install/ros2_control_demo_hardware/share/ros2_control_demo_hardware/package.xml
[20.922s] Invoked command in '/home/ylspyrou/humble_ws/build/ros2_control_demo_hardware' returned '0': AMENT_PREFIX_PATH=/home/ylspyrou/humble_ws/install/hardware_interface:/home/ylspyrou/humble_ws/install/ros2_control_test_assets:/home/ylspyrou/humble_ws/install/control_msgs:${AMENT_PREFIX_PATH} CMAKE_PREFIX_PATH=/home/ylspyrou/humble_ws/install/hardware_interface:/home/ylspyrou/humble_ws/install/ros2_control_test_assets:/home/ylspyrou/humble_ws/install/control_msgs:/opt/ros/foxy LD_LIBRARY_PATH=/home/ylspyrou/humble_ws/install/hardware_interface/lib:/home/ylspyrou/humble_ws/install/control_msgs/lib:${LD_LIBRARY_PATH} PYTHONPATH=/home/ylspyrou/humble_ws/install/control_msgs/lib/python3.8/site-packages:${PYTHONPATH} /usr/bin/cmake --install /home/ylspyrou/humble_ws/build/ros2_control_demo_hardware
