[0.098s] Invoking command in '/home/ylspyrou/humble_ws/build/diffdrive_arduino': AMENT_PREFIX_PATH=/home/ylspyrou/humble_ws/install/controller_manager:/home/ylspyrou/humble_ws/install/controller_interface:/home/ylspyrou/humble_ws/install/hardware_interface:/home/ylspyrou/humble_ws/install/serial:/home/ylspyrou/humble_ws/install/ros2_control_test_assets:/home/ylspyrou/humble_ws/install/controller_manager_msgs:/home/ylspyrou/humble_ws/install/control_msgs:${AMENT_PREFIX_PATH} CMAKE_PREFIX_PATH=/home/ylspyrou/humble_ws/install/controller_manager:/home/ylspyrou/humble_ws/install/controller_interface:/home/ylspyrou/humble_ws/install/hardware_interface:/home/ylspyrou/humble_ws/install/serial:/home/ylspyrou/humble_ws/install/ros2_control_test_assets:/home/ylspyrou/humble_ws/install/controller_manager_msgs:/home/ylspyrou/humble_ws/install/control_msgs:/opt/ros/foxy LD_LIBRARY_PATH=/home/ylspyrou/humble_ws/install/controller_manager/lib:/home/ylspyrou/humble_ws/install/controller_interface/lib:/home/ylspyrou/humble_ws/install/hardware_interface/lib:/home/ylspyrou/humble_ws/install/serial/lib:/home/ylspyrou/humble_ws/install/controller_manager_msgs/lib:/home/ylspyrou/humble_ws/install/control_msgs/lib:${LD_LIBRARY_PATH} PYTHONPATH=/home/ylspyrou/humble_ws/install/controller_manager/lib/python3.8/site-packages:/home/ylspyrou/humble_ws/install/controller_manager_msgs/lib/python3.8/site-packages:/home/ylspyrou/humble_ws/install/control_msgs/lib/python3.8/site-packages:${PYTHONPATH} /usr/bin/cmake --build /home/ylspyrou/humble_ws/build/diffdrive_arduino -- -j2 -l2
[0.281s] [ 42%] Built target fake_robot
[0.338s] [100%] Built target diffdrive_arduino
[0.355s] Invoked command in '/home/ylspyrou/humble_ws/build/diffdrive_arduino' returned '0': AMENT_PREFIX_PATH=/home/ylspyrou/humble_ws/install/controller_manager:/home/ylspyrou/humble_ws/install/controller_interface:/home/ylspyrou/humble_ws/install/hardware_interface:/home/ylspyrou/humble_ws/install/serial:/home/ylspyrou/humble_ws/install/ros2_control_test_assets:/home/ylspyrou/humble_ws/install/controller_manager_msgs:/home/ylspyrou/humble_ws/install/control_msgs:${AMENT_PREFIX_PATH} CMAKE_PREFIX_PATH=/home/ylspyrou/humble_ws/install/controller_manager:/home/ylspyrou/humble_ws/install/controller_interface:/home/ylspyrou/humble_ws/install/hardware_interface:/home/ylspyrou/humble_ws/install/serial:/home/ylspyrou/humble_ws/install/ros2_control_test_assets:/home/ylspyrou/humble_ws/install/controller_manager_msgs:/home/ylspyrou/humble_ws/install/control_msgs:/opt/ros/foxy LD_LIBRARY_PATH=/home/ylspyrou/humble_ws/install/controller_manager/lib:/home/ylspyrou/humble_ws/install/controller_interface/lib:/home/ylspyrou/humble_ws/install/hardware_interface/lib:/home/ylspyrou/humble_ws/install/serial/lib:/home/ylspyrou/humble_ws/install/controller_manager_msgs/lib:/home/ylspyrou/humble_ws/install/control_msgs/lib:${LD_LIBRARY_PATH} PYTHONPATH=/home/ylspyrou/humble_ws/install/controller_manager/lib/python3.8/site-packages:/home/ylspyrou/humble_ws/install/controller_manager_msgs/lib/python3.8/site-packages:/home/ylspyrou/humble_ws/install/control_msgs/lib/python3.8/site-packages:${PYTHONPATH} /usr/bin/cmake --build /home/ylspyrou/humble_ws/build/diffdrive_arduino -- -j2 -l2
[0.447s] Invoking command in '/home/ylspyrou/humble_ws/build/diffdrive_arduino': AMENT_PREFIX_PATH=/home/ylspyrou/humble_ws/install/controller_manager:/home/ylspyrou/humble_ws/install/controller_interface:/home/ylspyrou/humble_ws/install/hardware_interface:/home/ylspyrou/humble_ws/install/serial:/home/ylspyrou/humble_ws/install/ros2_control_test_assets:/home/ylspyrou/humble_ws/install/controller_manager_msgs:/home/ylspyrou/humble_ws/install/control_msgs:${AMENT_PREFIX_PATH} CMAKE_PREFIX_PATH=/home/ylspyrou/humble_ws/install/controller_manager:/home/ylspyrou/humble_ws/install/controller_interface:/home/ylspyrou/humble_ws/install/hardware_interface:/home/ylspyrou/humble_ws/install/serial:/home/ylspyrou/humble_ws/install/ros2_control_test_assets:/home/ylspyrou/humble_ws/install/controller_manager_msgs:/home/ylspyrou/humble_ws/install/control_msgs:/opt/ros/foxy LD_LIBRARY_PATH=/home/ylspyrou/humble_ws/install/controller_manager/lib:/home/ylspyrou/humble_ws/install/controller_interface/lib:/home/ylspyrou/humble_ws/install/hardware_interface/lib:/home/ylspyrou/humble_ws/install/serial/lib:/home/ylspyrou/humble_ws/install/controller_manager_msgs/lib:/home/ylspyrou/humble_ws/install/control_msgs/lib:${LD_LIBRARY_PATH} PYTHONPATH=/home/ylspyrou/humble_ws/install/controller_manager/lib/python3.8/site-packages:/home/ylspyrou/humble_ws/install/controller_manager_msgs/lib/python3.8/site-packages:/home/ylspyrou/humble_ws/install/control_msgs/lib/python3.8/site-packages:${PYTHONPATH} /usr/bin/cmake --install /home/ylspyrou/humble_ws/build/diffdrive_arduino
[0.461s] -- Install configuration: ""
[0.468s] -- Execute custom install script
[0.470s] -- Up-to-date symlink: /home/ylspyrou/humble_ws/install/diffdrive_arduino/share/diffdrive_arduino//robot_hardware.xml
[0.470s] -- Up-to-date symlink: /home/ylspyrou/humble_ws/install/diffdrive_arduino/share/diffdrive_arduino//fake_robot_hardware.xml
[0.472s] -- Up-to-date symlink: /home/ylspyrou/humble_ws/install/diffdrive_arduino/lib/libdiffdrive_arduino.so
[0.479s] -- Up-to-date symlink: /home/ylspyrou/humble_ws/install/diffdrive_arduino/lib/libfake_robot.so
[0.480s] -- Up-to-date symlink: /home/ylspyrou/humble_ws/install/diffdrive_arduino/share/diffdrive_arduino/controllers/robot_controller_example.yaml
[0.481s] -- Up-to-date symlink: /home/ylspyrou/humble_ws/install/diffdrive_arduino/share/diffdrive_arduino/fake_robot.launch.py
[0.481s] -- Up-to-date symlink: /home/ylspyrou/humble_ws/install/diffdrive_arduino/share/diffdrive_arduino/test_robot.launch.py
[0.482s] -- Up-to-date symlink: /home/ylspyrou/humble_ws/install/diffdrive_arduino/share/diffdrive_arduino/environment/library_path.sh
[0.483s] -- Up-to-date symlink: /home/ylspyrou/humble_ws/install/diffdrive_arduino/share/diffdrive_arduino/environment/library_path.dsv
[0.485s] -- Up-to-date symlink: /home/ylspyrou/humble_ws/install/diffdrive_arduino/share/ament_index/resource_index/package_run_dependencies/diffdrive_arduino
[0.486s] -- Up-to-date symlink: /home/ylspyrou/humble_ws/install/diffdrive_arduino/share/ament_index/resource_index/parent_prefix_path/diffdrive_arduino
[0.487s] -- Up-to-date symlink: /home/ylspyrou/humble_ws/install/diffdrive_arduino/share/diffdrive_arduino/environment/ament_prefix_path.sh
[0.487s] -- Up-to-date symlink: /home/ylspyrou/humble_ws/install/diffdrive_arduino/share/diffdrive_arduino/environment/ament_prefix_path.dsv
[0.488s] -- Up-to-date symlink: /home/ylspyrou/humble_ws/install/diffdrive_arduino/share/diffdrive_arduino/environment/path.sh
[0.490s] -- Up-to-date symlink: /home/ylspyrou/humble_ws/install/diffdrive_arduino/share/diffdrive_arduino/environment/path.dsv
[0.490s] -- Up-to-date symlink: /home/ylspyrou/humble_ws/install/diffdrive_arduino/share/diffdrive_arduino/local_setup.bash
[0.490s] -- Up-to-date symlink: /home/ylspyrou/humble_ws/install/diffdrive_arduino/share/diffdrive_arduino/local_setup.sh
[0.493s] -- Up-to-date symlink: /home/ylspyrou/humble_ws/install/diffdrive_arduino/share/diffdrive_arduino/local_setup.zsh
[0.494s] -- Up-to-date symlink: /home/ylspyrou/humble_ws/install/diffdrive_arduino/share/diffdrive_arduino/local_setup.dsv
[0.496s] -- Symlinking: /home/ylspyrou/humble_ws/install/diffdrive_arduino/share/diffdrive_arduino/package.dsv
[0.514s] -- Up-to-date symlink: /home/ylspyrou/humble_ws/install/diffdrive_arduino/share/ament_index/resource_index/packages/diffdrive_arduino
[0.515s] -- Up-to-date symlink: /home/ylspyrou/humble_ws/install/diffdrive_arduino/share/ament_index/resource_index/hardware_interface__pluginlib__plugin/diffdrive_arduino
[0.516s] -- Up-to-date symlink: /home/ylspyrou/humble_ws/install/diffdrive_arduino/share/diffdrive_arduino/cmake/ament_cmake_export_libraries-extras.cmake
[0.517s] -- Up-to-date symlink: /home/ylspyrou/humble_ws/install/diffdrive_arduino/share/diffdrive_arduino/cmake/ament_cmake_export_dependencies-extras.cmake
[0.517s] -- Up-to-date symlink: /home/ylspyrou/humble_ws/install/diffdrive_arduino/share/diffdrive_arduino/cmake/diffdrive_arduinoConfig.cmake
[0.518s] -- Up-to-date symlink: /home/ylspyrou/humble_ws/install/diffdrive_arduino/share/diffdrive_arduino/cmake/diffdrive_arduinoConfig-version.cmake
[0.518s] -- Up-to-date symlink: /home/ylspyrou/humble_ws/install/diffdrive_arduino/share/diffdrive_arduino/package.xml
[0.521s] Invoked command in '/home/ylspyrou/humble_ws/build/diffdrive_arduino' returned '0': AMENT_PREFIX_PATH=/home/ylspyrou/humble_ws/install/controller_manager:/home/ylspyrou/humble_ws/install/controller_interface:/home/ylspyrou/humble_ws/install/hardware_interface:/home/ylspyrou/humble_ws/install/serial:/home/ylspyrou/humble_ws/install/ros2_control_test_assets:/home/ylspyrou/humble_ws/install/controller_manager_msgs:/home/ylspyrou/humble_ws/install/control_msgs:${AMENT_PREFIX_PATH} CMAKE_PREFIX_PATH=/home/ylspyrou/humble_ws/install/controller_manager:/home/ylspyrou/humble_ws/install/controller_interface:/home/ylspyrou/humble_ws/install/hardware_interface:/home/ylspyrou/humble_ws/install/serial:/home/ylspyrou/humble_ws/install/ros2_control_test_assets:/home/ylspyrou/humble_ws/install/controller_manager_msgs:/home/ylspyrou/humble_ws/install/control_msgs:/opt/ros/foxy LD_LIBRARY_PATH=/home/ylspyrou/humble_ws/install/controller_manager/lib:/home/ylspyrou/humble_ws/install/controller_interface/lib:/home/ylspyrou/humble_ws/install/hardware_interface/lib:/home/ylspyrou/humble_ws/install/serial/lib:/home/ylspyrou/humble_ws/install/controller_manager_msgs/lib:/home/ylspyrou/humble_ws/install/control_msgs/lib:${LD_LIBRARY_PATH} PYTHONPATH=/home/ylspyrou/humble_ws/install/controller_manager/lib/python3.8/site-packages:/home/ylspyrou/humble_ws/install/controller_manager_msgs/lib/python3.8/site-packages:/home/ylspyrou/humble_ws/install/control_msgs/lib/python3.8/site-packages:${PYTHONPATH} /usr/bin/cmake --install /home/ylspyrou/humble_ws/build/diffdrive_arduino
