[0.040s] Invoking command in '/home/ylspyrou/humble_ws/build/diffbot_description': CMAKE_PREFIX_PATH=${CMAKE_PREFIX_PATH}:/home/ylspyrou/humble_ws/install/serial_motor_demo:/home/ylspyrou/humble_ws/install/ros2controlcli:/home/ylspyrou/humble_ws/install/ros2_control_test_nodes:/home/ylspyrou/dev_ws/install/serial_motor_demo:/opt/ros/foxy /usr/bin/cmake --build /home/ylspyrou/humble_ws/build/diffbot_description -- -j2 -l2
[0.110s] Invoked command in '/home/ylspyrou/humble_ws/build/diffbot_description' returned '0': CMAKE_PREFIX_PATH=${CMAKE_PREFIX_PATH}:/home/ylspyrou/humble_ws/install/serial_motor_demo:/home/ylspyrou/humble_ws/install/ros2controlcli:/home/ylspyrou/humble_ws/install/ros2_control_test_nodes:/home/ylspyrou/dev_ws/install/serial_motor_demo:/opt/ros/foxy /usr/bin/cmake --build /home/ylspyrou/humble_ws/build/diffbot_description -- -j2 -l2
[0.156s] Invoking command in '/home/ylspyrou/humble_ws/build/diffbot_description': CMAKE_PREFIX_PATH=${CMAKE_PREFIX_PATH}:/home/ylspyrou/humble_ws/install/serial_motor_demo:/home/ylspyrou/humble_ws/install/ros2controlcli:/home/ylspyrou/humble_ws/install/ros2_control_test_nodes:/home/ylspyrou/dev_ws/install/serial_motor_demo:/opt/ros/foxy /usr/bin/cmake --install /home/ylspyrou/humble_ws/build/diffbot_description
[0.173s] -- Install configuration: ""
[0.174s] -- Execute custom install script
[0.176s] -- Up-to-date symlink: /home/ylspyrou/humble_ws/install/diffbot_description/share/diffbot_description/config/diffbot.rviz
[0.178s] -- Up-to-date symlink: /home/ylspyrou/humble_ws/install/diffbot_description/share/diffbot_description/gazebo/diffbot.gazebo.xacro
[0.179s] -- Up-to-date symlink: /home/ylspyrou/humble_ws/install/diffbot_description/share/diffbot_description/gazebo/diffbot.materials.xacro
[0.181s] -- Up-to-date symlink: /home/ylspyrou/humble_ws/install/diffbot_description/share/diffbot_description/ros2_control/diffbot_system.ros2_control.xacro
[0.183s] -- Up-to-date symlink: /home/ylspyrou/humble_ws/install/diffbot_description/share/diffbot_description/urdf/diffbot.urdf.xacro
[0.184s] -- Up-to-date symlink: /home/ylspyrou/humble_ws/install/diffbot_description/share/diffbot_description/urdf/diffbot_system.urdf.xacro
[0.185s] -- Up-to-date symlink: /home/ylspyrou/humble_ws/install/diffbot_description/share/ament_index/resource_index/package_run_dependencies/diffbot_description
[0.186s] -- Up-to-date symlink: /home/ylspyrou/humble_ws/install/diffbot_description/share/ament_index/resource_index/parent_prefix_path/diffbot_description
[0.186s] -- Up-to-date symlink: /home/ylspyrou/humble_ws/install/diffbot_description/share/diffbot_description/environment/ament_prefix_path.sh
[0.187s] -- Up-to-date symlink: /home/ylspyrou/humble_ws/install/diffbot_description/share/diffbot_description/environment/ament_prefix_path.dsv
[0.188s] -- Up-to-date symlink: /home/ylspyrou/humble_ws/install/diffbot_description/share/diffbot_description/environment/path.sh
[0.188s] -- Up-to-date symlink: /home/ylspyrou/humble_ws/install/diffbot_description/share/diffbot_description/environment/path.dsv
[0.189s] -- Up-to-date symlink: /home/ylspyrou/humble_ws/install/diffbot_description/share/diffbot_description/local_setup.bash
[0.190s] -- Up-to-date symlink: /home/ylspyrou/humble_ws/install/diffbot_description/share/diffbot_description/local_setup.sh
[0.190s] -- Up-to-date symlink: /home/ylspyrou/humble_ws/install/diffbot_description/share/diffbot_description/local_setup.zsh
[0.191s] -- Up-to-date symlink: /home/ylspyrou/humble_ws/install/diffbot_description/share/diffbot_description/local_setup.dsv
[0.191s] -- Symlinking: /home/ylspyrou/humble_ws/install/diffbot_description/share/diffbot_description/package.dsv
[0.203s] -- Up-to-date symlink: /home/ylspyrou/humble_ws/install/diffbot_description/share/ament_index/resource_index/packages/diffbot_description
[0.205s] -- Up-to-date symlink: /home/ylspyrou/humble_ws/install/diffbot_description/share/diffbot_description/cmake/diffbot_descriptionConfig.cmake
[0.206s] -- Up-to-date symlink: /home/ylspyrou/humble_ws/install/diffbot_description/share/diffbot_description/cmake/diffbot_descriptionConfig-version.cmake
[0.207s] -- Up-to-date symlink: /home/ylspyrou/humble_ws/install/diffbot_description/share/diffbot_description/package.xml
[0.209s] Invoked command in '/home/ylspyrou/humble_ws/build/diffbot_description' returned '0': CMAKE_PREFIX_PATH=${CMAKE_PREFIX_PATH}:/home/ylspyrou/humble_ws/install/serial_motor_demo:/home/ylspyrou/humble_ws/install/ros2controlcli:/home/ylspyrou/humble_ws/install/ros2_control_test_nodes:/home/ylspyrou/dev_ws/install/serial_motor_demo:/opt/ros/foxy /usr/bin/cmake --install /home/ylspyrou/humble_ws/build/diffbot_description
