[0.025s] Invoking command in '/home/ylspyrou/humble_ws/build/realtime_tools': CMAKE_PREFIX_PATH=${CMAKE_PREFIX_PATH}:/home/ylspyrou/humble_ws/install/serial_motor_demo:/home/ylspyrou/humble_ws/install/ros2controlcli:/home/ylspyrou/humble_ws/install/ros2_control_test_nodes:/home/ylspyrou/dev_ws/install/serial_motor_demo:/opt/ros/foxy /usr/bin/cmake --build /home/ylspyrou/humble_ws/build/realtime_tools -- -j2 -l2
[0.097s] [ 11%] Built target realtime_tools
[0.108s] [ 29%] Built target gmock
[0.136s] [ 41%] Built target gmock_main
[0.175s] [ 52%] Built target realtime_publisher_tests
[0.176s] [ 64%] Built target realtime_buffer_tests
[0.211s] [ 76%] Built target realtime_box_tests
[0.215s] [ 88%] Built target realtime_server_goal_handle_tests
[0.248s] [100%] Built target realtime_clock_tests
[0.266s] Invoked command in '/home/ylspyrou/humble_ws/build/realtime_tools' returned '0': CMAKE_PREFIX_PATH=${CMAKE_PREFIX_PATH}:/home/ylspyrou/humble_ws/install/serial_motor_demo:/home/ylspyrou/humble_ws/install/ros2controlcli:/home/ylspyrou/humble_ws/install/ros2_control_test_nodes:/home/ylspyrou/dev_ws/install/serial_motor_demo:/opt/ros/foxy /usr/bin/cmake --build /home/ylspyrou/humble_ws/build/realtime_tools -- -j2 -l2
[0.338s] Invoking command in '/home/ylspyrou/humble_ws/build/realtime_tools': CMAKE_PREFIX_PATH=${CMAKE_PREFIX_PATH}:/home/ylspyrou/humble_ws/install/serial_motor_demo:/home/ylspyrou/humble_ws/install/ros2controlcli:/home/ylspyrou/humble_ws/install/ros2_control_test_nodes:/home/ylspyrou/dev_ws/install/serial_motor_demo:/opt/ros/foxy /usr/bin/cmake --install /home/ylspyrou/humble_ws/build/realtime_tools
[0.353s] -- Install configuration: ""
[0.354s] -- Execute custom install script
[0.355s] -- Up-to-date symlink: /home/ylspyrou/humble_ws/install/realtime_tools/include/realtime_tools/realtime_box.h
[0.356s] -- Up-to-date symlink: /home/ylspyrou/humble_ws/install/realtime_tools/include/realtime_tools/realtime_buffer.h
[0.356s] -- Up-to-date symlink: /home/ylspyrou/humble_ws/install/realtime_tools/include/realtime_tools/realtime_clock.h
[0.356s] -- Up-to-date symlink: /home/ylspyrou/humble_ws/install/realtime_tools/include/realtime_tools/realtime_publisher.h
[0.356s] -- Up-to-date symlink: /home/ylspyrou/humble_ws/install/realtime_tools/include/realtime_tools/realtime_server_goal_handle.h
[0.356s] -- Up-to-date symlink: /home/ylspyrou/humble_ws/install/realtime_tools/lib/librealtime_tools.a
[0.357s] -- Up-to-date symlink: /home/ylspyrou/humble_ws/install/realtime_tools/share/realtime_tools/environment/library_path.sh
[0.357s] -- Up-to-date symlink: /home/ylspyrou/humble_ws/install/realtime_tools/share/realtime_tools/environment/library_path.dsv
[0.357s] -- Up-to-date symlink: /home/ylspyrou/humble_ws/install/realtime_tools/share/ament_index/resource_index/package_run_dependencies/realtime_tools
[0.357s] -- Up-to-date symlink: /home/ylspyrou/humble_ws/install/realtime_tools/share/ament_index/resource_index/parent_prefix_path/realtime_tools
[0.358s] -- Up-to-date symlink: /home/ylspyrou/humble_ws/install/realtime_tools/share/realtime_tools/environment/ament_prefix_path.sh
[0.358s] -- Up-to-date symlink: /home/ylspyrou/humble_ws/install/realtime_tools/share/realtime_tools/environment/ament_prefix_path.dsv
[0.358s] -- Up-to-date symlink: /home/ylspyrou/humble_ws/install/realtime_tools/share/realtime_tools/environment/path.sh
[0.358s] -- Up-to-date symlink: /home/ylspyrou/humble_ws/install/realtime_tools/share/realtime_tools/environment/path.dsv
[0.359s] -- Up-to-date symlink: /home/ylspyrou/humble_ws/install/realtime_tools/share/realtime_tools/local_setup.bash
[0.359s] -- Up-to-date symlink: /home/ylspyrou/humble_ws/install/realtime_tools/share/realtime_tools/local_setup.sh
[0.359s] -- Up-to-date symlink: /home/ylspyrou/humble_ws/install/realtime_tools/share/realtime_tools/local_setup.zsh
[0.359s] -- Up-to-date symlink: /home/ylspyrou/humble_ws/install/realtime_tools/share/realtime_tools/local_setup.dsv
[0.359s] -- Symlinking: /home/ylspyrou/humble_ws/install/realtime_tools/share/realtime_tools/package.dsv
[0.374s] -- Up-to-date symlink: /home/ylspyrou/humble_ws/install/realtime_tools/share/ament_index/resource_index/packages/realtime_tools
[0.374s] -- Up-to-date symlink: /home/ylspyrou/humble_ws/install/realtime_tools/share/realtime_tools/cmake/ament_cmake_export_include_directories-extras.cmake
[0.374s] -- Up-to-date symlink: /home/ylspyrou/humble_ws/install/realtime_tools/share/realtime_tools/cmake/ament_cmake_export_libraries-extras.cmake
[0.375s] -- Up-to-date symlink: /home/ylspyrou/humble_ws/install/realtime_tools/share/realtime_tools/cmake/ament_cmake_export_dependencies-extras.cmake
[0.375s] -- Up-to-date symlink: /home/ylspyrou/humble_ws/install/realtime_tools/share/realtime_tools/cmake/realtime_toolsConfig.cmake
[0.375s] -- Up-to-date symlink: /home/ylspyrou/humble_ws/install/realtime_tools/share/realtime_tools/cmake/realtime_toolsConfig-version.cmake
[0.375s] -- Up-to-date symlink: /home/ylspyrou/humble_ws/install/realtime_tools/share/realtime_tools/package.xml
[0.379s] Invoked command in '/home/ylspyrou/humble_ws/build/realtime_tools' returned '0': CMAKE_PREFIX_PATH=${CMAKE_PREFIX_PATH}:/home/ylspyrou/humble_ws/install/serial_motor_demo:/home/ylspyrou/humble_ws/install/ros2controlcli:/home/ylspyrou/humble_ws/install/ros2_control_test_nodes:/home/ylspyrou/dev_ws/install/serial_motor_demo:/opt/ros/foxy /usr/bin/cmake --install /home/ylspyrou/humble_ws/build/realtime_tools
