[0.177s] DEBUG:colcon:Command line arguments: ['/usr/bin/colcon', 'build', '--symlink-install']
[0.178s] DEBUG:colcon:Parsed command line arguments: Namespace(allow_overriding=[], ament_cmake_args=None, base_paths=['.'], build_base='build', catkin_cmake_args=None, catkin_skip_building_tests=False, cmake_args=None, cmake_clean_cache=False, cmake_clean_first=False, cmake_force_configure=False, cmake_target=None, cmake_target_skip_unavailable=False, continue_on_error=False, event_handlers=None, executor='parallel', ignore_user_meta=False, install_base='install', log_base=None, log_level=None, main=<bound method BuildVerb.main of <colcon_core.verb.build.BuildVerb object at 0x7fd1acf73820>>, merge_install=False, metas=['./colcon.meta'], mixin=None, mixin_files=None, mixin_verb=('build',), packages_above=None, packages_above_and_dependencies=None, packages_above_depth=None, packages_end=None, packages_ignore=None, packages_ignore_regex=None, packages_select=None, packages_select_build_failed=False, packages_select_by_dep=None, packages_select_regex=None, packages_select_test_failures=False, packages_skip=None, packages_skip_build_finished=False, packages_skip_by_dep=None, packages_skip_regex=None, packages_skip_test_passed=False, packages_skip_up_to=None, packages_start=None, packages_up_to=None, packages_up_to_regex=None, parallel_workers=2, paths=None, symlink_install=True, test_result_base=None, verb_extension=<colcon_core.verb.build.BuildVerb object at 0x7fd1acf73820>, verb_name='build', verb_parser=<colcon_mixin.mixin.mixin_argument.MixinArgumentDecorator object at 0x7fd1acf73dc0>)
[0.301s] Level 1:colcon.colcon_core.package_discovery:discover_packages(colcon_meta) check parameters
[0.301s] Level 1:colcon.colcon_core.package_discovery:discover_packages(recursive) check parameters
[0.301s] Level 1:colcon.colcon_core.package_discovery:discover_packages(ignore) check parameters
[0.301s] Level 1:colcon.colcon_core.package_discovery:discover_packages(path) check parameters
[0.301s] Level 1:colcon.colcon_core.package_discovery:discover_packages(colcon_meta) discover
[0.301s] Level 1:colcon.colcon_core.package_discovery:discover_packages(recursive) discover
[0.301s] INFO:colcon.colcon_core.package_discovery:Crawling recursively for packages in '/home/ylspyrou/humble_ws'
[0.302s] Level 1:colcon.colcon_core.package_identification:_identify(.) by extensions ['ignore', 'ignore_ament_install']
[0.302s] Level 1:colcon.colcon_core.package_identification:_identify(.) by extension 'ignore'
[0.302s] Level 1:colcon.colcon_core.package_identification:_identify(.) by extension 'ignore_ament_install'
[0.302s] Level 1:colcon.colcon_core.package_identification:_identify(.) by extensions ['colcon_pkg']
[0.302s] Level 1:colcon.colcon_core.package_identification:_identify(.) by extension 'colcon_pkg'
[0.302s] Level 1:colcon.colcon_core.package_identification:_identify(.) by extensions ['colcon_meta']
[0.302s] Level 1:colcon.colcon_core.package_identification:_identify(.) by extension 'colcon_meta'
[0.302s] Level 1:colcon.colcon_core.package_identification:_identify(.) by extensions ['ros']
[0.302s] Level 1:colcon.colcon_core.package_identification:_identify(.) by extension 'ros'
[0.315s] Level 1:colcon.colcon_core.package_identification:_identify(.) by extensions ['cmake', 'python']
[0.315s] Level 1:colcon.colcon_core.package_identification:_identify(.) by extension 'cmake'
[0.315s] Level 1:colcon.colcon_core.package_identification:_identify(.) by extension 'python'
[0.315s] Level 1:colcon.colcon_core.package_identification:_identify(.) by extensions ['python_setup_py']
[0.315s] Level 1:colcon.colcon_core.package_identification:_identify(.) by extension 'python_setup_py'
[0.315s] Level 1:colcon.colcon_core.package_identification:_identify(build) by extensions ['ignore', 'ignore_ament_install']
[0.316s] Level 1:colcon.colcon_core.package_identification:_identify(build) by extension 'ignore'
[0.316s] Level 1:colcon.colcon_core.package_identification:_identify(build) ignored
[0.316s] Level 1:colcon.colcon_core.package_identification:_identify(install) by extensions ['ignore', 'ignore_ament_install']
[0.316s] Level 1:colcon.colcon_core.package_identification:_identify(install) by extension 'ignore'
[0.316s] Level 1:colcon.colcon_core.package_identification:_identify(install) ignored
[0.316s] Level 1:colcon.colcon_core.package_identification:_identify(log) by extensions ['ignore', 'ignore_ament_install']
[0.316s] Level 1:colcon.colcon_core.package_identification:_identify(log) by extension 'ignore'
[0.316s] Level 1:colcon.colcon_core.package_identification:_identify(log) ignored
[0.316s] Level 1:colcon.colcon_core.package_identification:_identify(src) by extensions ['ignore', 'ignore_ament_install']
[0.316s] Level 1:colcon.colcon_core.package_identification:_identify(src) by extension 'ignore'
[0.316s] Level 1:colcon.colcon_core.package_identification:_identify(src) by extension 'ignore_ament_install'
[0.316s] Level 1:colcon.colcon_core.package_identification:_identify(src) by extensions ['colcon_pkg']
[0.316s] Level 1:colcon.colcon_core.package_identification:_identify(src) by extension 'colcon_pkg'
[0.316s] Level 1:colcon.colcon_core.package_identification:_identify(src) by extensions ['colcon_meta']
[0.316s] Level 1:colcon.colcon_core.package_identification:_identify(src) by extension 'colcon_meta'
[0.316s] Level 1:colcon.colcon_core.package_identification:_identify(src) by extensions ['ros']
[0.316s] Level 1:colcon.colcon_core.package_identification:_identify(src) by extension 'ros'
[0.316s] Level 1:colcon.colcon_core.package_identification:_identify(src) by extensions ['cmake', 'python']
[0.316s] Level 1:colcon.colcon_core.package_identification:_identify(src) by extension 'cmake'
[0.316s] Level 1:colcon.colcon_core.package_identification:_identify(src) by extension 'python'
[0.316s] Level 1:colcon.colcon_core.package_identification:_identify(src) by extensions ['python_setup_py']
[0.316s] Level 1:colcon.colcon_core.package_identification:_identify(src) by extension 'python_setup_py'
[0.317s] Level 1:colcon.colcon_core.package_identification:_identify(src/diffdrive_arduino) by extensions ['ignore', 'ignore_ament_install']
[0.317s] Level 1:colcon.colcon_core.package_identification:_identify(src/diffdrive_arduino) by extension 'ignore'
[0.317s] Level 1:colcon.colcon_core.package_identification:_identify(src/diffdrive_arduino) by extension 'ignore_ament_install'
[0.317s] Level 1:colcon.colcon_core.package_identification:_identify(src/diffdrive_arduino) by extensions ['colcon_pkg']
[0.317s] Level 1:colcon.colcon_core.package_identification:_identify(src/diffdrive_arduino) by extension 'colcon_pkg'
[0.317s] Level 1:colcon.colcon_core.package_identification:_identify(src/diffdrive_arduino) by extensions ['colcon_meta']
[0.317s] Level 1:colcon.colcon_core.package_identification:_identify(src/diffdrive_arduino) by extension 'colcon_meta'
[0.317s] Level 1:colcon.colcon_core.package_identification:_identify(src/diffdrive_arduino) by extensions ['ros']
[0.317s] Level 1:colcon.colcon_core.package_identification:_identify(src/diffdrive_arduino) by extension 'ros'
[0.320s] DEBUG:colcon.colcon_core.package_identification:Package 'src/diffdrive_arduino' with type 'ros.ament_cmake' and name 'diffdrive_arduino'
[0.320s] Level 1:colcon.colcon_core.package_identification:_identify(src/serial) by extensions ['ignore', 'ignore_ament_install']
[0.320s] Level 1:colcon.colcon_core.package_identification:_identify(src/serial) by extension 'ignore'
[0.320s] Level 1:colcon.colcon_core.package_identification:_identify(src/serial) by extension 'ignore_ament_install'
[0.320s] Level 1:colcon.colcon_core.package_identification:_identify(src/serial) by extensions ['colcon_pkg']
[0.320s] Level 1:colcon.colcon_core.package_identification:_identify(src/serial) by extension 'colcon_pkg'
[0.320s] Level 1:colcon.colcon_core.package_identification:_identify(src/serial) by extensions ['colcon_meta']
[0.320s] Level 1:colcon.colcon_core.package_identification:_identify(src/serial) by extension 'colcon_meta'
[0.320s] Level 1:colcon.colcon_core.package_identification:_identify(src/serial) by extensions ['ros']
[0.320s] Level 1:colcon.colcon_core.package_identification:_identify(src/serial) by extension 'ros'
[0.321s] DEBUG:colcon.colcon_core.package_identification:Package 'src/serial' with type 'ros.ament_cmake' and name 'serial'
[0.321s] Level 1:colcon.colcon_core.package_discovery:discover_packages(recursive) using defaults
[0.321s] Level 1:colcon.colcon_core.package_discovery:discover_packages(ignore) discover
[0.321s] Level 1:colcon.colcon_core.package_discovery:discover_packages(ignore) using defaults
[0.321s] Level 1:colcon.colcon_core.package_discovery:discover_packages(path) discover
[0.321s] Level 1:colcon.colcon_core.package_discovery:discover_packages(path) using defaults
[0.338s] Level 1:colcon.colcon_core.package_discovery:discover_packages(prefix_path) check parameters
[0.338s] Level 1:colcon.colcon_core.package_discovery:discover_packages(prefix_path) discover
[0.340s] DEBUG:colcon.colcon_installed_package_information.package_discovery:Found 29 installed packages in /home/ylspyrou/ros2_ws/install
[0.341s] DEBUG:colcon.colcon_installed_package_information.package_discovery:Found 293 installed packages in /opt/ros/foxy
[0.343s] Level 1:colcon.colcon_core.package_discovery:discover_packages(prefix_path) using defaults
[0.416s] Level 5:colcon.colcon_core.verb:set package 'serial' build argument 'cmake_args' from command line to 'None'
[0.417s] Level 5:colcon.colcon_core.verb:set package 'serial' build argument 'cmake_target' from command line to 'None'
[0.417s] Level 5:colcon.colcon_core.verb:set package 'serial' build argument 'cmake_target_skip_unavailable' from command line to 'False'
[0.417s] Level 5:colcon.colcon_core.verb:set package 'serial' build argument 'cmake_clean_cache' from command line to 'False'
[0.417s] Level 5:colcon.colcon_core.verb:set package 'serial' build argument 'cmake_clean_first' from command line to 'False'
[0.417s] Level 5:colcon.colcon_core.verb:set package 'serial' build argument 'cmake_force_configure' from command line to 'False'
[0.417s] Level 5:colcon.colcon_core.verb:set package 'serial' build argument 'ament_cmake_args' from command line to 'None'
[0.417s] Level 5:colcon.colcon_core.verb:set package 'serial' build argument 'catkin_cmake_args' from command line to 'None'
[0.417s] Level 5:colcon.colcon_core.verb:set package 'serial' build argument 'catkin_skip_building_tests' from command line to 'False'
[0.417s] DEBUG:colcon.colcon_core.verb:Building package 'serial' with the following arguments: {'ament_cmake_args': None, 'build_base': '/home/ylspyrou/humble_ws/build/serial', 'catkin_cmake_args': None, 'catkin_skip_building_tests': False, 'cmake_args': None, 'cmake_clean_cache': False, 'cmake_clean_first': False, 'cmake_force_configure': False, 'cmake_target': None, 'cmake_target_skip_unavailable': False, 'install_base': '/home/ylspyrou/humble_ws/install/serial', 'merge_install': False, 'path': '/home/ylspyrou/humble_ws/src/serial', 'symlink_install': True, 'test_result_base': None}
[0.417s] Level 5:colcon.colcon_core.verb:set package 'diffdrive_arduino' build argument 'cmake_args' from command line to 'None'
[0.417s] Level 5:colcon.colcon_core.verb:set package 'diffdrive_arduino' build argument 'cmake_target' from command line to 'None'
[0.417s] Level 5:colcon.colcon_core.verb:set package 'diffdrive_arduino' build argument 'cmake_target_skip_unavailable' from command line to 'False'
[0.417s] Level 5:colcon.colcon_core.verb:set package 'diffdrive_arduino' build argument 'cmake_clean_cache' from command line to 'False'
[0.417s] Level 5:colcon.colcon_core.verb:set package 'diffdrive_arduino' build argument 'cmake_clean_first' from command line to 'False'
[0.417s] Level 5:colcon.colcon_core.verb:set package 'diffdrive_arduino' build argument 'cmake_force_configure' from command line to 'False'
[0.417s] Level 5:colcon.colcon_core.verb:set package 'diffdrive_arduino' build argument 'ament_cmake_args' from command line to 'None'
[0.417s] Level 5:colcon.colcon_core.verb:set package 'diffdrive_arduino' build argument 'catkin_cmake_args' from command line to 'None'
[0.417s] Level 5:colcon.colcon_core.verb:set package 'diffdrive_arduino' build argument 'catkin_skip_building_tests' from command line to 'False'
[0.417s] DEBUG:colcon.colcon_core.verb:Building package 'diffdrive_arduino' with the following arguments: {'ament_cmake_args': None, 'build_base': '/home/ylspyrou/humble_ws/build/diffdrive_arduino', 'catkin_cmake_args': None, 'catkin_skip_building_tests': False, 'cmake_args': None, 'cmake_clean_cache': False, 'cmake_clean_first': False, 'cmake_force_configure': False, 'cmake_target': None, 'cmake_target_skip_unavailable': False, 'install_base': '/home/ylspyrou/humble_ws/install/diffdrive_arduino', 'merge_install': False, 'path': '/home/ylspyrou/humble_ws/src/diffdrive_arduino', 'symlink_install': True, 'test_result_base': None}
[0.417s] INFO:colcon.colcon_core.executor:Executing jobs using 'parallel' executor
[0.419s] DEBUG:colcon.colcon_parallel_executor.executor.parallel:run_until_complete
[0.419s] INFO:colcon.colcon_ros.task.ament_cmake.build:Building ROS package in '/home/ylspyrou/humble_ws/src/serial' with build type 'ament_cmake'
[0.419s] INFO:colcon.colcon_cmake.task.cmake.build:Building CMake package in '/home/ylspyrou/humble_ws/src/serial'
[0.421s] INFO:colcon.colcon_core.plugin_system:Skipping extension 'colcon_core.shell.bat': Not used on non-Windows systems
[0.422s] INFO:colcon.colcon_core.shell:Skip shell extension 'powershell' for command environment: Not usable outside of PowerShell
[0.422s] DEBUG:colcon.colcon_core.shell:Skip shell extension 'dsv' for command environment
[0.436s] DEBUG:colcon.colcon_core.event_handler.log_command:Invoking command in '/home/ylspyrou/humble_ws/build/serial': CMAKE_PREFIX_PATH=${CMAKE_PREFIX_PATH}:/opt/ros/foxy /usr/bin/cmake /home/ylspyrou/humble_ws/src/serial -DAMENT_CMAKE_SYMLINK_INSTALL=1 -DCMAKE_INSTALL_PREFIX=/home/ylspyrou/humble_ws/install/serial
[1.441s] DEBUG:colcon.colcon_core.event_handler.log_command:Invoked command in '/home/ylspyrou/humble_ws/build/serial' returned '0': CMAKE_PREFIX_PATH=${CMAKE_PREFIX_PATH}:/opt/ros/foxy /usr/bin/cmake /home/ylspyrou/humble_ws/src/serial -DAMENT_CMAKE_SYMLINK_INSTALL=1 -DCMAKE_INSTALL_PREFIX=/home/ylspyrou/humble_ws/install/serial
[1.442s] DEBUG:colcon.colcon_core.event_handler.log_command:Invoking command in '/home/ylspyrou/humble_ws/build/serial': CMAKE_PREFIX_PATH=${CMAKE_PREFIX_PATH}:/opt/ros/foxy /usr/bin/cmake --build /home/ylspyrou/humble_ws/build/serial -- -j2 -l2
[5.685s] DEBUG:colcon.colcon_core.event_handler.log_command:Invoked command in '/home/ylspyrou/humble_ws/build/serial' returned '0': CMAKE_PREFIX_PATH=${CMAKE_PREFIX_PATH}:/opt/ros/foxy /usr/bin/cmake --build /home/ylspyrou/humble_ws/build/serial -- -j2 -l2
[5.729s] DEBUG:colcon.colcon_core.event_handler.log_command:Invoking command in '/home/ylspyrou/humble_ws/build/serial': CMAKE_PREFIX_PATH=${CMAKE_PREFIX_PATH}:/opt/ros/foxy /usr/bin/cmake --install /home/ylspyrou/humble_ws/build/serial
[5.953s] Level 1:colcon.colcon_core.environment:create_environment_scripts_only(serial)
[5.954s] DEBUG:colcon.colcon_core.event_handler.log_command:Invoked command in '/home/ylspyrou/humble_ws/build/serial' returned '0': CMAKE_PREFIX_PATH=${CMAKE_PREFIX_PATH}:/opt/ros/foxy /usr/bin/cmake --install /home/ylspyrou/humble_ws/build/serial
[5.956s] Level 1:colcon.colcon_core.environment:checking '/home/ylspyrou/humble_ws/install/serial' for CMake module files
[5.957s] Level 1:colcon.colcon_core.environment:checking '/home/ylspyrou/humble_ws/install/serial' for CMake config files
[5.957s] Level 1:colcon.colcon_core.shell:create_environment_hook('serial', 'cmake_prefix_path')
[5.957s] INFO:colcon.colcon_core.shell:Creating environment hook '/home/ylspyrou/humble_ws/install/serial/share/serial/hook/cmake_prefix_path.ps1'
[5.958s] INFO:colcon.colcon_core.shell:Creating environment descriptor '/home/ylspyrou/humble_ws/install/serial/share/serial/hook/cmake_prefix_path.dsv'
[5.958s] INFO:colcon.colcon_core.shell:Creating environment hook '/home/ylspyrou/humble_ws/install/serial/share/serial/hook/cmake_prefix_path.sh'
[5.959s] Level 1:colcon.colcon_core.environment:checking '/home/ylspyrou/humble_ws/install/serial/lib'
[5.959s] Level 1:colcon.colcon_core.environment:checking '/home/ylspyrou/humble_ws/install/serial/bin'
[5.959s] Level 1:colcon.colcon_core.environment:checking '/home/ylspyrou/humble_ws/install/serial/lib/pkgconfig/serial.pc'
[5.960s] Level 1:colcon.colcon_core.environment:checking '/home/ylspyrou/humble_ws/install/serial/lib/python3.8/site-packages'
[5.960s] Level 1:colcon.colcon_core.environment:checking '/home/ylspyrou/humble_ws/install/serial/bin'
[5.960s] INFO:colcon.colcon_core.shell:Creating package script '/home/ylspyrou/humble_ws/install/serial/share/serial/package.ps1'
[5.961s] INFO:colcon.colcon_core.shell:Creating package descriptor '/home/ylspyrou/humble_ws/install/serial/share/serial/package.dsv'
[5.961s] INFO:colcon.colcon_core.shell:Creating package script '/home/ylspyrou/humble_ws/install/serial/share/serial/package.sh'
[5.962s] INFO:colcon.colcon_core.shell:Creating package script '/home/ylspyrou/humble_ws/install/serial/share/serial/package.bash'
[5.962s] INFO:colcon.colcon_core.shell:Creating package script '/home/ylspyrou/humble_ws/install/serial/share/serial/package.zsh'
[5.963s] Level 1:colcon.colcon_core.environment:create_file_with_runtime_dependencies(/home/ylspyrou/humble_ws/install/serial/share/colcon-core/packages/serial)
[5.997s] Level 1:colcon.colcon_core.environment:create_environment_scripts_only(serial)
[5.998s] Level 1:colcon.colcon_core.environment:checking '/home/ylspyrou/humble_ws/install/serial' for CMake module files
[5.998s] Level 1:colcon.colcon_core.environment:checking '/home/ylspyrou/humble_ws/install/serial' for CMake config files
[5.998s] Level 1:colcon.colcon_core.shell:create_environment_hook('serial', 'cmake_prefix_path')
[5.998s] INFO:colcon.colcon_core.shell:Creating environment hook '/home/ylspyrou/humble_ws/install/serial/share/serial/hook/cmake_prefix_path.ps1'
[5.999s] INFO:colcon.colcon_core.shell:Creating environment descriptor '/home/ylspyrou/humble_ws/install/serial/share/serial/hook/cmake_prefix_path.dsv'
[6.001s] INFO:colcon.colcon_core.shell:Creating environment hook '/home/ylspyrou/humble_ws/install/serial/share/serial/hook/cmake_prefix_path.sh'
[6.001s] Level 1:colcon.colcon_core.environment:checking '/home/ylspyrou/humble_ws/install/serial/lib'
[6.002s] Level 1:colcon.colcon_core.environment:checking '/home/ylspyrou/humble_ws/install/serial/bin'
[6.002s] Level 1:colcon.colcon_core.environment:checking '/home/ylspyrou/humble_ws/install/serial/lib/pkgconfig/serial.pc'
[6.002s] Level 1:colcon.colcon_core.environment:checking '/home/ylspyrou/humble_ws/install/serial/lib/python3.8/site-packages'
[6.002s] Level 1:colcon.colcon_core.environment:checking '/home/ylspyrou/humble_ws/install/serial/bin'
[6.002s] INFO:colcon.colcon_core.shell:Creating package script '/home/ylspyrou/humble_ws/install/serial/share/serial/package.ps1'
[6.003s] INFO:colcon.colcon_core.shell:Creating package descriptor '/home/ylspyrou/humble_ws/install/serial/share/serial/package.dsv'
[6.004s] INFO:colcon.colcon_core.shell:Creating package script '/home/ylspyrou/humble_ws/install/serial/share/serial/package.sh'
[6.004s] INFO:colcon.colcon_core.shell:Creating package script '/home/ylspyrou/humble_ws/install/serial/share/serial/package.bash'
[6.005s] INFO:colcon.colcon_core.shell:Creating package script '/home/ylspyrou/humble_ws/install/serial/share/serial/package.zsh'
[6.006s] Level 1:colcon.colcon_core.environment:create_file_with_runtime_dependencies(/home/ylspyrou/humble_ws/install/serial/share/colcon-core/packages/serial)
[6.006s] INFO:colcon.colcon_ros.task.ament_cmake.build:Building ROS package in '/home/ylspyrou/humble_ws/src/diffdrive_arduino' with build type 'ament_cmake'
[6.006s] INFO:colcon.colcon_cmake.task.cmake.build:Building CMake package in '/home/ylspyrou/humble_ws/src/diffdrive_arduino'
[6.007s] INFO:colcon.colcon_core.shell:Skip shell extension 'powershell' for command environment: Not usable outside of PowerShell
[6.007s] DEBUG:colcon.colcon_core.shell:Skip shell extension 'dsv' for command environment
[6.024s] DEBUG:colcon.colcon_core.event_handler.log_command:Invoking command in '/home/ylspyrou/humble_ws/build/diffdrive_arduino': AMENT_PREFIX_PATH=/home/ylspyrou/humble_ws/install/serial:${AMENT_PREFIX_PATH} CMAKE_PREFIX_PATH=/home/ylspyrou/humble_ws/install/serial:/home/ylspyrou/ros2_ws/install:/opt/ros/foxy LD_LIBRARY_PATH=/home/ylspyrou/humble_ws/install/serial/lib:${LD_LIBRARY_PATH} /usr/bin/cmake /home/ylspyrou/humble_ws/src/diffdrive_arduino -DAMENT_CMAKE_SYMLINK_INSTALL=1 -DCMAKE_INSTALL_PREFIX=/home/ylspyrou/humble_ws/install/diffdrive_arduino
[8.541s] DEBUG:colcon.colcon_core.event_handler.log_command:Invoked command in '/home/ylspyrou/humble_ws/build/diffdrive_arduino' returned '0': AMENT_PREFIX_PATH=/home/ylspyrou/humble_ws/install/serial:${AMENT_PREFIX_PATH} CMAKE_PREFIX_PATH=/home/ylspyrou/humble_ws/install/serial:/home/ylspyrou/ros2_ws/install:/opt/ros/foxy LD_LIBRARY_PATH=/home/ylspyrou/humble_ws/install/serial/lib:${LD_LIBRARY_PATH} /usr/bin/cmake /home/ylspyrou/humble_ws/src/diffdrive_arduino -DAMENT_CMAKE_SYMLINK_INSTALL=1 -DCMAKE_INSTALL_PREFIX=/home/ylspyrou/humble_ws/install/diffdrive_arduino
[8.542s] DEBUG:colcon.colcon_core.event_handler.log_command:Invoking command in '/home/ylspyrou/humble_ws/build/diffdrive_arduino': AMENT_PREFIX_PATH=/home/ylspyrou/humble_ws/install/serial:${AMENT_PREFIX_PATH} CMAKE_PREFIX_PATH=/home/ylspyrou/humble_ws/install/serial:/home/ylspyrou/ros2_ws/install:/opt/ros/foxy LD_LIBRARY_PATH=/home/ylspyrou/humble_ws/install/serial/lib:${LD_LIBRARY_PATH} /usr/bin/cmake --build /home/ylspyrou/humble_ws/build/diffdrive_arduino -- -j2 -l2
[13.405s] DEBUG:colcon.colcon_core.event_handler.log_command:Invoked command in '/home/ylspyrou/humble_ws/build/diffdrive_arduino' returned '0': AMENT_PREFIX_PATH=/home/ylspyrou/humble_ws/install/serial:${AMENT_PREFIX_PATH} CMAKE_PREFIX_PATH=/home/ylspyrou/humble_ws/install/serial:/home/ylspyrou/ros2_ws/install:/opt/ros/foxy LD_LIBRARY_PATH=/home/ylspyrou/humble_ws/install/serial/lib:${LD_LIBRARY_PATH} /usr/bin/cmake --build /home/ylspyrou/humble_ws/build/diffdrive_arduino -- -j2 -l2
[13.443s] DEBUG:colcon.colcon_core.event_handler.log_command:Invoking command in '/home/ylspyrou/humble_ws/build/diffdrive_arduino': AMENT_PREFIX_PATH=/home/ylspyrou/humble_ws/install/serial:${AMENT_PREFIX_PATH} CMAKE_PREFIX_PATH=/home/ylspyrou/humble_ws/install/serial:/home/ylspyrou/ros2_ws/install:/opt/ros/foxy LD_LIBRARY_PATH=/home/ylspyrou/humble_ws/install/serial/lib:${LD_LIBRARY_PATH} /usr/bin/cmake --install /home/ylspyrou/humble_ws/build/diffdrive_arduino
[13.720s] Level 1:colcon.colcon_core.environment:create_environment_scripts_only(diffdrive_arduino)
[13.720s] Level 1:colcon.colcon_core.environment:checking '/home/ylspyrou/humble_ws/install/diffdrive_arduino' for CMake module files
[13.721s] Level 1:colcon.colcon_core.environment:checking '/home/ylspyrou/humble_ws/install/diffdrive_arduino' for CMake config files
[13.721s] Level 1:colcon.colcon_core.shell:create_environment_hook('diffdrive_arduino', 'cmake_prefix_path')
[13.722s] INFO:colcon.colcon_core.shell:Creating environment hook '/home/ylspyrou/humble_ws/install/diffdrive_arduino/share/diffdrive_arduino/hook/cmake_prefix_path.ps1'
[13.723s] DEBUG:colcon.colcon_core.event_handler.log_command:Invoked command in '/home/ylspyrou/humble_ws/build/diffdrive_arduino' returned '0': AMENT_PREFIX_PATH=/home/ylspyrou/humble_ws/install/serial:${AMENT_PREFIX_PATH} CMAKE_PREFIX_PATH=/home/ylspyrou/humble_ws/install/serial:/home/ylspyrou/ros2_ws/install:/opt/ros/foxy LD_LIBRARY_PATH=/home/ylspyrou/humble_ws/install/serial/lib:${LD_LIBRARY_PATH} /usr/bin/cmake --install /home/ylspyrou/humble_ws/build/diffdrive_arduino
[13.730s] INFO:colcon.colcon_core.shell:Creating environment descriptor '/home/ylspyrou/humble_ws/install/diffdrive_arduino/share/diffdrive_arduino/hook/cmake_prefix_path.dsv'
[13.730s] INFO:colcon.colcon_core.shell:Creating environment hook '/home/ylspyrou/humble_ws/install/diffdrive_arduino/share/diffdrive_arduino/hook/cmake_prefix_path.sh'
[13.731s] Level 1:colcon.colcon_core.environment:checking '/home/ylspyrou/humble_ws/install/diffdrive_arduino/lib'
[13.731s] Level 1:colcon.colcon_core.shell:create_environment_hook('diffdrive_arduino', 'ld_library_path_lib')
[13.731s] INFO:colcon.colcon_core.shell:Creating environment hook '/home/ylspyrou/humble_ws/install/diffdrive_arduino/share/diffdrive_arduino/hook/ld_library_path_lib.ps1'
[13.731s] INFO:colcon.colcon_core.shell:Creating environment descriptor '/home/ylspyrou/humble_ws/install/diffdrive_arduino/share/diffdrive_arduino/hook/ld_library_path_lib.dsv'
[13.731s] INFO:colcon.colcon_core.shell:Creating environment hook '/home/ylspyrou/humble_ws/install/diffdrive_arduino/share/diffdrive_arduino/hook/ld_library_path_lib.sh'
[13.732s] Level 1:colcon.colcon_core.environment:checking '/home/ylspyrou/humble_ws/install/diffdrive_arduino/bin'
[13.732s] Level 1:colcon.colcon_core.environment:checking '/home/ylspyrou/humble_ws/install/diffdrive_arduino/lib/pkgconfig/diffdrive_arduino.pc'
[13.732s] Level 1:colcon.colcon_core.environment:checking '/home/ylspyrou/humble_ws/install/diffdrive_arduino/lib/python3.8/site-packages'
[13.732s] Level 1:colcon.colcon_core.environment:checking '/home/ylspyrou/humble_ws/install/diffdrive_arduino/bin'
[13.732s] INFO:colcon.colcon_core.shell:Creating package script '/home/ylspyrou/humble_ws/install/diffdrive_arduino/share/diffdrive_arduino/package.ps1'
[13.733s] INFO:colcon.colcon_core.shell:Creating package descriptor '/home/ylspyrou/humble_ws/install/diffdrive_arduino/share/diffdrive_arduino/package.dsv'
[13.733s] INFO:colcon.colcon_core.shell:Creating package script '/home/ylspyrou/humble_ws/install/diffdrive_arduino/share/diffdrive_arduino/package.sh'
[13.733s] INFO:colcon.colcon_core.shell:Creating package script '/home/ylspyrou/humble_ws/install/diffdrive_arduino/share/diffdrive_arduino/package.bash'
[13.734s] INFO:colcon.colcon_core.shell:Creating package script '/home/ylspyrou/humble_ws/install/diffdrive_arduino/share/diffdrive_arduino/package.zsh'
[13.735s] Level 1:colcon.colcon_core.environment:create_file_with_runtime_dependencies(/home/ylspyrou/humble_ws/install/diffdrive_arduino/share/colcon-core/packages/diffdrive_arduino)
[13.766s] Level 1:colcon.colcon_core.environment:create_environment_scripts_only(diffdrive_arduino)
[13.767s] Level 1:colcon.colcon_core.environment:checking '/home/ylspyrou/humble_ws/install/diffdrive_arduino' for CMake module files
[13.767s] Level 1:colcon.colcon_core.environment:checking '/home/ylspyrou/humble_ws/install/diffdrive_arduino' for CMake config files
[13.767s] Level 1:colcon.colcon_core.shell:create_environment_hook('diffdrive_arduino', 'cmake_prefix_path')
[13.768s] INFO:colcon.colcon_core.shell:Creating environment hook '/home/ylspyrou/humble_ws/install/diffdrive_arduino/share/diffdrive_arduino/hook/cmake_prefix_path.ps1'
[13.768s] INFO:colcon.colcon_core.shell:Creating environment descriptor '/home/ylspyrou/humble_ws/install/diffdrive_arduino/share/diffdrive_arduino/hook/cmake_prefix_path.dsv'
[13.769s] INFO:colcon.colcon_core.shell:Creating environment hook '/home/ylspyrou/humble_ws/install/diffdrive_arduino/share/diffdrive_arduino/hook/cmake_prefix_path.sh'
[13.770s] Level 1:colcon.colcon_core.environment:checking '/home/ylspyrou/humble_ws/install/diffdrive_arduino/lib'
[13.770s] Level 1:colcon.colcon_core.shell:create_environment_hook('diffdrive_arduino', 'ld_library_path_lib')
[13.770s] INFO:colcon.colcon_core.shell:Creating environment hook '/home/ylspyrou/humble_ws/install/diffdrive_arduino/share/diffdrive_arduino/hook/ld_library_path_lib.ps1'
[13.771s] INFO:colcon.colcon_core.shell:Creating environment descriptor '/home/ylspyrou/humble_ws/install/diffdrive_arduino/share/diffdrive_arduino/hook/ld_library_path_lib.dsv'
[13.771s] INFO:colcon.colcon_core.shell:Creating environment hook '/home/ylspyrou/humble_ws/install/diffdrive_arduino/share/diffdrive_arduino/hook/ld_library_path_lib.sh'
[13.772s] Level 1:colcon.colcon_core.environment:checking '/home/ylspyrou/humble_ws/install/diffdrive_arduino/bin'
[13.772s] Level 1:colcon.colcon_core.environment:checking '/home/ylspyrou/humble_ws/install/diffdrive_arduino/lib/pkgconfig/diffdrive_arduino.pc'
[13.772s] Level 1:colcon.colcon_core.environment:checking '/home/ylspyrou/humble_ws/install/diffdrive_arduino/lib/python3.8/site-packages'
[13.772s] Level 1:colcon.colcon_core.environment:checking '/home/ylspyrou/humble_ws/install/diffdrive_arduino/bin'
[13.773s] INFO:colcon.colcon_core.shell:Creating package script '/home/ylspyrou/humble_ws/install/diffdrive_arduino/share/diffdrive_arduino/package.ps1'
[13.774s] INFO:colcon.colcon_core.shell:Creating package descriptor '/home/ylspyrou/humble_ws/install/diffdrive_arduino/share/diffdrive_arduino/package.dsv'
[13.774s] INFO:colcon.colcon_core.shell:Creating package script '/home/ylspyrou/humble_ws/install/diffdrive_arduino/share/diffdrive_arduino/package.sh'
[13.775s] INFO:colcon.colcon_core.shell:Creating package script '/home/ylspyrou/humble_ws/install/diffdrive_arduino/share/diffdrive_arduino/package.bash'
[13.775s] INFO:colcon.colcon_core.shell:Creating package script '/home/ylspyrou/humble_ws/install/diffdrive_arduino/share/diffdrive_arduino/package.zsh'
[13.776s] Level 1:colcon.colcon_core.environment:create_file_with_runtime_dependencies(/home/ylspyrou/humble_ws/install/diffdrive_arduino/share/colcon-core/packages/diffdrive_arduino)
[13.776s] DEBUG:colcon.colcon_parallel_executor.executor.parallel:closing loop
[13.777s] DEBUG:colcon.colcon_parallel_executor.executor.parallel:loop closed
[13.777s] DEBUG:colcon.colcon_parallel_executor.executor.parallel:run_until_complete finished with '0'
[13.777s] DEBUG:colcon.colcon_core.event_reactor:joining thread
[13.784s] INFO:colcon.colcon_core.plugin_system:Skipping extension 'colcon_notification.desktop_notification.terminal_notifier': Not used on non-Darwin systems
[13.784s] INFO:colcon.colcon_core.plugin_system:Skipping extension 'colcon_notification.desktop_notification.win32': Not used on non-Windows systems
[13.784s] INFO:colcon.colcon_notification.desktop_notification:Sending desktop notification using 'notify2'
[13.987s] DEBUG:colcon.colcon_core.event_reactor:joined thread
[13.988s] INFO:colcon.colcon_core.shell:Creating prefix script '/home/ylspyrou/humble_ws/install/local_setup.ps1'
[13.989s] INFO:colcon.colcon_core.shell:Creating prefix util module '/home/ylspyrou/humble_ws/install/_local_setup_util_ps1.py'
[13.990s] INFO:colcon.colcon_core.shell:Creating prefix chain script '/home/ylspyrou/humble_ws/install/setup.ps1'
[13.991s] INFO:colcon.colcon_core.shell:Creating prefix script '/home/ylspyrou/humble_ws/install/local_setup.sh'
[13.992s] INFO:colcon.colcon_core.shell:Creating prefix util module '/home/ylspyrou/humble_ws/install/_local_setup_util_sh.py'
[13.992s] INFO:colcon.colcon_core.shell:Creating prefix chain script '/home/ylspyrou/humble_ws/install/setup.sh'
[13.993s] INFO:colcon.colcon_core.shell:Creating prefix script '/home/ylspyrou/humble_ws/install/local_setup.bash'
[13.993s] INFO:colcon.colcon_core.shell:Creating prefix chain script '/home/ylspyrou/humble_ws/install/setup.bash'
[13.994s] INFO:colcon.colcon_core.shell:Creating prefix script '/home/ylspyrou/humble_ws/install/local_setup.zsh'
[13.994s] INFO:colcon.colcon_core.shell:Creating prefix chain script '/home/ylspyrou/humble_ws/install/setup.zsh'
