[0.109s] Invoking command in '/home/ylspyrou/humble_ws/build/gripper_controllers': AMENT_PREFIX_PATH=/home/ylspyrou/humble_ws/install/controller_manager:/home/ylspyrou/humble_ws/install/controller_interface:/home/ylspyrou/humble_ws/install/hardware_interface:/home/ylspyrou/humble_ws/install/ros2_control_test_assets:/home/ylspyrou/humble_ws/install/realtime_tools:/home/ylspyrou/humble_ws/install/controller_manager_msgs:/home/ylspyrou/humble_ws/install/control_msgs:${AMENT_PREFIX_PATH} CMAKE_PREFIX_PATH=/home/ylspyrou/humble_ws/install/controller_manager:/home/ylspyrou/humble_ws/install/controller_interface:/home/ylspyrou/humble_ws/install/hardware_interface:/home/ylspyrou/humble_ws/install/ros2_control_test_assets:/home/ylspyrou/humble_ws/install/realtime_tools:/home/ylspyrou/humble_ws/install/controller_manager_msgs:/home/ylspyrou/humble_ws/install/control_msgs:/opt/ros/foxy LD_LIBRARY_PATH=/home/ylspyrou/humble_ws/install/controller_manager/lib:/home/ylspyrou/humble_ws/install/controller_interface/lib:/home/ylspyrou/humble_ws/install/hardware_interface/lib:/home/ylspyrou/humble_ws/install/realtime_tools/lib:/home/ylspyrou/humble_ws/install/controller_manager_msgs/lib:/home/ylspyrou/humble_ws/install/control_msgs/lib:${LD_LIBRARY_PATH} PYTHONPATH=/home/ylspyrou/humble_ws/install/controller_manager/lib/python3.8/site-packages:/home/ylspyrou/humble_ws/install/controller_manager_msgs/lib/python3.8/site-packages:/home/ylspyrou/humble_ws/install/control_msgs/lib/python3.8/site-packages:${PYTHONPATH} /usr/bin/cmake /home/ylspyrou/humble_ws/src/ros2_controllers/gripper_controllers -DAMENT_CMAKE_SYMLINK_INSTALL=1 -DCMAKE_INSTALL_PREFIX=/home/ylspyrou/humble_ws/install/gripper_controllers
[0.179s] -- The C compiler identification is GNU 9.4.0
[0.255s] -- The CXX compiler identification is GNU 9.4.0
[0.260s] -- Check for working C compiler: /usr/bin/cc
[0.366s] -- Check for working C compiler: /usr/bin/cc -- works
[0.367s] -- Detecting C compiler ABI info
[0.503s] -- Detecting C compiler ABI info - done
[0.531s] -- Detecting C compile features
[0.531s] -- Detecting C compile features - done
[0.542s] -- Check for working CXX compiler: /usr/bin/c++
[0.683s] -- Check for working CXX compiler: /usr/bin/c++ -- works
[0.684s] -- Detecting CXX compiler ABI info
[0.829s] -- Detecting CXX compiler ABI info - done
[0.843s] -- Detecting CXX compile features
[0.844s] -- Detecting CXX compile features - done
[0.848s] -- Found ament_cmake: 0.9.12 (/opt/ros/foxy/share/ament_cmake/cmake)
[0.881s] -- Found PythonInterp: /usr/bin/python3 (found suitable version "3.8.10", minimum required is "3") 
[0.881s] -- Using PYTHON_EXECUTABLE: /usr/bin/python3
[1.149s] -- Override CMake install command with custom implementation using symlinks instead of copying resources
[1.194s] -- Found rclcpp_action: 2.4.3 (/opt/ros/foxy/share/rclcpp_action/cmake)
[1.249s] -- Using all available rosidl_typesupport_c: rosidl_typesupport_fastrtps_c;rosidl_typesupport_introspection_c
[1.262s] -- Found rosidl_adapter: 1.3.1 (/opt/ros/foxy/share/rosidl_adapter/cmake)
[1.402s] -- Found OpenSSL: /usr/lib/x86_64-linux-gnu/libcrypto.so (found version "1.1.1f")  
[1.450s] -- Found FastRTPS: /opt/ros/foxy/include  
[1.558s] -- Using all available rosidl_typesupport_cpp: rosidl_typesupport_fastrtps_cpp;rosidl_typesupport_introspection_cpp
[1.731s] -- Found rmw_implementation_cmake: 1.0.4 (/opt/ros/foxy/share/rmw_implementation_cmake/cmake)
[1.734s] -- Using RMW implementation 'rmw_fastrtps_cpp' as default
[1.735s] -- Looking for pthread.h
[1.835s] -- Looking for pthread.h - found
[1.836s] -- Performing Test CMAKE_HAVE_LIBC_PTHREAD
[1.981s] -- Performing Test CMAKE_HAVE_LIBC_PTHREAD - Failed
[1.982s] -- Looking for pthread_create in pthreads
[2.097s] -- Looking for pthread_create in pthreads - not found
[2.097s] -- Looking for pthread_create in pthread
[2.213s] -- Looking for pthread_create in pthread - found
[2.215s] -- Found Threads: TRUE  
[2.480s] -- Found control_msgs: 2.5.1 (/home/ylspyrou/humble_ws/install/control_msgs/share/control_msgs/cmake)
[2.941s] -- Found control_toolbox: 2.2.0 (/opt/ros/foxy/share/control_toolbox/cmake)
[3.002s] -- Found controller_interface: 0.11.0 (/home/ylspyrou/humble_ws/install/controller_interface/share/controller_interface/cmake)
[3.264s] -- Found ament_cmake_gmock: 0.9.12 (/opt/ros/foxy/share/ament_cmake_gmock/cmake)
[3.265s] -- Found controller_manager: 0.11.0 (/home/ylspyrou/humble_ws/install/controller_manager/share/controller_manager/cmake)
[3.335s] -- Found ros2_control_test_assets: 0.11.0 (/home/ylspyrou/humble_ws/install/ros2_control_test_assets/share/ros2_control_test_assets/cmake)
[3.340s] -- Found gmock sources under '/opt/ros/foxy/src/gmock_vendor': C++ tests using 'Google Mock' will be built
[3.346s] -- Found ament_cmake_gtest: 0.9.12 (/opt/ros/foxy/share/ament_cmake_gtest/cmake)
[3.347s] -- Found gtest sources under '/opt/ros/foxy/src/gtest_vendor': C++ tests using 'Google Test' will be built
[3.649s] -- Configuring done
[3.717s] -- Generating done
[3.720s] -- Build files have been written to: /home/ylspyrou/humble_ws/build/gripper_controllers
[3.735s] Invoked command in '/home/ylspyrou/humble_ws/build/gripper_controllers' returned '0': AMENT_PREFIX_PATH=/home/ylspyrou/humble_ws/install/controller_manager:/home/ylspyrou/humble_ws/install/controller_interface:/home/ylspyrou/humble_ws/install/hardware_interface:/home/ylspyrou/humble_ws/install/ros2_control_test_assets:/home/ylspyrou/humble_ws/install/realtime_tools:/home/ylspyrou/humble_ws/install/controller_manager_msgs:/home/ylspyrou/humble_ws/install/control_msgs:${AMENT_PREFIX_PATH} CMAKE_PREFIX_PATH=/home/ylspyrou/humble_ws/install/controller_manager:/home/ylspyrou/humble_ws/install/controller_interface:/home/ylspyrou/humble_ws/install/hardware_interface:/home/ylspyrou/humble_ws/install/ros2_control_test_assets:/home/ylspyrou/humble_ws/install/realtime_tools:/home/ylspyrou/humble_ws/install/controller_manager_msgs:/home/ylspyrou/humble_ws/install/control_msgs:/opt/ros/foxy LD_LIBRARY_PATH=/home/ylspyrou/humble_ws/install/controller_manager/lib:/home/ylspyrou/humble_ws/install/controller_interface/lib:/home/ylspyrou/humble_ws/install/hardware_interface/lib:/home/ylspyrou/humble_ws/install/realtime_tools/lib:/home/ylspyrou/humble_ws/install/controller_manager_msgs/lib:/home/ylspyrou/humble_ws/install/control_msgs/lib:${LD_LIBRARY_PATH} PYTHONPATH=/home/ylspyrou/humble_ws/install/controller_manager/lib/python3.8/site-packages:/home/ylspyrou/humble_ws/install/controller_manager_msgs/lib/python3.8/site-packages:/home/ylspyrou/humble_ws/install/control_msgs/lib/python3.8/site-packages:${PYTHONPATH} /usr/bin/cmake /home/ylspyrou/humble_ws/src/ros2_controllers/gripper_controllers -DAMENT_CMAKE_SYMLINK_INSTALL=1 -DCMAKE_INSTALL_PREFIX=/home/ylspyrou/humble_ws/install/gripper_controllers
[3.740s] Invoking command in '/home/ylspyrou/humble_ws/build/gripper_controllers': AMENT_PREFIX_PATH=/home/ylspyrou/humble_ws/install/controller_manager:/home/ylspyrou/humble_ws/install/controller_interface:/home/ylspyrou/humble_ws/install/hardware_interface:/home/ylspyrou/humble_ws/install/ros2_control_test_assets:/home/ylspyrou/humble_ws/install/realtime_tools:/home/ylspyrou/humble_ws/install/controller_manager_msgs:/home/ylspyrou/humble_ws/install/control_msgs:${AMENT_PREFIX_PATH} CMAKE_PREFIX_PATH=/home/ylspyrou/humble_ws/install/controller_manager:/home/ylspyrou/humble_ws/install/controller_interface:/home/ylspyrou/humble_ws/install/hardware_interface:/home/ylspyrou/humble_ws/install/ros2_control_test_assets:/home/ylspyrou/humble_ws/install/realtime_tools:/home/ylspyrou/humble_ws/install/controller_manager_msgs:/home/ylspyrou/humble_ws/install/control_msgs:/opt/ros/foxy LD_LIBRARY_PATH=/home/ylspyrou/humble_ws/install/controller_manager/lib:/home/ylspyrou/humble_ws/install/controller_interface/lib:/home/ylspyrou/humble_ws/install/hardware_interface/lib:/home/ylspyrou/humble_ws/install/realtime_tools/lib:/home/ylspyrou/humble_ws/install/controller_manager_msgs/lib:/home/ylspyrou/humble_ws/install/control_msgs/lib:${LD_LIBRARY_PATH} PYTHONPATH=/home/ylspyrou/humble_ws/install/controller_manager/lib/python3.8/site-packages:/home/ylspyrou/humble_ws/install/controller_manager_msgs/lib/python3.8/site-packages:/home/ylspyrou/humble_ws/install/control_msgs/lib/python3.8/site-packages:${PYTHONPATH} /usr/bin/cmake --build /home/ylspyrou/humble_ws/build/gripper_controllers -- -j2 -l2
[3.816s] [35m[1mScanning dependencies of target gripper_action_controller[0m
[3.943s] [ 11%] [32mBuilding CXX object CMakeFiles/gripper_action_controller.dir/src/gripper_action_controller.cpp.o[0m
[9.584s] [ 22%] [32m[1mLinking CXX shared library libgripper_action_controller.so[0m
[9.855s] [ 22%] Built target gripper_action_controller
[9.867s] [35m[1mScanning dependencies of target gmock[0m
[9.891s] [ 33%] [32mBuilding CXX object gmock/CMakeFiles/gmock.dir/opt/ros/foxy/src/gtest_vendor/src/gtest-all.cc.o[0m
[15.228s] [ 44%] [32mBuilding CXX object gmock/CMakeFiles/gmock.dir/src/gmock-all.cc.o[0m
[17.845s] [ 55%] [32m[1mLinking CXX static library libgmock.a[0m
[17.963s] [ 55%] Built target gmock
[17.988s] [35m[1mScanning dependencies of target gmock_main[0m
[18.007s] [ 66%] [32mBuilding CXX object gmock/CMakeFiles/gmock_main.dir/src/gmock_main.cc.o[0m
[19.160s] [ 77%] [32m[1mLinking CXX static library libgmock_main.a[0m
[19.197s] [ 77%] Built target gmock_main
[19.213s] [35m[1mScanning dependencies of target test_load_gripper_action_controllers[0m
[19.288s] [ 88%] [32mBuilding CXX object CMakeFiles/test_load_gripper_action_controllers.dir/test/test_load_gripper_action_controllers.cpp.o[0m
[24.032s] [100%] [32m[1mLinking CXX executable test_load_gripper_action_controllers[0m
[24.861s] [100%] Built target test_load_gripper_action_controllers
[24.878s] Invoked command in '/home/ylspyrou/humble_ws/build/gripper_controllers' returned '0': AMENT_PREFIX_PATH=/home/ylspyrou/humble_ws/install/controller_manager:/home/ylspyrou/humble_ws/install/controller_interface:/home/ylspyrou/humble_ws/install/hardware_interface:/home/ylspyrou/humble_ws/install/ros2_control_test_assets:/home/ylspyrou/humble_ws/install/realtime_tools:/home/ylspyrou/humble_ws/install/controller_manager_msgs:/home/ylspyrou/humble_ws/install/control_msgs:${AMENT_PREFIX_PATH} CMAKE_PREFIX_PATH=/home/ylspyrou/humble_ws/install/controller_manager:/home/ylspyrou/humble_ws/install/controller_interface:/home/ylspyrou/humble_ws/install/hardware_interface:/home/ylspyrou/humble_ws/install/ros2_control_test_assets:/home/ylspyrou/humble_ws/install/realtime_tools:/home/ylspyrou/humble_ws/install/controller_manager_msgs:/home/ylspyrou/humble_ws/install/control_msgs:/opt/ros/foxy LD_LIBRARY_PATH=/home/ylspyrou/humble_ws/install/controller_manager/lib:/home/ylspyrou/humble_ws/install/controller_interface/lib:/home/ylspyrou/humble_ws/install/hardware_interface/lib:/home/ylspyrou/humble_ws/install/realtime_tools/lib:/home/ylspyrou/humble_ws/install/controller_manager_msgs/lib:/home/ylspyrou/humble_ws/install/control_msgs/lib:${LD_LIBRARY_PATH} PYTHONPATH=/home/ylspyrou/humble_ws/install/controller_manager/lib/python3.8/site-packages:/home/ylspyrou/humble_ws/install/controller_manager_msgs/lib/python3.8/site-packages:/home/ylspyrou/humble_ws/install/control_msgs/lib/python3.8/site-packages:${PYTHONPATH} /usr/bin/cmake --build /home/ylspyrou/humble_ws/build/gripper_controllers -- -j2 -l2
[24.916s] Invoking command in '/home/ylspyrou/humble_ws/build/gripper_controllers': AMENT_PREFIX_PATH=/home/ylspyrou/humble_ws/install/controller_manager:/home/ylspyrou/humble_ws/install/controller_interface:/home/ylspyrou/humble_ws/install/hardware_interface:/home/ylspyrou/humble_ws/install/ros2_control_test_assets:/home/ylspyrou/humble_ws/install/realtime_tools:/home/ylspyrou/humble_ws/install/controller_manager_msgs:/home/ylspyrou/humble_ws/install/control_msgs:${AMENT_PREFIX_PATH} CMAKE_PREFIX_PATH=/home/ylspyrou/humble_ws/install/controller_manager:/home/ylspyrou/humble_ws/install/controller_interface:/home/ylspyrou/humble_ws/install/hardware_interface:/home/ylspyrou/humble_ws/install/ros2_control_test_assets:/home/ylspyrou/humble_ws/install/realtime_tools:/home/ylspyrou/humble_ws/install/controller_manager_msgs:/home/ylspyrou/humble_ws/install/control_msgs:/opt/ros/foxy LD_LIBRARY_PATH=/home/ylspyrou/humble_ws/install/controller_manager/lib:/home/ylspyrou/humble_ws/install/controller_interface/lib:/home/ylspyrou/humble_ws/install/hardware_interface/lib:/home/ylspyrou/humble_ws/install/realtime_tools/lib:/home/ylspyrou/humble_ws/install/controller_manager_msgs/lib:/home/ylspyrou/humble_ws/install/control_msgs/lib:${LD_LIBRARY_PATH} PYTHONPATH=/home/ylspyrou/humble_ws/install/controller_manager/lib/python3.8/site-packages:/home/ylspyrou/humble_ws/install/controller_manager_msgs/lib/python3.8/site-packages:/home/ylspyrou/humble_ws/install/control_msgs/lib/python3.8/site-packages:${PYTHONPATH} /usr/bin/cmake --install /home/ylspyrou/humble_ws/build/gripper_controllers
[24.927s] -- Install configuration: ""
[24.928s] -- Execute custom install script
[24.928s] -- Symlinking: /home/ylspyrou/humble_ws/install/gripper_controllers/share/gripper_controllers//ros_control_plugins.xml
[24.944s] -- Symlinking: /home/ylspyrou/humble_ws/install/gripper_controllers/include/gripper_action_controller.hpp
[24.960s] -- Symlinking: /home/ylspyrou/humble_ws/install/gripper_controllers/include/gripper_action_controller_impl.hpp
[24.972s] -- Symlinking: /home/ylspyrou/humble_ws/install/gripper_controllers/include/hardware_interface_adapter.hpp
[24.986s] -- Symlinking: /home/ylspyrou/humble_ws/install/gripper_controllers/include/visibility_control.hpp
[25.000s] -- Symlinking: /home/ylspyrou/humble_ws/install/gripper_controllers/lib/libgripper_action_controller.so
[25.011s] -- Symlinking: /home/ylspyrou/humble_ws/install/gripper_controllers/share/ament_index/resource_index/package_run_dependencies/gripper_controllers
[25.023s] -- Symlinking: /home/ylspyrou/humble_ws/install/gripper_controllers/share/ament_index/resource_index/parent_prefix_path/gripper_controllers
[25.033s] -- Symlinking: /home/ylspyrou/humble_ws/install/gripper_controllers/share/gripper_controllers/environment/ament_prefix_path.sh
[25.045s] -- Symlinking: /home/ylspyrou/humble_ws/install/gripper_controllers/share/gripper_controllers/environment/ament_prefix_path.dsv
[25.056s] -- Symlinking: /home/ylspyrou/humble_ws/install/gripper_controllers/share/gripper_controllers/environment/path.sh
[25.067s] -- Symlinking: /home/ylspyrou/humble_ws/install/gripper_controllers/share/gripper_controllers/environment/path.dsv
[25.079s] -- Symlinking: /home/ylspyrou/humble_ws/install/gripper_controllers/share/gripper_controllers/local_setup.bash
[25.090s] -- Symlinking: /home/ylspyrou/humble_ws/install/gripper_controllers/share/gripper_controllers/local_setup.sh
[25.101s] -- Symlinking: /home/ylspyrou/humble_ws/install/gripper_controllers/share/gripper_controllers/local_setup.zsh
[25.112s] -- Symlinking: /home/ylspyrou/humble_ws/install/gripper_controllers/share/gripper_controllers/local_setup.dsv
[25.125s] -- Symlinking: /home/ylspyrou/humble_ws/install/gripper_controllers/share/gripper_controllers/package.dsv
[25.133s] -- Symlinking: /home/ylspyrou/humble_ws/install/gripper_controllers/share/ament_index/resource_index/packages/gripper_controllers
[25.145s] -- Symlinking: /home/ylspyrou/humble_ws/install/gripper_controllers/share/ament_index/resource_index/controller_interface__pluginlib__plugin/gripper_controllers
[25.156s] -- Symlinking: /home/ylspyrou/humble_ws/install/gripper_controllers/share/gripper_controllers/cmake/gripper_controllersConfig.cmake
[25.165s] -- Symlinking: /home/ylspyrou/humble_ws/install/gripper_controllers/share/gripper_controllers/cmake/gripper_controllersConfig-version.cmake
[25.180s] -- Symlinking: /home/ylspyrou/humble_ws/install/gripper_controllers/share/gripper_controllers/package.xml
[25.195s] Invoked command in '/home/ylspyrou/humble_ws/build/gripper_controllers' returned '0': AMENT_PREFIX_PATH=/home/ylspyrou/humble_ws/install/controller_manager:/home/ylspyrou/humble_ws/install/controller_interface:/home/ylspyrou/humble_ws/install/hardware_interface:/home/ylspyrou/humble_ws/install/ros2_control_test_assets:/home/ylspyrou/humble_ws/install/realtime_tools:/home/ylspyrou/humble_ws/install/controller_manager_msgs:/home/ylspyrou/humble_ws/install/control_msgs:${AMENT_PREFIX_PATH} CMAKE_PREFIX_PATH=/home/ylspyrou/humble_ws/install/controller_manager:/home/ylspyrou/humble_ws/install/controller_interface:/home/ylspyrou/humble_ws/install/hardware_interface:/home/ylspyrou/humble_ws/install/ros2_control_test_assets:/home/ylspyrou/humble_ws/install/realtime_tools:/home/ylspyrou/humble_ws/install/controller_manager_msgs:/home/ylspyrou/humble_ws/install/control_msgs:/opt/ros/foxy LD_LIBRARY_PATH=/home/ylspyrou/humble_ws/install/controller_manager/lib:/home/ylspyrou/humble_ws/install/controller_interface/lib:/home/ylspyrou/humble_ws/install/hardware_interface/lib:/home/ylspyrou/humble_ws/install/realtime_tools/lib:/home/ylspyrou/humble_ws/install/controller_manager_msgs/lib:/home/ylspyrou/humble_ws/install/control_msgs/lib:${LD_LIBRARY_PATH} PYTHONPATH=/home/ylspyrou/humble_ws/install/controller_manager/lib/python3.8/site-packages:/home/ylspyrou/humble_ws/install/controller_manager_msgs/lib/python3.8/site-packages:/home/ylspyrou/humble_ws/install/control_msgs/lib/python3.8/site-packages:${PYTHONPATH} /usr/bin/cmake --install /home/ylspyrou/humble_ws/build/gripper_controllers
