[0.027s] Invoking command in '/home/ylspyrou/humble_ws/build/diffbot_description': CMAKE_PREFIX_PATH=/opt/ros/foxy /usr/bin/cmake --build /home/ylspyrou/humble_ws/build/diffbot_description -- -j2 -l2
[0.089s] Invoked command in '/home/ylspyrou/humble_ws/build/diffbot_description' returned '0': CMAKE_PREFIX_PATH=/opt/ros/foxy /usr/bin/cmake --build /home/ylspyrou/humble_ws/build/diffbot_description -- -j2 -l2
[0.124s] Invoking command in '/home/ylspyrou/humble_ws/build/diffbot_description': CMAKE_PREFIX_PATH=/opt/ros/foxy /usr/bin/cmake --install /home/ylspyrou/humble_ws/build/diffbot_description
[0.133s] -- Install configuration: ""
[0.135s] -- Execute custom install script
[0.136s] -- Up-to-date symlink: /home/ylspyrou/humble_ws/install/diffbot_description/share/diffbot_description/config/diffbot.rviz
[0.138s] -- Up-to-date symlink: /home/ylspyrou/humble_ws/install/diffbot_description/share/diffbot_description/gazebo/diffbot.gazebo.xacro
[0.139s] -- Up-to-date symlink: /home/ylspyrou/humble_ws/install/diffbot_description/share/diffbot_description/gazebo/diffbot.materials.xacro
[0.140s] -- Up-to-date symlink: /home/ylspyrou/humble_ws/install/diffbot_description/share/diffbot_description/ros2_control/diffbot_system.ros2_control.xacro
[0.142s] -- Up-to-date symlink: /home/ylspyrou/humble_ws/install/diffbot_description/share/diffbot_description/urdf/diffbot.urdf.xacro
[0.142s] -- Up-to-date symlink: /home/ylspyrou/humble_ws/install/diffbot_description/share/diffbot_description/urdf/diffbot_system.urdf.xacro
[0.144s] -- Up-to-date symlink: /home/ylspyrou/humble_ws/install/diffbot_description/share/ament_index/resource_index/package_run_dependencies/diffbot_description
[0.145s] -- Up-to-date symlink: /home/ylspyrou/humble_ws/install/diffbot_description/share/ament_index/resource_index/parent_prefix_path/diffbot_description
[0.145s] -- Up-to-date symlink: /home/ylspyrou/humble_ws/install/diffbot_description/share/diffbot_description/environment/ament_prefix_path.sh
[0.145s] -- Up-to-date symlink: /home/ylspyrou/humble_ws/install/diffbot_description/share/diffbot_description/environment/ament_prefix_path.dsv
[0.146s] -- Up-to-date symlink: /home/ylspyrou/humble_ws/install/diffbot_description/share/diffbot_description/environment/path.sh
[0.146s] -- Up-to-date symlink: /home/ylspyrou/humble_ws/install/diffbot_description/share/diffbot_description/environment/path.dsv
[0.147s] -- Up-to-date symlink: /home/ylspyrou/humble_ws/install/diffbot_description/share/diffbot_description/local_setup.bash
[0.147s] -- Up-to-date symlink: /home/ylspyrou/humble_ws/install/diffbot_description/share/diffbot_description/local_setup.sh
[0.148s] -- Up-to-date symlink: /home/ylspyrou/humble_ws/install/diffbot_description/share/diffbot_description/local_setup.zsh
[0.149s] -- Up-to-date symlink: /home/ylspyrou/humble_ws/install/diffbot_description/share/diffbot_description/local_setup.dsv
[0.149s] -- Symlinking: /home/ylspyrou/humble_ws/install/diffbot_description/share/diffbot_description/package.dsv
[0.162s] -- Up-to-date symlink: /home/ylspyrou/humble_ws/install/diffbot_description/share/ament_index/resource_index/packages/diffbot_description
[0.163s] -- Up-to-date symlink: /home/ylspyrou/humble_ws/install/diffbot_description/share/diffbot_description/cmake/diffbot_descriptionConfig.cmake
[0.163s] -- Up-to-date symlink: /home/ylspyrou/humble_ws/install/diffbot_description/share/diffbot_description/cmake/diffbot_descriptionConfig-version.cmake
[0.164s] -- Up-to-date symlink: /home/ylspyrou/humble_ws/install/diffbot_description/share/diffbot_description/package.xml
[0.166s] Invoked command in '/home/ylspyrou/humble_ws/build/diffbot_description' returned '0': CMAKE_PREFIX_PATH=/opt/ros/foxy /usr/bin/cmake --install /home/ylspyrou/humble_ws/build/diffbot_description
