[0.022s] Invoking command in '/home/ylspyrou/humble_ws/build/serial': CMAKE_PREFIX_PATH=/opt/ros/foxy /usr/bin/cmake --build /home/ylspyrou/humble_ws/build/serial -- -j2 -l2
[0.131s] [ 28%] Built target serial
[0.170s] [ 42%] Built target gtest
[0.199s] [ 57%] Built target gtest_main
[0.234s] [ 71%] Built target serial_example
[0.268s] [ 85%] Built target serial-test-timer
[0.308s] [100%] Built target serial-test
[0.323s] Invoked command in '/home/ylspyrou/humble_ws/build/serial' returned '0': CMAKE_PREFIX_PATH=/opt/ros/foxy /usr/bin/cmake --build /home/ylspyrou/humble_ws/build/serial -- -j2 -l2
[0.376s] Invoking command in '/home/ylspyrou/humble_ws/build/serial': CMAKE_PREFIX_PATH=/opt/ros/foxy /usr/bin/cmake --install /home/ylspyrou/humble_ws/build/serial
[0.390s] -- Install configuration: ""
[0.392s] -- Execute custom install script
[0.394s] -- Up-to-date symlink: /home/ylspyrou/humble_ws/install/serial/lib/libserial.a
[0.396s] -- Up-to-date symlink: /home/ylspyrou/humble_ws/install/serial/include/serial/serial.h
[0.397s] -- Up-to-date symlink: /home/ylspyrou/humble_ws/install/serial/include/serial/v8stdint.h
[0.399s] -- Up-to-date symlink: /home/ylspyrou/humble_ws/install/serial/share/serial/environment/library_path.sh
[0.400s] -- Up-to-date symlink: /home/ylspyrou/humble_ws/install/serial/share/serial/environment/library_path.dsv
[0.402s] -- Up-to-date symlink: /home/ylspyrou/humble_ws/install/serial/share/ament_index/resource_index/package_run_dependencies/serial
[0.403s] -- Up-to-date symlink: /home/ylspyrou/humble_ws/install/serial/share/ament_index/resource_index/parent_prefix_path/serial
[0.404s] -- Up-to-date symlink: /home/ylspyrou/humble_ws/install/serial/share/serial/environment/ament_prefix_path.sh
[0.405s] -- Up-to-date symlink: /home/ylspyrou/humble_ws/install/serial/share/serial/environment/ament_prefix_path.dsv
[0.406s] -- Up-to-date symlink: /home/ylspyrou/humble_ws/install/serial/share/serial/environment/path.sh
[0.412s] -- Up-to-date symlink: /home/ylspyrou/humble_ws/install/serial/share/serial/environment/path.dsv
[0.421s] -- Up-to-date symlink: /home/ylspyrou/humble_ws/install/serial/share/serial/local_setup.bash
[0.480s] -- Up-to-date symlink: /home/ylspyrou/humble_ws/install/serial/share/serial/local_setup.sh
[0.481s] -- Up-to-date symlink: /home/ylspyrou/humble_ws/install/serial/share/serial/local_setup.zsh
[0.483s] -- Up-to-date symlink: /home/ylspyrou/humble_ws/install/serial/share/serial/local_setup.dsv
[0.485s] -- Symlinking: /home/ylspyrou/humble_ws/install/serial/share/serial/package.dsv
[0.498s] -- Up-to-date symlink: /home/ylspyrou/humble_ws/install/serial/share/ament_index/resource_index/packages/serial
[0.499s] -- Up-to-date symlink: /home/ylspyrou/humble_ws/install/serial/share/serial/cmake/ament_cmake_export_include_directories-extras.cmake
[0.500s] -- Up-to-date symlink: /home/ylspyrou/humble_ws/install/serial/share/serial/cmake/ament_cmake_export_libraries-extras.cmake
[0.501s] -- Up-to-date symlink: /home/ylspyrou/humble_ws/install/serial/share/serial/cmake/serialConfig.cmake
[0.502s] -- Up-to-date symlink: /home/ylspyrou/humble_ws/install/serial/share/serial/cmake/serialConfig-version.cmake
[0.502s] -- Up-to-date symlink: /home/ylspyrou/humble_ws/install/serial/share/serial/package.xml
[0.508s] Invoked command in '/home/ylspyrou/humble_ws/build/serial' returned '0': CMAKE_PREFIX_PATH=/opt/ros/foxy /usr/bin/cmake --install /home/ylspyrou/humble_ws/build/serial
