[0.018s] Invoking command in '/home/ylspyrou/humble_ws/build/diffbot_description': CMAKE_PREFIX_PATH=${CMAKE_PREFIX_PATH}:/home/ylspyrou/humble_ws/install/serial_motor_demo:/home/ylspyrou/humble_ws/install/ros2controlcli:/home/ylspyrou/humble_ws/install/ros2_control_test_nodes:/opt/ros/foxy /usr/bin/cmake --build /home/ylspyrou/humble_ws/build/diffbot_description -- -j2 -l2
[0.100s] Invoked command in '/home/ylspyrou/humble_ws/build/diffbot_description' returned '0': CMAKE_PREFIX_PATH=${CMAKE_PREFIX_PATH}:/home/ylspyrou/humble_ws/install/serial_motor_demo:/home/ylspyrou/humble_ws/install/ros2controlcli:/home/ylspyrou/humble_ws/install/ros2_control_test_nodes:/opt/ros/foxy /usr/bin/cmake --build /home/ylspyrou/humble_ws/build/diffbot_description -- -j2 -l2
[0.133s] Invoking command in '/home/ylspyrou/humble_ws/build/diffbot_description': CMAKE_PREFIX_PATH=${CMAKE_PREFIX_PATH}:/home/ylspyrou/humble_ws/install/serial_motor_demo:/home/ylspyrou/humble_ws/install/ros2controlcli:/home/ylspyrou/humble_ws/install/ros2_control_test_nodes:/opt/ros/foxy /usr/bin/cmake --install /home/ylspyrou/humble_ws/build/diffbot_description
[0.152s] -- Install configuration: ""
[0.152s] -- Execute custom install script
[0.152s] -- Up-to-date symlink: /home/ylspyrou/humble_ws/install/diffbot_description/share/diffbot_description/config/diffbot.rviz
[0.152s] -- Up-to-date symlink: /home/ylspyrou/humble_ws/install/diffbot_description/share/diffbot_description/gazebo/diffbot.gazebo.xacro
[0.152s] -- Up-to-date symlink: /home/ylspyrou/humble_ws/install/diffbot_description/share/diffbot_description/gazebo/diffbot.materials.xacro
[0.152s] -- Up-to-date symlink: /home/ylspyrou/humble_ws/install/diffbot_description/share/diffbot_description/ros2_control/diffbot_system.ros2_control.xacro
[0.152s] -- Up-to-date symlink: /home/ylspyrou/humble_ws/install/diffbot_description/share/diffbot_description/urdf/diffbot.urdf.xacro
[0.153s] -- Up-to-date symlink: /home/ylspyrou/humble_ws/install/diffbot_description/share/diffbot_description/urdf/diffbot_system.urdf.xacro
[0.153s] -- Up-to-date symlink: /home/ylspyrou/humble_ws/install/diffbot_description/share/ament_index/resource_index/package_run_dependencies/diffbot_description
[0.154s] -- Up-to-date symlink: /home/ylspyrou/humble_ws/install/diffbot_description/share/ament_index/resource_index/parent_prefix_path/diffbot_description
[0.154s] -- Up-to-date symlink: /home/ylspyrou/humble_ws/install/diffbot_description/share/diffbot_description/environment/ament_prefix_path.sh
[0.155s] -- Up-to-date symlink: /home/ylspyrou/humble_ws/install/diffbot_description/share/diffbot_description/environment/ament_prefix_path.dsv
[0.156s] -- Up-to-date symlink: /home/ylspyrou/humble_ws/install/diffbot_description/share/diffbot_description/environment/path.sh
[0.159s] -- Up-to-date symlink: /home/ylspyrou/humble_ws/install/diffbot_description/share/diffbot_description/environment/path.dsv
[0.159s] -- Up-to-date symlink: /home/ylspyrou/humble_ws/install/diffbot_description/share/diffbot_description/local_setup.bash
[0.159s] -- Up-to-date symlink: /home/ylspyrou/humble_ws/install/diffbot_description/share/diffbot_description/local_setup.sh
[0.159s] -- Up-to-date symlink: /home/ylspyrou/humble_ws/install/diffbot_description/share/diffbot_description/local_setup.zsh
[0.159s] -- Up-to-date symlink: /home/ylspyrou/humble_ws/install/diffbot_description/share/diffbot_description/local_setup.dsv
[0.159s] -- Symlinking: /home/ylspyrou/humble_ws/install/diffbot_description/share/diffbot_description/package.dsv
[0.172s] -- Up-to-date symlink: /home/ylspyrou/humble_ws/install/diffbot_description/share/ament_index/resource_index/packages/diffbot_description
[0.172s] -- Up-to-date symlink: /home/ylspyrou/humble_ws/install/diffbot_description/share/diffbot_description/cmake/diffbot_descriptionConfig.cmake
[0.172s] -- Up-to-date symlink: /home/ylspyrou/humble_ws/install/diffbot_description/share/diffbot_description/cmake/diffbot_descriptionConfig-version.cmake
[0.172s] -- Up-to-date symlink: /home/ylspyrou/humble_ws/install/diffbot_description/share/diffbot_description/package.xml
[0.176s] Invoked command in '/home/ylspyrou/humble_ws/build/diffbot_description' returned '0': CMAKE_PREFIX_PATH=${CMAKE_PREFIX_PATH}:/home/ylspyrou/humble_ws/install/serial_motor_demo:/home/ylspyrou/humble_ws/install/ros2controlcli:/home/ylspyrou/humble_ws/install/ros2_control_test_nodes:/opt/ros/foxy /usr/bin/cmake --install /home/ylspyrou/humble_ws/build/diffbot_description
