[0.030s] Invoking command in '/home/ylspyrou/humble_ws/build/controller_manager': AMENT_PREFIX_PATH=/home/ylspyrou/humble_ws/install/controller_interface:/home/ylspyrou/humble_ws/install/hardware_interface:/home/ylspyrou/humble_ws/install/ros2_control_test_assets:/home/ylspyrou/humble_ws/install/controller_manager_msgs:/home/ylspyrou/humble_ws/install/control_msgs:${AMENT_PREFIX_PATH} CMAKE_PREFIX_PATH=/home/ylspyrou/humble_ws/install/controller_interface:/home/ylspyrou/humble_ws/install/hardware_interface:/home/ylspyrou/humble_ws/install/ros2_control_test_assets:/home/ylspyrou/humble_ws/install/controller_manager_msgs:/home/ylspyrou/humble_ws/install/control_msgs:/opt/ros/foxy LD_LIBRARY_PATH=/home/ylspyrou/humble_ws/install/controller_interface/lib:/home/ylspyrou/humble_ws/install/hardware_interface/lib:/home/ylspyrou/humble_ws/install/controller_manager_msgs/lib:/home/ylspyrou/humble_ws/install/control_msgs/lib:${LD_LIBRARY_PATH} PYTHONPATH=/home/ylspyrou/humble_ws/install/controller_manager_msgs/lib/python3.8/site-packages:/home/ylspyrou/humble_ws/install/control_msgs/lib/python3.8/site-packages:${PYTHONPATH} /usr/bin/cmake --build /home/ylspyrou/humble_ws/build/controller_manager -- -j2 -l2
[0.133s] [  8%] Built target controller_manager
[0.163s] [ 20%] Built target gmock
[0.174s] [ 28%] Built target gmock_main
[0.217s] [ 36%] Built target test_controller
[0.254s] [ 44%] Built target test_controller_with_interfaces
[0.267s] [ 52%] Built target ros2_control_node
[0.314s] [ 60%] Built target test_controller_failed_init
[0.358s] [ 68%] Built target test_release_interfaces
[0.373s] [ 76%] Built target test_controller_manager
[0.435s] [ 84%] Built target test_load_controller
[0.442s] [ 92%] Built target test_spawner_unspawner
[0.479s] [100%] Built target test_controller_manager_srvs
[0.492s] Invoked command in '/home/ylspyrou/humble_ws/build/controller_manager' returned '0': AMENT_PREFIX_PATH=/home/ylspyrou/humble_ws/install/controller_interface:/home/ylspyrou/humble_ws/install/hardware_interface:/home/ylspyrou/humble_ws/install/ros2_control_test_assets:/home/ylspyrou/humble_ws/install/controller_manager_msgs:/home/ylspyrou/humble_ws/install/control_msgs:${AMENT_PREFIX_PATH} CMAKE_PREFIX_PATH=/home/ylspyrou/humble_ws/install/controller_interface:/home/ylspyrou/humble_ws/install/hardware_interface:/home/ylspyrou/humble_ws/install/ros2_control_test_assets:/home/ylspyrou/humble_ws/install/controller_manager_msgs:/home/ylspyrou/humble_ws/install/control_msgs:/opt/ros/foxy LD_LIBRARY_PATH=/home/ylspyrou/humble_ws/install/controller_interface/lib:/home/ylspyrou/humble_ws/install/hardware_interface/lib:/home/ylspyrou/humble_ws/install/controller_manager_msgs/lib:/home/ylspyrou/humble_ws/install/control_msgs/lib:${LD_LIBRARY_PATH} PYTHONPATH=/home/ylspyrou/humble_ws/install/controller_manager_msgs/lib/python3.8/site-packages:/home/ylspyrou/humble_ws/install/control_msgs/lib/python3.8/site-packages:${PYTHONPATH} /usr/bin/cmake --build /home/ylspyrou/humble_ws/build/controller_manager -- -j2 -l2
[0.547s] Invoking command in '/home/ylspyrou/humble_ws/build/controller_manager': AMENT_PREFIX_PATH=/home/ylspyrou/humble_ws/install/controller_interface:/home/ylspyrou/humble_ws/install/hardware_interface:/home/ylspyrou/humble_ws/install/ros2_control_test_assets:/home/ylspyrou/humble_ws/install/controller_manager_msgs:/home/ylspyrou/humble_ws/install/control_msgs:${AMENT_PREFIX_PATH} CMAKE_PREFIX_PATH=/home/ylspyrou/humble_ws/install/controller_interface:/home/ylspyrou/humble_ws/install/hardware_interface:/home/ylspyrou/humble_ws/install/ros2_control_test_assets:/home/ylspyrou/humble_ws/install/controller_manager_msgs:/home/ylspyrou/humble_ws/install/control_msgs:/opt/ros/foxy LD_LIBRARY_PATH=/home/ylspyrou/humble_ws/install/controller_interface/lib:/home/ylspyrou/humble_ws/install/hardware_interface/lib:/home/ylspyrou/humble_ws/install/controller_manager_msgs/lib:/home/ylspyrou/humble_ws/install/control_msgs/lib:${LD_LIBRARY_PATH} PYTHONPATH=/home/ylspyrou/humble_ws/install/controller_manager_msgs/lib/python3.8/site-packages:/home/ylspyrou/humble_ws/install/control_msgs/lib/python3.8/site-packages:${PYTHONPATH} /usr/bin/cmake --install /home/ylspyrou/humble_ws/build/controller_manager
[0.561s] -- Install configuration: ""
[0.562s] -- Execute custom install script
[0.564s] -- Up-to-date symlink: /home/ylspyrou/humble_ws/install/controller_manager/lib/libcontroller_manager.so
[0.565s] -- Up-to-date symlink: /home/ylspyrou/humble_ws/install/controller_manager/lib/controller_manager/ros2_control_node
[0.566s] -- Up-to-date symlink: /home/ylspyrou/humble_ws/install/controller_manager/include/controller_manager/controller_manager.hpp
[0.566s] -- Up-to-date symlink: /home/ylspyrou/humble_ws/install/controller_manager/include/controller_manager/controller_spec.hpp
[0.567s] -- Up-to-date symlink: /home/ylspyrou/humble_ws/install/controller_manager/include/controller_manager/visibility_control.h
[0.572s] -- Up-to-date symlink: /home/ylspyrou/humble_ws/install/controller_manager/lib/controller_manager/spawner.py
[0.572s] -- Up-to-date symlink: /home/ylspyrou/humble_ws/install/controller_manager/lib/controller_manager/unspawner.py
[0.573s] -- Up-to-date symlink: /home/ylspyrou/humble_ws/install/controller_manager/share/controller_manager/test/test_controller/test_controller.xml
[0.576s] -- Up-to-date symlink: /home/ylspyrou/humble_ws/install/controller_manager/lib/libtest_controller.so
[0.577s] -- Up-to-date symlink: /home/ylspyrou/humble_ws/install/controller_manager/share/controller_manager/test/test_controller_failed_init/test_controller_failed_init.xml
[0.578s] -- Up-to-date symlink: /home/ylspyrou/humble_ws/install/controller_manager/lib/libtest_controller_failed_init.so
[0.580s] -- Up-to-date symlink: /home/ylspyrou/humble_ws/install/controller_manager/share/controller_manager/test/test_controller_with_interfaces/test_controller_with_interfaces.xml
[0.583s] -- Up-to-date symlink: /home/ylspyrou/humble_ws/install/controller_manager/lib/libtest_controller_with_interfaces.so
[0.583s] -- Up-to-date symlink: /home/ylspyrou/humble_ws/install/controller_manager/share/controller_manager/environment/pythonpath.sh
[0.583s] -- Up-to-date symlink: /home/ylspyrou/humble_ws/install/controller_manager/share/controller_manager/environment/pythonpath.dsv
[0.588s] -- Up-to-date symlink: /home/ylspyrou/humble_ws/install/controller_manager/lib/python3.8/site-packages/controller_manager/__init__.py
[0.588s] -- Up-to-date symlink: /home/ylspyrou/humble_ws/install/controller_manager/lib/python3.8/site-packages/controller_manager/controller_manager_services.py
[0.588s] -- Up-to-date symlink: /home/ylspyrou/humble_ws/install/controller_manager/lib/python3.8/site-packages/controller_manager/launch_utils.py
[0.588s] -- Up-to-date symlink: /home/ylspyrou/humble_ws/install/controller_manager/share/controller_manager/environment/library_path.sh
[0.590s] -- Up-to-date symlink: /home/ylspyrou/humble_ws/install/controller_manager/share/controller_manager/environment/library_path.dsv
[0.591s] -- Up-to-date symlink: /home/ylspyrou/humble_ws/install/controller_manager/share/ament_index/resource_index/package_run_dependencies/controller_manager
[0.592s] -- Up-to-date symlink: /home/ylspyrou/humble_ws/install/controller_manager/share/ament_index/resource_index/parent_prefix_path/controller_manager
[0.592s] -- Up-to-date symlink: /home/ylspyrou/humble_ws/install/controller_manager/share/controller_manager/environment/ament_prefix_path.sh
[0.594s] -- Up-to-date symlink: /home/ylspyrou/humble_ws/install/controller_manager/share/controller_manager/environment/ament_prefix_path.dsv
[0.594s] -- Up-to-date symlink: /home/ylspyrou/humble_ws/install/controller_manager/share/controller_manager/environment/path.sh
[0.594s] -- Up-to-date symlink: /home/ylspyrou/humble_ws/install/controller_manager/share/controller_manager/environment/path.dsv
[0.595s] -- Up-to-date symlink: /home/ylspyrou/humble_ws/install/controller_manager/share/controller_manager/local_setup.bash
[0.596s] -- Up-to-date symlink: /home/ylspyrou/humble_ws/install/controller_manager/share/controller_manager/local_setup.sh
[0.597s] -- Up-to-date symlink: /home/ylspyrou/humble_ws/install/controller_manager/share/controller_manager/local_setup.zsh
[0.599s] -- Up-to-date symlink: /home/ylspyrou/humble_ws/install/controller_manager/share/controller_manager/local_setup.dsv
[0.599s] -- Symlinking: /home/ylspyrou/humble_ws/install/controller_manager/share/controller_manager/package.dsv
[0.619s] -- Up-to-date symlink: /home/ylspyrou/humble_ws/install/controller_manager/share/ament_index/resource_index/packages/controller_manager
[0.621s] -- Up-to-date symlink: /home/ylspyrou/humble_ws/install/controller_manager/share/ament_index/resource_index/controller_interface__pluginlib__plugin/controller_manager
[0.621s] -- Up-to-date symlink: /home/ylspyrou/humble_ws/install/controller_manager/share/controller_manager/cmake/ament_cmake_export_libraries-extras.cmake
[0.621s] -- Up-to-date symlink: /home/ylspyrou/humble_ws/install/controller_manager/share/controller_manager/cmake/ament_cmake_export_include_directories-extras.cmake
[0.621s] -- Up-to-date symlink: /home/ylspyrou/humble_ws/install/controller_manager/share/controller_manager/cmake/ament_cmake_export_dependencies-extras.cmake
[0.621s] -- Up-to-date symlink: /home/ylspyrou/humble_ws/install/controller_manager/share/controller_manager/cmake/controller_managerConfig.cmake
[0.621s] -- Up-to-date symlink: /home/ylspyrou/humble_ws/install/controller_manager/share/controller_manager/cmake/controller_managerConfig-version.cmake
[0.621s] -- Up-to-date symlink: /home/ylspyrou/humble_ws/install/controller_manager/share/controller_manager/package.xml
[0.650s] Listing '/home/ylspyrou/humble_ws/install/controller_manager/lib/python3.8/site-packages/controller_manager'...
[0.664s] Invoked command in '/home/ylspyrou/humble_ws/build/controller_manager' returned '0': AMENT_PREFIX_PATH=/home/ylspyrou/humble_ws/install/controller_interface:/home/ylspyrou/humble_ws/install/hardware_interface:/home/ylspyrou/humble_ws/install/ros2_control_test_assets:/home/ylspyrou/humble_ws/install/controller_manager_msgs:/home/ylspyrou/humble_ws/install/control_msgs:${AMENT_PREFIX_PATH} CMAKE_PREFIX_PATH=/home/ylspyrou/humble_ws/install/controller_interface:/home/ylspyrou/humble_ws/install/hardware_interface:/home/ylspyrou/humble_ws/install/ros2_control_test_assets:/home/ylspyrou/humble_ws/install/controller_manager_msgs:/home/ylspyrou/humble_ws/install/control_msgs:/opt/ros/foxy LD_LIBRARY_PATH=/home/ylspyrou/humble_ws/install/controller_interface/lib:/home/ylspyrou/humble_ws/install/hardware_interface/lib:/home/ylspyrou/humble_ws/install/controller_manager_msgs/lib:/home/ylspyrou/humble_ws/install/control_msgs/lib:${LD_LIBRARY_PATH} PYTHONPATH=/home/ylspyrou/humble_ws/install/controller_manager_msgs/lib/python3.8/site-packages:/home/ylspyrou/humble_ws/install/control_msgs/lib/python3.8/site-packages:${PYTHONPATH} /usr/bin/cmake --install /home/ylspyrou/humble_ws/build/controller_manager
