[0.071s] Invoking command in '/home/ylspyrou/humble_ws/build/imu_sensor_broadcaster': AMENT_PREFIX_PATH=/home/ylspyrou/humble_ws/install/controller_manager:/home/ylspyrou/humble_ws/install/controller_interface:/home/ylspyrou/humble_ws/install/hardware_interface:/home/ylspyrou/humble_ws/install/ros2_control_test_assets:/home/ylspyrou/humble_ws/install/realtime_tools:/home/ylspyrou/humble_ws/install/controller_manager_msgs:/home/ylspyrou/humble_ws/install/control_msgs:${AMENT_PREFIX_PATH} CMAKE_PREFIX_PATH=/home/ylspyrou/humble_ws/install/controller_manager:/home/ylspyrou/humble_ws/install/controller_interface:/home/ylspyrou/humble_ws/install/hardware_interface:/home/ylspyrou/humble_ws/install/ros2_control_test_assets:/home/ylspyrou/humble_ws/install/realtime_tools:/home/ylspyrou/humble_ws/install/controller_manager_msgs:/home/ylspyrou/humble_ws/install/control_msgs:/opt/ros/foxy LD_LIBRARY_PATH=/home/ylspyrou/humble_ws/install/controller_manager/lib:/home/ylspyrou/humble_ws/install/controller_interface/lib:/home/ylspyrou/humble_ws/install/hardware_interface/lib:/home/ylspyrou/humble_ws/install/realtime_tools/lib:/home/ylspyrou/humble_ws/install/controller_manager_msgs/lib:/home/ylspyrou/humble_ws/install/control_msgs/lib:${LD_LIBRARY_PATH} PYTHONPATH=/home/ylspyrou/humble_ws/install/controller_manager/lib/python3.8/site-packages:/home/ylspyrou/humble_ws/install/controller_manager_msgs/lib/python3.8/site-packages:/home/ylspyrou/humble_ws/install/control_msgs/lib/python3.8/site-packages:${PYTHONPATH} /usr/bin/cmake /home/ylspyrou/humble_ws/src/ros2_controllers/imu_sensor_broadcaster -DAMENT_CMAKE_SYMLINK_INSTALL=1 -DCMAKE_INSTALL_PREFIX=/home/ylspyrou/humble_ws/install/imu_sensor_broadcaster
[0.219s] -- The C compiler identification is GNU 9.4.0
[0.284s] -- The CXX compiler identification is GNU 9.4.0
[0.295s] -- Check for working C compiler: /usr/bin/cc
[0.380s] -- Check for working C compiler: /usr/bin/cc -- works
[0.381s] -- Detecting C compiler ABI info
[0.464s] -- Detecting C compiler ABI info - done
[0.474s] -- Detecting C compile features
[0.475s] -- Detecting C compile features - done
[0.479s] -- Check for working CXX compiler: /usr/bin/c++
[0.613s] -- Check for working CXX compiler: /usr/bin/c++ -- works
[0.614s] -- Detecting CXX compiler ABI info
[0.773s] -- Detecting CXX compiler ABI info - done
[0.789s] -- Detecting CXX compile features
[0.799s] -- Detecting CXX compile features - done
[0.816s] -- Found ament_cmake: 0.9.12 (/opt/ros/foxy/share/ament_cmake/cmake)
[0.902s] -- Found PythonInterp: /usr/bin/python3 (found suitable version "3.8.10", minimum required is "3") 
[0.902s] -- Using PYTHON_EXECUTABLE: /usr/bin/python3
[1.382s] -- Override CMake install command with custom implementation using symlinks instead of copying resources
[1.437s] -- Found controller_interface: 0.11.0 (/home/ylspyrou/humble_ws/install/controller_interface/share/controller_interface/cmake)
[1.507s] -- Using all available rosidl_typesupport_c: rosidl_typesupport_fastrtps_c;rosidl_typesupport_introspection_c
[1.522s] -- Found rosidl_adapter: 1.3.1 (/opt/ros/foxy/share/rosidl_adapter/cmake)
[1.675s] -- Found OpenSSL: /usr/lib/x86_64-linux-gnu/libcrypto.so (found version "1.1.1f")  
[1.731s] -- Found FastRTPS: /opt/ros/foxy/include  
[1.855s] -- Using all available rosidl_typesupport_cpp: rosidl_typesupport_fastrtps_cpp;rosidl_typesupport_introspection_cpp
[3.002s] -- Found rmw_implementation_cmake: 1.0.4 (/opt/ros/foxy/share/rmw_implementation_cmake/cmake)
[3.014s] -- Using RMW implementation 'rmw_fastrtps_cpp' as default
[3.024s] -- Looking for pthread.h
[3.233s] -- Looking for pthread.h - found
[3.233s] -- Performing Test CMAKE_HAVE_LIBC_PTHREAD
[3.372s] -- Performing Test CMAKE_HAVE_LIBC_PTHREAD - Failed
[3.373s] -- Looking for pthread_create in pthreads
[3.467s] -- Looking for pthread_create in pthreads - not found
[3.467s] -- Looking for pthread_create in pthread
[3.578s] -- Looking for pthread_create in pthread - found
[3.580s] -- Found Threads: TRUE  
[4.227s] -- Found realtime_tools: 2.2.0 (/home/ylspyrou/humble_ws/install/realtime_tools/share/realtime_tools/cmake)
[4.365s] -- Found ament_cmake_gmock: 0.9.12 (/opt/ros/foxy/share/ament_cmake_gmock/cmake)
[4.369s] -- Found controller_manager: 0.11.0 (/home/ylspyrou/humble_ws/install/controller_manager/share/controller_manager/cmake)
[4.467s] -- Found ros2_control_test_assets: 0.11.0 (/home/ylspyrou/humble_ws/install/ros2_control_test_assets/share/ros2_control_test_assets/cmake)
[4.474s] -- Found gmock sources under '/opt/ros/foxy/src/gmock_vendor': C++ tests using 'Google Mock' will be built
[4.487s] -- Found ament_cmake_gtest: 0.9.12 (/opt/ros/foxy/share/ament_cmake_gtest/cmake)
[4.491s] -- Found gtest sources under '/opt/ros/foxy/src/gtest_vendor': C++ tests using 'Google Test' will be built
[4.918s] -- Configuring done
[5.041s] -- Generating done
[5.046s] -- Build files have been written to: /home/ylspyrou/humble_ws/build/imu_sensor_broadcaster
[5.074s] Invoked command in '/home/ylspyrou/humble_ws/build/imu_sensor_broadcaster' returned '0': AMENT_PREFIX_PATH=/home/ylspyrou/humble_ws/install/controller_manager:/home/ylspyrou/humble_ws/install/controller_interface:/home/ylspyrou/humble_ws/install/hardware_interface:/home/ylspyrou/humble_ws/install/ros2_control_test_assets:/home/ylspyrou/humble_ws/install/realtime_tools:/home/ylspyrou/humble_ws/install/controller_manager_msgs:/home/ylspyrou/humble_ws/install/control_msgs:${AMENT_PREFIX_PATH} CMAKE_PREFIX_PATH=/home/ylspyrou/humble_ws/install/controller_manager:/home/ylspyrou/humble_ws/install/controller_interface:/home/ylspyrou/humble_ws/install/hardware_interface:/home/ylspyrou/humble_ws/install/ros2_control_test_assets:/home/ylspyrou/humble_ws/install/realtime_tools:/home/ylspyrou/humble_ws/install/controller_manager_msgs:/home/ylspyrou/humble_ws/install/control_msgs:/opt/ros/foxy LD_LIBRARY_PATH=/home/ylspyrou/humble_ws/install/controller_manager/lib:/home/ylspyrou/humble_ws/install/controller_interface/lib:/home/ylspyrou/humble_ws/install/hardware_interface/lib:/home/ylspyrou/humble_ws/install/realtime_tools/lib:/home/ylspyrou/humble_ws/install/controller_manager_msgs/lib:/home/ylspyrou/humble_ws/install/control_msgs/lib:${LD_LIBRARY_PATH} PYTHONPATH=/home/ylspyrou/humble_ws/install/controller_manager/lib/python3.8/site-packages:/home/ylspyrou/humble_ws/install/controller_manager_msgs/lib/python3.8/site-packages:/home/ylspyrou/humble_ws/install/control_msgs/lib/python3.8/site-packages:${PYTHONPATH} /usr/bin/cmake /home/ylspyrou/humble_ws/src/ros2_controllers/imu_sensor_broadcaster -DAMENT_CMAKE_SYMLINK_INSTALL=1 -DCMAKE_INSTALL_PREFIX=/home/ylspyrou/humble_ws/install/imu_sensor_broadcaster
[5.075s] Invoking command in '/home/ylspyrou/humble_ws/build/imu_sensor_broadcaster': AMENT_PREFIX_PATH=/home/ylspyrou/humble_ws/install/controller_manager:/home/ylspyrou/humble_ws/install/controller_interface:/home/ylspyrou/humble_ws/install/hardware_interface:/home/ylspyrou/humble_ws/install/ros2_control_test_assets:/home/ylspyrou/humble_ws/install/realtime_tools:/home/ylspyrou/humble_ws/install/controller_manager_msgs:/home/ylspyrou/humble_ws/install/control_msgs:${AMENT_PREFIX_PATH} CMAKE_PREFIX_PATH=/home/ylspyrou/humble_ws/install/controller_manager:/home/ylspyrou/humble_ws/install/controller_interface:/home/ylspyrou/humble_ws/install/hardware_interface:/home/ylspyrou/humble_ws/install/ros2_control_test_assets:/home/ylspyrou/humble_ws/install/realtime_tools:/home/ylspyrou/humble_ws/install/controller_manager_msgs:/home/ylspyrou/humble_ws/install/control_msgs:/opt/ros/foxy LD_LIBRARY_PATH=/home/ylspyrou/humble_ws/install/controller_manager/lib:/home/ylspyrou/humble_ws/install/controller_interface/lib:/home/ylspyrou/humble_ws/install/hardware_interface/lib:/home/ylspyrou/humble_ws/install/realtime_tools/lib:/home/ylspyrou/humble_ws/install/controller_manager_msgs/lib:/home/ylspyrou/humble_ws/install/control_msgs/lib:${LD_LIBRARY_PATH} PYTHONPATH=/home/ylspyrou/humble_ws/install/controller_manager/lib/python3.8/site-packages:/home/ylspyrou/humble_ws/install/controller_manager_msgs/lib/python3.8/site-packages:/home/ylspyrou/humble_ws/install/control_msgs/lib/python3.8/site-packages:${PYTHONPATH} /usr/bin/cmake --build /home/ylspyrou/humble_ws/build/imu_sensor_broadcaster -- -j2 -l2
[5.159s] [35m[1mScanning dependencies of target gmock[0m
[5.211s] [  9%] [32mBuilding CXX object gmock/CMakeFiles/gmock.dir/opt/ros/foxy/src/gtest_vendor/src/gtest-all.cc.o[0m
[10.056s] [ 18%] [32mBuilding CXX object gmock/CMakeFiles/gmock.dir/src/gmock-all.cc.o[0m
[12.439s] [ 27%] [32m[1mLinking CXX static library libgmock.a[0m
[12.534s] [ 27%] Built target gmock
[12.552s] [35m[1mScanning dependencies of target imu_sensor_broadcaster[0m
[12.639s] [ 36%] [32mBuilding CXX object CMakeFiles/imu_sensor_broadcaster.dir/src/imu_sensor_broadcaster.cpp.o[0m
[18.874s] [ 45%] [32m[1mLinking CXX shared library libimu_sensor_broadcaster.so[0m
[19.291s] [ 45%] Built target imu_sensor_broadcaster
[19.304s] [35m[1mScanning dependencies of target gmock_main[0m
[19.327s] [ 54%] [32mBuilding CXX object gmock/CMakeFiles/gmock_main.dir/src/gmock_main.cc.o[0m
[20.501s] [ 63%] [32m[1mLinking CXX static library libgmock_main.a[0m
[20.541s] [ 63%] Built target gmock_main
[20.553s] [35m[1mScanning dependencies of target test_imu_sensor_broadcaster[0m
[20.618s] [ 72%] [32mBuilding CXX object CMakeFiles/test_imu_sensor_broadcaster.dir/test/test_imu_sensor_broadcaster.cpp.o[0m
[30.092s] [ 81%] [32m[1mLinking CXX executable test_imu_sensor_broadcaster[0m
[31.128s] [ 81%] Built target test_imu_sensor_broadcaster
[31.145s] [35m[1mScanning dependencies of target test_load_imu_sensor_broadcaster[0m
[31.224s] [ 90%] [32mBuilding CXX object CMakeFiles/test_load_imu_sensor_broadcaster.dir/test/test_load_imu_sensor_broadcaster.cpp.o[0m
[35.777s] [100%] [32m[1mLinking CXX executable test_load_imu_sensor_broadcaster[0m
[37.165s] [100%] Built target test_load_imu_sensor_broadcaster
[37.183s] Invoked command in '/home/ylspyrou/humble_ws/build/imu_sensor_broadcaster' returned '0': AMENT_PREFIX_PATH=/home/ylspyrou/humble_ws/install/controller_manager:/home/ylspyrou/humble_ws/install/controller_interface:/home/ylspyrou/humble_ws/install/hardware_interface:/home/ylspyrou/humble_ws/install/ros2_control_test_assets:/home/ylspyrou/humble_ws/install/realtime_tools:/home/ylspyrou/humble_ws/install/controller_manager_msgs:/home/ylspyrou/humble_ws/install/control_msgs:${AMENT_PREFIX_PATH} CMAKE_PREFIX_PATH=/home/ylspyrou/humble_ws/install/controller_manager:/home/ylspyrou/humble_ws/install/controller_interface:/home/ylspyrou/humble_ws/install/hardware_interface:/home/ylspyrou/humble_ws/install/ros2_control_test_assets:/home/ylspyrou/humble_ws/install/realtime_tools:/home/ylspyrou/humble_ws/install/controller_manager_msgs:/home/ylspyrou/humble_ws/install/control_msgs:/opt/ros/foxy LD_LIBRARY_PATH=/home/ylspyrou/humble_ws/install/controller_manager/lib:/home/ylspyrou/humble_ws/install/controller_interface/lib:/home/ylspyrou/humble_ws/install/hardware_interface/lib:/home/ylspyrou/humble_ws/install/realtime_tools/lib:/home/ylspyrou/humble_ws/install/controller_manager_msgs/lib:/home/ylspyrou/humble_ws/install/control_msgs/lib:${LD_LIBRARY_PATH} PYTHONPATH=/home/ylspyrou/humble_ws/install/controller_manager/lib/python3.8/site-packages:/home/ylspyrou/humble_ws/install/controller_manager_msgs/lib/python3.8/site-packages:/home/ylspyrou/humble_ws/install/control_msgs/lib/python3.8/site-packages:${PYTHONPATH} /usr/bin/cmake --build /home/ylspyrou/humble_ws/build/imu_sensor_broadcaster -- -j2 -l2
[37.232s] Invoking command in '/home/ylspyrou/humble_ws/build/imu_sensor_broadcaster': AMENT_PREFIX_PATH=/home/ylspyrou/humble_ws/install/controller_manager:/home/ylspyrou/humble_ws/install/controller_interface:/home/ylspyrou/humble_ws/install/hardware_interface:/home/ylspyrou/humble_ws/install/ros2_control_test_assets:/home/ylspyrou/humble_ws/install/realtime_tools:/home/ylspyrou/humble_ws/install/controller_manager_msgs:/home/ylspyrou/humble_ws/install/control_msgs:${AMENT_PREFIX_PATH} CMAKE_PREFIX_PATH=/home/ylspyrou/humble_ws/install/controller_manager:/home/ylspyrou/humble_ws/install/controller_interface:/home/ylspyrou/humble_ws/install/hardware_interface:/home/ylspyrou/humble_ws/install/ros2_control_test_assets:/home/ylspyrou/humble_ws/install/realtime_tools:/home/ylspyrou/humble_ws/install/controller_manager_msgs:/home/ylspyrou/humble_ws/install/control_msgs:/opt/ros/foxy LD_LIBRARY_PATH=/home/ylspyrou/humble_ws/install/controller_manager/lib:/home/ylspyrou/humble_ws/install/controller_interface/lib:/home/ylspyrou/humble_ws/install/hardware_interface/lib:/home/ylspyrou/humble_ws/install/realtime_tools/lib:/home/ylspyrou/humble_ws/install/controller_manager_msgs/lib:/home/ylspyrou/humble_ws/install/control_msgs/lib:${LD_LIBRARY_PATH} PYTHONPATH=/home/ylspyrou/humble_ws/install/controller_manager/lib/python3.8/site-packages:/home/ylspyrou/humble_ws/install/controller_manager_msgs/lib/python3.8/site-packages:/home/ylspyrou/humble_ws/install/control_msgs/lib/python3.8/site-packages:${PYTHONPATH} /usr/bin/cmake --install /home/ylspyrou/humble_ws/build/imu_sensor_broadcaster
[37.245s] -- Install configuration: ""
[37.246s] -- Execute custom install script
[37.248s] -- Symlinking: /home/ylspyrou/humble_ws/install/imu_sensor_broadcaster/share/imu_sensor_broadcaster//imu_sensor_broadcaster.xml
[37.266s] -- Symlinking: /home/ylspyrou/humble_ws/install/imu_sensor_broadcaster/lib/libimu_sensor_broadcaster.so
[37.279s] -- Symlinking: /home/ylspyrou/humble_ws/install/imu_sensor_broadcaster/include/imu_sensor_broadcaster/imu_sensor_broadcaster.hpp
[37.289s] -- Symlinking: /home/ylspyrou/humble_ws/install/imu_sensor_broadcaster/include/imu_sensor_broadcaster/visibility_control.h
[37.301s] -- Symlinking: /home/ylspyrou/humble_ws/install/imu_sensor_broadcaster/share/imu_sensor_broadcaster/environment/library_path.sh
[37.314s] -- Symlinking: /home/ylspyrou/humble_ws/install/imu_sensor_broadcaster/share/imu_sensor_broadcaster/environment/library_path.dsv
[37.331s] -- Symlinking: /home/ylspyrou/humble_ws/install/imu_sensor_broadcaster/share/ament_index/resource_index/package_run_dependencies/imu_sensor_broadcaster
[37.343s] -- Symlinking: /home/ylspyrou/humble_ws/install/imu_sensor_broadcaster/share/ament_index/resource_index/parent_prefix_path/imu_sensor_broadcaster
[37.355s] -- Symlinking: /home/ylspyrou/humble_ws/install/imu_sensor_broadcaster/share/imu_sensor_broadcaster/environment/ament_prefix_path.sh
[37.367s] -- Symlinking: /home/ylspyrou/humble_ws/install/imu_sensor_broadcaster/share/imu_sensor_broadcaster/environment/ament_prefix_path.dsv
[37.378s] -- Symlinking: /home/ylspyrou/humble_ws/install/imu_sensor_broadcaster/share/imu_sensor_broadcaster/environment/path.sh
[37.389s] -- Symlinking: /home/ylspyrou/humble_ws/install/imu_sensor_broadcaster/share/imu_sensor_broadcaster/environment/path.dsv
[37.400s] -- Symlinking: /home/ylspyrou/humble_ws/install/imu_sensor_broadcaster/share/imu_sensor_broadcaster/local_setup.bash
[37.414s] -- Symlinking: /home/ylspyrou/humble_ws/install/imu_sensor_broadcaster/share/imu_sensor_broadcaster/local_setup.sh
[37.433s] -- Symlinking: /home/ylspyrou/humble_ws/install/imu_sensor_broadcaster/share/imu_sensor_broadcaster/local_setup.zsh
[37.446s] -- Symlinking: /home/ylspyrou/humble_ws/install/imu_sensor_broadcaster/share/imu_sensor_broadcaster/local_setup.dsv
[37.460s] -- Symlinking: /home/ylspyrou/humble_ws/install/imu_sensor_broadcaster/share/imu_sensor_broadcaster/package.dsv
[37.473s] -- Symlinking: /home/ylspyrou/humble_ws/install/imu_sensor_broadcaster/share/ament_index/resource_index/packages/imu_sensor_broadcaster
[37.484s] -- Symlinking: /home/ylspyrou/humble_ws/install/imu_sensor_broadcaster/share/ament_index/resource_index/controller_interface__pluginlib__plugin/imu_sensor_broadcaster
[37.495s] -- Symlinking: /home/ylspyrou/humble_ws/install/imu_sensor_broadcaster/share/imu_sensor_broadcaster/cmake/ament_cmake_export_include_directories-extras.cmake
[37.506s] -- Symlinking: /home/ylspyrou/humble_ws/install/imu_sensor_broadcaster/share/imu_sensor_broadcaster/cmake/ament_cmake_export_libraries-extras.cmake
[37.518s] -- Symlinking: /home/ylspyrou/humble_ws/install/imu_sensor_broadcaster/share/imu_sensor_broadcaster/cmake/ament_cmake_export_dependencies-extras.cmake
[37.535s] -- Symlinking: /home/ylspyrou/humble_ws/install/imu_sensor_broadcaster/share/imu_sensor_broadcaster/cmake/imu_sensor_broadcasterConfig.cmake
[37.547s] -- Symlinking: /home/ylspyrou/humble_ws/install/imu_sensor_broadcaster/share/imu_sensor_broadcaster/cmake/imu_sensor_broadcasterConfig-version.cmake
[37.560s] -- Symlinking: /home/ylspyrou/humble_ws/install/imu_sensor_broadcaster/share/imu_sensor_broadcaster/package.xml
[37.575s] Invoked command in '/home/ylspyrou/humble_ws/build/imu_sensor_broadcaster' returned '0': AMENT_PREFIX_PATH=/home/ylspyrou/humble_ws/install/controller_manager:/home/ylspyrou/humble_ws/install/controller_interface:/home/ylspyrou/humble_ws/install/hardware_interface:/home/ylspyrou/humble_ws/install/ros2_control_test_assets:/home/ylspyrou/humble_ws/install/realtime_tools:/home/ylspyrou/humble_ws/install/controller_manager_msgs:/home/ylspyrou/humble_ws/install/control_msgs:${AMENT_PREFIX_PATH} CMAKE_PREFIX_PATH=/home/ylspyrou/humble_ws/install/controller_manager:/home/ylspyrou/humble_ws/install/controller_interface:/home/ylspyrou/humble_ws/install/hardware_interface:/home/ylspyrou/humble_ws/install/ros2_control_test_assets:/home/ylspyrou/humble_ws/install/realtime_tools:/home/ylspyrou/humble_ws/install/controller_manager_msgs:/home/ylspyrou/humble_ws/install/control_msgs:/opt/ros/foxy LD_LIBRARY_PATH=/home/ylspyrou/humble_ws/install/controller_manager/lib:/home/ylspyrou/humble_ws/install/controller_interface/lib:/home/ylspyrou/humble_ws/install/hardware_interface/lib:/home/ylspyrou/humble_ws/install/realtime_tools/lib:/home/ylspyrou/humble_ws/install/controller_manager_msgs/lib:/home/ylspyrou/humble_ws/install/control_msgs/lib:${LD_LIBRARY_PATH} PYTHONPATH=/home/ylspyrou/humble_ws/install/controller_manager/lib/python3.8/site-packages:/home/ylspyrou/humble_ws/install/controller_manager_msgs/lib/python3.8/site-packages:/home/ylspyrou/humble_ws/install/control_msgs/lib/python3.8/site-packages:${PYTHONPATH} /usr/bin/cmake --install /home/ylspyrou/humble_ws/build/imu_sensor_broadcaster
