[0.197s] DEBUG:colcon:Command line arguments: ['/usr/bin/colcon', 'build', '--symlink-install']
[0.197s] DEBUG:colcon:Parsed command line arguments: Namespace(allow_overriding=[], ament_cmake_args=None, base_paths=['.'], build_base='build', catkin_cmake_args=None, catkin_skip_building_tests=False, cmake_args=None, cmake_clean_cache=False, cmake_clean_first=False, cmake_force_configure=False, cmake_target=None, cmake_target_skip_unavailable=False, continue_on_error=False, event_handlers=None, executor='parallel', ignore_user_meta=False, install_base='install', log_base=None, log_level=None, main=<bound method BuildVerb.main of <colcon_core.verb.build.BuildVerb object at 0x7f2a51ee8820>>, merge_install=False, metas=['./colcon.meta'], mixin=None, mixin_files=None, mixin_verb=('build',), packages_above=None, packages_above_and_dependencies=None, packages_above_depth=None, packages_end=None, packages_ignore=None, packages_ignore_regex=None, packages_select=None, packages_select_build_failed=False, packages_select_by_dep=None, packages_select_regex=None, packages_select_test_failures=False, packages_skip=None, packages_skip_build_finished=False, packages_skip_by_dep=None, packages_skip_regex=None, packages_skip_test_passed=False, packages_skip_up_to=None, packages_start=None, packages_up_to=None, packages_up_to_regex=None, parallel_workers=2, paths=None, symlink_install=True, test_result_base=None, verb_extension=<colcon_core.verb.build.BuildVerb object at 0x7f2a51ee8820>, verb_name='build', verb_parser=<colcon_mixin.mixin.mixin_argument.MixinArgumentDecorator object at 0x7f2a51ee8dc0>)
[0.325s] Level 1:colcon.colcon_core.package_discovery:discover_packages(colcon_meta) check parameters
[0.325s] Level 1:colcon.colcon_core.package_discovery:discover_packages(recursive) check parameters
[0.325s] Level 1:colcon.colcon_core.package_discovery:discover_packages(ignore) check parameters
[0.325s] Level 1:colcon.colcon_core.package_discovery:discover_packages(path) check parameters
[0.325s] Level 1:colcon.colcon_core.package_discovery:discover_packages(colcon_meta) discover
[0.325s] Level 1:colcon.colcon_core.package_discovery:discover_packages(recursive) discover
[0.325s] INFO:colcon.colcon_core.package_discovery:Crawling recursively for packages in '/home/ylspyrou/humble_ws'
[0.325s] Level 1:colcon.colcon_core.package_identification:_identify(.) by extensions ['ignore', 'ignore_ament_install']
[0.325s] Level 1:colcon.colcon_core.package_identification:_identify(.) by extension 'ignore'
[0.325s] Level 1:colcon.colcon_core.package_identification:_identify(.) by extension 'ignore_ament_install'
[0.325s] Level 1:colcon.colcon_core.package_identification:_identify(.) by extensions ['colcon_pkg']
[0.325s] Level 1:colcon.colcon_core.package_identification:_identify(.) by extension 'colcon_pkg'
[0.326s] Level 1:colcon.colcon_core.package_identification:_identify(.) by extensions ['colcon_meta']
[0.326s] Level 1:colcon.colcon_core.package_identification:_identify(.) by extension 'colcon_meta'
[0.326s] Level 1:colcon.colcon_core.package_identification:_identify(.) by extensions ['ros']
[0.326s] Level 1:colcon.colcon_core.package_identification:_identify(.) by extension 'ros'
[0.336s] Level 1:colcon.colcon_core.package_identification:_identify(.) by extensions ['cmake', 'python']
[0.336s] Level 1:colcon.colcon_core.package_identification:_identify(.) by extension 'cmake'
[0.336s] Level 1:colcon.colcon_core.package_identification:_identify(.) by extension 'python'
[0.336s] Level 1:colcon.colcon_core.package_identification:_identify(.) by extensions ['python_setup_py']
[0.336s] Level 1:colcon.colcon_core.package_identification:_identify(.) by extension 'python_setup_py'
[0.336s] Level 1:colcon.colcon_core.package_identification:_identify(build) by extensions ['ignore', 'ignore_ament_install']
[0.336s] Level 1:colcon.colcon_core.package_identification:_identify(build) by extension 'ignore'
[0.336s] Level 1:colcon.colcon_core.package_identification:_identify(build) ignored
[0.336s] Level 1:colcon.colcon_core.package_identification:_identify(install) by extensions ['ignore', 'ignore_ament_install']
[0.336s] Level 1:colcon.colcon_core.package_identification:_identify(install) by extension 'ignore'
[0.337s] Level 1:colcon.colcon_core.package_identification:_identify(install) ignored
[0.337s] Level 1:colcon.colcon_core.package_identification:_identify(log) by extensions ['ignore', 'ignore_ament_install']
[0.337s] Level 1:colcon.colcon_core.package_identification:_identify(log) by extension 'ignore'
[0.337s] Level 1:colcon.colcon_core.package_identification:_identify(log) ignored
[0.337s] Level 1:colcon.colcon_core.package_identification:_identify(src) by extensions ['ignore', 'ignore_ament_install']
[0.337s] Level 1:colcon.colcon_core.package_identification:_identify(src) by extension 'ignore'
[0.337s] Level 1:colcon.colcon_core.package_identification:_identify(src) by extension 'ignore_ament_install'
[0.337s] Level 1:colcon.colcon_core.package_identification:_identify(src) by extensions ['colcon_pkg']
[0.337s] Level 1:colcon.colcon_core.package_identification:_identify(src) by extension 'colcon_pkg'
[0.337s] Level 1:colcon.colcon_core.package_identification:_identify(src) by extensions ['colcon_meta']
[0.337s] Level 1:colcon.colcon_core.package_identification:_identify(src) by extension 'colcon_meta'
[0.337s] Level 1:colcon.colcon_core.package_identification:_identify(src) by extensions ['ros']
[0.337s] Level 1:colcon.colcon_core.package_identification:_identify(src) by extension 'ros'
[0.337s] Level 1:colcon.colcon_core.package_identification:_identify(src) by extensions ['cmake', 'python']
[0.337s] Level 1:colcon.colcon_core.package_identification:_identify(src) by extension 'cmake'
[0.337s] Level 1:colcon.colcon_core.package_identification:_identify(src) by extension 'python'
[0.337s] Level 1:colcon.colcon_core.package_identification:_identify(src) by extensions ['python_setup_py']
[0.337s] Level 1:colcon.colcon_core.package_identification:_identify(src) by extension 'python_setup_py'
[0.337s] Level 1:colcon.colcon_core.package_identification:_identify(src/diffdrive_arduino) by extensions ['ignore', 'ignore_ament_install']
[0.337s] Level 1:colcon.colcon_core.package_identification:_identify(src/diffdrive_arduino) by extension 'ignore'
[0.337s] Level 1:colcon.colcon_core.package_identification:_identify(src/diffdrive_arduino) by extension 'ignore_ament_install'
[0.337s] Level 1:colcon.colcon_core.package_identification:_identify(src/diffdrive_arduino) by extensions ['colcon_pkg']
[0.337s] Level 1:colcon.colcon_core.package_identification:_identify(src/diffdrive_arduino) by extension 'colcon_pkg'
[0.338s] Level 1:colcon.colcon_core.package_identification:_identify(src/diffdrive_arduino) by extensions ['colcon_meta']
[0.338s] Level 1:colcon.colcon_core.package_identification:_identify(src/diffdrive_arduino) by extension 'colcon_meta'
[0.338s] Level 1:colcon.colcon_core.package_identification:_identify(src/diffdrive_arduino) by extensions ['ros']
[0.338s] Level 1:colcon.colcon_core.package_identification:_identify(src/diffdrive_arduino) by extension 'ros'
[0.340s] DEBUG:colcon.colcon_core.package_identification:Package 'src/diffdrive_arduino' with type 'ros.ament_cmake' and name 'diffdrive_arduino'
[0.340s] Level 1:colcon.colcon_core.package_identification:_identify(src/my_bot) by extensions ['ignore', 'ignore_ament_install']
[0.340s] Level 1:colcon.colcon_core.package_identification:_identify(src/my_bot) by extension 'ignore'
[0.340s] Level 1:colcon.colcon_core.package_identification:_identify(src/my_bot) by extension 'ignore_ament_install'
[0.340s] Level 1:colcon.colcon_core.package_identification:_identify(src/my_bot) by extensions ['colcon_pkg']
[0.341s] Level 1:colcon.colcon_core.package_identification:_identify(src/my_bot) by extension 'colcon_pkg'
[0.341s] Level 1:colcon.colcon_core.package_identification:_identify(src/my_bot) by extensions ['colcon_meta']
[0.341s] Level 1:colcon.colcon_core.package_identification:_identify(src/my_bot) by extension 'colcon_meta'
[0.341s] Level 1:colcon.colcon_core.package_identification:_identify(src/my_bot) by extensions ['ros']
[0.341s] Level 1:colcon.colcon_core.package_identification:_identify(src/my_bot) by extension 'ros'
[0.341s] DEBUG:colcon.colcon_core.package_identification:Package 'src/my_bot' with type 'ros.ament_cmake' and name 'my_bot'
[0.341s] Level 1:colcon.colcon_core.package_identification:_identify(src/serial) by extensions ['ignore', 'ignore_ament_install']
[0.341s] Level 1:colcon.colcon_core.package_identification:_identify(src/serial) by extension 'ignore'
[0.341s] Level 1:colcon.colcon_core.package_identification:_identify(src/serial) by extension 'ignore_ament_install'
[0.341s] Level 1:colcon.colcon_core.package_identification:_identify(src/serial) by extensions ['colcon_pkg']
[0.341s] Level 1:colcon.colcon_core.package_identification:_identify(src/serial) by extension 'colcon_pkg'
[0.341s] Level 1:colcon.colcon_core.package_identification:_identify(src/serial) by extensions ['colcon_meta']
[0.341s] Level 1:colcon.colcon_core.package_identification:_identify(src/serial) by extension 'colcon_meta'
[0.341s] Level 1:colcon.colcon_core.package_identification:_identify(src/serial) by extensions ['ros']
[0.342s] Level 1:colcon.colcon_core.package_identification:_identify(src/serial) by extension 'ros'
[0.342s] DEBUG:colcon.colcon_core.package_identification:Package 'src/serial' with type 'ros.ament_cmake' and name 'serial'
[0.342s] Level 1:colcon.colcon_core.package_identification:_identify(src/serial_motor_demo) by extensions ['ignore', 'ignore_ament_install']
[0.342s] Level 1:colcon.colcon_core.package_identification:_identify(src/serial_motor_demo) by extension 'ignore'
[0.342s] Level 1:colcon.colcon_core.package_identification:_identify(src/serial_motor_demo) by extension 'ignore_ament_install'
[0.342s] Level 1:colcon.colcon_core.package_identification:_identify(src/serial_motor_demo) by extensions ['colcon_pkg']
[0.342s] Level 1:colcon.colcon_core.package_identification:_identify(src/serial_motor_demo) by extension 'colcon_pkg'
[0.342s] Level 1:colcon.colcon_core.package_identification:_identify(src/serial_motor_demo) by extensions ['colcon_meta']
[0.342s] Level 1:colcon.colcon_core.package_identification:_identify(src/serial_motor_demo) by extension 'colcon_meta'
[0.342s] Level 1:colcon.colcon_core.package_identification:_identify(src/serial_motor_demo) by extensions ['ros']
[0.342s] Level 1:colcon.colcon_core.package_identification:_identify(src/serial_motor_demo) by extension 'ros'
[0.342s] Level 1:colcon.colcon_core.package_identification:_identify(src/serial_motor_demo) by extensions ['cmake', 'python']
[0.343s] Level 1:colcon.colcon_core.package_identification:_identify(src/serial_motor_demo) by extension 'cmake'
[0.343s] Level 1:colcon.colcon_core.package_identification:_identify(src/serial_motor_demo) by extension 'python'
[0.343s] Level 1:colcon.colcon_core.package_identification:_identify(src/serial_motor_demo) by extensions ['python_setup_py']
[0.343s] Level 1:colcon.colcon_core.package_identification:_identify(src/serial_motor_demo) by extension 'python_setup_py'
[0.343s] Level 1:colcon.colcon_core.package_identification:_identify(src/serial_motor_demo/serial_motor_demo) by extensions ['ignore', 'ignore_ament_install']
[0.343s] Level 1:colcon.colcon_core.package_identification:_identify(src/serial_motor_demo/serial_motor_demo) by extension 'ignore'
[0.343s] Level 1:colcon.colcon_core.package_identification:_identify(src/serial_motor_demo/serial_motor_demo) by extension 'ignore_ament_install'
[0.343s] Level 1:colcon.colcon_core.package_identification:_identify(src/serial_motor_demo/serial_motor_demo) by extensions ['colcon_pkg']
[0.343s] Level 1:colcon.colcon_core.package_identification:_identify(src/serial_motor_demo/serial_motor_demo) by extension 'colcon_pkg'
[0.343s] Level 1:colcon.colcon_core.package_identification:_identify(src/serial_motor_demo/serial_motor_demo) by extensions ['colcon_meta']
[0.343s] Level 1:colcon.colcon_core.package_identification:_identify(src/serial_motor_demo/serial_motor_demo) by extension 'colcon_meta'
[0.343s] Level 1:colcon.colcon_core.package_identification:_identify(src/serial_motor_demo/serial_motor_demo) by extensions ['ros']
[0.343s] Level 1:colcon.colcon_core.package_identification:_identify(src/serial_motor_demo/serial_motor_demo) by extension 'ros'
[0.344s] DEBUG:colcon.colcon_core.package_identification:Package 'src/serial_motor_demo/serial_motor_demo' with type 'ros.ament_python' and name 'serial_motor_demo'
[0.344s] Level 1:colcon.colcon_core.package_identification:_identify(src/serial_motor_demo/serial_motor_demo_msgs) by extensions ['ignore', 'ignore_ament_install']
[0.344s] Level 1:colcon.colcon_core.package_identification:_identify(src/serial_motor_demo/serial_motor_demo_msgs) by extension 'ignore'
[0.344s] Level 1:colcon.colcon_core.package_identification:_identify(src/serial_motor_demo/serial_motor_demo_msgs) by extension 'ignore_ament_install'
[0.344s] Level 1:colcon.colcon_core.package_identification:_identify(src/serial_motor_demo/serial_motor_demo_msgs) by extensions ['colcon_pkg']
[0.344s] Level 1:colcon.colcon_core.package_identification:_identify(src/serial_motor_demo/serial_motor_demo_msgs) by extension 'colcon_pkg'
[0.344s] Level 1:colcon.colcon_core.package_identification:_identify(src/serial_motor_demo/serial_motor_demo_msgs) by extensions ['colcon_meta']
[0.344s] Level 1:colcon.colcon_core.package_identification:_identify(src/serial_motor_demo/serial_motor_demo_msgs) by extension 'colcon_meta'
[0.344s] Level 1:colcon.colcon_core.package_identification:_identify(src/serial_motor_demo/serial_motor_demo_msgs) by extensions ['ros']
[0.344s] Level 1:colcon.colcon_core.package_identification:_identify(src/serial_motor_demo/serial_motor_demo_msgs) by extension 'ros'
[0.344s] DEBUG:colcon.colcon_core.package_identification:Package 'src/serial_motor_demo/serial_motor_demo_msgs' with type 'ros.ament_cmake' and name 'serial_motor_demo_msgs'
[0.344s] Level 1:colcon.colcon_core.package_discovery:discover_packages(recursive) using defaults
[0.344s] Level 1:colcon.colcon_core.package_discovery:discover_packages(ignore) discover
[0.344s] Level 1:colcon.colcon_core.package_discovery:discover_packages(ignore) using defaults
[0.344s] Level 1:colcon.colcon_core.package_discovery:discover_packages(path) discover
[0.345s] Level 1:colcon.colcon_core.package_discovery:discover_packages(path) using defaults
[0.363s] Level 1:colcon.colcon_core.package_discovery:discover_packages(prefix_path) check parameters
[0.363s] Level 1:colcon.colcon_core.package_discovery:discover_packages(prefix_path) discover
[0.366s] DEBUG:colcon.colcon_installed_package_information.package_discovery:Found 29 installed packages in /home/ylspyrou/ros2_ws/install
[0.367s] DEBUG:colcon.colcon_installed_package_information.package_discovery:Found 293 installed packages in /opt/ros/foxy
[0.369s] Level 1:colcon.colcon_core.package_discovery:discover_packages(prefix_path) using defaults
[0.439s] Level 5:colcon.colcon_core.verb:set package 'my_bot' build argument 'cmake_args' from command line to 'None'
[0.439s] Level 5:colcon.colcon_core.verb:set package 'my_bot' build argument 'cmake_target' from command line to 'None'
[0.439s] Level 5:colcon.colcon_core.verb:set package 'my_bot' build argument 'cmake_target_skip_unavailable' from command line to 'False'
[0.439s] Level 5:colcon.colcon_core.verb:set package 'my_bot' build argument 'cmake_clean_cache' from command line to 'False'
[0.439s] Level 5:colcon.colcon_core.verb:set package 'my_bot' build argument 'cmake_clean_first' from command line to 'False'
[0.439s] Level 5:colcon.colcon_core.verb:set package 'my_bot' build argument 'cmake_force_configure' from command line to 'False'
[0.439s] Level 5:colcon.colcon_core.verb:set package 'my_bot' build argument 'ament_cmake_args' from command line to 'None'
[0.439s] Level 5:colcon.colcon_core.verb:set package 'my_bot' build argument 'catkin_cmake_args' from command line to 'None'
[0.439s] Level 5:colcon.colcon_core.verb:set package 'my_bot' build argument 'catkin_skip_building_tests' from command line to 'False'
[0.439s] DEBUG:colcon.colcon_core.verb:Building package 'my_bot' with the following arguments: {'ament_cmake_args': None, 'build_base': '/home/ylspyrou/humble_ws/build/my_bot', 'catkin_cmake_args': None, 'catkin_skip_building_tests': False, 'cmake_args': None, 'cmake_clean_cache': False, 'cmake_clean_first': False, 'cmake_force_configure': False, 'cmake_target': None, 'cmake_target_skip_unavailable': False, 'install_base': '/home/ylspyrou/humble_ws/install/my_bot', 'merge_install': False, 'path': '/home/ylspyrou/humble_ws/src/my_bot', 'symlink_install': True, 'test_result_base': None}
[0.440s] Level 5:colcon.colcon_core.verb:set package 'serial' build argument 'cmake_args' from command line to 'None'
[0.440s] Level 5:colcon.colcon_core.verb:set package 'serial' build argument 'cmake_target' from command line to 'None'
[0.440s] Level 5:colcon.colcon_core.verb:set package 'serial' build argument 'cmake_target_skip_unavailable' from command line to 'False'
[0.440s] Level 5:colcon.colcon_core.verb:set package 'serial' build argument 'cmake_clean_cache' from command line to 'False'
[0.440s] Level 5:colcon.colcon_core.verb:set package 'serial' build argument 'cmake_clean_first' from command line to 'False'
[0.440s] Level 5:colcon.colcon_core.verb:set package 'serial' build argument 'cmake_force_configure' from command line to 'False'
[0.440s] Level 5:colcon.colcon_core.verb:set package 'serial' build argument 'ament_cmake_args' from command line to 'None'
[0.440s] Level 5:colcon.colcon_core.verb:set package 'serial' build argument 'catkin_cmake_args' from command line to 'None'
[0.440s] Level 5:colcon.colcon_core.verb:set package 'serial' build argument 'catkin_skip_building_tests' from command line to 'False'
[0.440s] DEBUG:colcon.colcon_core.verb:Building package 'serial' with the following arguments: {'ament_cmake_args': None, 'build_base': '/home/ylspyrou/humble_ws/build/serial', 'catkin_cmake_args': None, 'catkin_skip_building_tests': False, 'cmake_args': None, 'cmake_clean_cache': False, 'cmake_clean_first': False, 'cmake_force_configure': False, 'cmake_target': None, 'cmake_target_skip_unavailable': False, 'install_base': '/home/ylspyrou/humble_ws/install/serial', 'merge_install': False, 'path': '/home/ylspyrou/humble_ws/src/serial', 'symlink_install': True, 'test_result_base': None}
[0.440s] Level 5:colcon.colcon_core.verb:set package 'serial_motor_demo_msgs' build argument 'cmake_args' from command line to 'None'
[0.440s] Level 5:colcon.colcon_core.verb:set package 'serial_motor_demo_msgs' build argument 'cmake_target' from command line to 'None'
[0.440s] Level 5:colcon.colcon_core.verb:set package 'serial_motor_demo_msgs' build argument 'cmake_target_skip_unavailable' from command line to 'False'
[0.440s] Level 5:colcon.colcon_core.verb:set package 'serial_motor_demo_msgs' build argument 'cmake_clean_cache' from command line to 'False'
[0.440s] Level 5:colcon.colcon_core.verb:set package 'serial_motor_demo_msgs' build argument 'cmake_clean_first' from command line to 'False'
[0.440s] Level 5:colcon.colcon_core.verb:set package 'serial_motor_demo_msgs' build argument 'cmake_force_configure' from command line to 'False'
[0.440s] Level 5:colcon.colcon_core.verb:set package 'serial_motor_demo_msgs' build argument 'ament_cmake_args' from command line to 'None'
[0.440s] Level 5:colcon.colcon_core.verb:set package 'serial_motor_demo_msgs' build argument 'catkin_cmake_args' from command line to 'None'
[0.440s] Level 5:colcon.colcon_core.verb:set package 'serial_motor_demo_msgs' build argument 'catkin_skip_building_tests' from command line to 'False'
[0.440s] DEBUG:colcon.colcon_core.verb:Building package 'serial_motor_demo_msgs' with the following arguments: {'ament_cmake_args': None, 'build_base': '/home/ylspyrou/humble_ws/build/serial_motor_demo_msgs', 'catkin_cmake_args': None, 'catkin_skip_building_tests': False, 'cmake_args': None, 'cmake_clean_cache': False, 'cmake_clean_first': False, 'cmake_force_configure': False, 'cmake_target': None, 'cmake_target_skip_unavailable': False, 'install_base': '/home/ylspyrou/humble_ws/install/serial_motor_demo_msgs', 'merge_install': False, 'path': '/home/ylspyrou/humble_ws/src/serial_motor_demo/serial_motor_demo_msgs', 'symlink_install': True, 'test_result_base': None}
[0.441s] Level 5:colcon.colcon_core.verb:set package 'diffdrive_arduino' build argument 'cmake_args' from command line to 'None'
[0.441s] Level 5:colcon.colcon_core.verb:set package 'diffdrive_arduino' build argument 'cmake_target' from command line to 'None'
[0.441s] Level 5:colcon.colcon_core.verb:set package 'diffdrive_arduino' build argument 'cmake_target_skip_unavailable' from command line to 'False'
[0.441s] Level 5:colcon.colcon_core.verb:set package 'diffdrive_arduino' build argument 'cmake_clean_cache' from command line to 'False'
[0.441s] Level 5:colcon.colcon_core.verb:set package 'diffdrive_arduino' build argument 'cmake_clean_first' from command line to 'False'
[0.441s] Level 5:colcon.colcon_core.verb:set package 'diffdrive_arduino' build argument 'cmake_force_configure' from command line to 'False'
[0.441s] Level 5:colcon.colcon_core.verb:set package 'diffdrive_arduino' build argument 'ament_cmake_args' from command line to 'None'
[0.441s] Level 5:colcon.colcon_core.verb:set package 'diffdrive_arduino' build argument 'catkin_cmake_args' from command line to 'None'
[0.441s] Level 5:colcon.colcon_core.verb:set package 'diffdrive_arduino' build argument 'catkin_skip_building_tests' from command line to 'False'
[0.441s] DEBUG:colcon.colcon_core.verb:Building package 'diffdrive_arduino' with the following arguments: {'ament_cmake_args': None, 'build_base': '/home/ylspyrou/humble_ws/build/diffdrive_arduino', 'catkin_cmake_args': None, 'catkin_skip_building_tests': False, 'cmake_args': None, 'cmake_clean_cache': False, 'cmake_clean_first': False, 'cmake_force_configure': False, 'cmake_target': None, 'cmake_target_skip_unavailable': False, 'install_base': '/home/ylspyrou/humble_ws/install/diffdrive_arduino', 'merge_install': False, 'path': '/home/ylspyrou/humble_ws/src/diffdrive_arduino', 'symlink_install': True, 'test_result_base': None}
[0.441s] Level 5:colcon.colcon_core.verb:set package 'serial_motor_demo' build argument 'cmake_args' from command line to 'None'
[0.441s] Level 5:colcon.colcon_core.verb:set package 'serial_motor_demo' build argument 'cmake_target' from command line to 'None'
[0.441s] Level 5:colcon.colcon_core.verb:set package 'serial_motor_demo' build argument 'cmake_target_skip_unavailable' from command line to 'False'
[0.441s] Level 5:colcon.colcon_core.verb:set package 'serial_motor_demo' build argument 'cmake_clean_cache' from command line to 'False'
[0.441s] Level 5:colcon.colcon_core.verb:set package 'serial_motor_demo' build argument 'cmake_clean_first' from command line to 'False'
[0.441s] Level 5:colcon.colcon_core.verb:set package 'serial_motor_demo' build argument 'cmake_force_configure' from command line to 'False'
[0.441s] Level 5:colcon.colcon_core.verb:set package 'serial_motor_demo' build argument 'ament_cmake_args' from command line to 'None'
[0.441s] Level 5:colcon.colcon_core.verb:set package 'serial_motor_demo' build argument 'catkin_cmake_args' from command line to 'None'
[0.441s] Level 5:colcon.colcon_core.verb:set package 'serial_motor_demo' build argument 'catkin_skip_building_tests' from command line to 'False'
[0.441s] DEBUG:colcon.colcon_core.verb:Building package 'serial_motor_demo' with the following arguments: {'ament_cmake_args': None, 'build_base': '/home/ylspyrou/humble_ws/build/serial_motor_demo', 'catkin_cmake_args': None, 'catkin_skip_building_tests': False, 'cmake_args': None, 'cmake_clean_cache': False, 'cmake_clean_first': False, 'cmake_force_configure': False, 'cmake_target': None, 'cmake_target_skip_unavailable': False, 'install_base': '/home/ylspyrou/humble_ws/install/serial_motor_demo', 'merge_install': False, 'path': '/home/ylspyrou/humble_ws/src/serial_motor_demo/serial_motor_demo', 'symlink_install': True, 'test_result_base': None}
[0.441s] INFO:colcon.colcon_core.executor:Executing jobs using 'parallel' executor
[0.443s] DEBUG:colcon.colcon_parallel_executor.executor.parallel:run_until_complete
[0.444s] INFO:colcon.colcon_ros.task.ament_cmake.build:Building ROS package in '/home/ylspyrou/humble_ws/src/serial' with build type 'ament_cmake'
[0.444s] INFO:colcon.colcon_cmake.task.cmake.build:Building CMake package in '/home/ylspyrou/humble_ws/src/serial'
[0.448s] INFO:colcon.colcon_core.plugin_system:Skipping extension 'colcon_core.shell.bat': Not used on non-Windows systems
[0.448s] INFO:colcon.colcon_core.shell:Skip shell extension 'powershell' for command environment: Not usable outside of PowerShell
[0.448s] DEBUG:colcon.colcon_core.shell:Skip shell extension 'dsv' for command environment
[0.456s] INFO:colcon.colcon_ros.task.ament_cmake.build:Building ROS package in '/home/ylspyrou/humble_ws/src/serial_motor_demo/serial_motor_demo_msgs' with build type 'ament_cmake'
[0.456s] INFO:colcon.colcon_cmake.task.cmake.build:Building CMake package in '/home/ylspyrou/humble_ws/src/serial_motor_demo/serial_motor_demo_msgs'
[0.457s] INFO:colcon.colcon_core.shell:Skip shell extension 'powershell' for command environment: Not usable outside of PowerShell
[0.457s] DEBUG:colcon.colcon_core.shell:Skip shell extension 'dsv' for command environment
[0.476s] DEBUG:colcon.colcon_core.event_handler.log_command:Invoking command in '/home/ylspyrou/humble_ws/build/serial': CMAKE_PREFIX_PATH=${CMAKE_PREFIX_PATH}:/opt/ros/foxy /usr/bin/cmake --build /home/ylspyrou/humble_ws/build/serial -- -j2 -l2
[0.482s] DEBUG:colcon.colcon_core.event_handler.log_command:Invoking command in '/home/ylspyrou/humble_ws/build/serial_motor_demo_msgs': CMAKE_PREFIX_PATH=${CMAKE_PREFIX_PATH}:/opt/ros/foxy /usr/bin/cmake /home/ylspyrou/humble_ws/src/serial_motor_demo/serial_motor_demo_msgs -DAMENT_CMAKE_SYMLINK_INSTALL=1 -DCMAKE_INSTALL_PREFIX=/home/ylspyrou/humble_ws/install/serial_motor_demo_msgs
[0.646s] DEBUG:colcon.colcon_core.event_handler.log_command:Invoked command in '/home/ylspyrou/humble_ws/build/serial' returned '0': CMAKE_PREFIX_PATH=${CMAKE_PREFIX_PATH}:/opt/ros/foxy /usr/bin/cmake --build /home/ylspyrou/humble_ws/build/serial -- -j2 -l2
[0.700s] DEBUG:colcon.colcon_core.event_handler.log_command:Invoking command in '/home/ylspyrou/humble_ws/build/serial': CMAKE_PREFIX_PATH=${CMAKE_PREFIX_PATH}:/opt/ros/foxy /usr/bin/cmake --install /home/ylspyrou/humble_ws/build/serial
[0.730s] Level 1:colcon.colcon_core.environment:create_environment_scripts_only(serial)
[0.731s] DEBUG:colcon.colcon_core.event_handler.log_command:Invoked command in '/home/ylspyrou/humble_ws/build/serial' returned '0': CMAKE_PREFIX_PATH=${CMAKE_PREFIX_PATH}:/opt/ros/foxy /usr/bin/cmake --install /home/ylspyrou/humble_ws/build/serial
[0.737s] Level 1:colcon.colcon_core.environment:checking '/home/ylspyrou/humble_ws/install/serial' for CMake module files
[0.737s] Level 1:colcon.colcon_core.environment:checking '/home/ylspyrou/humble_ws/install/serial' for CMake config files
[0.737s] Level 1:colcon.colcon_core.shell:create_environment_hook('serial', 'cmake_prefix_path')
[0.738s] INFO:colcon.colcon_core.shell:Creating environment hook '/home/ylspyrou/humble_ws/install/serial/share/serial/hook/cmake_prefix_path.ps1'
[0.739s] INFO:colcon.colcon_core.shell:Creating environment descriptor '/home/ylspyrou/humble_ws/install/serial/share/serial/hook/cmake_prefix_path.dsv'
[0.739s] INFO:colcon.colcon_core.shell:Creating environment hook '/home/ylspyrou/humble_ws/install/serial/share/serial/hook/cmake_prefix_path.sh'
[0.740s] Level 1:colcon.colcon_core.environment:checking '/home/ylspyrou/humble_ws/install/serial/lib'
[0.740s] Level 1:colcon.colcon_core.environment:checking '/home/ylspyrou/humble_ws/install/serial/bin'
[0.740s] Level 1:colcon.colcon_core.environment:checking '/home/ylspyrou/humble_ws/install/serial/lib/pkgconfig/serial.pc'
[0.741s] Level 1:colcon.colcon_core.environment:checking '/home/ylspyrou/humble_ws/install/serial/lib/python3.8/site-packages'
[0.741s] Level 1:colcon.colcon_core.environment:checking '/home/ylspyrou/humble_ws/install/serial/bin'
[0.741s] INFO:colcon.colcon_core.shell:Creating package script '/home/ylspyrou/humble_ws/install/serial/share/serial/package.ps1'
[0.743s] INFO:colcon.colcon_core.shell:Creating package descriptor '/home/ylspyrou/humble_ws/install/serial/share/serial/package.dsv'
[0.746s] INFO:colcon.colcon_core.shell:Creating package script '/home/ylspyrou/humble_ws/install/serial/share/serial/package.sh'
[0.747s] INFO:colcon.colcon_core.shell:Creating package script '/home/ylspyrou/humble_ws/install/serial/share/serial/package.bash'
[0.748s] INFO:colcon.colcon_core.shell:Creating package script '/home/ylspyrou/humble_ws/install/serial/share/serial/package.zsh'
[0.750s] Level 1:colcon.colcon_core.environment:create_file_with_runtime_dependencies(/home/ylspyrou/humble_ws/install/serial/share/colcon-core/packages/serial)
[0.780s] Level 1:colcon.colcon_core.environment:create_environment_scripts_only(serial)
[0.780s] Level 1:colcon.colcon_core.environment:checking '/home/ylspyrou/humble_ws/install/serial' for CMake module files
[0.781s] Level 1:colcon.colcon_core.environment:checking '/home/ylspyrou/humble_ws/install/serial' for CMake config files
[0.781s] Level 1:colcon.colcon_core.shell:create_environment_hook('serial', 'cmake_prefix_path')
[0.781s] INFO:colcon.colcon_core.shell:Creating environment hook '/home/ylspyrou/humble_ws/install/serial/share/serial/hook/cmake_prefix_path.ps1'
[0.782s] INFO:colcon.colcon_core.shell:Creating environment descriptor '/home/ylspyrou/humble_ws/install/serial/share/serial/hook/cmake_prefix_path.dsv'
[0.783s] INFO:colcon.colcon_core.shell:Creating environment hook '/home/ylspyrou/humble_ws/install/serial/share/serial/hook/cmake_prefix_path.sh'
[0.784s] Level 1:colcon.colcon_core.environment:checking '/home/ylspyrou/humble_ws/install/serial/lib'
[0.784s] Level 1:colcon.colcon_core.environment:checking '/home/ylspyrou/humble_ws/install/serial/bin'
[0.784s] Level 1:colcon.colcon_core.environment:checking '/home/ylspyrou/humble_ws/install/serial/lib/pkgconfig/serial.pc'
[0.785s] Level 1:colcon.colcon_core.environment:checking '/home/ylspyrou/humble_ws/install/serial/lib/python3.8/site-packages'
[0.785s] Level 1:colcon.colcon_core.environment:checking '/home/ylspyrou/humble_ws/install/serial/bin'
[0.785s] INFO:colcon.colcon_core.shell:Creating package script '/home/ylspyrou/humble_ws/install/serial/share/serial/package.ps1'
[0.786s] INFO:colcon.colcon_core.shell:Creating package descriptor '/home/ylspyrou/humble_ws/install/serial/share/serial/package.dsv'
[0.786s] INFO:colcon.colcon_core.shell:Creating package script '/home/ylspyrou/humble_ws/install/serial/share/serial/package.sh'
[0.787s] INFO:colcon.colcon_core.shell:Creating package script '/home/ylspyrou/humble_ws/install/serial/share/serial/package.bash'
[0.787s] INFO:colcon.colcon_core.shell:Creating package script '/home/ylspyrou/humble_ws/install/serial/share/serial/package.zsh'
[0.788s] Level 1:colcon.colcon_core.environment:create_file_with_runtime_dependencies(/home/ylspyrou/humble_ws/install/serial/share/colcon-core/packages/serial)
[0.788s] INFO:colcon.colcon_ros.task.ament_cmake.build:Building ROS package in '/home/ylspyrou/humble_ws/src/my_bot' with build type 'ament_cmake'
[0.789s] INFO:colcon.colcon_cmake.task.cmake.build:Building CMake package in '/home/ylspyrou/humble_ws/src/my_bot'
[0.789s] INFO:colcon.colcon_core.shell:Skip shell extension 'powershell' for command environment: Not usable outside of PowerShell
[0.791s] DEBUG:colcon.colcon_core.shell:Skip shell extension 'dsv' for command environment
[0.802s] DEBUG:colcon.colcon_core.event_handler.log_command:Invoking command in '/home/ylspyrou/humble_ws/build/my_bot': CMAKE_PREFIX_PATH=${CMAKE_PREFIX_PATH}:/opt/ros/foxy /usr/bin/cmake /home/ylspyrou/humble_ws/src/my_bot -DAMENT_CMAKE_SYMLINK_INSTALL=1 -DCMAKE_INSTALL_PREFIX=/home/ylspyrou/humble_ws/install/my_bot
[1.578s] DEBUG:colcon.colcon_core.event_handler.log_command:Invoked command in '/home/ylspyrou/humble_ws/build/my_bot' returned '0': CMAKE_PREFIX_PATH=${CMAKE_PREFIX_PATH}:/opt/ros/foxy /usr/bin/cmake /home/ylspyrou/humble_ws/src/my_bot -DAMENT_CMAKE_SYMLINK_INSTALL=1 -DCMAKE_INSTALL_PREFIX=/home/ylspyrou/humble_ws/install/my_bot
[1.581s] DEBUG:colcon.colcon_core.event_handler.log_command:Invoking command in '/home/ylspyrou/humble_ws/build/my_bot': CMAKE_PREFIX_PATH=${CMAKE_PREFIX_PATH}:/opt/ros/foxy /usr/bin/cmake --build /home/ylspyrou/humble_ws/build/my_bot -- -j2 -l2
[1.626s] DEBUG:colcon.colcon_core.event_handler.log_command:Invoked command in '/home/ylspyrou/humble_ws/build/my_bot' returned '0': CMAKE_PREFIX_PATH=${CMAKE_PREFIX_PATH}:/opt/ros/foxy /usr/bin/cmake --build /home/ylspyrou/humble_ws/build/my_bot -- -j2 -l2
[1.659s] DEBUG:colcon.colcon_core.event_handler.log_command:Invoking command in '/home/ylspyrou/humble_ws/build/my_bot': CMAKE_PREFIX_PATH=${CMAKE_PREFIX_PATH}:/opt/ros/foxy /usr/bin/cmake --install /home/ylspyrou/humble_ws/build/my_bot
[1.962s] DEBUG:colcon.colcon_core.event_handler.log_command:Invoked command in '/home/ylspyrou/humble_ws/build/serial_motor_demo_msgs' returned '0': CMAKE_PREFIX_PATH=${CMAKE_PREFIX_PATH}:/opt/ros/foxy /usr/bin/cmake /home/ylspyrou/humble_ws/src/serial_motor_demo/serial_motor_demo_msgs -DAMENT_CMAKE_SYMLINK_INSTALL=1 -DCMAKE_INSTALL_PREFIX=/home/ylspyrou/humble_ws/install/serial_motor_demo_msgs
[1.962s] DEBUG:colcon.colcon_core.event_handler.log_command:Invoking command in '/home/ylspyrou/humble_ws/build/serial_motor_demo_msgs': CMAKE_PREFIX_PATH=${CMAKE_PREFIX_PATH}:/opt/ros/foxy /usr/bin/cmake --build /home/ylspyrou/humble_ws/build/serial_motor_demo_msgs -- -j2 -l2
[2.014s] Level 1:colcon.colcon_core.environment:create_environment_scripts_only(my_bot)
[2.014s] Level 1:colcon.colcon_core.environment:checking '/home/ylspyrou/humble_ws/install/my_bot' for CMake module files
[2.014s] Level 1:colcon.colcon_core.environment:checking '/home/ylspyrou/humble_ws/install/my_bot' for CMake config files
[2.015s] Level 1:colcon.colcon_core.shell:create_environment_hook('my_bot', 'cmake_prefix_path')
[2.015s] INFO:colcon.colcon_core.shell:Creating environment hook '/home/ylspyrou/humble_ws/install/my_bot/share/my_bot/hook/cmake_prefix_path.ps1'
[2.015s] INFO:colcon.colcon_core.shell:Creating environment descriptor '/home/ylspyrou/humble_ws/install/my_bot/share/my_bot/hook/cmake_prefix_path.dsv'
[2.016s] INFO:colcon.colcon_core.shell:Creating environment hook '/home/ylspyrou/humble_ws/install/my_bot/share/my_bot/hook/cmake_prefix_path.sh'
[2.016s] Level 1:colcon.colcon_core.environment:checking '/home/ylspyrou/humble_ws/install/my_bot/bin'
[2.016s] Level 1:colcon.colcon_core.environment:checking '/home/ylspyrou/humble_ws/install/my_bot/lib/pkgconfig/my_bot.pc'
[2.016s] Level 1:colcon.colcon_core.environment:checking '/home/ylspyrou/humble_ws/install/my_bot/lib/python3.8/site-packages'
[2.016s] Level 1:colcon.colcon_core.environment:checking '/home/ylspyrou/humble_ws/install/my_bot/bin'
[2.017s] INFO:colcon.colcon_core.shell:Creating package script '/home/ylspyrou/humble_ws/install/my_bot/share/my_bot/package.ps1'
[2.017s] INFO:colcon.colcon_core.shell:Creating package descriptor '/home/ylspyrou/humble_ws/install/my_bot/share/my_bot/package.dsv'
[2.018s] INFO:colcon.colcon_core.shell:Creating package script '/home/ylspyrou/humble_ws/install/my_bot/share/my_bot/package.sh'
[2.018s] INFO:colcon.colcon_core.shell:Creating package script '/home/ylspyrou/humble_ws/install/my_bot/share/my_bot/package.bash'
[2.018s] INFO:colcon.colcon_core.shell:Creating package script '/home/ylspyrou/humble_ws/install/my_bot/share/my_bot/package.zsh'
[2.018s] Level 1:colcon.colcon_core.environment:create_file_with_runtime_dependencies(/home/ylspyrou/humble_ws/install/my_bot/share/colcon-core/packages/my_bot)
[2.021s] DEBUG:colcon.colcon_core.event_handler.log_command:Invoked command in '/home/ylspyrou/humble_ws/build/my_bot' returned '0': CMAKE_PREFIX_PATH=${CMAKE_PREFIX_PATH}:/opt/ros/foxy /usr/bin/cmake --install /home/ylspyrou/humble_ws/build/my_bot
[2.042s] Level 1:colcon.colcon_core.environment:create_environment_scripts_only(my_bot)
[2.043s] Level 1:colcon.colcon_core.environment:checking '/home/ylspyrou/humble_ws/install/my_bot' for CMake module files
[2.043s] Level 1:colcon.colcon_core.environment:checking '/home/ylspyrou/humble_ws/install/my_bot' for CMake config files
[2.043s] Level 1:colcon.colcon_core.shell:create_environment_hook('my_bot', 'cmake_prefix_path')
[2.044s] INFO:colcon.colcon_core.shell:Creating environment hook '/home/ylspyrou/humble_ws/install/my_bot/share/my_bot/hook/cmake_prefix_path.ps1'
[2.044s] INFO:colcon.colcon_core.shell:Creating environment descriptor '/home/ylspyrou/humble_ws/install/my_bot/share/my_bot/hook/cmake_prefix_path.dsv'
[2.045s] INFO:colcon.colcon_core.shell:Creating environment hook '/home/ylspyrou/humble_ws/install/my_bot/share/my_bot/hook/cmake_prefix_path.sh'
[2.046s] Level 1:colcon.colcon_core.environment:checking '/home/ylspyrou/humble_ws/install/my_bot/bin'
[2.046s] Level 1:colcon.colcon_core.environment:checking '/home/ylspyrou/humble_ws/install/my_bot/lib/pkgconfig/my_bot.pc'
[2.046s] Level 1:colcon.colcon_core.environment:checking '/home/ylspyrou/humble_ws/install/my_bot/lib/python3.8/site-packages'
[2.046s] Level 1:colcon.colcon_core.environment:checking '/home/ylspyrou/humble_ws/install/my_bot/bin'
[2.046s] INFO:colcon.colcon_core.shell:Creating package script '/home/ylspyrou/humble_ws/install/my_bot/share/my_bot/package.ps1'
[2.047s] INFO:colcon.colcon_core.shell:Creating package descriptor '/home/ylspyrou/humble_ws/install/my_bot/share/my_bot/package.dsv'
[2.047s] INFO:colcon.colcon_core.shell:Creating package script '/home/ylspyrou/humble_ws/install/my_bot/share/my_bot/package.sh'
[2.048s] INFO:colcon.colcon_core.shell:Creating package script '/home/ylspyrou/humble_ws/install/my_bot/share/my_bot/package.bash'
[2.049s] INFO:colcon.colcon_core.shell:Creating package script '/home/ylspyrou/humble_ws/install/my_bot/share/my_bot/package.zsh'
[2.050s] Level 1:colcon.colcon_core.environment:create_file_with_runtime_dependencies(/home/ylspyrou/humble_ws/install/my_bot/share/colcon-core/packages/my_bot)
[2.051s] INFO:colcon.colcon_ros.task.ament_cmake.build:Building ROS package in '/home/ylspyrou/humble_ws/src/diffdrive_arduino' with build type 'ament_cmake'
[2.051s] INFO:colcon.colcon_cmake.task.cmake.build:Building CMake package in '/home/ylspyrou/humble_ws/src/diffdrive_arduino'
[2.051s] INFO:colcon.colcon_core.shell:Skip shell extension 'powershell' for command environment: Not usable outside of PowerShell
[2.051s] DEBUG:colcon.colcon_core.shell:Skip shell extension 'dsv' for command environment
[2.067s] DEBUG:colcon.colcon_core.event_handler.log_command:Invoking command in '/home/ylspyrou/humble_ws/build/diffdrive_arduino': AMENT_PREFIX_PATH=/home/ylspyrou/humble_ws/install/serial:${AMENT_PREFIX_PATH} CMAKE_PREFIX_PATH=/home/ylspyrou/humble_ws/install/serial:/home/ylspyrou/ros2_ws/install:/opt/ros/foxy LD_LIBRARY_PATH=/home/ylspyrou/humble_ws/install/serial/lib:${LD_LIBRARY_PATH} /usr/bin/cmake --build /home/ylspyrou/humble_ws/build/diffdrive_arduino -- -j2 -l2
[2.195s] DEBUG:colcon.colcon_core.event_handler.log_command:Invoked command in '/home/ylspyrou/humble_ws/build/diffdrive_arduino' returned '0': AMENT_PREFIX_PATH=/home/ylspyrou/humble_ws/install/serial:${AMENT_PREFIX_PATH} CMAKE_PREFIX_PATH=/home/ylspyrou/humble_ws/install/serial:/home/ylspyrou/ros2_ws/install:/opt/ros/foxy LD_LIBRARY_PATH=/home/ylspyrou/humble_ws/install/serial/lib:${LD_LIBRARY_PATH} /usr/bin/cmake --build /home/ylspyrou/humble_ws/build/diffdrive_arduino -- -j2 -l2
[2.372s] DEBUG:colcon.colcon_core.event_handler.log_command:Invoking command in '/home/ylspyrou/humble_ws/build/diffdrive_arduino': AMENT_PREFIX_PATH=/home/ylspyrou/humble_ws/install/serial:${AMENT_PREFIX_PATH} CMAKE_PREFIX_PATH=/home/ylspyrou/humble_ws/install/serial:/home/ylspyrou/ros2_ws/install:/opt/ros/foxy LD_LIBRARY_PATH=/home/ylspyrou/humble_ws/install/serial/lib:${LD_LIBRARY_PATH} /usr/bin/cmake --install /home/ylspyrou/humble_ws/build/diffdrive_arduino
[2.430s] Level 1:colcon.colcon_core.environment:create_environment_scripts_only(diffdrive_arduino)
[2.430s] DEBUG:colcon.colcon_core.event_handler.log_command:Invoked command in '/home/ylspyrou/humble_ws/build/diffdrive_arduino' returned '0': AMENT_PREFIX_PATH=/home/ylspyrou/humble_ws/install/serial:${AMENT_PREFIX_PATH} CMAKE_PREFIX_PATH=/home/ylspyrou/humble_ws/install/serial:/home/ylspyrou/ros2_ws/install:/opt/ros/foxy LD_LIBRARY_PATH=/home/ylspyrou/humble_ws/install/serial/lib:${LD_LIBRARY_PATH} /usr/bin/cmake --install /home/ylspyrou/humble_ws/build/diffdrive_arduino
[2.431s] Level 1:colcon.colcon_core.environment:checking '/home/ylspyrou/humble_ws/install/diffdrive_arduino' for CMake module files
[2.431s] Level 1:colcon.colcon_core.environment:checking '/home/ylspyrou/humble_ws/install/diffdrive_arduino' for CMake config files
[2.432s] Level 1:colcon.colcon_core.shell:create_environment_hook('diffdrive_arduino', 'cmake_prefix_path')
[2.432s] INFO:colcon.colcon_core.shell:Creating environment hook '/home/ylspyrou/humble_ws/install/diffdrive_arduino/share/diffdrive_arduino/hook/cmake_prefix_path.ps1'
[2.433s] INFO:colcon.colcon_core.shell:Creating environment descriptor '/home/ylspyrou/humble_ws/install/diffdrive_arduino/share/diffdrive_arduino/hook/cmake_prefix_path.dsv'
[2.434s] INFO:colcon.colcon_core.shell:Creating environment hook '/home/ylspyrou/humble_ws/install/diffdrive_arduino/share/diffdrive_arduino/hook/cmake_prefix_path.sh'
[2.435s] Level 1:colcon.colcon_core.environment:checking '/home/ylspyrou/humble_ws/install/diffdrive_arduino/lib'
[2.435s] Level 1:colcon.colcon_core.shell:create_environment_hook('diffdrive_arduino', 'ld_library_path_lib')
[2.435s] INFO:colcon.colcon_core.shell:Creating environment hook '/home/ylspyrou/humble_ws/install/diffdrive_arduino/share/diffdrive_arduino/hook/ld_library_path_lib.ps1'
[2.436s] INFO:colcon.colcon_core.shell:Creating environment descriptor '/home/ylspyrou/humble_ws/install/diffdrive_arduino/share/diffdrive_arduino/hook/ld_library_path_lib.dsv'
[2.437s] INFO:colcon.colcon_core.shell:Creating environment hook '/home/ylspyrou/humble_ws/install/diffdrive_arduino/share/diffdrive_arduino/hook/ld_library_path_lib.sh'
[2.442s] Level 1:colcon.colcon_core.environment:checking '/home/ylspyrou/humble_ws/install/diffdrive_arduino/bin'
[2.442s] Level 1:colcon.colcon_core.environment:checking '/home/ylspyrou/humble_ws/install/diffdrive_arduino/lib/pkgconfig/diffdrive_arduino.pc'
[2.442s] Level 1:colcon.colcon_core.environment:checking '/home/ylspyrou/humble_ws/install/diffdrive_arduino/lib/python3.8/site-packages'
[2.442s] Level 1:colcon.colcon_core.environment:checking '/home/ylspyrou/humble_ws/install/diffdrive_arduino/bin'
[2.443s] INFO:colcon.colcon_core.shell:Creating package script '/home/ylspyrou/humble_ws/install/diffdrive_arduino/share/diffdrive_arduino/package.ps1'
[2.443s] INFO:colcon.colcon_core.shell:Creating package descriptor '/home/ylspyrou/humble_ws/install/diffdrive_arduino/share/diffdrive_arduino/package.dsv'
[2.444s] INFO:colcon.colcon_core.shell:Creating package script '/home/ylspyrou/humble_ws/install/diffdrive_arduino/share/diffdrive_arduino/package.sh'
[2.445s] INFO:colcon.colcon_core.shell:Creating package script '/home/ylspyrou/humble_ws/install/diffdrive_arduino/share/diffdrive_arduino/package.bash'
[2.445s] INFO:colcon.colcon_core.shell:Creating package script '/home/ylspyrou/humble_ws/install/diffdrive_arduino/share/diffdrive_arduino/package.zsh'
[2.446s] Level 1:colcon.colcon_core.environment:create_file_with_runtime_dependencies(/home/ylspyrou/humble_ws/install/diffdrive_arduino/share/colcon-core/packages/diffdrive_arduino)
[2.498s] Level 1:colcon.colcon_core.environment:create_environment_scripts_only(diffdrive_arduino)
[2.498s] Level 1:colcon.colcon_core.environment:checking '/home/ylspyrou/humble_ws/install/diffdrive_arduino' for CMake module files
[2.499s] Level 1:colcon.colcon_core.environment:checking '/home/ylspyrou/humble_ws/install/diffdrive_arduino' for CMake config files
[2.499s] Level 1:colcon.colcon_core.shell:create_environment_hook('diffdrive_arduino', 'cmake_prefix_path')
[2.499s] INFO:colcon.colcon_core.shell:Creating environment hook '/home/ylspyrou/humble_ws/install/diffdrive_arduino/share/diffdrive_arduino/hook/cmake_prefix_path.ps1'
[2.500s] INFO:colcon.colcon_core.shell:Creating environment descriptor '/home/ylspyrou/humble_ws/install/diffdrive_arduino/share/diffdrive_arduino/hook/cmake_prefix_path.dsv'
[2.501s] INFO:colcon.colcon_core.shell:Creating environment hook '/home/ylspyrou/humble_ws/install/diffdrive_arduino/share/diffdrive_arduino/hook/cmake_prefix_path.sh'
[2.502s] Level 1:colcon.colcon_core.environment:checking '/home/ylspyrou/humble_ws/install/diffdrive_arduino/lib'
[2.502s] Level 1:colcon.colcon_core.shell:create_environment_hook('diffdrive_arduino', 'ld_library_path_lib')
[2.502s] INFO:colcon.colcon_core.shell:Creating environment hook '/home/ylspyrou/humble_ws/install/diffdrive_arduino/share/diffdrive_arduino/hook/ld_library_path_lib.ps1'
[2.503s] INFO:colcon.colcon_core.shell:Creating environment descriptor '/home/ylspyrou/humble_ws/install/diffdrive_arduino/share/diffdrive_arduino/hook/ld_library_path_lib.dsv'
[2.503s] INFO:colcon.colcon_core.shell:Creating environment hook '/home/ylspyrou/humble_ws/install/diffdrive_arduino/share/diffdrive_arduino/hook/ld_library_path_lib.sh'
[2.504s] Level 1:colcon.colcon_core.environment:checking '/home/ylspyrou/humble_ws/install/diffdrive_arduino/bin'
[2.504s] Level 1:colcon.colcon_core.environment:checking '/home/ylspyrou/humble_ws/install/diffdrive_arduino/lib/pkgconfig/diffdrive_arduino.pc'
[2.504s] Level 1:colcon.colcon_core.environment:checking '/home/ylspyrou/humble_ws/install/diffdrive_arduino/lib/python3.8/site-packages'
[2.504s] Level 1:colcon.colcon_core.environment:checking '/home/ylspyrou/humble_ws/install/diffdrive_arduino/bin'
[2.504s] INFO:colcon.colcon_core.shell:Creating package script '/home/ylspyrou/humble_ws/install/diffdrive_arduino/share/diffdrive_arduino/package.ps1'
[2.513s] INFO:colcon.colcon_core.shell:Creating package descriptor '/home/ylspyrou/humble_ws/install/diffdrive_arduino/share/diffdrive_arduino/package.dsv'
[2.514s] INFO:colcon.colcon_core.shell:Creating package script '/home/ylspyrou/humble_ws/install/diffdrive_arduino/share/diffdrive_arduino/package.sh'
[2.514s] INFO:colcon.colcon_core.shell:Creating package script '/home/ylspyrou/humble_ws/install/diffdrive_arduino/share/diffdrive_arduino/package.bash'
[2.515s] INFO:colcon.colcon_core.shell:Creating package script '/home/ylspyrou/humble_ws/install/diffdrive_arduino/share/diffdrive_arduino/package.zsh'
[2.516s] Level 1:colcon.colcon_core.environment:create_file_with_runtime_dependencies(/home/ylspyrou/humble_ws/install/diffdrive_arduino/share/colcon-core/packages/diffdrive_arduino)
[7.519s] DEBUG:colcon.colcon_core.event_handler.log_command:Invoked command in '/home/ylspyrou/humble_ws/build/serial_motor_demo_msgs' returned '0': CMAKE_PREFIX_PATH=${CMAKE_PREFIX_PATH}:/opt/ros/foxy /usr/bin/cmake --build /home/ylspyrou/humble_ws/build/serial_motor_demo_msgs -- -j2 -l2
[7.601s] DEBUG:colcon.colcon_core.event_handler.log_command:Invoking command in '/home/ylspyrou/humble_ws/build/serial_motor_demo_msgs': CMAKE_PREFIX_PATH=${CMAKE_PREFIX_PATH}:/opt/ros/foxy /usr/bin/cmake --install /home/ylspyrou/humble_ws/build/serial_motor_demo_msgs
[8.541s] Level 1:colcon.colcon_core.environment:create_environment_scripts_only(serial_motor_demo_msgs)
[8.541s] DEBUG:colcon.colcon_core.event_handler.log_command:Invoked command in '/home/ylspyrou/humble_ws/build/serial_motor_demo_msgs' returned '0': CMAKE_PREFIX_PATH=${CMAKE_PREFIX_PATH}:/opt/ros/foxy /usr/bin/cmake --install /home/ylspyrou/humble_ws/build/serial_motor_demo_msgs
[8.542s] Level 1:colcon.colcon_core.environment:checking '/home/ylspyrou/humble_ws/install/serial_motor_demo_msgs' for CMake module files
[8.543s] Level 1:colcon.colcon_core.environment:checking '/home/ylspyrou/humble_ws/install/serial_motor_demo_msgs' for CMake config files
[8.543s] Level 1:colcon.colcon_core.shell:create_environment_hook('serial_motor_demo_msgs', 'cmake_prefix_path')
[8.543s] INFO:colcon.colcon_core.shell:Creating environment hook '/home/ylspyrou/humble_ws/install/serial_motor_demo_msgs/share/serial_motor_demo_msgs/hook/cmake_prefix_path.ps1'
[8.544s] INFO:colcon.colcon_core.shell:Creating environment descriptor '/home/ylspyrou/humble_ws/install/serial_motor_demo_msgs/share/serial_motor_demo_msgs/hook/cmake_prefix_path.dsv'
[8.544s] INFO:colcon.colcon_core.shell:Creating environment hook '/home/ylspyrou/humble_ws/install/serial_motor_demo_msgs/share/serial_motor_demo_msgs/hook/cmake_prefix_path.sh'
[8.544s] Level 1:colcon.colcon_core.environment:checking '/home/ylspyrou/humble_ws/install/serial_motor_demo_msgs/lib'
[8.544s] Level 1:colcon.colcon_core.shell:create_environment_hook('serial_motor_demo_msgs', 'ld_library_path_lib')
[8.545s] INFO:colcon.colcon_core.shell:Creating environment hook '/home/ylspyrou/humble_ws/install/serial_motor_demo_msgs/share/serial_motor_demo_msgs/hook/ld_library_path_lib.ps1'
[8.545s] INFO:colcon.colcon_core.shell:Creating environment descriptor '/home/ylspyrou/humble_ws/install/serial_motor_demo_msgs/share/serial_motor_demo_msgs/hook/ld_library_path_lib.dsv'
[8.545s] INFO:colcon.colcon_core.shell:Creating environment hook '/home/ylspyrou/humble_ws/install/serial_motor_demo_msgs/share/serial_motor_demo_msgs/hook/ld_library_path_lib.sh'
[8.545s] Level 1:colcon.colcon_core.environment:checking '/home/ylspyrou/humble_ws/install/serial_motor_demo_msgs/bin'
[8.545s] Level 1:colcon.colcon_core.environment:checking '/home/ylspyrou/humble_ws/install/serial_motor_demo_msgs/lib/pkgconfig/serial_motor_demo_msgs.pc'
[8.546s] Level 1:colcon.colcon_core.environment:checking '/home/ylspyrou/humble_ws/install/serial_motor_demo_msgs/lib/python3.8/site-packages'
[8.546s] Level 1:colcon.colcon_core.shell:create_environment_hook('serial_motor_demo_msgs', 'pythonpath')
[8.546s] INFO:colcon.colcon_core.shell:Creating environment hook '/home/ylspyrou/humble_ws/install/serial_motor_demo_msgs/share/serial_motor_demo_msgs/hook/pythonpath.ps1'
[8.546s] INFO:colcon.colcon_core.shell:Creating environment descriptor '/home/ylspyrou/humble_ws/install/serial_motor_demo_msgs/share/serial_motor_demo_msgs/hook/pythonpath.dsv'
[8.546s] INFO:colcon.colcon_core.shell:Creating environment hook '/home/ylspyrou/humble_ws/install/serial_motor_demo_msgs/share/serial_motor_demo_msgs/hook/pythonpath.sh'
[8.547s] Level 1:colcon.colcon_core.environment:checking '/home/ylspyrou/humble_ws/install/serial_motor_demo_msgs/bin'
[8.547s] INFO:colcon.colcon_core.shell:Creating package script '/home/ylspyrou/humble_ws/install/serial_motor_demo_msgs/share/serial_motor_demo_msgs/package.ps1'
[8.547s] INFO:colcon.colcon_core.shell:Creating package descriptor '/home/ylspyrou/humble_ws/install/serial_motor_demo_msgs/share/serial_motor_demo_msgs/package.dsv'
[8.548s] INFO:colcon.colcon_core.shell:Creating package script '/home/ylspyrou/humble_ws/install/serial_motor_demo_msgs/share/serial_motor_demo_msgs/package.sh'
[8.548s] INFO:colcon.colcon_core.shell:Creating package script '/home/ylspyrou/humble_ws/install/serial_motor_demo_msgs/share/serial_motor_demo_msgs/package.bash'
[8.548s] INFO:colcon.colcon_core.shell:Creating package script '/home/ylspyrou/humble_ws/install/serial_motor_demo_msgs/share/serial_motor_demo_msgs/package.zsh'
[8.548s] Level 1:colcon.colcon_core.environment:create_file_with_runtime_dependencies(/home/ylspyrou/humble_ws/install/serial_motor_demo_msgs/share/colcon-core/packages/serial_motor_demo_msgs)
[8.627s] Level 1:colcon.colcon_core.environment:create_environment_scripts_only(serial_motor_demo_msgs)
[8.627s] Level 1:colcon.colcon_core.environment:checking '/home/ylspyrou/humble_ws/install/serial_motor_demo_msgs' for CMake module files
[8.628s] Level 1:colcon.colcon_core.environment:checking '/home/ylspyrou/humble_ws/install/serial_motor_demo_msgs' for CMake config files
[8.628s] Level 1:colcon.colcon_core.shell:create_environment_hook('serial_motor_demo_msgs', 'cmake_prefix_path')
[8.628s] INFO:colcon.colcon_core.shell:Creating environment hook '/home/ylspyrou/humble_ws/install/serial_motor_demo_msgs/share/serial_motor_demo_msgs/hook/cmake_prefix_path.ps1'
[8.629s] INFO:colcon.colcon_core.shell:Creating environment descriptor '/home/ylspyrou/humble_ws/install/serial_motor_demo_msgs/share/serial_motor_demo_msgs/hook/cmake_prefix_path.dsv'
[8.629s] INFO:colcon.colcon_core.shell:Creating environment hook '/home/ylspyrou/humble_ws/install/serial_motor_demo_msgs/share/serial_motor_demo_msgs/hook/cmake_prefix_path.sh'
[8.630s] Level 1:colcon.colcon_core.environment:checking '/home/ylspyrou/humble_ws/install/serial_motor_demo_msgs/lib'
[8.630s] Level 1:colcon.colcon_core.shell:create_environment_hook('serial_motor_demo_msgs', 'ld_library_path_lib')
[8.631s] INFO:colcon.colcon_core.shell:Creating environment hook '/home/ylspyrou/humble_ws/install/serial_motor_demo_msgs/share/serial_motor_demo_msgs/hook/ld_library_path_lib.ps1'
[8.631s] INFO:colcon.colcon_core.shell:Creating environment descriptor '/home/ylspyrou/humble_ws/install/serial_motor_demo_msgs/share/serial_motor_demo_msgs/hook/ld_library_path_lib.dsv'
[8.631s] INFO:colcon.colcon_core.shell:Creating environment hook '/home/ylspyrou/humble_ws/install/serial_motor_demo_msgs/share/serial_motor_demo_msgs/hook/ld_library_path_lib.sh'
[8.632s] Level 1:colcon.colcon_core.environment:checking '/home/ylspyrou/humble_ws/install/serial_motor_demo_msgs/bin'
[8.632s] Level 1:colcon.colcon_core.environment:checking '/home/ylspyrou/humble_ws/install/serial_motor_demo_msgs/lib/pkgconfig/serial_motor_demo_msgs.pc'
[8.632s] Level 1:colcon.colcon_core.environment:checking '/home/ylspyrou/humble_ws/install/serial_motor_demo_msgs/lib/python3.8/site-packages'
[8.632s] Level 1:colcon.colcon_core.shell:create_environment_hook('serial_motor_demo_msgs', 'pythonpath')
[8.633s] INFO:colcon.colcon_core.shell:Creating environment hook '/home/ylspyrou/humble_ws/install/serial_motor_demo_msgs/share/serial_motor_demo_msgs/hook/pythonpath.ps1'
[8.634s] INFO:colcon.colcon_core.shell:Creating environment descriptor '/home/ylspyrou/humble_ws/install/serial_motor_demo_msgs/share/serial_motor_demo_msgs/hook/pythonpath.dsv'
[8.634s] INFO:colcon.colcon_core.shell:Creating environment hook '/home/ylspyrou/humble_ws/install/serial_motor_demo_msgs/share/serial_motor_demo_msgs/hook/pythonpath.sh'
[8.635s] Level 1:colcon.colcon_core.environment:checking '/home/ylspyrou/humble_ws/install/serial_motor_demo_msgs/bin'
[8.636s] INFO:colcon.colcon_core.shell:Creating package script '/home/ylspyrou/humble_ws/install/serial_motor_demo_msgs/share/serial_motor_demo_msgs/package.ps1'
[8.636s] INFO:colcon.colcon_core.shell:Creating package descriptor '/home/ylspyrou/humble_ws/install/serial_motor_demo_msgs/share/serial_motor_demo_msgs/package.dsv'
[8.637s] INFO:colcon.colcon_core.shell:Creating package script '/home/ylspyrou/humble_ws/install/serial_motor_demo_msgs/share/serial_motor_demo_msgs/package.sh'
[8.637s] INFO:colcon.colcon_core.shell:Creating package script '/home/ylspyrou/humble_ws/install/serial_motor_demo_msgs/share/serial_motor_demo_msgs/package.bash'
[8.638s] INFO:colcon.colcon_core.shell:Creating package script '/home/ylspyrou/humble_ws/install/serial_motor_demo_msgs/share/serial_motor_demo_msgs/package.zsh'
[8.639s] Level 1:colcon.colcon_core.environment:create_file_with_runtime_dependencies(/home/ylspyrou/humble_ws/install/serial_motor_demo_msgs/share/colcon-core/packages/serial_motor_demo_msgs)
[8.639s] INFO:colcon.colcon_ros.task.ament_python.build:Building ROS package in '/home/ylspyrou/humble_ws/src/serial_motor_demo/serial_motor_demo' with build type 'ament_python'
[8.640s] Level 1:colcon.colcon_core.shell:create_environment_hook('serial_motor_demo', 'ament_prefix_path')
[8.640s] INFO:colcon.colcon_core.shell:Creating environment hook '/home/ylspyrou/humble_ws/install/serial_motor_demo/share/serial_motor_demo/hook/ament_prefix_path.ps1'
[8.640s] INFO:colcon.colcon_core.shell:Creating environment descriptor '/home/ylspyrou/humble_ws/install/serial_motor_demo/share/serial_motor_demo/hook/ament_prefix_path.dsv'
[8.641s] INFO:colcon.colcon_core.shell:Creating environment hook '/home/ylspyrou/humble_ws/install/serial_motor_demo/share/serial_motor_demo/hook/ament_prefix_path.sh'
[8.641s] INFO:colcon.colcon_core.shell:Skip shell extension 'powershell' for command environment: Not usable outside of PowerShell
[8.641s] DEBUG:colcon.colcon_core.shell:Skip shell extension 'dsv' for command environment
[8.850s] INFO:colcon.colcon_core.task.python.build:Building Python package in '/home/ylspyrou/humble_ws/src/serial_motor_demo/serial_motor_demo'
[8.850s] INFO:colcon.colcon_core.shell:Skip shell extension 'powershell' for command environment: Not usable outside of PowerShell
[8.850s] DEBUG:colcon.colcon_core.shell:Skip shell extension 'dsv' for command environment
[9.360s] DEBUG:colcon.colcon_core.event_handler.log_command:Invoking command in '/home/ylspyrou/humble_ws/build/serial_motor_demo': AMENT_PREFIX_PATH=/home/ylspyrou/humble_ws/install/serial_motor_demo_msgs:${AMENT_PREFIX_PATH} CMAKE_PREFIX_PATH=/home/ylspyrou/humble_ws/install/serial_motor_demo_msgs:${CMAKE_PREFIX_PATH} LD_LIBRARY_PATH=/home/ylspyrou/humble_ws/install/serial_motor_demo_msgs/lib:${LD_LIBRARY_PATH} PYTHONPATH=/home/ylspyrou/humble_ws/build/serial_motor_demo/prefix_override:/usr/lib/python3/dist-packages/colcon_core/task/python/colcon_distutils_commands:/home/ylspyrou/humble_ws/install/serial_motor_demo/lib/python3.8/site-packages:/home/ylspyrou/humble_ws/install/serial_motor_demo_msgs/lib/python3.8/site-packages:${PYTHONPATH} /usr/bin/python3 -W ignore:setup.py install is deprecated setup.py develop --editable --build-directory /home/ylspyrou/humble_ws/build/serial_motor_demo/build --no-deps symlink_data
[9.784s] Level 1:colcon.colcon_core.shell:create_environment_hook('serial_motor_demo', 'pythonpath_develop')
[9.785s] INFO:colcon.colcon_core.shell:Creating environment hook '/home/ylspyrou/humble_ws/build/serial_motor_demo/share/serial_motor_demo/hook/pythonpath_develop.ps1'
[9.785s] INFO:colcon.colcon_core.shell:Creating environment descriptor '/home/ylspyrou/humble_ws/build/serial_motor_demo/share/serial_motor_demo/hook/pythonpath_develop.dsv'
[9.786s] DEBUG:colcon.colcon_core.event_handler.log_command:Invoked command in '/home/ylspyrou/humble_ws/build/serial_motor_demo' returned '0': AMENT_PREFIX_PATH=/home/ylspyrou/humble_ws/install/serial_motor_demo_msgs:${AMENT_PREFIX_PATH} CMAKE_PREFIX_PATH=/home/ylspyrou/humble_ws/install/serial_motor_demo_msgs:${CMAKE_PREFIX_PATH} LD_LIBRARY_PATH=/home/ylspyrou/humble_ws/install/serial_motor_demo_msgs/lib:${LD_LIBRARY_PATH} PYTHONPATH=/home/ylspyrou/humble_ws/build/serial_motor_demo/prefix_override:/usr/lib/python3/dist-packages/colcon_core/task/python/colcon_distutils_commands:/home/ylspyrou/humble_ws/install/serial_motor_demo/lib/python3.8/site-packages:/home/ylspyrou/humble_ws/install/serial_motor_demo_msgs/lib/python3.8/site-packages:${PYTHONPATH} /usr/bin/python3 -W ignore:setup.py install is deprecated setup.py develop --editable --build-directory /home/ylspyrou/humble_ws/build/serial_motor_demo/build --no-deps symlink_data
[9.786s] INFO:colcon.colcon_core.shell:Creating environment hook '/home/ylspyrou/humble_ws/build/serial_motor_demo/share/serial_motor_demo/hook/pythonpath_develop.sh'
[9.787s] Level 1:colcon.colcon_core.environment:checking '/home/ylspyrou/humble_ws/install/serial_motor_demo' for CMake module files
[9.787s] Level 1:colcon.colcon_core.environment:checking '/home/ylspyrou/humble_ws/install/serial_motor_demo' for CMake config files
[9.787s] Level 1:colcon.colcon_core.environment:checking '/home/ylspyrou/humble_ws/install/serial_motor_demo/lib'
[9.788s] Level 1:colcon.colcon_core.environment:checking '/home/ylspyrou/humble_ws/install/serial_motor_demo/bin'
[9.788s] Level 1:colcon.colcon_core.environment:checking '/home/ylspyrou/humble_ws/install/serial_motor_demo/lib/pkgconfig/serial_motor_demo.pc'
[9.788s] Level 1:colcon.colcon_core.environment:checking '/home/ylspyrou/humble_ws/install/serial_motor_demo/lib/python3.8/site-packages'
[9.788s] Level 1:colcon.colcon_core.shell:create_environment_hook('serial_motor_demo', 'pythonpath')
[9.788s] INFO:colcon.colcon_core.shell:Creating environment hook '/home/ylspyrou/humble_ws/install/serial_motor_demo/share/serial_motor_demo/hook/pythonpath.ps1'
[9.788s] INFO:colcon.colcon_core.shell:Creating environment descriptor '/home/ylspyrou/humble_ws/install/serial_motor_demo/share/serial_motor_demo/hook/pythonpath.dsv'
[9.789s] INFO:colcon.colcon_core.shell:Creating environment hook '/home/ylspyrou/humble_ws/install/serial_motor_demo/share/serial_motor_demo/hook/pythonpath.sh'
[9.789s] Level 1:colcon.colcon_core.environment:checking '/home/ylspyrou/humble_ws/install/serial_motor_demo/bin'
[9.789s] Level 1:colcon.colcon_core.environment:create_environment_scripts_only(serial_motor_demo)
[9.789s] INFO:colcon.colcon_core.shell:Creating package script '/home/ylspyrou/humble_ws/install/serial_motor_demo/share/serial_motor_demo/package.ps1'
[9.790s] INFO:colcon.colcon_core.shell:Creating package descriptor '/home/ylspyrou/humble_ws/install/serial_motor_demo/share/serial_motor_demo/package.dsv'
[9.790s] INFO:colcon.colcon_core.shell:Creating package script '/home/ylspyrou/humble_ws/install/serial_motor_demo/share/serial_motor_demo/package.sh'
[9.790s] INFO:colcon.colcon_core.shell:Creating package script '/home/ylspyrou/humble_ws/install/serial_motor_demo/share/serial_motor_demo/package.bash'
[9.790s] INFO:colcon.colcon_core.shell:Creating package script '/home/ylspyrou/humble_ws/install/serial_motor_demo/share/serial_motor_demo/package.zsh'
[9.791s] Level 1:colcon.colcon_core.environment:create_file_with_runtime_dependencies(/home/ylspyrou/humble_ws/install/serial_motor_demo/share/colcon-core/packages/serial_motor_demo)
[9.792s] DEBUG:colcon.colcon_parallel_executor.executor.parallel:closing loop
[9.792s] DEBUG:colcon.colcon_parallel_executor.executor.parallel:loop closed
[9.792s] DEBUG:colcon.colcon_parallel_executor.executor.parallel:run_until_complete finished with '0'
[9.792s] DEBUG:colcon.colcon_core.event_reactor:joining thread
[9.798s] INFO:colcon.colcon_core.plugin_system:Skipping extension 'colcon_notification.desktop_notification.terminal_notifier': Not used on non-Darwin systems
[9.798s] INFO:colcon.colcon_core.plugin_system:Skipping extension 'colcon_notification.desktop_notification.win32': Not used on non-Windows systems
[9.798s] INFO:colcon.colcon_notification.desktop_notification:Sending desktop notification using 'notify2'
[9.989s] DEBUG:colcon.colcon_core.event_reactor:joined thread
[9.990s] INFO:colcon.colcon_core.shell:Creating prefix script '/home/ylspyrou/humble_ws/install/local_setup.ps1'
[9.991s] INFO:colcon.colcon_core.shell:Creating prefix util module '/home/ylspyrou/humble_ws/install/_local_setup_util_ps1.py'
[9.992s] INFO:colcon.colcon_core.shell:Creating prefix chain script '/home/ylspyrou/humble_ws/install/setup.ps1'
[9.993s] INFO:colcon.colcon_core.shell:Creating prefix script '/home/ylspyrou/humble_ws/install/local_setup.sh'
[9.994s] INFO:colcon.colcon_core.shell:Creating prefix util module '/home/ylspyrou/humble_ws/install/_local_setup_util_sh.py'
[9.995s] INFO:colcon.colcon_core.shell:Creating prefix chain script '/home/ylspyrou/humble_ws/install/setup.sh'
[9.996s] INFO:colcon.colcon_core.shell:Creating prefix script '/home/ylspyrou/humble_ws/install/local_setup.bash'
[9.997s] INFO:colcon.colcon_core.shell:Creating prefix chain script '/home/ylspyrou/humble_ws/install/setup.bash'
[9.998s] INFO:colcon.colcon_core.shell:Creating prefix script '/home/ylspyrou/humble_ws/install/local_setup.zsh'
[9.998s] INFO:colcon.colcon_core.shell:Creating prefix chain script '/home/ylspyrou/humble_ws/install/setup.zsh'
