-- The C compiler identification is GNU 9.4.0
-- The CXX compiler identification is GNU 9.4.0
-- Check for working C compiler: /usr/bin/cc
-- Check for working C compiler: /usr/bin/cc -- works
-- Detecting C compiler ABI info
-- Detecting C compiler ABI info - done
-- Detecting C compile features
-- Detecting C compile features - done
-- Check for working CXX compiler: /usr/bin/c++
-- Check for working CXX compiler: /usr/bin/c++ -- works
-- Detecting CXX compiler ABI info
-- Detecting CXX compiler ABI info - done
-- Detecting CXX compile features
-- Detecting CXX compile features - done
-- Found ament_cmake: 0.9.12 (/opt/ros/foxy/share/ament_cmake/cmake)
-- Found PythonInterp: /usr/bin/python3 (found suitable version "3.8.10", minimum required is "3") 
-- Using PYTHON_EXECUTABLE: /usr/bin/python3
-- Override CMake install command with custom implementation using symlinks instead of copying resources
-- Found builtin_interfaces: 1.0.0 (/opt/ros/foxy/share/builtin_interfaces/cmake)
-- Using all available rosidl_typesupport_c: rosidl_typesupport_fastrtps_c;rosidl_typesupport_introspection_c
-- Found rosidl_adapter: 1.3.1 (/opt/ros/foxy/share/rosidl_adapter/cmake)
-- Found OpenSSL: /usr/lib/x86_64-linux-gnu/libcrypto.so (found version "1.1.1f")  
-- Found FastRTPS: /opt/ros/foxy/include  
-- Using all available rosidl_typesupport_cpp: rosidl_typesupport_fastrtps_cpp;rosidl_typesupport_introspection_cpp
-- Found rosidl_default_generators: 1.0.1 (/opt/ros/foxy/share/rosidl_default_generators/cmake)
-- Found action_msgs: 1.0.0 (/opt/ros/foxy/share/action_msgs/cmake)
-- Found geometry_msgs: 2.0.5 (/opt/ros/foxy/share/geometry_msgs/cmake)
-- Found trajectory_msgs: 2.0.5 (/opt/ros/foxy/share/trajectory_msgs/cmake)
-- Found ament_lint_auto: 0.9.8 (/opt/ros/foxy/share/ament_lint_auto/cmake)
-- Found PythonInterp: /usr/bin/python3 (found version "3.8.10") 
-- Found ament_cmake_ros: 0.9.2 (/opt/ros/foxy/share/ament_cmake_ros/cmake)
-- Using all available rosidl_typesupport_c: rosidl_typesupport_fastrtps_c;rosidl_typesupport_introspection_c
-- Using all available rosidl_typesupport_cpp: rosidl_typesupport_fastrtps_cpp;rosidl_typesupport_introspection_cpp
-- Found PythonInterp: /usr/bin/python3 (found suitable version "3.8.10", minimum required is "3.5") 
-- Found python_cmake_module: 0.8.1 (/opt/ros/foxy/share/python_cmake_module/cmake)
-- Found PythonLibs: /usr/lib/x86_64-linux-gnu/libpython3.8.so (found suitable version "3.8.10", minimum required is "3.5") 
-- Using PYTHON_EXECUTABLE: /usr/bin/python3
-- Using PYTHON_INCLUDE_DIRS: /usr/include/python3.8
-- Using PYTHON_LIBRARIES: /usr/lib/x86_64-linux-gnu/libpython3.8.so
-- Found PythonExtra: .so  
-- Added test 'copyright' to check source files copyright and LICENSE
-- Added test 'lint_cmake' to check CMake code style
-- Added test 'xmllint' to check XML markup files
-- Configuring done
-- Generating done
-- Build files have been written to: /home/ylspyrou/humble_ws/build/control_msgs
[35m[1mScanning dependencies of target control_msgs__cpp[0m
[  1%] [34m[1mGenerating C code for ROS interfaces[0m
[  1%] [34m[1mGenerating C++ code for ROS interfaces[0m
[  1%] Built target control_msgs__cpp
[  2%] [34m[1mGenerating C++ type support dispatch for ROS interfaces[0m
[35m[1mScanning dependencies of target control_msgs__rosidl_generator_c[0m
[  2%] [32mBuilding C object CMakeFiles/control_msgs__rosidl_generator_c.dir/rosidl_generator_c/control_msgs/msg/detail/dynamic_joint_state__functions.c.o[0m
[  3%] [32mBuilding C object CMakeFiles/control_msgs__rosidl_generator_c.dir/rosidl_generator_c/control_msgs/msg/detail/gripper_command__functions.c.o[0m
[  4%] [32mBuilding C object CMakeFiles/control_msgs__rosidl_generator_c.dir/rosidl_generator_c/control_msgs/msg/detail/interface_value__functions.c.o[0m
[  5%] [32mBuilding C object CMakeFiles/control_msgs__rosidl_generator_c.dir/rosidl_generator_c/control_msgs/msg/detail/joint_controller_state__functions.c.o[0m
[  5%] [32mBuilding C object CMakeFiles/control_msgs__rosidl_generator_c.dir/rosidl_generator_c/control_msgs/msg/detail/joint_jog__functions.c.o[0m
[  6%] [32mBuilding C object CMakeFiles/control_msgs__rosidl_generator_c.dir/rosidl_generator_c/control_msgs/msg/detail/joint_tolerance__functions.c.o[0m
[  7%] [32mBuilding C object CMakeFiles/control_msgs__rosidl_generator_c.dir/rosidl_generator_c/control_msgs/msg/detail/joint_trajectory_controller_state__functions.c.o[0m
[  7%] [32mBuilding C object CMakeFiles/control_msgs__rosidl_generator_c.dir/rosidl_generator_c/control_msgs/msg/detail/pid_state__functions.c.o[0m
[  8%] [32mBuilding C object CMakeFiles/control_msgs__rosidl_generator_c.dir/rosidl_generator_c/control_msgs/srv/detail/query_calibration_state__functions.c.o[0m
[  9%] [32mBuilding C object CMakeFiles/control_msgs__rosidl_generator_c.dir/rosidl_generator_c/control_msgs/srv/detail/query_trajectory_state__functions.c.o[0m
[  9%] [32mBuilding C object CMakeFiles/control_msgs__rosidl_generator_c.dir/rosidl_generator_c/control_msgs/action/detail/follow_joint_trajectory__functions.c.o[0m
[ 10%] [32mBuilding C object CMakeFiles/control_msgs__rosidl_generator_c.dir/rosidl_generator_c/control_msgs/action/detail/gripper_command__functions.c.o[0m
[ 11%] [32mBuilding C object CMakeFiles/control_msgs__rosidl_generator_c.dir/rosidl_generator_c/control_msgs/action/detail/joint_trajectory__functions.c.o[0m
[35m[1mScanning dependencies of target control_msgs__rosidl_typesupport_cpp[0m
[ 12%] [32mBuilding CXX object CMakeFiles/control_msgs__rosidl_typesupport_cpp.dir/rosidl_typesupport_cpp/control_msgs/msg/dynamic_joint_state__type_support.cpp.o[0m
[ 13%] [32mBuilding C object CMakeFiles/control_msgs__rosidl_generator_c.dir/rosidl_generator_c/control_msgs/action/detail/point_head__functions.c.o[0m
[ 13%] [32mBuilding CXX object CMakeFiles/control_msgs__rosidl_typesupport_cpp.dir/rosidl_typesupport_cpp/control_msgs/msg/gripper_command__type_support.cpp.o[0m
[ 13%] [32mBuilding C object CMakeFiles/control_msgs__rosidl_generator_c.dir/rosidl_generator_c/control_msgs/action/detail/single_joint_position__functions.c.o[0m
[ 14%] [32m[1mLinking C shared library libcontrol_msgs__rosidl_generator_c.so[0m
[ 14%] Built target control_msgs__rosidl_generator_c
[ 15%] [34m[1mGenerating C++ type support for eProsima Fast-RTPS[0m
[ 16%] [32mBuilding CXX object CMakeFiles/control_msgs__rosidl_typesupport_cpp.dir/rosidl_typesupport_cpp/control_msgs/msg/interface_value__type_support.cpp.o[0m
[ 17%] [32mBuilding CXX object CMakeFiles/control_msgs__rosidl_typesupport_cpp.dir/rosidl_typesupport_cpp/control_msgs/msg/joint_controller_state__type_support.cpp.o[0m
[ 17%] [32mBuilding CXX object CMakeFiles/control_msgs__rosidl_typesupport_cpp.dir/rosidl_typesupport_cpp/control_msgs/msg/joint_jog__type_support.cpp.o[0m
[ 18%] [32mBuilding CXX object CMakeFiles/control_msgs__rosidl_typesupport_cpp.dir/rosidl_typesupport_cpp/control_msgs/msg/joint_tolerance__type_support.cpp.o[0m
[ 19%] [32mBuilding CXX object CMakeFiles/control_msgs__rosidl_typesupport_cpp.dir/rosidl_typesupport_cpp/control_msgs/msg/joint_trajectory_controller_state__type_support.cpp.o[0m
[ 20%] [32mBuilding CXX object CMakeFiles/control_msgs__rosidl_typesupport_cpp.dir/rosidl_typesupport_cpp/control_msgs/msg/pid_state__type_support.cpp.o[0m
[ 20%] [32mBuilding CXX object CMakeFiles/control_msgs__rosidl_typesupport_cpp.dir/rosidl_typesupport_cpp/control_msgs/srv/query_calibration_state__type_support.cpp.o[0m
[35m[1mScanning dependencies of target control_msgs__rosidl_typesupport_fastrtps_cpp[0m
[ 21%] [32mBuilding CXX object CMakeFiles/control_msgs__rosidl_typesupport_cpp.dir/rosidl_typesupport_cpp/control_msgs/srv/query_trajectory_state__type_support.cpp.o[0m
[ 22%] [32mBuilding CXX object CMakeFiles/control_msgs__rosidl_typesupport_fastrtps_cpp.dir/rosidl_typesupport_fastrtps_cpp/control_msgs/msg/detail/dds_fastrtps/dynamic_joint_state__type_support.cpp.o[0m
[ 23%] [32mBuilding CXX object CMakeFiles/control_msgs__rosidl_typesupport_cpp.dir/rosidl_typesupport_cpp/control_msgs/action/follow_joint_trajectory__type_support.cpp.o[0m
[ 24%] [32mBuilding CXX object CMakeFiles/control_msgs__rosidl_typesupport_fastrtps_cpp.dir/rosidl_typesupport_fastrtps_cpp/control_msgs/msg/detail/dds_fastrtps/gripper_command__type_support.cpp.o[0m
[ 24%] [32mBuilding CXX object CMakeFiles/control_msgs__rosidl_typesupport_cpp.dir/rosidl_typesupport_cpp/control_msgs/action/gripper_command__type_support.cpp.o[0m
[ 25%] [32mBuilding CXX object CMakeFiles/control_msgs__rosidl_typesupport_cpp.dir/rosidl_typesupport_cpp/control_msgs/action/joint_trajectory__type_support.cpp.o[0m
[ 25%] [32mBuilding CXX object CMakeFiles/control_msgs__rosidl_typesupport_fastrtps_cpp.dir/rosidl_typesupport_fastrtps_cpp/control_msgs/msg/detail/dds_fastrtps/interface_value__type_support.cpp.o[0m
[ 26%] [32mBuilding CXX object CMakeFiles/control_msgs__rosidl_typesupport_cpp.dir/rosidl_typesupport_cpp/control_msgs/action/point_head__type_support.cpp.o[0m
[ 27%] [32mBuilding CXX object CMakeFiles/control_msgs__rosidl_typesupport_fastrtps_cpp.dir/rosidl_typesupport_fastrtps_cpp/control_msgs/msg/detail/dds_fastrtps/joint_controller_state__type_support.cpp.o[0m
[ 27%] [32mBuilding CXX object CMakeFiles/control_msgs__rosidl_typesupport_cpp.dir/rosidl_typesupport_cpp/control_msgs/action/single_joint_position__type_support.cpp.o[0m
[ 28%] [32mBuilding CXX object CMakeFiles/control_msgs__rosidl_typesupport_fastrtps_cpp.dir/rosidl_typesupport_fastrtps_cpp/control_msgs/msg/detail/dds_fastrtps/joint_jog__type_support.cpp.o[0m
[ 29%] [32m[1mLinking CXX shared library libcontrol_msgs__rosidl_typesupport_cpp.so[0m
[ 29%] Built target control_msgs__rosidl_typesupport_cpp
[ 30%] [34m[1mGenerating C introspection for ROS interfaces[0m
[ 30%] [32mBuilding CXX object CMakeFiles/control_msgs__rosidl_typesupport_fastrtps_cpp.dir/rosidl_typesupport_fastrtps_cpp/control_msgs/msg/detail/dds_fastrtps/joint_tolerance__type_support.cpp.o[0m
[ 31%] [32mBuilding CXX object CMakeFiles/control_msgs__rosidl_typesupport_fastrtps_cpp.dir/rosidl_typesupport_fastrtps_cpp/control_msgs/msg/detail/dds_fastrtps/joint_trajectory_controller_state__type_support.cpp.o[0m
[ 32%] [32mBuilding CXX object CMakeFiles/control_msgs__rosidl_typesupport_fastrtps_cpp.dir/rosidl_typesupport_fastrtps_cpp/control_msgs/msg/detail/dds_fastrtps/pid_state__type_support.cpp.o[0m
[35m[1mScanning dependencies of target control_msgs__rosidl_typesupport_introspection_c[0m
[ 33%] [32mBuilding C object CMakeFiles/control_msgs__rosidl_typesupport_introspection_c.dir/rosidl_typesupport_introspection_c/control_msgs/msg/detail/dynamic_joint_state__type_support.c.o[0m
[ 33%] [32mBuilding CXX object CMakeFiles/control_msgs__rosidl_typesupport_fastrtps_cpp.dir/rosidl_typesupport_fastrtps_cpp/control_msgs/srv/detail/dds_fastrtps/query_calibration_state__type_support.cpp.o[0m
[ 33%] [32mBuilding C object CMakeFiles/control_msgs__rosidl_typesupport_introspection_c.dir/rosidl_typesupport_introspection_c/control_msgs/msg/detail/gripper_command__type_support.c.o[0m
[ 34%] [32mBuilding C object CMakeFiles/control_msgs__rosidl_typesupport_introspection_c.dir/rosidl_typesupport_introspection_c/control_msgs/msg/detail/interface_value__type_support.c.o[0m
[ 35%] [32mBuilding C object CMakeFiles/control_msgs__rosidl_typesupport_introspection_c.dir/rosidl_typesupport_introspection_c/control_msgs/msg/detail/joint_controller_state__type_support.c.o[0m
[ 36%] [32mBuilding C object CMakeFiles/control_msgs__rosidl_typesupport_introspection_c.dir/rosidl_typesupport_introspection_c/control_msgs/msg/detail/joint_jog__type_support.c.o[0m
[ 36%] [32mBuilding C object CMakeFiles/control_msgs__rosidl_typesupport_introspection_c.dir/rosidl_typesupport_introspection_c/control_msgs/msg/detail/joint_tolerance__type_support.c.o[0m
[ 37%] [32mBuilding C object CMakeFiles/control_msgs__rosidl_typesupport_introspection_c.dir/rosidl_typesupport_introspection_c/control_msgs/msg/detail/joint_trajectory_controller_state__type_support.c.o[0m
[ 38%] [32mBuilding C object CMakeFiles/control_msgs__rosidl_typesupport_introspection_c.dir/rosidl_typesupport_introspection_c/control_msgs/msg/detail/pid_state__type_support.c.o[0m
[ 38%] [32mBuilding C object CMakeFiles/control_msgs__rosidl_typesupport_introspection_c.dir/rosidl_typesupport_introspection_c/control_msgs/srv/detail/query_calibration_state__type_support.c.o[0m
[ 39%] [32mBuilding C object CMakeFiles/control_msgs__rosidl_typesupport_introspection_c.dir/rosidl_typesupport_introspection_c/control_msgs/srv/detail/query_trajectory_state__type_support.c.o[0m
[ 40%] [32mBuilding CXX object CMakeFiles/control_msgs__rosidl_typesupport_fastrtps_cpp.dir/rosidl_typesupport_fastrtps_cpp/control_msgs/srv/detail/dds_fastrtps/query_trajectory_state__type_support.cpp.o[0m
[ 41%] [32mBuilding C object CMakeFiles/control_msgs__rosidl_typesupport_introspection_c.dir/rosidl_typesupport_introspection_c/control_msgs/action/detail/follow_joint_trajectory__type_support.c.o[0m
[ 41%] [32mBuilding C object CMakeFiles/control_msgs__rosidl_typesupport_introspection_c.dir/rosidl_typesupport_introspection_c/control_msgs/action/detail/gripper_command__type_support.c.o[0m
[ 42%] [32mBuilding C object CMakeFiles/control_msgs__rosidl_typesupport_introspection_c.dir/rosidl_typesupport_introspection_c/control_msgs/action/detail/joint_trajectory__type_support.c.o[0m
[ 43%] [32mBuilding C object CMakeFiles/control_msgs__rosidl_typesupport_introspection_c.dir/rosidl_typesupport_introspection_c/control_msgs/action/detail/point_head__type_support.c.o[0m
[ 44%] [32mBuilding C object CMakeFiles/control_msgs__rosidl_typesupport_introspection_c.dir/rosidl_typesupport_introspection_c/control_msgs/action/detail/single_joint_position__type_support.c.o[0m
[ 44%] [32m[1mLinking C shared library libcontrol_msgs__rosidl_typesupport_introspection_c.so[0m
[ 44%] Built target control_msgs__rosidl_typesupport_introspection_c
[ 45%] [32mBuilding CXX object CMakeFiles/control_msgs__rosidl_typesupport_fastrtps_cpp.dir/rosidl_typesupport_fastrtps_cpp/control_msgs/action/detail/dds_fastrtps/follow_joint_trajectory__type_support.cpp.o[0m
[ 46%] [32mBuilding CXX object CMakeFiles/control_msgs__rosidl_typesupport_fastrtps_cpp.dir/rosidl_typesupport_fastrtps_cpp/control_msgs/action/detail/dds_fastrtps/gripper_command__type_support.cpp.o[0m
[ 46%] [32mBuilding CXX object CMakeFiles/control_msgs__rosidl_typesupport_fastrtps_cpp.dir/rosidl_typesupport_fastrtps_cpp/control_msgs/action/detail/dds_fastrtps/joint_trajectory__type_support.cpp.o[0m
[ 47%] [32mBuilding CXX object CMakeFiles/control_msgs__rosidl_typesupport_fastrtps_cpp.dir/rosidl_typesupport_fastrtps_cpp/control_msgs/action/detail/dds_fastrtps/point_head__type_support.cpp.o[0m
[ 48%] [32mBuilding CXX object CMakeFiles/control_msgs__rosidl_typesupport_fastrtps_cpp.dir/rosidl_typesupport_fastrtps_cpp/control_msgs/action/detail/dds_fastrtps/single_joint_position__type_support.cpp.o[0m
[ 48%] [32m[1mLinking CXX shared library libcontrol_msgs__rosidl_typesupport_fastrtps_cpp.so[0m
[ 48%] Built target control_msgs__rosidl_typesupport_fastrtps_cpp
[ 49%] [34m[1mGenerating C type support dispatch for ROS interfaces[0m
[35m[1mScanning dependencies of target control_msgs__rosidl_typesupport_c[0m
[ 49%] [32mBuilding CXX object CMakeFiles/control_msgs__rosidl_typesupport_c.dir/rosidl_typesupport_c/control_msgs/msg/dynamic_joint_state__type_support.cpp.o[0m
[ 50%] [32mBuilding CXX object CMakeFiles/control_msgs__rosidl_typesupport_c.dir/rosidl_typesupport_c/control_msgs/msg/gripper_command__type_support.cpp.o[0m
[ 51%] [32mBuilding CXX object CMakeFiles/control_msgs__rosidl_typesupport_c.dir/rosidl_typesupport_c/control_msgs/msg/interface_value__type_support.cpp.o[0m
[ 51%] [32mBuilding CXX object CMakeFiles/control_msgs__rosidl_typesupport_c.dir/rosidl_typesupport_c/control_msgs/msg/joint_controller_state__type_support.cpp.o[0m
[ 52%] [32mBuilding CXX object CMakeFiles/control_msgs__rosidl_typesupport_c.dir/rosidl_typesupport_c/control_msgs/msg/joint_jog__type_support.cpp.o[0m
[ 53%] [32mBuilding CXX object CMakeFiles/control_msgs__rosidl_typesupport_c.dir/rosidl_typesupport_c/control_msgs/msg/joint_tolerance__type_support.cpp.o[0m
[ 54%] [32mBuilding CXX object CMakeFiles/control_msgs__rosidl_typesupport_c.dir/rosidl_typesupport_c/control_msgs/msg/joint_trajectory_controller_state__type_support.cpp.o[0m
[ 54%] [32mBuilding CXX object CMakeFiles/control_msgs__rosidl_typesupport_c.dir/rosidl_typesupport_c/control_msgs/msg/pid_state__type_support.cpp.o[0m
[ 55%] [32mBuilding CXX object CMakeFiles/control_msgs__rosidl_typesupport_c.dir/rosidl_typesupport_c/control_msgs/srv/query_calibration_state__type_support.cpp.o[0m
[ 56%] [32mBuilding CXX object CMakeFiles/control_msgs__rosidl_typesupport_c.dir/rosidl_typesupport_c/control_msgs/srv/query_trajectory_state__type_support.cpp.o[0m
[ 56%] [32mBuilding CXX object CMakeFiles/control_msgs__rosidl_typesupport_c.dir/rosidl_typesupport_c/control_msgs/action/follow_joint_trajectory__type_support.cpp.o[0m
[ 57%] [32mBuilding CXX object CMakeFiles/control_msgs__rosidl_typesupport_c.dir/rosidl_typesupport_c/control_msgs/action/gripper_command__type_support.cpp.o[0m
[ 58%] [32mBuilding CXX object CMakeFiles/control_msgs__rosidl_typesupport_c.dir/rosidl_typesupport_c/control_msgs/action/joint_trajectory__type_support.cpp.o[0m
[ 58%] [32mBuilding CXX object CMakeFiles/control_msgs__rosidl_typesupport_c.dir/rosidl_typesupport_c/control_msgs/action/point_head__type_support.cpp.o[0m
[ 59%] [32mBuilding CXX object CMakeFiles/control_msgs__rosidl_typesupport_c.dir/rosidl_typesupport_c/control_msgs/action/single_joint_position__type_support.cpp.o[0m
[ 60%] [32m[1mLinking CXX shared library libcontrol_msgs__rosidl_typesupport_c.so[0m
[ 60%] Built target control_msgs__rosidl_typesupport_c
[ 60%] [34m[1mGenerating C++ introspection for ROS interfaces[0m
[35m[1mScanning dependencies of target control_msgs__rosidl_typesupport_introspection_cpp[0m
[ 61%] [32mBuilding CXX object CMakeFiles/control_msgs__rosidl_typesupport_introspection_cpp.dir/rosidl_typesupport_introspection_cpp/control_msgs/msg/detail/dynamic_joint_state__type_support.cpp.o[0m
[ 62%] [32mBuilding CXX object CMakeFiles/control_msgs__rosidl_typesupport_introspection_cpp.dir/rosidl_typesupport_introspection_cpp/control_msgs/msg/detail/gripper_command__type_support.cpp.o[0m
[ 62%] [32mBuilding CXX object CMakeFiles/control_msgs__rosidl_typesupport_introspection_cpp.dir/rosidl_typesupport_introspection_cpp/control_msgs/msg/detail/interface_value__type_support.cpp.o[0m
[ 63%] [32mBuilding CXX object CMakeFiles/control_msgs__rosidl_typesupport_introspection_cpp.dir/rosidl_typesupport_introspection_cpp/control_msgs/msg/detail/joint_controller_state__type_support.cpp.o[0m
[ 64%] [32mBuilding CXX object CMakeFiles/control_msgs__rosidl_typesupport_introspection_cpp.dir/rosidl_typesupport_introspection_cpp/control_msgs/msg/detail/joint_jog__type_support.cpp.o[0m
[ 65%] [32mBuilding CXX object CMakeFiles/control_msgs__rosidl_typesupport_introspection_cpp.dir/rosidl_typesupport_introspection_cpp/control_msgs/msg/detail/joint_tolerance__type_support.cpp.o[0m
[ 65%] [32mBuilding CXX object CMakeFiles/control_msgs__rosidl_typesupport_introspection_cpp.dir/rosidl_typesupport_introspection_cpp/control_msgs/msg/detail/joint_trajectory_controller_state__type_support.cpp.o[0m
[ 66%] [32mBuilding CXX object CMakeFiles/control_msgs__rosidl_typesupport_introspection_cpp.dir/rosidl_typesupport_introspection_cpp/control_msgs/msg/detail/pid_state__type_support.cpp.o[0m
[ 67%] [32mBuilding CXX object CMakeFiles/control_msgs__rosidl_typesupport_introspection_cpp.dir/rosidl_typesupport_introspection_cpp/control_msgs/srv/detail/query_calibration_state__type_support.cpp.o[0m
[ 67%] [32mBuilding CXX object CMakeFiles/control_msgs__rosidl_typesupport_introspection_cpp.dir/rosidl_typesupport_introspection_cpp/control_msgs/srv/detail/query_trajectory_state__type_support.cpp.o[0m
[ 68%] [32mBuilding CXX object CMakeFiles/control_msgs__rosidl_typesupport_introspection_cpp.dir/rosidl_typesupport_introspection_cpp/control_msgs/action/detail/follow_joint_trajectory__type_support.cpp.o[0m
[ 69%] [32mBuilding CXX object CMakeFiles/control_msgs__rosidl_typesupport_introspection_cpp.dir/rosidl_typesupport_introspection_cpp/control_msgs/action/detail/gripper_command__type_support.cpp.o[0m
[ 69%] [32mBuilding CXX object CMakeFiles/control_msgs__rosidl_typesupport_introspection_cpp.dir/rosidl_typesupport_introspection_cpp/control_msgs/action/detail/joint_trajectory__type_support.cpp.o[0m
[ 70%] [32mBuilding CXX object CMakeFiles/control_msgs__rosidl_typesupport_introspection_cpp.dir/rosidl_typesupport_introspection_cpp/control_msgs/action/detail/point_head__type_support.cpp.o[0m
[ 71%] [32mBuilding CXX object CMakeFiles/control_msgs__rosidl_typesupport_introspection_cpp.dir/rosidl_typesupport_introspection_cpp/control_msgs/action/detail/single_joint_position__type_support.cpp.o[0m
[ 72%] [32m[1mLinking CXX shared library libcontrol_msgs__rosidl_typesupport_introspection_cpp.so[0m
[ 72%] Built target control_msgs__rosidl_typesupport_introspection_cpp
[ 73%] [34m[1mGenerating C type support for eProsima Fast-RTPS[0m
[35m[1mScanning dependencies of target control_msgs__rosidl_typesupport_fastrtps_c[0m
[ 74%] [32mBuilding CXX object CMakeFiles/control_msgs__rosidl_typesupport_fastrtps_c.dir/rosidl_typesupport_fastrtps_c/control_msgs/msg/detail/dynamic_joint_state__type_support_c.cpp.o[0m
[ 74%] [32mBuilding CXX object CMakeFiles/control_msgs__rosidl_typesupport_fastrtps_c.dir/rosidl_typesupport_fastrtps_c/control_msgs/msg/detail/gripper_command__type_support_c.cpp.o[0m
[ 75%] [32mBuilding CXX object CMakeFiles/control_msgs__rosidl_typesupport_fastrtps_c.dir/rosidl_typesupport_fastrtps_c/control_msgs/msg/detail/interface_value__type_support_c.cpp.o[0m
[ 76%] [32mBuilding CXX object CMakeFiles/control_msgs__rosidl_typesupport_fastrtps_c.dir/rosidl_typesupport_fastrtps_c/control_msgs/msg/detail/joint_controller_state__type_support_c.cpp.o[0m
[ 76%] [32mBuilding CXX object CMakeFiles/control_msgs__rosidl_typesupport_fastrtps_c.dir/rosidl_typesupport_fastrtps_c/control_msgs/msg/detail/joint_jog__type_support_c.cpp.o[0m
[ 77%] [32mBuilding CXX object CMakeFiles/control_msgs__rosidl_typesupport_fastrtps_c.dir/rosidl_typesupport_fastrtps_c/control_msgs/msg/detail/joint_tolerance__type_support_c.cpp.o[0m
[ 78%] [32mBuilding CXX object CMakeFiles/control_msgs__rosidl_typesupport_fastrtps_c.dir/rosidl_typesupport_fastrtps_c/control_msgs/msg/detail/joint_trajectory_controller_state__type_support_c.cpp.o[0m
[ 78%] [32mBuilding CXX object CMakeFiles/control_msgs__rosidl_typesupport_fastrtps_c.dir/rosidl_typesupport_fastrtps_c/control_msgs/msg/detail/pid_state__type_support_c.cpp.o[0m
[ 79%] [32mBuilding CXX object CMakeFiles/control_msgs__rosidl_typesupport_fastrtps_c.dir/rosidl_typesupport_fastrtps_c/control_msgs/srv/detail/query_calibration_state__type_support_c.cpp.o[0m
[ 80%] [32mBuilding CXX object CMakeFiles/control_msgs__rosidl_typesupport_fastrtps_c.dir/rosidl_typesupport_fastrtps_c/control_msgs/srv/detail/query_trajectory_state__type_support_c.cpp.o[0m
[ 81%] [32mBuilding CXX object CMakeFiles/control_msgs__rosidl_typesupport_fastrtps_c.dir/rosidl_typesupport_fastrtps_c/control_msgs/action/detail/follow_joint_trajectory__type_support_c.cpp.o[0m
[ 81%] [32mBuilding CXX object CMakeFiles/control_msgs__rosidl_typesupport_fastrtps_c.dir/rosidl_typesupport_fastrtps_c/control_msgs/action/detail/gripper_command__type_support_c.cpp.o[0m
[ 82%] [32mBuilding CXX object CMakeFiles/control_msgs__rosidl_typesupport_fastrtps_c.dir/rosidl_typesupport_fastrtps_c/control_msgs/action/detail/joint_trajectory__type_support_c.cpp.o[0m
[ 83%] [32mBuilding CXX object CMakeFiles/control_msgs__rosidl_typesupport_fastrtps_c.dir/rosidl_typesupport_fastrtps_c/control_msgs/action/detail/point_head__type_support_c.cpp.o[0m
[ 83%] [32mBuilding CXX object CMakeFiles/control_msgs__rosidl_typesupport_fastrtps_c.dir/rosidl_typesupport_fastrtps_c/control_msgs/action/detail/single_joint_position__type_support_c.cpp.o[0m
[ 84%] [32m[1mLinking CXX shared library libcontrol_msgs__rosidl_typesupport_fastrtps_c.so[0m
[ 84%] Built target control_msgs__rosidl_typesupport_fastrtps_c
[35m[1mScanning dependencies of target control_msgs[0m
[ 84%] Built target control_msgs
[35m[1mScanning dependencies of target control_msgs__py[0m
[ 85%] [34m[1mGenerating Python code for ROS interfaces[0m
[ 85%] Built target control_msgs__py
[35m[1mScanning dependencies of target control_msgs__python[0m
[ 86%] [32mBuilding C object CMakeFiles/control_msgs__python.dir/rosidl_generator_py/control_msgs/msg/_dynamic_joint_state_s.c.o[0m
[ 86%] [32mBuilding C object CMakeFiles/control_msgs__python.dir/rosidl_generator_py/control_msgs/msg/_gripper_command_s.c.o[0m
[ 87%] [32mBuilding C object CMakeFiles/control_msgs__python.dir/rosidl_generator_py/control_msgs/msg/_interface_value_s.c.o[0m
[ 88%] [32mBuilding C object CMakeFiles/control_msgs__python.dir/rosidl_generator_py/control_msgs/msg/_joint_controller_state_s.c.o[0m
[ 88%] [32mBuilding C object CMakeFiles/control_msgs__python.dir/rosidl_generator_py/control_msgs/msg/_joint_jog_s.c.o[0m
[ 89%] [32mBuilding C object CMakeFiles/control_msgs__python.dir/rosidl_generator_py/control_msgs/msg/_joint_tolerance_s.c.o[0m
[ 90%] [32mBuilding C object CMakeFiles/control_msgs__python.dir/rosidl_generator_py/control_msgs/msg/_joint_trajectory_controller_state_s.c.o[0m
[ 90%] [32mBuilding C object CMakeFiles/control_msgs__python.dir/rosidl_generator_py/control_msgs/msg/_pid_state_s.c.o[0m
[ 91%] [32mBuilding C object CMakeFiles/control_msgs__python.dir/rosidl_generator_py/control_msgs/srv/_query_calibration_state_s.c.o[0m
[ 92%] [32mBuilding C object CMakeFiles/control_msgs__python.dir/rosidl_generator_py/control_msgs/srv/_query_trajectory_state_s.c.o[0m
[ 93%] [32mBuilding C object CMakeFiles/control_msgs__python.dir/rosidl_generator_py/control_msgs/action/_follow_joint_trajectory_s.c.o[0m
[ 93%] [32mBuilding C object CMakeFiles/control_msgs__python.dir/rosidl_generator_py/control_msgs/action/_gripper_command_s.c.o[0m
[ 94%] [32mBuilding C object CMakeFiles/control_msgs__python.dir/rosidl_generator_py/control_msgs/action/_joint_trajectory_s.c.o[0m
[ 95%] [32mBuilding C object CMakeFiles/control_msgs__python.dir/rosidl_generator_py/control_msgs/action/_point_head_s.c.o[0m
[ 95%] [32mBuilding C object CMakeFiles/control_msgs__python.dir/rosidl_generator_py/control_msgs/action/_single_joint_position_s.c.o[0m
[ 96%] [32m[1mLinking C shared library rosidl_generator_py/control_msgs/libcontrol_msgs__python.so[0m
[ 96%] Built target control_msgs__python
[35m[1mScanning dependencies of target control_msgs__rosidl_typesupport_c__pyext[0m
[ 97%] [32mBuilding C object CMakeFiles/control_msgs__rosidl_typesupport_c__pyext.dir/rosidl_generator_py/control_msgs/_control_msgs_s.ep.rosidl_typesupport_c.c.o[0m
[ 97%] [32m[1mLinking C shared library rosidl_generator_py/control_msgs/control_msgs_s__rosidl_typesupport_c.cpython-38-x86_64-linux-gnu.so[0m
[ 97%] Built target control_msgs__rosidl_typesupport_c__pyext
[35m[1mScanning dependencies of target control_msgs__rosidl_typesupport_introspection_c__pyext[0m
[ 98%] [32mBuilding C object CMakeFiles/control_msgs__rosidl_typesupport_introspection_c__pyext.dir/rosidl_generator_py/control_msgs/_control_msgs_s.ep.rosidl_typesupport_introspection_c.c.o[0m
[ 99%] [32m[1mLinking C shared library rosidl_generator_py/control_msgs/control_msgs_s__rosidl_typesupport_introspection_c.cpython-38-x86_64-linux-gnu.so[0m
[ 99%] Built target control_msgs__rosidl_typesupport_introspection_c__pyext
[35m[1mScanning dependencies of target control_msgs__rosidl_typesupport_fastrtps_c__pyext[0m
[100%] [32mBuilding C object CMakeFiles/control_msgs__rosidl_typesupport_fastrtps_c__pyext.dir/rosidl_generator_py/control_msgs/_control_msgs_s.ep.rosidl_typesupport_fastrtps_c.c.o[0m
[100%] [32m[1mLinking CXX shared library rosidl_generator_py/control_msgs/control_msgs_s__rosidl_typesupport_fastrtps_c.cpython-38-x86_64-linux-gnu.so[0m
[100%] Built target control_msgs__rosidl_typesupport_fastrtps_c__pyext
-- Install configuration: ""
-- Execute custom install script
-- Symlinking: /home/ylspyrou/humble_ws/install/control_msgs/share/ament_index/resource_index/rosidl_interfaces/control_msgs
-- Symlinking: /home/ylspyrou/humble_ws/install/control_msgs/include/control_msgs/action/detail/follow_joint_trajectory__functions.h
-- Symlinking: /home/ylspyrou/humble_ws/install/control_msgs/include/control_msgs/action/detail/follow_joint_trajectory__struct.h
-- Symlinking: /home/ylspyrou/humble_ws/install/control_msgs/include/control_msgs/action/detail/follow_joint_trajectory__type_support.h
-- Symlinking: /home/ylspyrou/humble_ws/install/control_msgs/include/control_msgs/action/detail/gripper_command__functions.h
-- Symlinking: /home/ylspyrou/humble_ws/install/control_msgs/include/control_msgs/action/detail/gripper_command__struct.h
-- Symlinking: /home/ylspyrou/humble_ws/install/control_msgs/include/control_msgs/action/detail/gripper_command__type_support.h
-- Symlinking: /home/ylspyrou/humble_ws/install/control_msgs/include/control_msgs/action/detail/joint_trajectory__functions.h
-- Symlinking: /home/ylspyrou/humble_ws/install/control_msgs/include/control_msgs/action/detail/joint_trajectory__struct.h
-- Symlinking: /home/ylspyrou/humble_ws/install/control_msgs/include/control_msgs/action/detail/joint_trajectory__type_support.h
-- Symlinking: /home/ylspyrou/humble_ws/install/control_msgs/include/control_msgs/action/detail/point_head__functions.h
-- Symlinking: /home/ylspyrou/humble_ws/install/control_msgs/include/control_msgs/action/detail/point_head__struct.h
-- Symlinking: /home/ylspyrou/humble_ws/install/control_msgs/include/control_msgs/action/detail/point_head__type_support.h
-- Symlinking: /home/ylspyrou/humble_ws/install/control_msgs/include/control_msgs/action/detail/single_joint_position__functions.h
-- Symlinking: /home/ylspyrou/humble_ws/install/control_msgs/include/control_msgs/action/detail/single_joint_position__struct.h
-- Symlinking: /home/ylspyrou/humble_ws/install/control_msgs/include/control_msgs/action/detail/single_joint_position__type_support.h
-- Symlinking: /home/ylspyrou/humble_ws/install/control_msgs/include/control_msgs/action/follow_joint_trajectory.h
-- Symlinking: /home/ylspyrou/humble_ws/install/control_msgs/include/control_msgs/action/gripper_command.h
-- Symlinking: /home/ylspyrou/humble_ws/install/control_msgs/include/control_msgs/action/joint_trajectory.h
-- Symlinking: /home/ylspyrou/humble_ws/install/control_msgs/include/control_msgs/action/point_head.h
-- Symlinking: /home/ylspyrou/humble_ws/install/control_msgs/include/control_msgs/action/single_joint_position.h
-- Symlinking: /home/ylspyrou/humble_ws/install/control_msgs/include/control_msgs/msg/detail/dynamic_joint_state__functions.h
-- Symlinking: /home/ylspyrou/humble_ws/install/control_msgs/include/control_msgs/msg/detail/dynamic_joint_state__struct.h
-- Symlinking: /home/ylspyrou/humble_ws/install/control_msgs/include/control_msgs/msg/detail/dynamic_joint_state__type_support.h
-- Symlinking: /home/ylspyrou/humble_ws/install/control_msgs/include/control_msgs/msg/detail/gripper_command__functions.h
-- Symlinking: /home/ylspyrou/humble_ws/install/control_msgs/include/control_msgs/msg/detail/gripper_command__struct.h
-- Symlinking: /home/ylspyrou/humble_ws/install/control_msgs/include/control_msgs/msg/detail/gripper_command__type_support.h
-- Symlinking: /home/ylspyrou/humble_ws/install/control_msgs/include/control_msgs/msg/detail/interface_value__functions.h
-- Symlinking: /home/ylspyrou/humble_ws/install/control_msgs/include/control_msgs/msg/detail/interface_value__struct.h
-- Symlinking: /home/ylspyrou/humble_ws/install/control_msgs/include/control_msgs/msg/detail/interface_value__type_support.h
-- Symlinking: /home/ylspyrou/humble_ws/install/control_msgs/include/control_msgs/msg/detail/joint_controller_state__functions.h
-- Symlinking: /home/ylspyrou/humble_ws/install/control_msgs/include/control_msgs/msg/detail/joint_controller_state__struct.h
-- Symlinking: /home/ylspyrou/humble_ws/install/control_msgs/include/control_msgs/msg/detail/joint_controller_state__type_support.h
-- Symlinking: /home/ylspyrou/humble_ws/install/control_msgs/include/control_msgs/msg/detail/joint_jog__functions.h
-- Symlinking: /home/ylspyrou/humble_ws/install/control_msgs/include/control_msgs/msg/detail/joint_jog__struct.h
-- Symlinking: /home/ylspyrou/humble_ws/install/control_msgs/include/control_msgs/msg/detail/joint_jog__type_support.h
-- Symlinking: /home/ylspyrou/humble_ws/install/control_msgs/include/control_msgs/msg/detail/joint_tolerance__functions.h
-- Symlinking: /home/ylspyrou/humble_ws/install/control_msgs/include/control_msgs/msg/detail/joint_tolerance__struct.h
-- Symlinking: /home/ylspyrou/humble_ws/install/control_msgs/include/control_msgs/msg/detail/joint_tolerance__type_support.h
-- Symlinking: /home/ylspyrou/humble_ws/install/control_msgs/include/control_msgs/msg/detail/joint_trajectory_controller_state__functions.h
-- Symlinking: /home/ylspyrou/humble_ws/install/control_msgs/include/control_msgs/msg/detail/joint_trajectory_controller_state__struct.h
-- Symlinking: /home/ylspyrou/humble_ws/install/control_msgs/include/control_msgs/msg/detail/joint_trajectory_controller_state__type_support.h
-- Symlinking: /home/ylspyrou/humble_ws/install/control_msgs/include/control_msgs/msg/detail/pid_state__functions.h
-- Symlinking: /home/ylspyrou/humble_ws/install/control_msgs/include/control_msgs/msg/detail/pid_state__struct.h
-- Symlinking: /home/ylspyrou/humble_ws/install/control_msgs/include/control_msgs/msg/detail/pid_state__type_support.h
-- Symlinking: /home/ylspyrou/humble_ws/install/control_msgs/include/control_msgs/msg/dynamic_joint_state.h
-- Symlinking: /home/ylspyrou/humble_ws/install/control_msgs/include/control_msgs/msg/gripper_command.h
-- Symlinking: /home/ylspyrou/humble_ws/install/control_msgs/include/control_msgs/msg/interface_value.h
-- Symlinking: /home/ylspyrou/humble_ws/install/control_msgs/include/control_msgs/msg/joint_controller_state.h
-- Symlinking: /home/ylspyrou/humble_ws/install/control_msgs/include/control_msgs/msg/joint_jog.h
-- Symlinking: /home/ylspyrou/humble_ws/install/control_msgs/include/control_msgs/msg/joint_tolerance.h
-- Symlinking: /home/ylspyrou/humble_ws/install/control_msgs/include/control_msgs/msg/joint_trajectory_controller_state.h
-- Symlinking: /home/ylspyrou/humble_ws/install/control_msgs/include/control_msgs/msg/pid_state.h
-- Symlinking: /home/ylspyrou/humble_ws/install/control_msgs/include/control_msgs/msg/rosidl_generator_c__visibility_control.h
-- Symlinking: /home/ylspyrou/humble_ws/install/control_msgs/include/control_msgs/srv/detail/query_calibration_state__functions.h
-- Symlinking: /home/ylspyrou/humble_ws/install/control_msgs/include/control_msgs/srv/detail/query_calibration_state__struct.h
-- Symlinking: /home/ylspyrou/humble_ws/install/control_msgs/include/control_msgs/srv/detail/query_calibration_state__type_support.h
-- Symlinking: /home/ylspyrou/humble_ws/install/control_msgs/include/control_msgs/srv/detail/query_trajectory_state__functions.h
-- Symlinking: /home/ylspyrou/humble_ws/install/control_msgs/include/control_msgs/srv/detail/query_trajectory_state__struct.h
-- Symlinking: /home/ylspyrou/humble_ws/install/control_msgs/include/control_msgs/srv/detail/query_trajectory_state__type_support.h
-- Symlinking: /home/ylspyrou/humble_ws/install/control_msgs/include/control_msgs/srv/query_calibration_state.h
-- Symlinking: /home/ylspyrou/humble_ws/install/control_msgs/include/control_msgs/srv/query_trajectory_state.h
-- Symlinking: /home/ylspyrou/humble_ws/install/control_msgs/share/control_msgs/environment/library_path.sh
-- Symlinking: /home/ylspyrou/humble_ws/install/control_msgs/share/control_msgs/environment/library_path.dsv
-- Symlinking: /home/ylspyrou/humble_ws/install/control_msgs/include/control_msgs/action/detail/follow_joint_trajectory__rosidl_typesupport_fastrtps_c.h
-- Symlinking: /home/ylspyrou/humble_ws/install/control_msgs/include/control_msgs/action/detail/gripper_command__rosidl_typesupport_fastrtps_c.h
-- Symlinking: /home/ylspyrou/humble_ws/install/control_msgs/include/control_msgs/action/detail/joint_trajectory__rosidl_typesupport_fastrtps_c.h
-- Symlinking: /home/ylspyrou/humble_ws/install/control_msgs/include/control_msgs/action/detail/point_head__rosidl_typesupport_fastrtps_c.h
-- Symlinking: /home/ylspyrou/humble_ws/install/control_msgs/include/control_msgs/action/detail/single_joint_position__rosidl_typesupport_fastrtps_c.h
-- Symlinking: /home/ylspyrou/humble_ws/install/control_msgs/include/control_msgs/msg/detail/dynamic_joint_state__rosidl_typesupport_fastrtps_c.h
-- Symlinking: /home/ylspyrou/humble_ws/install/control_msgs/include/control_msgs/msg/detail/gripper_command__rosidl_typesupport_fastrtps_c.h
-- Symlinking: /home/ylspyrou/humble_ws/install/control_msgs/include/control_msgs/msg/detail/interface_value__rosidl_typesupport_fastrtps_c.h
-- Symlinking: /home/ylspyrou/humble_ws/install/control_msgs/include/control_msgs/msg/detail/joint_controller_state__rosidl_typesupport_fastrtps_c.h
-- Symlinking: /home/ylspyrou/humble_ws/install/control_msgs/include/control_msgs/msg/detail/joint_jog__rosidl_typesupport_fastrtps_c.h
-- Symlinking: /home/ylspyrou/humble_ws/install/control_msgs/include/control_msgs/msg/detail/joint_tolerance__rosidl_typesupport_fastrtps_c.h
-- Symlinking: /home/ylspyrou/humble_ws/install/control_msgs/include/control_msgs/msg/detail/joint_trajectory_controller_state__rosidl_typesupport_fastrtps_c.h
-- Symlinking: /home/ylspyrou/humble_ws/install/control_msgs/include/control_msgs/msg/detail/pid_state__rosidl_typesupport_fastrtps_c.h
-- Symlinking: /home/ylspyrou/humble_ws/install/control_msgs/include/control_msgs/msg/rosidl_typesupport_fastrtps_c__visibility_control.h
-- Symlinking: /home/ylspyrou/humble_ws/install/control_msgs/include/control_msgs/srv/detail/query_calibration_state__rosidl_typesupport_fastrtps_c.h
-- Symlinking: /home/ylspyrou/humble_ws/install/control_msgs/include/control_msgs/srv/detail/query_trajectory_state__rosidl_typesupport_fastrtps_c.h
-- Symlinking: /home/ylspyrou/humble_ws/install/control_msgs/lib/libcontrol_msgs__rosidl_typesupport_fastrtps_c.so
-- Symlinking: /home/ylspyrou/humble_ws/install/control_msgs/include/control_msgs/action/detail/follow_joint_trajectory__rosidl_typesupport_fastrtps_cpp.hpp
-- Symlinking: /home/ylspyrou/humble_ws/install/control_msgs/include/control_msgs/action/detail/gripper_command__rosidl_typesupport_fastrtps_cpp.hpp
-- Symlinking: /home/ylspyrou/humble_ws/install/control_msgs/include/control_msgs/action/detail/joint_trajectory__rosidl_typesupport_fastrtps_cpp.hpp
-- Symlinking: /home/ylspyrou/humble_ws/install/control_msgs/include/control_msgs/action/detail/point_head__rosidl_typesupport_fastrtps_cpp.hpp
-- Symlinking: /home/ylspyrou/humble_ws/install/control_msgs/include/control_msgs/action/detail/single_joint_position__rosidl_typesupport_fastrtps_cpp.hpp
-- Symlinking: /home/ylspyrou/humble_ws/install/control_msgs/include/control_msgs/msg/detail/dynamic_joint_state__rosidl_typesupport_fastrtps_cpp.hpp
-- Symlinking: /home/ylspyrou/humble_ws/install/control_msgs/include/control_msgs/msg/detail/gripper_command__rosidl_typesupport_fastrtps_cpp.hpp
-- Symlinking: /home/ylspyrou/humble_ws/install/control_msgs/include/control_msgs/msg/detail/interface_value__rosidl_typesupport_fastrtps_cpp.hpp
-- Symlinking: /home/ylspyrou/humble_ws/install/control_msgs/include/control_msgs/msg/detail/joint_controller_state__rosidl_typesupport_fastrtps_cpp.hpp
-- Symlinking: /home/ylspyrou/humble_ws/install/control_msgs/include/control_msgs/msg/detail/joint_jog__rosidl_typesupport_fastrtps_cpp.hpp
-- Symlinking: /home/ylspyrou/humble_ws/install/control_msgs/include/control_msgs/msg/detail/joint_tolerance__rosidl_typesupport_fastrtps_cpp.hpp
-- Symlinking: /home/ylspyrou/humble_ws/install/control_msgs/include/control_msgs/msg/detail/joint_trajectory_controller_state__rosidl_typesupport_fastrtps_cpp.hpp
-- Symlinking: /home/ylspyrou/humble_ws/install/control_msgs/include/control_msgs/msg/detail/pid_state__rosidl_typesupport_fastrtps_cpp.hpp
-- Symlinking: /home/ylspyrou/humble_ws/install/control_msgs/include/control_msgs/msg/rosidl_typesupport_fastrtps_cpp__visibility_control.h
-- Symlinking: /home/ylspyrou/humble_ws/install/control_msgs/include/control_msgs/srv/detail/query_calibration_state__rosidl_typesupport_fastrtps_cpp.hpp
-- Symlinking: /home/ylspyrou/humble_ws/install/control_msgs/include/control_msgs/srv/detail/query_trajectory_state__rosidl_typesupport_fastrtps_cpp.hpp
-- Symlinking: /home/ylspyrou/humble_ws/install/control_msgs/lib/libcontrol_msgs__rosidl_typesupport_fastrtps_cpp.so
-- Symlinking: /home/ylspyrou/humble_ws/install/control_msgs/include/control_msgs/action/detail/follow_joint_trajectory__rosidl_typesupport_introspection_c.h
-- Symlinking: /home/ylspyrou/humble_ws/install/control_msgs/include/control_msgs/action/detail/gripper_command__rosidl_typesupport_introspection_c.h
-- Symlinking: /home/ylspyrou/humble_ws/install/control_msgs/include/control_msgs/action/detail/joint_trajectory__rosidl_typesupport_introspection_c.h
-- Symlinking: /home/ylspyrou/humble_ws/install/control_msgs/include/control_msgs/action/detail/point_head__rosidl_typesupport_introspection_c.h
-- Symlinking: /home/ylspyrou/humble_ws/install/control_msgs/include/control_msgs/action/detail/single_joint_position__rosidl_typesupport_introspection_c.h
-- Symlinking: /home/ylspyrou/humble_ws/install/control_msgs/include/control_msgs/msg/detail/dynamic_joint_state__rosidl_typesupport_introspection_c.h
-- Symlinking: /home/ylspyrou/humble_ws/install/control_msgs/include/control_msgs/msg/detail/gripper_command__rosidl_typesupport_introspection_c.h
-- Symlinking: /home/ylspyrou/humble_ws/install/control_msgs/include/control_msgs/msg/detail/interface_value__rosidl_typesupport_introspection_c.h
-- Symlinking: /home/ylspyrou/humble_ws/install/control_msgs/include/control_msgs/msg/detail/joint_controller_state__rosidl_typesupport_introspection_c.h
-- Symlinking: /home/ylspyrou/humble_ws/install/control_msgs/include/control_msgs/msg/detail/joint_jog__rosidl_typesupport_introspection_c.h
-- Symlinking: /home/ylspyrou/humble_ws/install/control_msgs/include/control_msgs/msg/detail/joint_tolerance__rosidl_typesupport_introspection_c.h
-- Symlinking: /home/ylspyrou/humble_ws/install/control_msgs/include/control_msgs/msg/detail/joint_trajectory_controller_state__rosidl_typesupport_introspection_c.h
-- Symlinking: /home/ylspyrou/humble_ws/install/control_msgs/include/control_msgs/msg/detail/pid_state__rosidl_typesupport_introspection_c.h
-- Symlinking: /home/ylspyrou/humble_ws/install/control_msgs/include/control_msgs/msg/rosidl_typesupport_introspection_c__visibility_control.h
-- Symlinking: /home/ylspyrou/humble_ws/install/control_msgs/include/control_msgs/srv/detail/query_calibration_state__rosidl_typesupport_introspection_c.h
-- Symlinking: /home/ylspyrou/humble_ws/install/control_msgs/include/control_msgs/srv/detail/query_trajectory_state__rosidl_typesupport_introspection_c.h
-- Symlinking: /home/ylspyrou/humble_ws/install/control_msgs/include/control_msgs/action/detail/follow_joint_trajectory__builder.hpp
-- Symlinking: /home/ylspyrou/humble_ws/install/control_msgs/include/control_msgs/action/detail/follow_joint_trajectory__struct.hpp
-- Symlinking: /home/ylspyrou/humble_ws/install/control_msgs/include/control_msgs/action/detail/follow_joint_trajectory__traits.hpp
-- Symlinking: /home/ylspyrou/humble_ws/install/control_msgs/include/control_msgs/action/detail/follow_joint_trajectory__type_support.hpp
-- Symlinking: /home/ylspyrou/humble_ws/install/control_msgs/include/control_msgs/action/detail/gripper_command__builder.hpp
-- Symlinking: /home/ylspyrou/humble_ws/install/control_msgs/include/control_msgs/action/detail/gripper_command__struct.hpp
-- Symlinking: /home/ylspyrou/humble_ws/install/control_msgs/include/control_msgs/action/detail/gripper_command__traits.hpp
-- Symlinking: /home/ylspyrou/humble_ws/install/control_msgs/include/control_msgs/action/detail/gripper_command__type_support.hpp
-- Symlinking: /home/ylspyrou/humble_ws/install/control_msgs/include/control_msgs/action/detail/joint_trajectory__builder.hpp
-- Symlinking: /home/ylspyrou/humble_ws/install/control_msgs/include/control_msgs/action/detail/joint_trajectory__struct.hpp
-- Symlinking: /home/ylspyrou/humble_ws/install/control_msgs/include/control_msgs/action/detail/joint_trajectory__traits.hpp
-- Symlinking: /home/ylspyrou/humble_ws/install/control_msgs/include/control_msgs/action/detail/joint_trajectory__type_support.hpp
-- Symlinking: /home/ylspyrou/humble_ws/install/control_msgs/include/control_msgs/action/detail/point_head__builder.hpp
-- Symlinking: /home/ylspyrou/humble_ws/install/control_msgs/include/control_msgs/action/detail/point_head__struct.hpp
-- Symlinking: /home/ylspyrou/humble_ws/install/control_msgs/include/control_msgs/action/detail/point_head__traits.hpp
-- Symlinking: /home/ylspyrou/humble_ws/install/control_msgs/include/control_msgs/action/detail/point_head__type_support.hpp
-- Symlinking: /home/ylspyrou/humble_ws/install/control_msgs/include/control_msgs/action/detail/single_joint_position__builder.hpp
-- Symlinking: /home/ylspyrou/humble_ws/install/control_msgs/include/control_msgs/action/detail/single_joint_position__struct.hpp
-- Symlinking: /home/ylspyrou/humble_ws/install/control_msgs/include/control_msgs/action/detail/single_joint_position__traits.hpp
-- Symlinking: /home/ylspyrou/humble_ws/install/control_msgs/include/control_msgs/action/detail/single_joint_position__type_support.hpp
-- Symlinking: /home/ylspyrou/humble_ws/install/control_msgs/include/control_msgs/action/follow_joint_trajectory.hpp
-- Symlinking: /home/ylspyrou/humble_ws/install/control_msgs/include/control_msgs/action/gripper_command.hpp
-- Symlinking: /home/ylspyrou/humble_ws/install/control_msgs/include/control_msgs/action/joint_trajectory.hpp
-- Symlinking: /home/ylspyrou/humble_ws/install/control_msgs/include/control_msgs/action/point_head.hpp
-- Symlinking: /home/ylspyrou/humble_ws/install/control_msgs/include/control_msgs/action/single_joint_position.hpp
-- Symlinking: /home/ylspyrou/humble_ws/install/control_msgs/include/control_msgs/msg/detail/dynamic_joint_state__builder.hpp
-- Symlinking: /home/ylspyrou/humble_ws/install/control_msgs/include/control_msgs/msg/detail/dynamic_joint_state__struct.hpp
-- Symlinking: /home/ylspyrou/humble_ws/install/control_msgs/include/control_msgs/msg/detail/dynamic_joint_state__traits.hpp
-- Symlinking: /home/ylspyrou/humble_ws/install/control_msgs/include/control_msgs/msg/detail/dynamic_joint_state__type_support.hpp
-- Symlinking: /home/ylspyrou/humble_ws/install/control_msgs/include/control_msgs/msg/detail/gripper_command__builder.hpp
-- Symlinking: /home/ylspyrou/humble_ws/install/control_msgs/include/control_msgs/msg/detail/gripper_command__struct.hpp
-- Symlinking: /home/ylspyrou/humble_ws/install/control_msgs/include/control_msgs/msg/detail/gripper_command__traits.hpp
-- Symlinking: /home/ylspyrou/humble_ws/install/control_msgs/include/control_msgs/msg/detail/gripper_command__type_support.hpp
-- Symlinking: /home/ylspyrou/humble_ws/install/control_msgs/include/control_msgs/msg/detail/interface_value__builder.hpp
-- Symlinking: /home/ylspyrou/humble_ws/install/control_msgs/include/control_msgs/msg/detail/interface_value__struct.hpp
-- Symlinking: /home/ylspyrou/humble_ws/install/control_msgs/include/control_msgs/msg/detail/interface_value__traits.hpp
-- Symlinking: /home/ylspyrou/humble_ws/install/control_msgs/include/control_msgs/msg/detail/interface_value__type_support.hpp
-- Symlinking: /home/ylspyrou/humble_ws/install/control_msgs/include/control_msgs/msg/detail/joint_controller_state__builder.hpp
-- Symlinking: /home/ylspyrou/humble_ws/install/control_msgs/include/control_msgs/msg/detail/joint_controller_state__struct.hpp
-- Symlinking: /home/ylspyrou/humble_ws/install/control_msgs/include/control_msgs/msg/detail/joint_controller_state__traits.hpp
-- Symlinking: /home/ylspyrou/humble_ws/install/control_msgs/include/control_msgs/msg/detail/joint_controller_state__type_support.hpp
-- Symlinking: /home/ylspyrou/humble_ws/install/control_msgs/include/control_msgs/msg/detail/joint_jog__builder.hpp
-- Symlinking: /home/ylspyrou/humble_ws/install/control_msgs/include/control_msgs/msg/detail/joint_jog__struct.hpp
-- Symlinking: /home/ylspyrou/humble_ws/install/control_msgs/include/control_msgs/msg/detail/joint_jog__traits.hpp
-- Symlinking: /home/ylspyrou/humble_ws/install/control_msgs/include/control_msgs/msg/detail/joint_jog__type_support.hpp
-- Symlinking: /home/ylspyrou/humble_ws/install/control_msgs/include/control_msgs/msg/detail/joint_tolerance__builder.hpp
-- Symlinking: /home/ylspyrou/humble_ws/install/control_msgs/include/control_msgs/msg/detail/joint_tolerance__struct.hpp
-- Symlinking: /home/ylspyrou/humble_ws/install/control_msgs/include/control_msgs/msg/detail/joint_tolerance__traits.hpp
-- Symlinking: /home/ylspyrou/humble_ws/install/control_msgs/include/control_msgs/msg/detail/joint_tolerance__type_support.hpp
-- Symlinking: /home/ylspyrou/humble_ws/install/control_msgs/include/control_msgs/msg/detail/joint_trajectory_controller_state__builder.hpp
-- Symlinking: /home/ylspyrou/humble_ws/install/control_msgs/include/control_msgs/msg/detail/joint_trajectory_controller_state__struct.hpp
-- Symlinking: /home/ylspyrou/humble_ws/install/control_msgs/include/control_msgs/msg/detail/joint_trajectory_controller_state__traits.hpp
-- Symlinking: /home/ylspyrou/humble_ws/install/control_msgs/include/control_msgs/msg/detail/joint_trajectory_controller_state__type_support.hpp
-- Symlinking: /home/ylspyrou/humble_ws/install/control_msgs/include/control_msgs/msg/detail/pid_state__builder.hpp
-- Symlinking: /home/ylspyrou/humble_ws/install/control_msgs/include/control_msgs/msg/detail/pid_state__struct.hpp
-- Symlinking: /home/ylspyrou/humble_ws/install/control_msgs/include/control_msgs/msg/detail/pid_state__traits.hpp
-- Symlinking: /home/ylspyrou/humble_ws/install/control_msgs/include/control_msgs/msg/detail/pid_state__type_support.hpp
-- Symlinking: /home/ylspyrou/humble_ws/install/control_msgs/include/control_msgs/msg/dynamic_joint_state.hpp
-- Symlinking: /home/ylspyrou/humble_ws/install/control_msgs/include/control_msgs/msg/gripper_command.hpp
-- Symlinking: /home/ylspyrou/humble_ws/install/control_msgs/include/control_msgs/msg/interface_value.hpp
-- Symlinking: /home/ylspyrou/humble_ws/install/control_msgs/include/control_msgs/msg/joint_controller_state.hpp
-- Symlinking: /home/ylspyrou/humble_ws/install/control_msgs/include/control_msgs/msg/joint_jog.hpp
-- Symlinking: /home/ylspyrou/humble_ws/install/control_msgs/include/control_msgs/msg/joint_tolerance.hpp
-- Symlinking: /home/ylspyrou/humble_ws/install/control_msgs/include/control_msgs/msg/joint_trajectory_controller_state.hpp
-- Symlinking: /home/ylspyrou/humble_ws/install/control_msgs/include/control_msgs/msg/pid_state.hpp
-- Symlinking: /home/ylspyrou/humble_ws/install/control_msgs/include/control_msgs/msg/rosidl_generator_cpp__visibility_control.hpp
-- Symlinking: /home/ylspyrou/humble_ws/install/control_msgs/include/control_msgs/srv/detail/query_calibration_state__builder.hpp
-- Symlinking: /home/ylspyrou/humble_ws/install/control_msgs/include/control_msgs/srv/detail/query_calibration_state__struct.hpp
-- Symlinking: /home/ylspyrou/humble_ws/install/control_msgs/include/control_msgs/srv/detail/query_calibration_state__traits.hpp
-- Symlinking: /home/ylspyrou/humble_ws/install/control_msgs/include/control_msgs/srv/detail/query_calibration_state__type_support.hpp
-- Symlinking: /home/ylspyrou/humble_ws/install/control_msgs/include/control_msgs/srv/detail/query_trajectory_state__builder.hpp
-- Symlinking: /home/ylspyrou/humble_ws/install/control_msgs/include/control_msgs/srv/detail/query_trajectory_state__struct.hpp
-- Symlinking: /home/ylspyrou/humble_ws/install/control_msgs/include/control_msgs/srv/detail/query_trajectory_state__traits.hpp
-- Symlinking: /home/ylspyrou/humble_ws/install/control_msgs/include/control_msgs/srv/detail/query_trajectory_state__type_support.hpp
-- Symlinking: /home/ylspyrou/humble_ws/install/control_msgs/include/control_msgs/srv/query_calibration_state.hpp
-- Symlinking: /home/ylspyrou/humble_ws/install/control_msgs/include/control_msgs/srv/query_trajectory_state.hpp
-- Symlinking: /home/ylspyrou/humble_ws/install/control_msgs/include/control_msgs/action/detail/follow_joint_trajectory__rosidl_typesupport_introspection_cpp.hpp
-- Symlinking: /home/ylspyrou/humble_ws/install/control_msgs/include/control_msgs/action/detail/gripper_command__rosidl_typesupport_introspection_cpp.hpp
-- Symlinking: /home/ylspyrou/humble_ws/install/control_msgs/include/control_msgs/action/detail/joint_trajectory__rosidl_typesupport_introspection_cpp.hpp
-- Symlinking: /home/ylspyrou/humble_ws/install/control_msgs/include/control_msgs/action/detail/point_head__rosidl_typesupport_introspection_cpp.hpp
-- Symlinking: /home/ylspyrou/humble_ws/install/control_msgs/include/control_msgs/action/detail/single_joint_position__rosidl_typesupport_introspection_cpp.hpp
-- Symlinking: /home/ylspyrou/humble_ws/install/control_msgs/include/control_msgs/msg/detail/dynamic_joint_state__rosidl_typesupport_introspection_cpp.hpp
-- Symlinking: /home/ylspyrou/humble_ws/install/control_msgs/include/control_msgs/msg/detail/gripper_command__rosidl_typesupport_introspection_cpp.hpp
-- Symlinking: /home/ylspyrou/humble_ws/install/control_msgs/include/control_msgs/msg/detail/interface_value__rosidl_typesupport_introspection_cpp.hpp
-- Symlinking: /home/ylspyrou/humble_ws/install/control_msgs/include/control_msgs/msg/detail/joint_controller_state__rosidl_typesupport_introspection_cpp.hpp
-- Symlinking: /home/ylspyrou/humble_ws/install/control_msgs/include/control_msgs/msg/detail/joint_jog__rosidl_typesupport_introspection_cpp.hpp
-- Symlinking: /home/ylspyrou/humble_ws/install/control_msgs/include/control_msgs/msg/detail/joint_tolerance__rosidl_typesupport_introspection_cpp.hpp
-- Symlinking: /home/ylspyrou/humble_ws/install/control_msgs/include/control_msgs/msg/detail/joint_trajectory_controller_state__rosidl_typesupport_introspection_cpp.hpp
-- Symlinking: /home/ylspyrou/humble_ws/install/control_msgs/include/control_msgs/msg/detail/pid_state__rosidl_typesupport_introspection_cpp.hpp
-- Symlinking: /home/ylspyrou/humble_ws/install/control_msgs/include/control_msgs/srv/detail/query_calibration_state__rosidl_typesupport_introspection_cpp.hpp
-- Symlinking: /home/ylspyrou/humble_ws/install/control_msgs/include/control_msgs/srv/detail/query_trajectory_state__rosidl_typesupport_introspection_cpp.hpp
-- Symlinking: /home/ylspyrou/humble_ws/install/control_msgs/share/control_msgs/environment/pythonpath.sh
-- Symlinking: /home/ylspyrou/humble_ws/install/control_msgs/share/control_msgs/environment/pythonpath.dsv
-- Symlinking: /home/ylspyrou/humble_ws/install/control_msgs/lib/python3.8/site-packages/control_msgs/__init__.py
-- Symlinking: /home/ylspyrou/humble_ws/install/control_msgs/lib/python3.8/site-packages/control_msgs/msg/__init__.py
-- Symlinking: /home/ylspyrou/humble_ws/install/control_msgs/lib/python3.8/site-packages/control_msgs/msg/_dynamic_joint_state.py
-- Symlinking: /home/ylspyrou/humble_ws/install/control_msgs/lib/python3.8/site-packages/control_msgs/msg/_gripper_command.py
-- Symlinking: /home/ylspyrou/humble_ws/install/control_msgs/lib/python3.8/site-packages/control_msgs/msg/_interface_value.py
-- Symlinking: /home/ylspyrou/humble_ws/install/control_msgs/lib/python3.8/site-packages/control_msgs/msg/_joint_controller_state.py
-- Symlinking: /home/ylspyrou/humble_ws/install/control_msgs/lib/python3.8/site-packages/control_msgs/msg/_joint_jog.py
-- Symlinking: /home/ylspyrou/humble_ws/install/control_msgs/lib/python3.8/site-packages/control_msgs/msg/_joint_tolerance.py
-- Symlinking: /home/ylspyrou/humble_ws/install/control_msgs/lib/python3.8/site-packages/control_msgs/msg/_joint_trajectory_controller_state.py
-- Symlinking: /home/ylspyrou/humble_ws/install/control_msgs/lib/python3.8/site-packages/control_msgs/msg/_pid_state.py
-- Symlinking: /home/ylspyrou/humble_ws/install/control_msgs/lib/python3.8/site-packages/control_msgs/srv/__init__.py
-- Symlinking: /home/ylspyrou/humble_ws/install/control_msgs/lib/python3.8/site-packages/control_msgs/srv/_query_calibration_state.py
-- Symlinking: /home/ylspyrou/humble_ws/install/control_msgs/lib/python3.8/site-packages/control_msgs/srv/_query_trajectory_state.py
-- Symlinking: /home/ylspyrou/humble_ws/install/control_msgs/lib/python3.8/site-packages/control_msgs/action/__init__.py
-- Symlinking: /home/ylspyrou/humble_ws/install/control_msgs/lib/python3.8/site-packages/control_msgs/action/_follow_joint_trajectory.py
-- Symlinking: /home/ylspyrou/humble_ws/install/control_msgs/lib/python3.8/site-packages/control_msgs/action/_gripper_command.py
-- Symlinking: /home/ylspyrou/humble_ws/install/control_msgs/lib/python3.8/site-packages/control_msgs/action/_joint_trajectory.py
-- Symlinking: /home/ylspyrou/humble_ws/install/control_msgs/lib/python3.8/site-packages/control_msgs/action/_point_head.py
-- Symlinking: /home/ylspyrou/humble_ws/install/control_msgs/lib/python3.8/site-packages/control_msgs/action/_single_joint_position.py
-- Symlinking: /home/ylspyrou/humble_ws/install/control_msgs/lib/python3.8/site-packages/control_msgs/control_msgs_s__rosidl_typesupport_fastrtps_c.cpython-38-x86_64-linux-gnu.so
-- Symlinking: /home/ylspyrou/humble_ws/install/control_msgs/lib/python3.8/site-packages/control_msgs/control_msgs_s__rosidl_typesupport_introspection_c.cpython-38-x86_64-linux-gnu.so
-- Symlinking: /home/ylspyrou/humble_ws/install/control_msgs/lib/python3.8/site-packages/control_msgs/control_msgs_s__rosidl_typesupport_c.cpython-38-x86_64-linux-gnu.so
-- Symlinking: /home/ylspyrou/humble_ws/install/control_msgs/lib/libcontrol_msgs__python.so
-- Symlinking: /home/ylspyrou/humble_ws/install/control_msgs/share/control_msgs/msg/DynamicJointState.idl
-- Symlinking: /home/ylspyrou/humble_ws/install/control_msgs/share/control_msgs/msg/GripperCommand.idl
-- Symlinking: /home/ylspyrou/humble_ws/install/control_msgs/share/control_msgs/msg/InterfaceValue.idl
-- Symlinking: /home/ylspyrou/humble_ws/install/control_msgs/share/control_msgs/msg/JointControllerState.idl
-- Symlinking: /home/ylspyrou/humble_ws/install/control_msgs/share/control_msgs/msg/JointJog.idl
-- Symlinking: /home/ylspyrou/humble_ws/install/control_msgs/share/control_msgs/msg/JointTolerance.idl
-- Symlinking: /home/ylspyrou/humble_ws/install/control_msgs/share/control_msgs/msg/JointTrajectoryControllerState.idl
-- Symlinking: /home/ylspyrou/humble_ws/install/control_msgs/share/control_msgs/msg/PidState.idl
-- Symlinking: /home/ylspyrou/humble_ws/install/control_msgs/share/control_msgs/srv/QueryCalibrationState.idl
-- Symlinking: /home/ylspyrou/humble_ws/install/control_msgs/share/control_msgs/srv/QueryTrajectoryState.idl
-- Symlinking: /home/ylspyrou/humble_ws/install/control_msgs/share/control_msgs/action/FollowJointTrajectory.idl
-- Symlinking: /home/ylspyrou/humble_ws/install/control_msgs/share/control_msgs/action/GripperCommand.idl
-- Symlinking: /home/ylspyrou/humble_ws/install/control_msgs/share/control_msgs/action/JointTrajectory.idl
-- Symlinking: /home/ylspyrou/humble_ws/install/control_msgs/share/control_msgs/action/PointHead.idl
-- Symlinking: /home/ylspyrou/humble_ws/install/control_msgs/share/control_msgs/action/SingleJointPosition.idl
-- Symlinking: /home/ylspyrou/humble_ws/install/control_msgs/share/control_msgs/msg/DynamicJointState.msg
-- Symlinking: /home/ylspyrou/humble_ws/install/control_msgs/share/control_msgs/msg/GripperCommand.msg
-- Symlinking: /home/ylspyrou/humble_ws/install/control_msgs/share/control_msgs/msg/InterfaceValue.msg
-- Symlinking: /home/ylspyrou/humble_ws/install/control_msgs/share/control_msgs/msg/JointControllerState.msg
-- Symlinking: /home/ylspyrou/humble_ws/install/control_msgs/share/control_msgs/msg/JointJog.msg
-- Symlinking: /home/ylspyrou/humble_ws/install/control_msgs/share/control_msgs/msg/JointTolerance.msg
-- Symlinking: /home/ylspyrou/humble_ws/install/control_msgs/share/control_msgs/msg/JointTrajectoryControllerState.msg
-- Symlinking: /home/ylspyrou/humble_ws/install/control_msgs/share/control_msgs/msg/PidState.msg
-- Symlinking: /home/ylspyrou/humble_ws/install/control_msgs/share/control_msgs/srv/QueryCalibrationState.srv
-- Symlinking: /home/ylspyrou/humble_ws/install/control_msgs/share/control_msgs/srv/QueryCalibrationState_Request.msg
-- Symlinking: /home/ylspyrou/humble_ws/install/control_msgs/share/control_msgs/srv/QueryCalibrationState_Response.msg
-- Symlinking: /home/ylspyrou/humble_ws/install/control_msgs/share/control_msgs/srv/QueryTrajectoryState.srv
-- Symlinking: /home/ylspyrou/humble_ws/install/control_msgs/share/control_msgs/srv/QueryTrajectoryState_Request.msg
-- Symlinking: /home/ylspyrou/humble_ws/install/control_msgs/share/control_msgs/srv/QueryTrajectoryState_Response.msg
-- Symlinking: /home/ylspyrou/humble_ws/install/control_msgs/share/control_msgs/action/FollowJointTrajectory.action
-- Symlinking: /home/ylspyrou/humble_ws/install/control_msgs/share/control_msgs/action/GripperCommand.action
-- Symlinking: /home/ylspyrou/humble_ws/install/control_msgs/share/control_msgs/action/JointTrajectory.action
-- Symlinking: /home/ylspyrou/humble_ws/install/control_msgs/share/control_msgs/action/PointHead.action
-- Symlinking: /home/ylspyrou/humble_ws/install/control_msgs/share/control_msgs/action/SingleJointPosition.action
-- Symlinking: /home/ylspyrou/humble_ws/install/control_msgs/share/ament_index/resource_index/package_run_dependencies/control_msgs
-- Symlinking: /home/ylspyrou/humble_ws/install/control_msgs/share/ament_index/resource_index/parent_prefix_path/control_msgs
-- Symlinking: /home/ylspyrou/humble_ws/install/control_msgs/share/control_msgs/environment/ament_prefix_path.sh
-- Symlinking: /home/ylspyrou/humble_ws/install/control_msgs/share/control_msgs/environment/ament_prefix_path.dsv
-- Symlinking: /home/ylspyrou/humble_ws/install/control_msgs/share/control_msgs/environment/path.sh
-- Symlinking: /home/ylspyrou/humble_ws/install/control_msgs/share/control_msgs/environment/path.dsv
-- Symlinking: /home/ylspyrou/humble_ws/install/control_msgs/share/control_msgs/local_setup.bash
-- Symlinking: /home/ylspyrou/humble_ws/install/control_msgs/share/control_msgs/local_setup.sh
-- Symlinking: /home/ylspyrou/humble_ws/install/control_msgs/share/control_msgs/local_setup.zsh
-- Symlinking: /home/ylspyrou/humble_ws/install/control_msgs/share/control_msgs/local_setup.dsv
-- Symlinking: /home/ylspyrou/humble_ws/install/control_msgs/share/control_msgs/package.dsv
-- Symlinking: /home/ylspyrou/humble_ws/install/control_msgs/share/ament_index/resource_index/packages/control_msgs
-- Symlinking: /home/ylspyrou/humble_ws/install/control_msgs/share/control_msgs/cmake/rosidl_cmake-extras.cmake
-- Symlinking: /home/ylspyrou/humble_ws/install/control_msgs/share/control_msgs/cmake/ament_cmake_export_dependencies-extras.cmake
-- Symlinking: /home/ylspyrou/humble_ws/install/control_msgs/share/control_msgs/cmake/ament_cmake_export_libraries-extras.cmake
-- Symlinking: /home/ylspyrou/humble_ws/install/control_msgs/share/control_msgs/cmake/ament_cmake_export_targets-extras.cmake
-- Symlinking: /home/ylspyrou/humble_ws/install/control_msgs/share/control_msgs/cmake/ament_cmake_export_include_directories-extras.cmake
-- Symlinking: /home/ylspyrou/humble_ws/install/control_msgs/share/control_msgs/cmake/rosidl_cmake_export_typesupport_libraries-extras.cmake
-- Symlinking: /home/ylspyrou/humble_ws/install/control_msgs/share/control_msgs/cmake/rosidl_cmake_export_typesupport_targets-extras.cmake
-- Symlinking: /home/ylspyrou/humble_ws/install/control_msgs/share/control_msgs/cmake/control_msgsConfig.cmake
-- Symlinking: /home/ylspyrou/humble_ws/install/control_msgs/share/control_msgs/cmake/control_msgsConfig-version.cmake
-- Symlinking: /home/ylspyrou/humble_ws/install/control_msgs/share/control_msgs/package.xml
-- Installing: /home/ylspyrou/humble_ws/install/control_msgs/lib/libcontrol_msgs__rosidl_generator_c.so
-- Set runtime path of "/home/ylspyrou/humble_ws/install/control_msgs/lib/libcontrol_msgs__rosidl_generator_c.so" to ""
-- Installing: /home/ylspyrou/humble_ws/install/control_msgs/lib/libcontrol_msgs__rosidl_typesupport_introspection_c.so
-- Set runtime path of "/home/ylspyrou/humble_ws/install/control_msgs/lib/libcontrol_msgs__rosidl_typesupport_introspection_c.so" to ""
-- Installing: /home/ylspyrou/humble_ws/install/control_msgs/lib/libcontrol_msgs__rosidl_typesupport_c.so
-- Set runtime path of "/home/ylspyrou/humble_ws/install/control_msgs/lib/libcontrol_msgs__rosidl_typesupport_c.so" to ""
-- Installing: /home/ylspyrou/humble_ws/install/control_msgs/lib/libcontrol_msgs__rosidl_typesupport_introspection_cpp.so
-- Set runtime path of "/home/ylspyrou/humble_ws/install/control_msgs/lib/libcontrol_msgs__rosidl_typesupport_introspection_cpp.so" to ""
-- Installing: /home/ylspyrou/humble_ws/install/control_msgs/lib/libcontrol_msgs__rosidl_typesupport_cpp.so
-- Set runtime path of "/home/ylspyrou/humble_ws/install/control_msgs/lib/libcontrol_msgs__rosidl_typesupport_cpp.so" to ""
Compiling '/home/ylspyrou/humble_ws/install/control_msgs/lib/python3.8/site-packages/control_msgs/__init__.py'...
-- Installing: /home/ylspyrou/humble_ws/install/control_msgs/share/control_msgs/cmake/control_msgs__rosidl_generator_cExport.cmake
-- Installing: /home/ylspyrou/humble_ws/install/control_msgs/share/control_msgs/cmake/control_msgs__rosidl_generator_cExport-noconfig.cmake
-- Installing: /home/ylspyrou/humble_ws/install/control_msgs/share/control_msgs/cmake/control_msgs__rosidl_typesupport_introspection_cExport.cmake
-- Installing: /home/ylspyrou/humble_ws/install/control_msgs/share/control_msgs/cmake/control_msgs__rosidl_typesupport_introspection_cExport-noconfig.cmake
-- Installing: /home/ylspyrou/humble_ws/install/control_msgs/share/control_msgs/cmake/control_msgs__rosidl_typesupport_cExport.cmake
-- Installing: /home/ylspyrou/humble_ws/install/control_msgs/share/control_msgs/cmake/control_msgs__rosidl_typesupport_cExport-noconfig.cmake
-- Installing: /home/ylspyrou/humble_ws/install/control_msgs/share/control_msgs/cmake/control_msgs__rosidl_generator_cppExport.cmake
-- Installing: /home/ylspyrou/humble_ws/install/control_msgs/share/control_msgs/cmake/control_msgs__rosidl_typesupport_introspection_cppExport.cmake
-- Installing: /home/ylspyrou/humble_ws/install/control_msgs/share/control_msgs/cmake/control_msgs__rosidl_typesupport_introspection_cppExport-noconfig.cmake
-- Installing: /home/ylspyrou/humble_ws/install/control_msgs/share/control_msgs/cmake/control_msgs__rosidl_typesupport_cppExport.cmake
-- Installing: /home/ylspyrou/humble_ws/install/control_msgs/share/control_msgs/cmake/control_msgs__rosidl_typesupport_cppExport-noconfig.cmake
