[0.024s] Invoking command in '/home/ylspyrou/humble_ws/build/control_msgs': CMAKE_PREFIX_PATH=/opt/ros/foxy /usr/bin/cmake /home/ylspyrou/humble_ws/src/control_msgs/control_msgs -DAMENT_CMAKE_SYMLINK_INSTALL=1 -DCMAKE_INSTALL_PREFIX=/home/ylspyrou/humble_ws/install/control_msgs
[0.096s] -- The C compiler identification is GNU 9.4.0
[0.165s] -- The CXX compiler identification is GNU 9.4.0
[0.170s] -- Check for working C compiler: /usr/bin/cc
[0.243s] -- Check for working C compiler: /usr/bin/cc -- works
[0.244s] -- Detecting C compiler ABI info
[0.314s] -- Detecting C compiler ABI info - done
[0.323s] -- Detecting C compile features
[0.323s] -- Detecting C compile features - done
[0.326s] -- Check for working CXX compiler: /usr/bin/c++
[0.424s] -- Check for working CXX compiler: /usr/bin/c++ -- works
[0.424s] -- Detecting CXX compiler ABI info
[0.495s] -- Detecting CXX compiler ABI info - done
[0.506s] -- Detecting CXX compile features
[0.506s] -- Detecting CXX compile features - done
[0.508s] -- Found ament_cmake: 0.9.12 (/opt/ros/foxy/share/ament_cmake/cmake)
[0.551s] -- Found PythonInterp: /usr/bin/python3 (found suitable version "3.8.10", minimum required is "3") 
[0.551s] -- Using PYTHON_EXECUTABLE: /usr/bin/python3
[0.719s] -- Override CMake install command with custom implementation using symlinks instead of copying resources
[0.740s] -- Found builtin_interfaces: 1.0.0 (/opt/ros/foxy/share/builtin_interfaces/cmake)
[0.765s] -- Using all available rosidl_typesupport_c: rosidl_typesupport_fastrtps_c;rosidl_typesupport_introspection_c
[0.771s] -- Found rosidl_adapter: 1.3.1 (/opt/ros/foxy/share/rosidl_adapter/cmake)
[0.862s] -- Found OpenSSL: /usr/lib/x86_64-linux-gnu/libcrypto.so (found version "1.1.1f")  
[0.894s] -- Found FastRTPS: /opt/ros/foxy/include  
[0.979s] -- Using all available rosidl_typesupport_cpp: rosidl_typesupport_fastrtps_cpp;rosidl_typesupport_introspection_cpp
[1.009s] -- Found rosidl_default_generators: 1.0.1 (/opt/ros/foxy/share/rosidl_default_generators/cmake)
[1.020s] -- Found action_msgs: 1.0.0 (/opt/ros/foxy/share/action_msgs/cmake)
[1.066s] -- Found geometry_msgs: 2.0.5 (/opt/ros/foxy/share/geometry_msgs/cmake)
[1.141s] -- Found trajectory_msgs: 2.0.5 (/opt/ros/foxy/share/trajectory_msgs/cmake)
[1.214s] -- Found ament_lint_auto: 0.9.8 (/opt/ros/foxy/share/ament_lint_auto/cmake)
[1.318s] -- Found PythonInterp: /usr/bin/python3 (found version "3.8.10") 
[1.593s] -- Found ament_cmake_ros: 0.9.2 (/opt/ros/foxy/share/ament_cmake_ros/cmake)
[1.902s] -- Using all available rosidl_typesupport_c: rosidl_typesupport_fastrtps_c;rosidl_typesupport_introspection_c
[2.044s] -- Using all available rosidl_typesupport_cpp: rosidl_typesupport_fastrtps_cpp;rosidl_typesupport_introspection_cpp
[2.078s] -- Found PythonInterp: /usr/bin/python3 (found suitable version "3.8.10", minimum required is "3.5") 
[2.078s] -- Found python_cmake_module: 0.8.1 (/opt/ros/foxy/share/python_cmake_module/cmake)
[2.103s] -- Found PythonLibs: /usr/lib/x86_64-linux-gnu/libpython3.8.so (found suitable version "3.8.10", minimum required is "3.5") 
[2.104s] -- Using PYTHON_EXECUTABLE: /usr/bin/python3
[2.104s] -- Using PYTHON_INCLUDE_DIRS: /usr/include/python3.8
[2.104s] -- Using PYTHON_LIBRARIES: /usr/lib/x86_64-linux-gnu/libpython3.8.so
[2.130s] -- Found PythonExtra: .so  
[2.226s] -- Added test 'copyright' to check source files copyright and LICENSE
[2.228s] -- Added test 'lint_cmake' to check CMake code style
[2.229s] -- Added test 'xmllint' to check XML markup files
[2.237s] -- Configuring done
[2.375s] -- Generating done
[2.379s] -- Build files have been written to: /home/ylspyrou/humble_ws/build/control_msgs
[2.400s] Invoked command in '/home/ylspyrou/humble_ws/build/control_msgs' returned '0': CMAKE_PREFIX_PATH=/opt/ros/foxy /usr/bin/cmake /home/ylspyrou/humble_ws/src/control_msgs/control_msgs -DAMENT_CMAKE_SYMLINK_INSTALL=1 -DCMAKE_INSTALL_PREFIX=/home/ylspyrou/humble_ws/install/control_msgs
[2.400s] Invoking command in '/home/ylspyrou/humble_ws/build/control_msgs': CMAKE_PREFIX_PATH=/opt/ros/foxy /usr/bin/cmake --build /home/ylspyrou/humble_ws/build/control_msgs -- -j2 -l2
[2.451s] [35m[1mScanning dependencies of target control_msgs__cpp[0m
[2.456s] [  1%] [34m[1mGenerating C code for ROS interfaces[0m
[2.504s] [  1%] [34m[1mGenerating C++ code for ROS interfaces[0m
[8.672s] [  1%] Built target control_msgs__cpp
[8.733s] [  2%] [34m[1mGenerating C++ type support dispatch for ROS interfaces[0m
[8.820s] [35m[1mScanning dependencies of target control_msgs__rosidl_generator_c[0m
[8.933s] [  2%] [32mBuilding C object CMakeFiles/control_msgs__rosidl_generator_c.dir/rosidl_generator_c/control_msgs/msg/detail/dynamic_joint_state__functions.c.o[0m
[9.089s] [  3%] [32mBuilding C object CMakeFiles/control_msgs__rosidl_generator_c.dir/rosidl_generator_c/control_msgs/msg/detail/gripper_command__functions.c.o[0m
[9.323s] [  4%] [32mBuilding C object CMakeFiles/control_msgs__rosidl_generator_c.dir/rosidl_generator_c/control_msgs/msg/detail/interface_value__functions.c.o[0m
[9.460s] [  5%] [32mBuilding C object CMakeFiles/control_msgs__rosidl_generator_c.dir/rosidl_generator_c/control_msgs/msg/detail/joint_controller_state__functions.c.o[0m
[9.651s] [  5%] [32mBuilding C object CMakeFiles/control_msgs__rosidl_generator_c.dir/rosidl_generator_c/control_msgs/msg/detail/joint_jog__functions.c.o[0m
[9.848s] [  6%] [32mBuilding C object CMakeFiles/control_msgs__rosidl_generator_c.dir/rosidl_generator_c/control_msgs/msg/detail/joint_tolerance__functions.c.o[0m
[10.005s] [  7%] [32mBuilding C object CMakeFiles/control_msgs__rosidl_generator_c.dir/rosidl_generator_c/control_msgs/msg/detail/joint_trajectory_controller_state__functions.c.o[0m
[10.194s] [  7%] [32mBuilding C object CMakeFiles/control_msgs__rosidl_generator_c.dir/rosidl_generator_c/control_msgs/msg/detail/pid_state__functions.c.o[0m
[10.400s] [  8%] [32mBuilding C object CMakeFiles/control_msgs__rosidl_generator_c.dir/rosidl_generator_c/control_msgs/srv/detail/query_calibration_state__functions.c.o[0m
[10.745s] [  9%] [32mBuilding C object CMakeFiles/control_msgs__rosidl_generator_c.dir/rosidl_generator_c/control_msgs/srv/detail/query_trajectory_state__functions.c.o[0m
[10.938s] [  9%] [32mBuilding C object CMakeFiles/control_msgs__rosidl_generator_c.dir/rosidl_generator_c/control_msgs/action/detail/follow_joint_trajectory__functions.c.o[0m
[11.432s] [ 10%] [32mBuilding C object CMakeFiles/control_msgs__rosidl_generator_c.dir/rosidl_generator_c/control_msgs/action/detail/gripper_command__functions.c.o[0m
[11.732s] [ 11%] [32mBuilding C object CMakeFiles/control_msgs__rosidl_generator_c.dir/rosidl_generator_c/control_msgs/action/detail/joint_trajectory__functions.c.o[0m
[12.064s] [35m[1mScanning dependencies of target control_msgs__rosidl_typesupport_cpp[0m
[12.165s] [ 12%] [32mBuilding CXX object CMakeFiles/control_msgs__rosidl_typesupport_cpp.dir/rosidl_typesupport_cpp/control_msgs/msg/dynamic_joint_state__type_support.cpp.o[0m
[12.324s] [ 13%] [32mBuilding C object CMakeFiles/control_msgs__rosidl_generator_c.dir/rosidl_generator_c/control_msgs/action/detail/point_head__functions.c.o[0m
[12.674s] [ 13%] [32mBuilding CXX object CMakeFiles/control_msgs__rosidl_typesupport_cpp.dir/rosidl_typesupport_cpp/control_msgs/msg/gripper_command__type_support.cpp.o[0m
[12.676s] [ 13%] [32mBuilding C object CMakeFiles/control_msgs__rosidl_generator_c.dir/rosidl_generator_c/control_msgs/action/detail/single_joint_position__functions.c.o[0m
[13.007s] [ 14%] [32m[1mLinking C shared library libcontrol_msgs__rosidl_generator_c.so[0m
[13.140s] [ 14%] Built target control_msgs__rosidl_generator_c
[13.176s] [ 15%] [34m[1mGenerating C++ type support for eProsima Fast-RTPS[0m
[13.299s] [ 16%] [32mBuilding CXX object CMakeFiles/control_msgs__rosidl_typesupport_cpp.dir/rosidl_typesupport_cpp/control_msgs/msg/interface_value__type_support.cpp.o[0m
[14.136s] [ 17%] [32mBuilding CXX object CMakeFiles/control_msgs__rosidl_typesupport_cpp.dir/rosidl_typesupport_cpp/control_msgs/msg/joint_controller_state__type_support.cpp.o[0m
[14.867s] [ 17%] [32mBuilding CXX object CMakeFiles/control_msgs__rosidl_typesupport_cpp.dir/rosidl_typesupport_cpp/control_msgs/msg/joint_jog__type_support.cpp.o[0m
[15.672s] [ 18%] [32mBuilding CXX object CMakeFiles/control_msgs__rosidl_typesupport_cpp.dir/rosidl_typesupport_cpp/control_msgs/msg/joint_tolerance__type_support.cpp.o[0m
[16.402s] [ 19%] [32mBuilding CXX object CMakeFiles/control_msgs__rosidl_typesupport_cpp.dir/rosidl_typesupport_cpp/control_msgs/msg/joint_trajectory_controller_state__type_support.cpp.o[0m
[17.339s] [ 20%] [32mBuilding CXX object CMakeFiles/control_msgs__rosidl_typesupport_cpp.dir/rosidl_typesupport_cpp/control_msgs/msg/pid_state__type_support.cpp.o[0m
[18.061s] [ 20%] [32mBuilding CXX object CMakeFiles/control_msgs__rosidl_typesupport_cpp.dir/rosidl_typesupport_cpp/control_msgs/srv/query_calibration_state__type_support.cpp.o[0m
[18.598s] [35m[1mScanning dependencies of target control_msgs__rosidl_typesupport_fastrtps_cpp[0m
[18.646s] [ 21%] [32mBuilding CXX object CMakeFiles/control_msgs__rosidl_typesupport_cpp.dir/rosidl_typesupport_cpp/control_msgs/srv/query_trajectory_state__type_support.cpp.o[0m
[18.698s] [ 22%] [32mBuilding CXX object CMakeFiles/control_msgs__rosidl_typesupport_fastrtps_cpp.dir/rosidl_typesupport_fastrtps_cpp/control_msgs/msg/detail/dds_fastrtps/dynamic_joint_state__type_support.cpp.o[0m
[19.262s] [ 23%] [32mBuilding CXX object CMakeFiles/control_msgs__rosidl_typesupport_cpp.dir/rosidl_typesupport_cpp/control_msgs/action/follow_joint_trajectory__type_support.cpp.o[0m
[19.762s] [ 24%] [32mBuilding CXX object CMakeFiles/control_msgs__rosidl_typesupport_fastrtps_cpp.dir/rosidl_typesupport_fastrtps_cpp/control_msgs/msg/detail/dds_fastrtps/gripper_command__type_support.cpp.o[0m
[19.954s] [ 24%] [32mBuilding CXX object CMakeFiles/control_msgs__rosidl_typesupport_cpp.dir/rosidl_typesupport_cpp/control_msgs/action/gripper_command__type_support.cpp.o[0m
[20.610s] [ 25%] [32mBuilding CXX object CMakeFiles/control_msgs__rosidl_typesupport_cpp.dir/rosidl_typesupport_cpp/control_msgs/action/joint_trajectory__type_support.cpp.o[0m
[20.672s] [ 25%] [32mBuilding CXX object CMakeFiles/control_msgs__rosidl_typesupport_fastrtps_cpp.dir/rosidl_typesupport_fastrtps_cpp/control_msgs/msg/detail/dds_fastrtps/interface_value__type_support.cpp.o[0m
[21.437s] [ 26%] [32mBuilding CXX object CMakeFiles/control_msgs__rosidl_typesupport_cpp.dir/rosidl_typesupport_cpp/control_msgs/action/point_head__type_support.cpp.o[0m
[21.845s] [ 27%] [32mBuilding CXX object CMakeFiles/control_msgs__rosidl_typesupport_fastrtps_cpp.dir/rosidl_typesupport_fastrtps_cpp/control_msgs/msg/detail/dds_fastrtps/joint_controller_state__type_support.cpp.o[0m
[22.375s] [ 27%] [32mBuilding CXX object CMakeFiles/control_msgs__rosidl_typesupport_cpp.dir/rosidl_typesupport_cpp/control_msgs/action/single_joint_position__type_support.cpp.o[0m
[22.980s] [ 28%] [32mBuilding CXX object CMakeFiles/control_msgs__rosidl_typesupport_fastrtps_cpp.dir/rosidl_typesupport_fastrtps_cpp/control_msgs/msg/detail/dds_fastrtps/joint_jog__type_support.cpp.o[0m
[23.228s] [ 29%] [32m[1mLinking CXX shared library libcontrol_msgs__rosidl_typesupport_cpp.so[0m
[23.917s] [ 29%] Built target control_msgs__rosidl_typesupport_cpp
[23.934s] [ 30%] [34m[1mGenerating C introspection for ROS interfaces[0m
[24.801s] [ 30%] [32mBuilding CXX object CMakeFiles/control_msgs__rosidl_typesupport_fastrtps_cpp.dir/rosidl_typesupport_fastrtps_cpp/control_msgs/msg/detail/dds_fastrtps/joint_tolerance__type_support.cpp.o[0m
[25.676s] [ 31%] [32mBuilding CXX object CMakeFiles/control_msgs__rosidl_typesupport_fastrtps_cpp.dir/rosidl_typesupport_fastrtps_cpp/control_msgs/msg/detail/dds_fastrtps/joint_trajectory_controller_state__type_support.cpp.o[0m
[26.790s] [ 32%] [32mBuilding CXX object CMakeFiles/control_msgs__rosidl_typesupport_fastrtps_cpp.dir/rosidl_typesupport_fastrtps_cpp/control_msgs/msg/detail/dds_fastrtps/pid_state__type_support.cpp.o[0m
[27.389s] [35m[1mScanning dependencies of target control_msgs__rosidl_typesupport_introspection_c[0m
[27.490s] [ 33%] [32mBuilding C object CMakeFiles/control_msgs__rosidl_typesupport_introspection_c.dir/rosidl_typesupport_introspection_c/control_msgs/msg/detail/dynamic_joint_state__type_support.c.o[0m
[27.532s] [ 33%] [32mBuilding CXX object CMakeFiles/control_msgs__rosidl_typesupport_fastrtps_cpp.dir/rosidl_typesupport_fastrtps_cpp/control_msgs/srv/detail/dds_fastrtps/query_calibration_state__type_support.cpp.o[0m
[27.591s] [ 33%] [32mBuilding C object CMakeFiles/control_msgs__rosidl_typesupport_introspection_c.dir/rosidl_typesupport_introspection_c/control_msgs/msg/detail/gripper_command__type_support.c.o[0m
[27.731s] [ 34%] [32mBuilding C object CMakeFiles/control_msgs__rosidl_typesupport_introspection_c.dir/rosidl_typesupport_introspection_c/control_msgs/msg/detail/interface_value__type_support.c.o[0m
[27.835s] [ 35%] [32mBuilding C object CMakeFiles/control_msgs__rosidl_typesupport_introspection_c.dir/rosidl_typesupport_introspection_c/control_msgs/msg/detail/joint_controller_state__type_support.c.o[0m
[27.930s] [ 36%] [32mBuilding C object CMakeFiles/control_msgs__rosidl_typesupport_introspection_c.dir/rosidl_typesupport_introspection_c/control_msgs/msg/detail/joint_jog__type_support.c.o[0m
[28.029s] [ 36%] [32mBuilding C object CMakeFiles/control_msgs__rosidl_typesupport_introspection_c.dir/rosidl_typesupport_introspection_c/control_msgs/msg/detail/joint_tolerance__type_support.c.o[0m
[28.136s] [ 37%] [32mBuilding C object CMakeFiles/control_msgs__rosidl_typesupport_introspection_c.dir/rosidl_typesupport_introspection_c/control_msgs/msg/detail/joint_trajectory_controller_state__type_support.c.o[0m
[28.205s] [ 38%] [32mBuilding C object CMakeFiles/control_msgs__rosidl_typesupport_introspection_c.dir/rosidl_typesupport_introspection_c/control_msgs/msg/detail/pid_state__type_support.c.o[0m
[28.318s] [ 38%] [32mBuilding C object CMakeFiles/control_msgs__rosidl_typesupport_introspection_c.dir/rosidl_typesupport_introspection_c/control_msgs/srv/detail/query_calibration_state__type_support.c.o[0m
[28.452s] [ 39%] [32mBuilding C object CMakeFiles/control_msgs__rosidl_typesupport_introspection_c.dir/rosidl_typesupport_introspection_c/control_msgs/srv/detail/query_trajectory_state__type_support.c.o[0m
[28.508s] [ 40%] [32mBuilding CXX object CMakeFiles/control_msgs__rosidl_typesupport_fastrtps_cpp.dir/rosidl_typesupport_fastrtps_cpp/control_msgs/srv/detail/dds_fastrtps/query_trajectory_state__type_support.cpp.o[0m
[28.559s] [ 41%] [32mBuilding C object CMakeFiles/control_msgs__rosidl_typesupport_introspection_c.dir/rosidl_typesupport_introspection_c/control_msgs/action/detail/follow_joint_trajectory__type_support.c.o[0m
[28.718s] [ 41%] [32mBuilding C object CMakeFiles/control_msgs__rosidl_typesupport_introspection_c.dir/rosidl_typesupport_introspection_c/control_msgs/action/detail/gripper_command__type_support.c.o[0m
[28.818s] [ 42%] [32mBuilding C object CMakeFiles/control_msgs__rosidl_typesupport_introspection_c.dir/rosidl_typesupport_introspection_c/control_msgs/action/detail/joint_trajectory__type_support.c.o[0m
[29.054s] [ 43%] [32mBuilding C object CMakeFiles/control_msgs__rosidl_typesupport_introspection_c.dir/rosidl_typesupport_introspection_c/control_msgs/action/detail/point_head__type_support.c.o[0m
[29.260s] [ 44%] [32mBuilding C object CMakeFiles/control_msgs__rosidl_typesupport_introspection_c.dir/rosidl_typesupport_introspection_c/control_msgs/action/detail/single_joint_position__type_support.c.o[0m
[29.525s] [ 44%] [32m[1mLinking C shared library libcontrol_msgs__rosidl_typesupport_introspection_c.so[0m
[29.676s] [ 44%] Built target control_msgs__rosidl_typesupport_introspection_c
[29.971s] [ 45%] [32mBuilding CXX object CMakeFiles/control_msgs__rosidl_typesupport_fastrtps_cpp.dir/rosidl_typesupport_fastrtps_cpp/control_msgs/action/detail/dds_fastrtps/follow_joint_trajectory__type_support.cpp.o[0m
[31.140s] [ 46%] [32mBuilding CXX object CMakeFiles/control_msgs__rosidl_typesupport_fastrtps_cpp.dir/rosidl_typesupport_fastrtps_cpp/control_msgs/action/detail/dds_fastrtps/gripper_command__type_support.cpp.o[0m
[31.770s] [ 46%] [32mBuilding CXX object CMakeFiles/control_msgs__rosidl_typesupport_fastrtps_cpp.dir/rosidl_typesupport_fastrtps_cpp/control_msgs/action/detail/dds_fastrtps/joint_trajectory__type_support.cpp.o[0m
[32.279s] [ 47%] [32mBuilding CXX object CMakeFiles/control_msgs__rosidl_typesupport_fastrtps_cpp.dir/rosidl_typesupport_fastrtps_cpp/control_msgs/action/detail/dds_fastrtps/point_head__type_support.cpp.o[0m
[32.796s] [ 48%] [32mBuilding CXX object CMakeFiles/control_msgs__rosidl_typesupport_fastrtps_cpp.dir/rosidl_typesupport_fastrtps_cpp/control_msgs/action/detail/dds_fastrtps/single_joint_position__type_support.cpp.o[0m
[33.421s] [ 48%] [32m[1mLinking CXX shared library libcontrol_msgs__rosidl_typesupport_fastrtps_cpp.so[0m
[33.609s] [ 48%] Built target control_msgs__rosidl_typesupport_fastrtps_cpp
[33.626s] [ 49%] [34m[1mGenerating C type support dispatch for ROS interfaces[0m
[35.049s] [35m[1mScanning dependencies of target control_msgs__rosidl_typesupport_c[0m
[35.091s] [ 49%] [32mBuilding CXX object CMakeFiles/control_msgs__rosidl_typesupport_c.dir/rosidl_typesupport_c/control_msgs/msg/dynamic_joint_state__type_support.cpp.o[0m
[35.121s] [ 50%] [32mBuilding CXX object CMakeFiles/control_msgs__rosidl_typesupport_c.dir/rosidl_typesupport_c/control_msgs/msg/gripper_command__type_support.cpp.o[0m
[35.149s] [ 51%] [32mBuilding CXX object CMakeFiles/control_msgs__rosidl_typesupport_c.dir/rosidl_typesupport_c/control_msgs/msg/interface_value__type_support.cpp.o[0m
[35.184s] [ 51%] [32mBuilding CXX object CMakeFiles/control_msgs__rosidl_typesupport_c.dir/rosidl_typesupport_c/control_msgs/msg/joint_controller_state__type_support.cpp.o[0m
[35.225s] [ 52%] [32mBuilding CXX object CMakeFiles/control_msgs__rosidl_typesupport_c.dir/rosidl_typesupport_c/control_msgs/msg/joint_jog__type_support.cpp.o[0m
[35.259s] [ 53%] [32mBuilding CXX object CMakeFiles/control_msgs__rosidl_typesupport_c.dir/rosidl_typesupport_c/control_msgs/msg/joint_tolerance__type_support.cpp.o[0m
[35.323s] [ 54%] [32mBuilding CXX object CMakeFiles/control_msgs__rosidl_typesupport_c.dir/rosidl_typesupport_c/control_msgs/msg/joint_trajectory_controller_state__type_support.cpp.o[0m
[35.411s] [ 54%] [32mBuilding CXX object CMakeFiles/control_msgs__rosidl_typesupport_c.dir/rosidl_typesupport_c/control_msgs/msg/pid_state__type_support.cpp.o[0m
[35.534s] [ 55%] [32mBuilding CXX object CMakeFiles/control_msgs__rosidl_typesupport_c.dir/rosidl_typesupport_c/control_msgs/srv/query_calibration_state__type_support.cpp.o[0m
[35.639s] [ 56%] [32mBuilding CXX object CMakeFiles/control_msgs__rosidl_typesupport_c.dir/rosidl_typesupport_c/control_msgs/srv/query_trajectory_state__type_support.cpp.o[0m
[35.729s] [ 56%] [32mBuilding CXX object CMakeFiles/control_msgs__rosidl_typesupport_c.dir/rosidl_typesupport_c/control_msgs/action/follow_joint_trajectory__type_support.cpp.o[0m
[35.800s] [ 57%] [32mBuilding CXX object CMakeFiles/control_msgs__rosidl_typesupport_c.dir/rosidl_typesupport_c/control_msgs/action/gripper_command__type_support.cpp.o[0m
[35.868s] [ 58%] [32mBuilding CXX object CMakeFiles/control_msgs__rosidl_typesupport_c.dir/rosidl_typesupport_c/control_msgs/action/joint_trajectory__type_support.cpp.o[0m
[35.935s] [ 58%] [32mBuilding CXX object CMakeFiles/control_msgs__rosidl_typesupport_c.dir/rosidl_typesupport_c/control_msgs/action/point_head__type_support.cpp.o[0m
[35.991s] [ 59%] [32mBuilding CXX object CMakeFiles/control_msgs__rosidl_typesupport_c.dir/rosidl_typesupport_c/control_msgs/action/single_joint_position__type_support.cpp.o[0m
[36.055s] [ 60%] [32m[1mLinking CXX shared library libcontrol_msgs__rosidl_typesupport_c.so[0m
[36.135s] [ 60%] Built target control_msgs__rosidl_typesupport_c
[36.156s] [ 60%] [34m[1mGenerating C++ introspection for ROS interfaces[0m
[38.545s] [35m[1mScanning dependencies of target control_msgs__rosidl_typesupport_introspection_cpp[0m
[38.574s] [ 61%] [32mBuilding CXX object CMakeFiles/control_msgs__rosidl_typesupport_introspection_cpp.dir/rosidl_typesupport_introspection_cpp/control_msgs/msg/detail/dynamic_joint_state__type_support.cpp.o[0m
[39.160s] [ 62%] [32mBuilding CXX object CMakeFiles/control_msgs__rosidl_typesupport_introspection_cpp.dir/rosidl_typesupport_introspection_cpp/control_msgs/msg/detail/gripper_command__type_support.cpp.o[0m
[39.481s] [ 62%] [32mBuilding CXX object CMakeFiles/control_msgs__rosidl_typesupport_introspection_cpp.dir/rosidl_typesupport_introspection_cpp/control_msgs/msg/detail/interface_value__type_support.cpp.o[0m
[40.072s] [ 63%] [32mBuilding CXX object CMakeFiles/control_msgs__rosidl_typesupport_introspection_cpp.dir/rosidl_typesupport_introspection_cpp/control_msgs/msg/detail/joint_controller_state__type_support.cpp.o[0m
[40.434s] [ 64%] [32mBuilding CXX object CMakeFiles/control_msgs__rosidl_typesupport_introspection_cpp.dir/rosidl_typesupport_introspection_cpp/control_msgs/msg/detail/joint_jog__type_support.cpp.o[0m
[40.922s] [ 65%] [32mBuilding CXX object CMakeFiles/control_msgs__rosidl_typesupport_introspection_cpp.dir/rosidl_typesupport_introspection_cpp/control_msgs/msg/detail/joint_tolerance__type_support.cpp.o[0m
[41.345s] [ 65%] [32mBuilding CXX object CMakeFiles/control_msgs__rosidl_typesupport_introspection_cpp.dir/rosidl_typesupport_introspection_cpp/control_msgs/msg/detail/joint_trajectory_controller_state__type_support.cpp.o[0m
[41.995s] [ 66%] [32mBuilding CXX object CMakeFiles/control_msgs__rosidl_typesupport_introspection_cpp.dir/rosidl_typesupport_introspection_cpp/control_msgs/msg/detail/pid_state__type_support.cpp.o[0m
[42.383s] [ 67%] [32mBuilding CXX object CMakeFiles/control_msgs__rosidl_typesupport_introspection_cpp.dir/rosidl_typesupport_introspection_cpp/control_msgs/srv/detail/query_calibration_state__type_support.cpp.o[0m
[42.731s] [ 67%] [32mBuilding CXX object CMakeFiles/control_msgs__rosidl_typesupport_introspection_cpp.dir/rosidl_typesupport_introspection_cpp/control_msgs/srv/detail/query_trajectory_state__type_support.cpp.o[0m
[43.141s] [ 68%] [32mBuilding CXX object CMakeFiles/control_msgs__rosidl_typesupport_introspection_cpp.dir/rosidl_typesupport_introspection_cpp/control_msgs/action/detail/follow_joint_trajectory__type_support.cpp.o[0m
[43.622s] [ 69%] [32mBuilding CXX object CMakeFiles/control_msgs__rosidl_typesupport_introspection_cpp.dir/rosidl_typesupport_introspection_cpp/control_msgs/action/detail/gripper_command__type_support.cpp.o[0m
[43.966s] [ 69%] [32mBuilding CXX object CMakeFiles/control_msgs__rosidl_typesupport_introspection_cpp.dir/rosidl_typesupport_introspection_cpp/control_msgs/action/detail/joint_trajectory__type_support.cpp.o[0m
[44.344s] [ 70%] [32mBuilding CXX object CMakeFiles/control_msgs__rosidl_typesupport_introspection_cpp.dir/rosidl_typesupport_introspection_cpp/control_msgs/action/detail/point_head__type_support.cpp.o[0m
[44.677s] [ 71%] [32mBuilding CXX object CMakeFiles/control_msgs__rosidl_typesupport_introspection_cpp.dir/rosidl_typesupport_introspection_cpp/control_msgs/action/detail/single_joint_position__type_support.cpp.o[0m
[45.004s] [ 72%] [32m[1mLinking CXX shared library libcontrol_msgs__rosidl_typesupport_introspection_cpp.so[0m
[45.128s] [ 72%] Built target control_msgs__rosidl_typesupport_introspection_cpp
[45.140s] [ 73%] [34m[1mGenerating C type support for eProsima Fast-RTPS[0m
[47.380s] [35m[1mScanning dependencies of target control_msgs__rosidl_typesupport_fastrtps_c[0m
[47.423s] [ 74%] [32mBuilding CXX object CMakeFiles/control_msgs__rosidl_typesupport_fastrtps_c.dir/rosidl_typesupport_fastrtps_c/control_msgs/msg/detail/dynamic_joint_state__type_support_c.cpp.o[0m
[47.777s] [ 74%] [32mBuilding CXX object CMakeFiles/control_msgs__rosidl_typesupport_fastrtps_c.dir/rosidl_typesupport_fastrtps_c/control_msgs/msg/detail/gripper_command__type_support_c.cpp.o[0m
[48.261s] [ 75%] [32mBuilding CXX object CMakeFiles/control_msgs__rosidl_typesupport_fastrtps_c.dir/rosidl_typesupport_fastrtps_c/control_msgs/msg/detail/interface_value__type_support_c.cpp.o[0m
[48.771s] [ 76%] [32mBuilding CXX object CMakeFiles/control_msgs__rosidl_typesupport_fastrtps_c.dir/rosidl_typesupport_fastrtps_c/control_msgs/msg/detail/joint_controller_state__type_support_c.cpp.o[0m
[49.277s] [ 76%] [32mBuilding CXX object CMakeFiles/control_msgs__rosidl_typesupport_fastrtps_c.dir/rosidl_typesupport_fastrtps_c/control_msgs/msg/detail/joint_jog__type_support_c.cpp.o[0m
[49.675s] [ 77%] [32mBuilding CXX object CMakeFiles/control_msgs__rosidl_typesupport_fastrtps_c.dir/rosidl_typesupport_fastrtps_c/control_msgs/msg/detail/joint_tolerance__type_support_c.cpp.o[0m
[50.057s] [ 78%] [32mBuilding CXX object CMakeFiles/control_msgs__rosidl_typesupport_fastrtps_c.dir/rosidl_typesupport_fastrtps_c/control_msgs/msg/detail/joint_trajectory_controller_state__type_support_c.cpp.o[0m
[50.769s] [ 78%] [32mBuilding CXX object CMakeFiles/control_msgs__rosidl_typesupport_fastrtps_c.dir/rosidl_typesupport_fastrtps_c/control_msgs/msg/detail/pid_state__type_support_c.cpp.o[0m
[51.255s] [ 79%] [32mBuilding CXX object CMakeFiles/control_msgs__rosidl_typesupport_fastrtps_c.dir/rosidl_typesupport_fastrtps_c/control_msgs/srv/detail/query_calibration_state__type_support_c.cpp.o[0m
[51.783s] [ 80%] [32mBuilding CXX object CMakeFiles/control_msgs__rosidl_typesupport_fastrtps_c.dir/rosidl_typesupport_fastrtps_c/control_msgs/srv/detail/query_trajectory_state__type_support_c.cpp.o[0m
[52.191s] [ 81%] [32mBuilding CXX object CMakeFiles/control_msgs__rosidl_typesupport_fastrtps_c.dir/rosidl_typesupport_fastrtps_c/control_msgs/action/detail/follow_joint_trajectory__type_support_c.cpp.o[0m
[52.664s] [ 81%] [32mBuilding CXX object CMakeFiles/control_msgs__rosidl_typesupport_fastrtps_c.dir/rosidl_typesupport_fastrtps_c/control_msgs/action/detail/gripper_command__type_support_c.cpp.o[0m
[53.090s] [ 82%] [32mBuilding CXX object CMakeFiles/control_msgs__rosidl_typesupport_fastrtps_c.dir/rosidl_typesupport_fastrtps_c/control_msgs/action/detail/joint_trajectory__type_support_c.cpp.o[0m
[53.502s] [ 83%] [32mBuilding CXX object CMakeFiles/control_msgs__rosidl_typesupport_fastrtps_c.dir/rosidl_typesupport_fastrtps_c/control_msgs/action/detail/point_head__type_support_c.cpp.o[0m
[53.951s] [ 83%] [32mBuilding CXX object CMakeFiles/control_msgs__rosidl_typesupport_fastrtps_c.dir/rosidl_typesupport_fastrtps_c/control_msgs/action/detail/single_joint_position__type_support_c.cpp.o[0m
[54.375s] [ 84%] [32m[1mLinking CXX shared library libcontrol_msgs__rosidl_typesupport_fastrtps_c.so[0m
[54.507s] [ 84%] Built target control_msgs__rosidl_typesupport_fastrtps_c
[54.517s] [35m[1mScanning dependencies of target control_msgs[0m
[54.534s] [ 84%] Built target control_msgs
[54.555s] [35m[1mScanning dependencies of target control_msgs__py[0m
[54.582s] [ 85%] [34m[1mGenerating Python code for ROS interfaces[0m
[60.540s] [ 85%] Built target control_msgs__py
[60.552s] [35m[1mScanning dependencies of target control_msgs__python[0m
[60.609s] [ 86%] [32mBuilding C object CMakeFiles/control_msgs__python.dir/rosidl_generator_py/control_msgs/msg/_dynamic_joint_state_s.c.o[0m
[60.711s] [ 86%] [32mBuilding C object CMakeFiles/control_msgs__python.dir/rosidl_generator_py/control_msgs/msg/_gripper_command_s.c.o[0m
[60.806s] [ 87%] [32mBuilding C object CMakeFiles/control_msgs__python.dir/rosidl_generator_py/control_msgs/msg/_interface_value_s.c.o[0m
[60.918s] [ 88%] [32mBuilding C object CMakeFiles/control_msgs__python.dir/rosidl_generator_py/control_msgs/msg/_joint_controller_state_s.c.o[0m
[61.020s] [ 88%] [32mBuilding C object CMakeFiles/control_msgs__python.dir/rosidl_generator_py/control_msgs/msg/_joint_jog_s.c.o[0m
[61.156s] [ 89%] [32mBuilding C object CMakeFiles/control_msgs__python.dir/rosidl_generator_py/control_msgs/msg/_joint_tolerance_s.c.o[0m
[61.368s] [ 90%] [32mBuilding C object CMakeFiles/control_msgs__python.dir/rosidl_generator_py/control_msgs/msg/_joint_trajectory_controller_state_s.c.o[0m
[61.564s] [ 90%] [32mBuilding C object CMakeFiles/control_msgs__python.dir/rosidl_generator_py/control_msgs/msg/_pid_state_s.c.o[0m
[61.684s] [ 91%] [32mBuilding C object CMakeFiles/control_msgs__python.dir/rosidl_generator_py/control_msgs/srv/_query_calibration_state_s.c.o[0m
[61.800s] [ 92%] [32mBuilding C object CMakeFiles/control_msgs__python.dir/rosidl_generator_py/control_msgs/srv/_query_trajectory_state_s.c.o[0m
[62.014s] [ 93%] [32mBuilding C object CMakeFiles/control_msgs__python.dir/rosidl_generator_py/control_msgs/action/_follow_joint_trajectory_s.c.o[0m
[62.334s] [ 93%] [32mBuilding C object CMakeFiles/control_msgs__python.dir/rosidl_generator_py/control_msgs/action/_gripper_command_s.c.o[0m
[62.523s] [ 94%] [32mBuilding C object CMakeFiles/control_msgs__python.dir/rosidl_generator_py/control_msgs/action/_joint_trajectory_s.c.o[0m
[62.656s] [ 95%] [32mBuilding C object CMakeFiles/control_msgs__python.dir/rosidl_generator_py/control_msgs/action/_point_head_s.c.o[0m
[62.787s] [ 95%] [32mBuilding C object CMakeFiles/control_msgs__python.dir/rosidl_generator_py/control_msgs/action/_single_joint_position_s.c.o[0m
[62.968s] [ 96%] [32m[1mLinking C shared library rosidl_generator_py/control_msgs/libcontrol_msgs__python.so[0m
[63.029s] [ 96%] Built target control_msgs__python
[63.041s] [35m[1mScanning dependencies of target control_msgs__rosidl_typesupport_c__pyext[0m
[63.067s] [ 97%] [32mBuilding C object CMakeFiles/control_msgs__rosidl_typesupport_c__pyext.dir/rosidl_generator_py/control_msgs/_control_msgs_s.ep.rosidl_typesupport_c.c.o[0m
[63.367s] [ 97%] [32m[1mLinking C shared library rosidl_generator_py/control_msgs/control_msgs_s__rosidl_typesupport_c.cpython-38-x86_64-linux-gnu.so[0m
[63.415s] [ 97%] Built target control_msgs__rosidl_typesupport_c__pyext
[63.426s] [35m[1mScanning dependencies of target control_msgs__rosidl_typesupport_introspection_c__pyext[0m
[63.453s] [ 98%] [32mBuilding C object CMakeFiles/control_msgs__rosidl_typesupport_introspection_c__pyext.dir/rosidl_generator_py/control_msgs/_control_msgs_s.ep.rosidl_typesupport_introspection_c.c.o[0m
[63.705s] [ 99%] [32m[1mLinking C shared library rosidl_generator_py/control_msgs/control_msgs_s__rosidl_typesupport_introspection_c.cpython-38-x86_64-linux-gnu.so[0m
[63.759s] [ 99%] Built target control_msgs__rosidl_typesupport_introspection_c__pyext
[63.772s] [35m[1mScanning dependencies of target control_msgs__rosidl_typesupport_fastrtps_c__pyext[0m
[63.803s] [100%] [32mBuilding C object CMakeFiles/control_msgs__rosidl_typesupport_fastrtps_c__pyext.dir/rosidl_generator_py/control_msgs/_control_msgs_s.ep.rosidl_typesupport_fastrtps_c.c.o[0m
[64.101s] [100%] [32m[1mLinking CXX shared library rosidl_generator_py/control_msgs/control_msgs_s__rosidl_typesupport_fastrtps_c.cpython-38-x86_64-linux-gnu.so[0m
[64.198s] [100%] Built target control_msgs__rosidl_typesupport_fastrtps_c__pyext
[64.223s] Invoked command in '/home/ylspyrou/humble_ws/build/control_msgs' returned '0': CMAKE_PREFIX_PATH=/opt/ros/foxy /usr/bin/cmake --build /home/ylspyrou/humble_ws/build/control_msgs -- -j2 -l2
[64.782s] Invoking command in '/home/ylspyrou/humble_ws/build/control_msgs': CMAKE_PREFIX_PATH=/opt/ros/foxy /usr/bin/cmake --install /home/ylspyrou/humble_ws/build/control_msgs
[64.820s] -- Install configuration: ""
[64.827s] -- Execute custom install script
[64.827s] -- Symlinking: /home/ylspyrou/humble_ws/install/control_msgs/share/ament_index/resource_index/rosidl_interfaces/control_msgs
[64.859s] -- Symlinking: /home/ylspyrou/humble_ws/install/control_msgs/include/control_msgs/action/detail/follow_joint_trajectory__functions.h
[64.887s] -- Symlinking: /home/ylspyrou/humble_ws/install/control_msgs/include/control_msgs/action/detail/follow_joint_trajectory__struct.h
[64.913s] -- Symlinking: /home/ylspyrou/humble_ws/install/control_msgs/include/control_msgs/action/detail/follow_joint_trajectory__type_support.h
[64.942s] -- Symlinking: /home/ylspyrou/humble_ws/install/control_msgs/include/control_msgs/action/detail/gripper_command__functions.h
[64.960s] -- Symlinking: /home/ylspyrou/humble_ws/install/control_msgs/include/control_msgs/action/detail/gripper_command__struct.h
[64.982s] -- Symlinking: /home/ylspyrou/humble_ws/install/control_msgs/include/control_msgs/action/detail/gripper_command__type_support.h
[65.003s] -- Symlinking: /home/ylspyrou/humble_ws/install/control_msgs/include/control_msgs/action/detail/joint_trajectory__functions.h
[65.028s] -- Symlinking: /home/ylspyrou/humble_ws/install/control_msgs/include/control_msgs/action/detail/joint_trajectory__struct.h
[65.059s] -- Symlinking: /home/ylspyrou/humble_ws/install/control_msgs/include/control_msgs/action/detail/joint_trajectory__type_support.h
[65.091s] -- Symlinking: /home/ylspyrou/humble_ws/install/control_msgs/include/control_msgs/action/detail/point_head__functions.h
[65.126s] -- Symlinking: /home/ylspyrou/humble_ws/install/control_msgs/include/control_msgs/action/detail/point_head__struct.h
[65.154s] -- Symlinking: /home/ylspyrou/humble_ws/install/control_msgs/include/control_msgs/action/detail/point_head__type_support.h
[65.172s] -- Symlinking: /home/ylspyrou/humble_ws/install/control_msgs/include/control_msgs/action/detail/single_joint_position__functions.h
[65.199s] -- Symlinking: /home/ylspyrou/humble_ws/install/control_msgs/include/control_msgs/action/detail/single_joint_position__struct.h
[65.235s] -- Symlinking: /home/ylspyrou/humble_ws/install/control_msgs/include/control_msgs/action/detail/single_joint_position__type_support.h
[65.272s] -- Symlinking: /home/ylspyrou/humble_ws/install/control_msgs/include/control_msgs/action/follow_joint_trajectory.h
[65.301s] -- Symlinking: /home/ylspyrou/humble_ws/install/control_msgs/include/control_msgs/action/gripper_command.h
[65.321s] -- Symlinking: /home/ylspyrou/humble_ws/install/control_msgs/include/control_msgs/action/joint_trajectory.h
[65.345s] -- Symlinking: /home/ylspyrou/humble_ws/install/control_msgs/include/control_msgs/action/point_head.h
[65.345s] -- Symlinking: /home/ylspyrou/humble_ws/install/control_msgs/include/control_msgs/action/single_joint_position.h
[65.363s] -- Symlinking: /home/ylspyrou/humble_ws/install/control_msgs/include/control_msgs/msg/detail/dynamic_joint_state__functions.h
[65.378s] -- Symlinking: /home/ylspyrou/humble_ws/install/control_msgs/include/control_msgs/msg/detail/dynamic_joint_state__struct.h
[65.398s] -- Symlinking: /home/ylspyrou/humble_ws/install/control_msgs/include/control_msgs/msg/detail/dynamic_joint_state__type_support.h
[65.409s] -- Symlinking: /home/ylspyrou/humble_ws/install/control_msgs/include/control_msgs/msg/detail/gripper_command__functions.h
[65.437s] -- Symlinking: /home/ylspyrou/humble_ws/install/control_msgs/include/control_msgs/msg/detail/gripper_command__struct.h
[65.453s] -- Symlinking: /home/ylspyrou/humble_ws/install/control_msgs/include/control_msgs/msg/detail/gripper_command__type_support.h
[65.472s] -- Symlinking: /home/ylspyrou/humble_ws/install/control_msgs/include/control_msgs/msg/detail/interface_value__functions.h
[65.494s] -- Symlinking: /home/ylspyrou/humble_ws/install/control_msgs/include/control_msgs/msg/detail/interface_value__struct.h
[65.525s] -- Symlinking: /home/ylspyrou/humble_ws/install/control_msgs/include/control_msgs/msg/detail/interface_value__type_support.h
[65.550s] -- Symlinking: /home/ylspyrou/humble_ws/install/control_msgs/include/control_msgs/msg/detail/joint_controller_state__functions.h
[65.571s] -- Symlinking: /home/ylspyrou/humble_ws/install/control_msgs/include/control_msgs/msg/detail/joint_controller_state__struct.h
[65.599s] -- Symlinking: /home/ylspyrou/humble_ws/install/control_msgs/include/control_msgs/msg/detail/joint_controller_state__type_support.h
[65.625s] -- Symlinking: /home/ylspyrou/humble_ws/install/control_msgs/include/control_msgs/msg/detail/joint_jog__functions.h
[65.646s] -- Symlinking: /home/ylspyrou/humble_ws/install/control_msgs/include/control_msgs/msg/detail/joint_jog__struct.h
[65.668s] -- Symlinking: /home/ylspyrou/humble_ws/install/control_msgs/include/control_msgs/msg/detail/joint_jog__type_support.h
[65.693s] -- Symlinking: /home/ylspyrou/humble_ws/install/control_msgs/include/control_msgs/msg/detail/joint_tolerance__functions.h
[65.715s] -- Symlinking: /home/ylspyrou/humble_ws/install/control_msgs/include/control_msgs/msg/detail/joint_tolerance__struct.h
[65.744s] -- Symlinking: /home/ylspyrou/humble_ws/install/control_msgs/include/control_msgs/msg/detail/joint_tolerance__type_support.h
[65.777s] -- Symlinking: /home/ylspyrou/humble_ws/install/control_msgs/include/control_msgs/msg/detail/joint_trajectory_controller_state__functions.h
[65.810s] -- Symlinking: /home/ylspyrou/humble_ws/install/control_msgs/include/control_msgs/msg/detail/joint_trajectory_controller_state__struct.h
[65.834s] -- Symlinking: /home/ylspyrou/humble_ws/install/control_msgs/include/control_msgs/msg/detail/joint_trajectory_controller_state__type_support.h
[65.860s] -- Symlinking: /home/ylspyrou/humble_ws/install/control_msgs/include/control_msgs/msg/detail/pid_state__functions.h
[65.879s] -- Symlinking: /home/ylspyrou/humble_ws/install/control_msgs/include/control_msgs/msg/detail/pid_state__struct.h
[65.901s] -- Symlinking: /home/ylspyrou/humble_ws/install/control_msgs/include/control_msgs/msg/detail/pid_state__type_support.h
[65.923s] -- Symlinking: /home/ylspyrou/humble_ws/install/control_msgs/include/control_msgs/msg/dynamic_joint_state.h
[65.946s] -- Symlinking: /home/ylspyrou/humble_ws/install/control_msgs/include/control_msgs/msg/gripper_command.h
[65.970s] -- Symlinking: /home/ylspyrou/humble_ws/install/control_msgs/include/control_msgs/msg/interface_value.h
[65.995s] -- Symlinking: /home/ylspyrou/humble_ws/install/control_msgs/include/control_msgs/msg/joint_controller_state.h
[66.019s] -- Symlinking: /home/ylspyrou/humble_ws/install/control_msgs/include/control_msgs/msg/joint_jog.h
[66.045s] -- Symlinking: /home/ylspyrou/humble_ws/install/control_msgs/include/control_msgs/msg/joint_tolerance.h
[66.066s] -- Symlinking: /home/ylspyrou/humble_ws/install/control_msgs/include/control_msgs/msg/joint_trajectory_controller_state.h
[66.099s] -- Symlinking: /home/ylspyrou/humble_ws/install/control_msgs/include/control_msgs/msg/pid_state.h
[66.130s] -- Symlinking: /home/ylspyrou/humble_ws/install/control_msgs/include/control_msgs/msg/rosidl_generator_c__visibility_control.h
[66.153s] -- Symlinking: /home/ylspyrou/humble_ws/install/control_msgs/include/control_msgs/srv/detail/query_calibration_state__functions.h
[66.177s] -- Symlinking: /home/ylspyrou/humble_ws/install/control_msgs/include/control_msgs/srv/detail/query_calibration_state__struct.h
[66.210s] -- Symlinking: /home/ylspyrou/humble_ws/install/control_msgs/include/control_msgs/srv/detail/query_calibration_state__type_support.h
[66.232s] -- Symlinking: /home/ylspyrou/humble_ws/install/control_msgs/include/control_msgs/srv/detail/query_trajectory_state__functions.h
[66.258s] -- Symlinking: /home/ylspyrou/humble_ws/install/control_msgs/include/control_msgs/srv/detail/query_trajectory_state__struct.h
[66.269s] -- Symlinking: /home/ylspyrou/humble_ws/install/control_msgs/include/control_msgs/srv/detail/query_trajectory_state__type_support.h
[66.283s] -- Symlinking: /home/ylspyrou/humble_ws/install/control_msgs/include/control_msgs/srv/query_calibration_state.h
[66.295s] -- Symlinking: /home/ylspyrou/humble_ws/install/control_msgs/include/control_msgs/srv/query_trajectory_state.h
[66.318s] -- Symlinking: /home/ylspyrou/humble_ws/install/control_msgs/share/control_msgs/environment/library_path.sh
[66.347s] -- Symlinking: /home/ylspyrou/humble_ws/install/control_msgs/share/control_msgs/environment/library_path.dsv
[66.370s] -- Symlinking: /home/ylspyrou/humble_ws/install/control_msgs/include/control_msgs/action/detail/follow_joint_trajectory__rosidl_typesupport_fastrtps_c.h
[66.392s] -- Symlinking: /home/ylspyrou/humble_ws/install/control_msgs/include/control_msgs/action/detail/gripper_command__rosidl_typesupport_fastrtps_c.h
[66.428s] -- Symlinking: /home/ylspyrou/humble_ws/install/control_msgs/include/control_msgs/action/detail/joint_trajectory__rosidl_typesupport_fastrtps_c.h
[66.461s] -- Symlinking: /home/ylspyrou/humble_ws/install/control_msgs/include/control_msgs/action/detail/point_head__rosidl_typesupport_fastrtps_c.h
[66.493s] -- Symlinking: /home/ylspyrou/humble_ws/install/control_msgs/include/control_msgs/action/detail/single_joint_position__rosidl_typesupport_fastrtps_c.h
[66.542s] -- Symlinking: /home/ylspyrou/humble_ws/install/control_msgs/include/control_msgs/msg/detail/dynamic_joint_state__rosidl_typesupport_fastrtps_c.h
[66.567s] -- Symlinking: /home/ylspyrou/humble_ws/install/control_msgs/include/control_msgs/msg/detail/gripper_command__rosidl_typesupport_fastrtps_c.h
[66.600s] -- Symlinking: /home/ylspyrou/humble_ws/install/control_msgs/include/control_msgs/msg/detail/interface_value__rosidl_typesupport_fastrtps_c.h
[66.615s] -- Symlinking: /home/ylspyrou/humble_ws/install/control_msgs/include/control_msgs/msg/detail/joint_controller_state__rosidl_typesupport_fastrtps_c.h
[66.626s] -- Symlinking: /home/ylspyrou/humble_ws/install/control_msgs/include/control_msgs/msg/detail/joint_jog__rosidl_typesupport_fastrtps_c.h
[66.640s] -- Symlinking: /home/ylspyrou/humble_ws/install/control_msgs/include/control_msgs/msg/detail/joint_tolerance__rosidl_typesupport_fastrtps_c.h
[66.655s] -- Symlinking: /home/ylspyrou/humble_ws/install/control_msgs/include/control_msgs/msg/detail/joint_trajectory_controller_state__rosidl_typesupport_fastrtps_c.h
[66.682s] -- Symlinking: /home/ylspyrou/humble_ws/install/control_msgs/include/control_msgs/msg/detail/pid_state__rosidl_typesupport_fastrtps_c.h
[66.682s] -- Symlinking: /home/ylspyrou/humble_ws/install/control_msgs/include/control_msgs/msg/rosidl_typesupport_fastrtps_c__visibility_control.h
[66.701s] -- Symlinking: /home/ylspyrou/humble_ws/install/control_msgs/include/control_msgs/srv/detail/query_calibration_state__rosidl_typesupport_fastrtps_c.h
[66.718s] -- Symlinking: /home/ylspyrou/humble_ws/install/control_msgs/include/control_msgs/srv/detail/query_trajectory_state__rosidl_typesupport_fastrtps_c.h
[66.742s] -- Symlinking: /home/ylspyrou/humble_ws/install/control_msgs/lib/libcontrol_msgs__rosidl_typesupport_fastrtps_c.so
[66.767s] -- Symlinking: /home/ylspyrou/humble_ws/install/control_msgs/include/control_msgs/action/detail/follow_joint_trajectory__rosidl_typesupport_fastrtps_cpp.hpp
[66.795s] -- Symlinking: /home/ylspyrou/humble_ws/install/control_msgs/include/control_msgs/action/detail/gripper_command__rosidl_typesupport_fastrtps_cpp.hpp
[66.815s] -- Symlinking: /home/ylspyrou/humble_ws/install/control_msgs/include/control_msgs/action/detail/joint_trajectory__rosidl_typesupport_fastrtps_cpp.hpp
[66.836s] -- Symlinking: /home/ylspyrou/humble_ws/install/control_msgs/include/control_msgs/action/detail/point_head__rosidl_typesupport_fastrtps_cpp.hpp
[66.857s] -- Symlinking: /home/ylspyrou/humble_ws/install/control_msgs/include/control_msgs/action/detail/single_joint_position__rosidl_typesupport_fastrtps_cpp.hpp
[66.879s] -- Symlinking: /home/ylspyrou/humble_ws/install/control_msgs/include/control_msgs/msg/detail/dynamic_joint_state__rosidl_typesupport_fastrtps_cpp.hpp
[66.907s] -- Symlinking: /home/ylspyrou/humble_ws/install/control_msgs/include/control_msgs/msg/detail/gripper_command__rosidl_typesupport_fastrtps_cpp.hpp
[66.921s] -- Symlinking: /home/ylspyrou/humble_ws/install/control_msgs/include/control_msgs/msg/detail/interface_value__rosidl_typesupport_fastrtps_cpp.hpp
[66.943s] -- Symlinking: /home/ylspyrou/humble_ws/install/control_msgs/include/control_msgs/msg/detail/joint_controller_state__rosidl_typesupport_fastrtps_cpp.hpp
[66.968s] -- Symlinking: /home/ylspyrou/humble_ws/install/control_msgs/include/control_msgs/msg/detail/joint_jog__rosidl_typesupport_fastrtps_cpp.hpp
[66.995s] -- Symlinking: /home/ylspyrou/humble_ws/install/control_msgs/include/control_msgs/msg/detail/joint_tolerance__rosidl_typesupport_fastrtps_cpp.hpp
[67.026s] -- Symlinking: /home/ylspyrou/humble_ws/install/control_msgs/include/control_msgs/msg/detail/joint_trajectory_controller_state__rosidl_typesupport_fastrtps_cpp.hpp
[67.054s] -- Symlinking: /home/ylspyrou/humble_ws/install/control_msgs/include/control_msgs/msg/detail/pid_state__rosidl_typesupport_fastrtps_cpp.hpp
[67.071s] -- Symlinking: /home/ylspyrou/humble_ws/install/control_msgs/include/control_msgs/msg/rosidl_typesupport_fastrtps_cpp__visibility_control.h
[67.108s] -- Symlinking: /home/ylspyrou/humble_ws/install/control_msgs/include/control_msgs/srv/detail/query_calibration_state__rosidl_typesupport_fastrtps_cpp.hpp
[67.139s] -- Symlinking: /home/ylspyrou/humble_ws/install/control_msgs/include/control_msgs/srv/detail/query_trajectory_state__rosidl_typesupport_fastrtps_cpp.hpp
[67.186s] -- Symlinking: /home/ylspyrou/humble_ws/install/control_msgs/lib/libcontrol_msgs__rosidl_typesupport_fastrtps_cpp.so
[67.215s] -- Symlinking: /home/ylspyrou/humble_ws/install/control_msgs/include/control_msgs/action/detail/follow_joint_trajectory__rosidl_typesupport_introspection_c.h
[67.237s] -- Symlinking: /home/ylspyrou/humble_ws/install/control_msgs/include/control_msgs/action/detail/gripper_command__rosidl_typesupport_introspection_c.h
[67.260s] -- Symlinking: /home/ylspyrou/humble_ws/install/control_msgs/include/control_msgs/action/detail/joint_trajectory__rosidl_typesupport_introspection_c.h
[67.275s] -- Symlinking: /home/ylspyrou/humble_ws/install/control_msgs/include/control_msgs/action/detail/point_head__rosidl_typesupport_introspection_c.h
[67.283s] -- Symlinking: /home/ylspyrou/humble_ws/install/control_msgs/include/control_msgs/action/detail/single_joint_position__rosidl_typesupport_introspection_c.h
[67.301s] -- Symlinking: /home/ylspyrou/humble_ws/install/control_msgs/include/control_msgs/msg/detail/dynamic_joint_state__rosidl_typesupport_introspection_c.h
[67.319s] -- Symlinking: /home/ylspyrou/humble_ws/install/control_msgs/include/control_msgs/msg/detail/gripper_command__rosidl_typesupport_introspection_c.h
[67.319s] -- Symlinking: /home/ylspyrou/humble_ws/install/control_msgs/include/control_msgs/msg/detail/interface_value__rosidl_typesupport_introspection_c.h
[67.336s] -- Symlinking: /home/ylspyrou/humble_ws/install/control_msgs/include/control_msgs/msg/detail/joint_controller_state__rosidl_typesupport_introspection_c.h
[67.351s] -- Symlinking: /home/ylspyrou/humble_ws/install/control_msgs/include/control_msgs/msg/detail/joint_jog__rosidl_typesupport_introspection_c.h
[67.374s] -- Symlinking: /home/ylspyrou/humble_ws/install/control_msgs/include/control_msgs/msg/detail/joint_tolerance__rosidl_typesupport_introspection_c.h
[67.395s] -- Symlinking: /home/ylspyrou/humble_ws/install/control_msgs/include/control_msgs/msg/detail/joint_trajectory_controller_state__rosidl_typesupport_introspection_c.h
[67.423s] -- Symlinking: /home/ylspyrou/humble_ws/install/control_msgs/include/control_msgs/msg/detail/pid_state__rosidl_typesupport_introspection_c.h
[67.438s] -- Symlinking: /home/ylspyrou/humble_ws/install/control_msgs/include/control_msgs/msg/rosidl_typesupport_introspection_c__visibility_control.h
[67.471s] -- Symlinking: /home/ylspyrou/humble_ws/install/control_msgs/include/control_msgs/srv/detail/query_calibration_state__rosidl_typesupport_introspection_c.h
[67.502s] -- Symlinking: /home/ylspyrou/humble_ws/install/control_msgs/include/control_msgs/srv/detail/query_trajectory_state__rosidl_typesupport_introspection_c.h
[67.520s] -- Symlinking: /home/ylspyrou/humble_ws/install/control_msgs/include/control_msgs/action/detail/follow_joint_trajectory__builder.hpp
[67.532s] -- Symlinking: /home/ylspyrou/humble_ws/install/control_msgs/include/control_msgs/action/detail/follow_joint_trajectory__struct.hpp
[67.533s] -- Symlinking: /home/ylspyrou/humble_ws/install/control_msgs/include/control_msgs/action/detail/follow_joint_trajectory__traits.hpp
[67.548s] -- Symlinking: /home/ylspyrou/humble_ws/install/control_msgs/include/control_msgs/action/detail/follow_joint_trajectory__type_support.hpp
[67.567s] -- Symlinking: /home/ylspyrou/humble_ws/install/control_msgs/include/control_msgs/action/detail/gripper_command__builder.hpp
[67.577s] -- Symlinking: /home/ylspyrou/humble_ws/install/control_msgs/include/control_msgs/action/detail/gripper_command__struct.hpp
[67.608s] -- Symlinking: /home/ylspyrou/humble_ws/install/control_msgs/include/control_msgs/action/detail/gripper_command__traits.hpp
[67.627s] -- Symlinking: /home/ylspyrou/humble_ws/install/control_msgs/include/control_msgs/action/detail/gripper_command__type_support.hpp
[67.647s] -- Symlinking: /home/ylspyrou/humble_ws/install/control_msgs/include/control_msgs/action/detail/joint_trajectory__builder.hpp
[67.683s] -- Symlinking: /home/ylspyrou/humble_ws/install/control_msgs/include/control_msgs/action/detail/joint_trajectory__struct.hpp
[67.703s] -- Symlinking: /home/ylspyrou/humble_ws/install/control_msgs/include/control_msgs/action/detail/joint_trajectory__traits.hpp
[67.769s] -- Symlinking: /home/ylspyrou/humble_ws/install/control_msgs/include/control_msgs/action/detail/joint_trajectory__type_support.hpp
[67.805s] -- Symlinking: /home/ylspyrou/humble_ws/install/control_msgs/include/control_msgs/action/detail/point_head__builder.hpp
[67.829s] -- Symlinking: /home/ylspyrou/humble_ws/install/control_msgs/include/control_msgs/action/detail/point_head__struct.hpp
[67.859s] -- Symlinking: /home/ylspyrou/humble_ws/install/control_msgs/include/control_msgs/action/detail/point_head__traits.hpp
[67.891s] -- Symlinking: /home/ylspyrou/humble_ws/install/control_msgs/include/control_msgs/action/detail/point_head__type_support.hpp
[67.918s] -- Symlinking: /home/ylspyrou/humble_ws/install/control_msgs/include/control_msgs/action/detail/single_joint_position__builder.hpp
[67.950s] -- Symlinking: /home/ylspyrou/humble_ws/install/control_msgs/include/control_msgs/action/detail/single_joint_position__struct.hpp
[67.986s] -- Symlinking: /home/ylspyrou/humble_ws/install/control_msgs/include/control_msgs/action/detail/single_joint_position__traits.hpp
[68.022s] -- Symlinking: /home/ylspyrou/humble_ws/install/control_msgs/include/control_msgs/action/detail/single_joint_position__type_support.hpp
[68.079s] -- Symlinking: /home/ylspyrou/humble_ws/install/control_msgs/include/control_msgs/action/follow_joint_trajectory.hpp
[68.115s] -- Symlinking: /home/ylspyrou/humble_ws/install/control_msgs/include/control_msgs/action/gripper_command.hpp
[68.139s] -- Symlinking: /home/ylspyrou/humble_ws/install/control_msgs/include/control_msgs/action/joint_trajectory.hpp
[68.159s] -- Symlinking: /home/ylspyrou/humble_ws/install/control_msgs/include/control_msgs/action/point_head.hpp
[68.186s] -- Symlinking: /home/ylspyrou/humble_ws/install/control_msgs/include/control_msgs/action/single_joint_position.hpp
[68.196s] -- Symlinking: /home/ylspyrou/humble_ws/install/control_msgs/include/control_msgs/msg/detail/dynamic_joint_state__builder.hpp
[68.204s] -- Symlinking: /home/ylspyrou/humble_ws/install/control_msgs/include/control_msgs/msg/detail/dynamic_joint_state__struct.hpp
[68.216s] -- Symlinking: /home/ylspyrou/humble_ws/install/control_msgs/include/control_msgs/msg/detail/dynamic_joint_state__traits.hpp
[68.231s] -- Symlinking: /home/ylspyrou/humble_ws/install/control_msgs/include/control_msgs/msg/detail/dynamic_joint_state__type_support.hpp
[68.243s] -- Symlinking: /home/ylspyrou/humble_ws/install/control_msgs/include/control_msgs/msg/detail/gripper_command__builder.hpp
[68.250s] -- Symlinking: /home/ylspyrou/humble_ws/install/control_msgs/include/control_msgs/msg/detail/gripper_command__struct.hpp
[68.268s] -- Symlinking: /home/ylspyrou/humble_ws/install/control_msgs/include/control_msgs/msg/detail/gripper_command__traits.hpp
[68.284s] -- Symlinking: /home/ylspyrou/humble_ws/install/control_msgs/include/control_msgs/msg/detail/gripper_command__type_support.hpp
[68.302s] -- Symlinking: /home/ylspyrou/humble_ws/install/control_msgs/include/control_msgs/msg/detail/interface_value__builder.hpp
[68.326s] -- Symlinking: /home/ylspyrou/humble_ws/install/control_msgs/include/control_msgs/msg/detail/interface_value__struct.hpp
[68.347s] -- Symlinking: /home/ylspyrou/humble_ws/install/control_msgs/include/control_msgs/msg/detail/interface_value__traits.hpp
[68.398s] -- Symlinking: /home/ylspyrou/humble_ws/install/control_msgs/include/control_msgs/msg/detail/interface_value__type_support.hpp
[68.429s] -- Symlinking: /home/ylspyrou/humble_ws/install/control_msgs/include/control_msgs/msg/detail/joint_controller_state__builder.hpp
[68.437s] -- Symlinking: /home/ylspyrou/humble_ws/install/control_msgs/include/control_msgs/msg/detail/joint_controller_state__struct.hpp
[68.450s] -- Symlinking: /home/ylspyrou/humble_ws/install/control_msgs/include/control_msgs/msg/detail/joint_controller_state__traits.hpp
[68.463s] -- Symlinking: /home/ylspyrou/humble_ws/install/control_msgs/include/control_msgs/msg/detail/joint_controller_state__type_support.hpp
[68.470s] -- Symlinking: /home/ylspyrou/humble_ws/install/control_msgs/include/control_msgs/msg/detail/joint_jog__builder.hpp
[68.491s] -- Symlinking: /home/ylspyrou/humble_ws/install/control_msgs/include/control_msgs/msg/detail/joint_jog__struct.hpp
[68.500s] -- Symlinking: /home/ylspyrou/humble_ws/install/control_msgs/include/control_msgs/msg/detail/joint_jog__traits.hpp
[68.522s] -- Symlinking: /home/ylspyrou/humble_ws/install/control_msgs/include/control_msgs/msg/detail/joint_jog__type_support.hpp
[68.581s] -- Symlinking: /home/ylspyrou/humble_ws/install/control_msgs/include/control_msgs/msg/detail/joint_tolerance__builder.hpp
[68.594s] -- Symlinking: /home/ylspyrou/humble_ws/install/control_msgs/include/control_msgs/msg/detail/joint_tolerance__struct.hpp
[68.606s] -- Symlinking: /home/ylspyrou/humble_ws/install/control_msgs/include/control_msgs/msg/detail/joint_tolerance__traits.hpp
[68.621s] -- Symlinking: /home/ylspyrou/humble_ws/install/control_msgs/include/control_msgs/msg/detail/joint_tolerance__type_support.hpp
[68.638s] -- Symlinking: /home/ylspyrou/humble_ws/install/control_msgs/include/control_msgs/msg/detail/joint_trajectory_controller_state__builder.hpp
[68.654s] -- Symlinking: /home/ylspyrou/humble_ws/install/control_msgs/include/control_msgs/msg/detail/joint_trajectory_controller_state__struct.hpp
[68.675s] -- Symlinking: /home/ylspyrou/humble_ws/install/control_msgs/include/control_msgs/msg/detail/joint_trajectory_controller_state__traits.hpp
[68.714s] -- Symlinking: /home/ylspyrou/humble_ws/install/control_msgs/include/control_msgs/msg/detail/joint_trajectory_controller_state__type_support.hpp
[68.725s] -- Symlinking: /home/ylspyrou/humble_ws/install/control_msgs/include/control_msgs/msg/detail/pid_state__builder.hpp
[68.736s] -- Symlinking: /home/ylspyrou/humble_ws/install/control_msgs/include/control_msgs/msg/detail/pid_state__struct.hpp
[68.743s] -- Symlinking: /home/ylspyrou/humble_ws/install/control_msgs/include/control_msgs/msg/detail/pid_state__traits.hpp
[68.756s] -- Symlinking: /home/ylspyrou/humble_ws/install/control_msgs/include/control_msgs/msg/detail/pid_state__type_support.hpp
[68.777s] -- Symlinking: /home/ylspyrou/humble_ws/install/control_msgs/include/control_msgs/msg/dynamic_joint_state.hpp
[68.793s] -- Symlinking: /home/ylspyrou/humble_ws/install/control_msgs/include/control_msgs/msg/gripper_command.hpp
[68.819s] -- Symlinking: /home/ylspyrou/humble_ws/install/control_msgs/include/control_msgs/msg/interface_value.hpp
[68.848s] -- Symlinking: /home/ylspyrou/humble_ws/install/control_msgs/include/control_msgs/msg/joint_controller_state.hpp
[68.873s] -- Symlinking: /home/ylspyrou/humble_ws/install/control_msgs/include/control_msgs/msg/joint_jog.hpp
[68.898s] -- Symlinking: /home/ylspyrou/humble_ws/install/control_msgs/include/control_msgs/msg/joint_tolerance.hpp
[68.934s] -- Symlinking: /home/ylspyrou/humble_ws/install/control_msgs/include/control_msgs/msg/joint_trajectory_controller_state.hpp
[68.964s] -- Symlinking: /home/ylspyrou/humble_ws/install/control_msgs/include/control_msgs/msg/pid_state.hpp
[68.987s] -- Symlinking: /home/ylspyrou/humble_ws/install/control_msgs/include/control_msgs/msg/rosidl_generator_cpp__visibility_control.hpp
[69.012s] -- Symlinking: /home/ylspyrou/humble_ws/install/control_msgs/include/control_msgs/srv/detail/query_calibration_state__builder.hpp
[69.035s] -- Symlinking: /home/ylspyrou/humble_ws/install/control_msgs/include/control_msgs/srv/detail/query_calibration_state__struct.hpp
[69.054s] -- Symlinking: /home/ylspyrou/humble_ws/install/control_msgs/include/control_msgs/srv/detail/query_calibration_state__traits.hpp
[69.082s] -- Symlinking: /home/ylspyrou/humble_ws/install/control_msgs/include/control_msgs/srv/detail/query_calibration_state__type_support.hpp
[69.108s] -- Symlinking: /home/ylspyrou/humble_ws/install/control_msgs/include/control_msgs/srv/detail/query_trajectory_state__builder.hpp
[69.128s] -- Symlinking: /home/ylspyrou/humble_ws/install/control_msgs/include/control_msgs/srv/detail/query_trajectory_state__struct.hpp
[69.154s] -- Symlinking: /home/ylspyrou/humble_ws/install/control_msgs/include/control_msgs/srv/detail/query_trajectory_state__traits.hpp
[69.182s] -- Symlinking: /home/ylspyrou/humble_ws/install/control_msgs/include/control_msgs/srv/detail/query_trajectory_state__type_support.hpp
[69.221s] -- Symlinking: /home/ylspyrou/humble_ws/install/control_msgs/include/control_msgs/srv/query_calibration_state.hpp
[69.267s] -- Symlinking: /home/ylspyrou/humble_ws/install/control_msgs/include/control_msgs/srv/query_trajectory_state.hpp
[69.307s] -- Symlinking: /home/ylspyrou/humble_ws/install/control_msgs/include/control_msgs/action/detail/follow_joint_trajectory__rosidl_typesupport_introspection_cpp.hpp
[69.319s] -- Symlinking: /home/ylspyrou/humble_ws/install/control_msgs/include/control_msgs/action/detail/gripper_command__rosidl_typesupport_introspection_cpp.hpp
[69.334s] -- Symlinking: /home/ylspyrou/humble_ws/install/control_msgs/include/control_msgs/action/detail/joint_trajectory__rosidl_typesupport_introspection_cpp.hpp
[69.344s] -- Symlinking: /home/ylspyrou/humble_ws/install/control_msgs/include/control_msgs/action/detail/point_head__rosidl_typesupport_introspection_cpp.hpp
[69.360s] -- Symlinking: /home/ylspyrou/humble_ws/install/control_msgs/include/control_msgs/action/detail/single_joint_position__rosidl_typesupport_introspection_cpp.hpp
[69.373s] -- Symlinking: /home/ylspyrou/humble_ws/install/control_msgs/include/control_msgs/msg/detail/dynamic_joint_state__rosidl_typesupport_introspection_cpp.hpp
[69.397s] -- Symlinking: /home/ylspyrou/humble_ws/install/control_msgs/include/control_msgs/msg/detail/gripper_command__rosidl_typesupport_introspection_cpp.hpp
[69.415s] -- Symlinking: /home/ylspyrou/humble_ws/install/control_msgs/include/control_msgs/msg/detail/interface_value__rosidl_typesupport_introspection_cpp.hpp
[69.465s] -- Symlinking: /home/ylspyrou/humble_ws/install/control_msgs/include/control_msgs/msg/detail/joint_controller_state__rosidl_typesupport_introspection_cpp.hpp
[69.495s] -- Symlinking: /home/ylspyrou/humble_ws/install/control_msgs/include/control_msgs/msg/detail/joint_jog__rosidl_typesupport_introspection_cpp.hpp
[69.523s] -- Symlinking: /home/ylspyrou/humble_ws/install/control_msgs/include/control_msgs/msg/detail/joint_tolerance__rosidl_typesupport_introspection_cpp.hpp
[69.548s] -- Symlinking: /home/ylspyrou/humble_ws/install/control_msgs/include/control_msgs/msg/detail/joint_trajectory_controller_state__rosidl_typesupport_introspection_cpp.hpp
[69.571s] -- Symlinking: /home/ylspyrou/humble_ws/install/control_msgs/include/control_msgs/msg/detail/pid_state__rosidl_typesupport_introspection_cpp.hpp
[69.606s] -- Symlinking: /home/ylspyrou/humble_ws/install/control_msgs/include/control_msgs/srv/detail/query_calibration_state__rosidl_typesupport_introspection_cpp.hpp
[69.619s] -- Symlinking: /home/ylspyrou/humble_ws/install/control_msgs/include/control_msgs/srv/detail/query_trajectory_state__rosidl_typesupport_introspection_cpp.hpp
[69.640s] -- Symlinking: /home/ylspyrou/humble_ws/install/control_msgs/share/control_msgs/environment/pythonpath.sh
[69.650s] -- Symlinking: /home/ylspyrou/humble_ws/install/control_msgs/share/control_msgs/environment/pythonpath.dsv
[69.667s] -- Symlinking: /home/ylspyrou/humble_ws/install/control_msgs/lib/python3.8/site-packages/control_msgs/__init__.py
[69.696s] -- Symlinking: /home/ylspyrou/humble_ws/install/control_msgs/lib/python3.8/site-packages/control_msgs/msg/__init__.py
[69.728s] -- Symlinking: /home/ylspyrou/humble_ws/install/control_msgs/lib/python3.8/site-packages/control_msgs/msg/_dynamic_joint_state.py
[69.758s] -- Symlinking: /home/ylspyrou/humble_ws/install/control_msgs/lib/python3.8/site-packages/control_msgs/msg/_gripper_command.py
[69.781s] -- Symlinking: /home/ylspyrou/humble_ws/install/control_msgs/lib/python3.8/site-packages/control_msgs/msg/_interface_value.py
[69.808s] -- Symlinking: /home/ylspyrou/humble_ws/install/control_msgs/lib/python3.8/site-packages/control_msgs/msg/_joint_controller_state.py
[69.839s] -- Symlinking: /home/ylspyrou/humble_ws/install/control_msgs/lib/python3.8/site-packages/control_msgs/msg/_joint_jog.py
[69.861s] -- Symlinking: /home/ylspyrou/humble_ws/install/control_msgs/lib/python3.8/site-packages/control_msgs/msg/_joint_tolerance.py
[69.884s] -- Symlinking: /home/ylspyrou/humble_ws/install/control_msgs/lib/python3.8/site-packages/control_msgs/msg/_joint_trajectory_controller_state.py
[69.910s] -- Symlinking: /home/ylspyrou/humble_ws/install/control_msgs/lib/python3.8/site-packages/control_msgs/msg/_pid_state.py
[69.935s] -- Symlinking: /home/ylspyrou/humble_ws/install/control_msgs/lib/python3.8/site-packages/control_msgs/srv/__init__.py
[69.965s] -- Symlinking: /home/ylspyrou/humble_ws/install/control_msgs/lib/python3.8/site-packages/control_msgs/srv/_query_calibration_state.py
[69.980s] -- Symlinking: /home/ylspyrou/humble_ws/install/control_msgs/lib/python3.8/site-packages/control_msgs/srv/_query_trajectory_state.py
[70.003s] -- Symlinking: /home/ylspyrou/humble_ws/install/control_msgs/lib/python3.8/site-packages/control_msgs/action/__init__.py
[70.028s] -- Symlinking: /home/ylspyrou/humble_ws/install/control_msgs/lib/python3.8/site-packages/control_msgs/action/_follow_joint_trajectory.py
[70.049s] -- Symlinking: /home/ylspyrou/humble_ws/install/control_msgs/lib/python3.8/site-packages/control_msgs/action/_gripper_command.py
[70.073s] -- Symlinking: /home/ylspyrou/humble_ws/install/control_msgs/lib/python3.8/site-packages/control_msgs/action/_joint_trajectory.py
[70.094s] -- Symlinking: /home/ylspyrou/humble_ws/install/control_msgs/lib/python3.8/site-packages/control_msgs/action/_point_head.py
[70.116s] -- Symlinking: /home/ylspyrou/humble_ws/install/control_msgs/lib/python3.8/site-packages/control_msgs/action/_single_joint_position.py
[70.144s] -- Symlinking: /home/ylspyrou/humble_ws/install/control_msgs/lib/python3.8/site-packages/control_msgs/control_msgs_s__rosidl_typesupport_fastrtps_c.cpython-38-x86_64-linux-gnu.so
[70.166s] -- Symlinking: /home/ylspyrou/humble_ws/install/control_msgs/lib/python3.8/site-packages/control_msgs/control_msgs_s__rosidl_typesupport_introspection_c.cpython-38-x86_64-linux-gnu.so
[70.193s] -- Symlinking: /home/ylspyrou/humble_ws/install/control_msgs/lib/python3.8/site-packages/control_msgs/control_msgs_s__rosidl_typesupport_c.cpython-38-x86_64-linux-gnu.so
[70.220s] -- Symlinking: /home/ylspyrou/humble_ws/install/control_msgs/lib/libcontrol_msgs__python.so
[70.246s] -- Symlinking: /home/ylspyrou/humble_ws/install/control_msgs/share/control_msgs/msg/DynamicJointState.idl
[70.273s] -- Symlinking: /home/ylspyrou/humble_ws/install/control_msgs/share/control_msgs/msg/GripperCommand.idl
[70.290s] -- Symlinking: /home/ylspyrou/humble_ws/install/control_msgs/share/control_msgs/msg/InterfaceValue.idl
[70.313s] -- Symlinking: /home/ylspyrou/humble_ws/install/control_msgs/share/control_msgs/msg/JointControllerState.idl
[70.342s] -- Symlinking: /home/ylspyrou/humble_ws/install/control_msgs/share/control_msgs/msg/JointJog.idl
[70.388s] -- Symlinking: /home/ylspyrou/humble_ws/install/control_msgs/share/control_msgs/msg/JointTolerance.idl
[70.408s] -- Symlinking: /home/ylspyrou/humble_ws/install/control_msgs/share/control_msgs/msg/JointTrajectoryControllerState.idl
[70.449s] -- Symlinking: /home/ylspyrou/humble_ws/install/control_msgs/share/control_msgs/msg/PidState.idl
[70.476s] -- Symlinking: /home/ylspyrou/humble_ws/install/control_msgs/share/control_msgs/srv/QueryCalibrationState.idl
[70.503s] -- Symlinking: /home/ylspyrou/humble_ws/install/control_msgs/share/control_msgs/srv/QueryTrajectoryState.idl
[70.528s] -- Symlinking: /home/ylspyrou/humble_ws/install/control_msgs/share/control_msgs/action/FollowJointTrajectory.idl
[70.549s] -- Symlinking: /home/ylspyrou/humble_ws/install/control_msgs/share/control_msgs/action/GripperCommand.idl
[70.579s] -- Symlinking: /home/ylspyrou/humble_ws/install/control_msgs/share/control_msgs/action/JointTrajectory.idl
[70.601s] -- Symlinking: /home/ylspyrou/humble_ws/install/control_msgs/share/control_msgs/action/PointHead.idl
[70.620s] -- Symlinking: /home/ylspyrou/humble_ws/install/control_msgs/share/control_msgs/action/SingleJointPosition.idl
[70.631s] -- Symlinking: /home/ylspyrou/humble_ws/install/control_msgs/share/control_msgs/msg/DynamicJointState.msg
[70.653s] -- Symlinking: /home/ylspyrou/humble_ws/install/control_msgs/share/control_msgs/msg/GripperCommand.msg
[70.676s] -- Symlinking: /home/ylspyrou/humble_ws/install/control_msgs/share/control_msgs/msg/InterfaceValue.msg
[70.700s] -- Symlinking: /home/ylspyrou/humble_ws/install/control_msgs/share/control_msgs/msg/JointControllerState.msg
[70.719s] -- Symlinking: /home/ylspyrou/humble_ws/install/control_msgs/share/control_msgs/msg/JointJog.msg
[70.734s] -- Symlinking: /home/ylspyrou/humble_ws/install/control_msgs/share/control_msgs/msg/JointTolerance.msg
[70.745s] -- Symlinking: /home/ylspyrou/humble_ws/install/control_msgs/share/control_msgs/msg/JointTrajectoryControllerState.msg
[70.765s] -- Symlinking: /home/ylspyrou/humble_ws/install/control_msgs/share/control_msgs/msg/PidState.msg
[70.779s] -- Symlinking: /home/ylspyrou/humble_ws/install/control_msgs/share/control_msgs/srv/QueryCalibrationState.srv
[70.800s] -- Symlinking: /home/ylspyrou/humble_ws/install/control_msgs/share/control_msgs/srv/QueryCalibrationState_Request.msg
[70.823s] -- Symlinking: /home/ylspyrou/humble_ws/install/control_msgs/share/control_msgs/srv/QueryCalibrationState_Response.msg
[70.840s] -- Symlinking: /home/ylspyrou/humble_ws/install/control_msgs/share/control_msgs/srv/QueryTrajectoryState.srv
[70.852s] -- Symlinking: /home/ylspyrou/humble_ws/install/control_msgs/share/control_msgs/srv/QueryTrajectoryState_Request.msg
[70.878s] -- Symlinking: /home/ylspyrou/humble_ws/install/control_msgs/share/control_msgs/srv/QueryTrajectoryState_Response.msg
[70.901s] -- Symlinking: /home/ylspyrou/humble_ws/install/control_msgs/share/control_msgs/action/FollowJointTrajectory.action
[70.935s] -- Symlinking: /home/ylspyrou/humble_ws/install/control_msgs/share/control_msgs/action/GripperCommand.action
[70.972s] -- Symlinking: /home/ylspyrou/humble_ws/install/control_msgs/share/control_msgs/action/JointTrajectory.action
[70.988s] -- Symlinking: /home/ylspyrou/humble_ws/install/control_msgs/share/control_msgs/action/PointHead.action
[71.004s] -- Symlinking: /home/ylspyrou/humble_ws/install/control_msgs/share/control_msgs/action/SingleJointPosition.action
[71.054s] -- Symlinking: /home/ylspyrou/humble_ws/install/control_msgs/share/ament_index/resource_index/package_run_dependencies/control_msgs
[71.098s] -- Symlinking: /home/ylspyrou/humble_ws/install/control_msgs/share/ament_index/resource_index/parent_prefix_path/control_msgs
[71.121s] -- Symlinking: /home/ylspyrou/humble_ws/install/control_msgs/share/control_msgs/environment/ament_prefix_path.sh
[71.131s] -- Symlinking: /home/ylspyrou/humble_ws/install/control_msgs/share/control_msgs/environment/ament_prefix_path.dsv
[71.141s] -- Symlinking: /home/ylspyrou/humble_ws/install/control_msgs/share/control_msgs/environment/path.sh
[71.152s] -- Symlinking: /home/ylspyrou/humble_ws/install/control_msgs/share/control_msgs/environment/path.dsv
[71.165s] -- Symlinking: /home/ylspyrou/humble_ws/install/control_msgs/share/control_msgs/local_setup.bash
[71.176s] -- Symlinking: /home/ylspyrou/humble_ws/install/control_msgs/share/control_msgs/local_setup.sh
[71.188s] -- Symlinking: /home/ylspyrou/humble_ws/install/control_msgs/share/control_msgs/local_setup.zsh
[71.211s] -- Symlinking: /home/ylspyrou/humble_ws/install/control_msgs/share/control_msgs/local_setup.dsv
[71.228s] -- Symlinking: /home/ylspyrou/humble_ws/install/control_msgs/share/control_msgs/package.dsv
[71.246s] -- Symlinking: /home/ylspyrou/humble_ws/install/control_msgs/share/ament_index/resource_index/packages/control_msgs
[71.268s] -- Symlinking: /home/ylspyrou/humble_ws/install/control_msgs/share/control_msgs/cmake/rosidl_cmake-extras.cmake
[71.287s] -- Symlinking: /home/ylspyrou/humble_ws/install/control_msgs/share/control_msgs/cmake/ament_cmake_export_dependencies-extras.cmake
[71.311s] -- Symlinking: /home/ylspyrou/humble_ws/install/control_msgs/share/control_msgs/cmake/ament_cmake_export_libraries-extras.cmake
[71.343s] -- Symlinking: /home/ylspyrou/humble_ws/install/control_msgs/share/control_msgs/cmake/ament_cmake_export_targets-extras.cmake
[71.389s] -- Symlinking: /home/ylspyrou/humble_ws/install/control_msgs/share/control_msgs/cmake/ament_cmake_export_include_directories-extras.cmake
[71.411s] -- Symlinking: /home/ylspyrou/humble_ws/install/control_msgs/share/control_msgs/cmake/rosidl_cmake_export_typesupport_libraries-extras.cmake
[71.436s] -- Symlinking: /home/ylspyrou/humble_ws/install/control_msgs/share/control_msgs/cmake/rosidl_cmake_export_typesupport_targets-extras.cmake
[71.468s] -- Symlinking: /home/ylspyrou/humble_ws/install/control_msgs/share/control_msgs/cmake/control_msgsConfig.cmake
[71.561s] -- Symlinking: /home/ylspyrou/humble_ws/install/control_msgs/share/control_msgs/cmake/control_msgsConfig-version.cmake
[71.581s] -- Symlinking: /home/ylspyrou/humble_ws/install/control_msgs/share/control_msgs/package.xml
[71.609s] -- Installing: /home/ylspyrou/humble_ws/install/control_msgs/lib/libcontrol_msgs__rosidl_generator_c.so
[71.611s] -- Set runtime path of "/home/ylspyrou/humble_ws/install/control_msgs/lib/libcontrol_msgs__rosidl_generator_c.so" to ""
[71.611s] -- Installing: /home/ylspyrou/humble_ws/install/control_msgs/lib/libcontrol_msgs__rosidl_typesupport_introspection_c.so
[71.617s] -- Set runtime path of "/home/ylspyrou/humble_ws/install/control_msgs/lib/libcontrol_msgs__rosidl_typesupport_introspection_c.so" to ""
[71.618s] -- Installing: /home/ylspyrou/humble_ws/install/control_msgs/lib/libcontrol_msgs__rosidl_typesupport_c.so
[71.621s] -- Set runtime path of "/home/ylspyrou/humble_ws/install/control_msgs/lib/libcontrol_msgs__rosidl_typesupport_c.so" to ""
[71.622s] -- Installing: /home/ylspyrou/humble_ws/install/control_msgs/lib/libcontrol_msgs__rosidl_typesupport_introspection_cpp.so
[71.626s] -- Set runtime path of "/home/ylspyrou/humble_ws/install/control_msgs/lib/libcontrol_msgs__rosidl_typesupport_introspection_cpp.so" to ""
[71.626s] -- Installing: /home/ylspyrou/humble_ws/install/control_msgs/lib/libcontrol_msgs__rosidl_typesupport_cpp.so
[71.631s] -- Set runtime path of "/home/ylspyrou/humble_ws/install/control_msgs/lib/libcontrol_msgs__rosidl_typesupport_cpp.so" to ""
[71.787s] Compiling '/home/ylspyrou/humble_ws/install/control_msgs/lib/python3.8/site-packages/control_msgs/__init__.py'...
[71.807s] -- Installing: /home/ylspyrou/humble_ws/install/control_msgs/share/control_msgs/cmake/control_msgs__rosidl_generator_cExport.cmake
[71.807s] -- Installing: /home/ylspyrou/humble_ws/install/control_msgs/share/control_msgs/cmake/control_msgs__rosidl_generator_cExport-noconfig.cmake
[71.808s] -- Installing: /home/ylspyrou/humble_ws/install/control_msgs/share/control_msgs/cmake/control_msgs__rosidl_typesupport_introspection_cExport.cmake
[71.815s] -- Installing: /home/ylspyrou/humble_ws/install/control_msgs/share/control_msgs/cmake/control_msgs__rosidl_typesupport_introspection_cExport-noconfig.cmake
[71.815s] -- Installing: /home/ylspyrou/humble_ws/install/control_msgs/share/control_msgs/cmake/control_msgs__rosidl_typesupport_cExport.cmake
[71.819s] -- Installing: /home/ylspyrou/humble_ws/install/control_msgs/share/control_msgs/cmake/control_msgs__rosidl_typesupport_cExport-noconfig.cmake
[71.827s] -- Installing: /home/ylspyrou/humble_ws/install/control_msgs/share/control_msgs/cmake/control_msgs__rosidl_generator_cppExport.cmake
[71.830s] -- Installing: /home/ylspyrou/humble_ws/install/control_msgs/share/control_msgs/cmake/control_msgs__rosidl_typesupport_introspection_cppExport.cmake
[71.832s] -- Installing: /home/ylspyrou/humble_ws/install/control_msgs/share/control_msgs/cmake/control_msgs__rosidl_typesupport_introspection_cppExport-noconfig.cmake
[71.833s] -- Installing: /home/ylspyrou/humble_ws/install/control_msgs/share/control_msgs/cmake/control_msgs__rosidl_typesupport_cppExport.cmake
[71.837s] -- Installing: /home/ylspyrou/humble_ws/install/control_msgs/share/control_msgs/cmake/control_msgs__rosidl_typesupport_cppExport-noconfig.cmake
[71.844s] Invoked command in '/home/ylspyrou/humble_ws/build/control_msgs' returned '0': CMAKE_PREFIX_PATH=/opt/ros/foxy /usr/bin/cmake --install /home/ylspyrou/humble_ws/build/control_msgs
