[0.016s] Invoking command in '/home/ylspyrou/humble_ws/build/serial': CMAKE_PREFIX_PATH=${CMAKE_PREFIX_PATH}:/opt/ros/foxy /usr/bin/cmake /home/ylspyrou/humble_ws/src/serial -DAMENT_CMAKE_SYMLINK_INSTALL=1 -DCMAKE_INSTALL_PREFIX=/home/ylspyrou/humble_ws/install/serial
[0.105s] -- The C compiler identification is GNU 9.4.0
[0.161s] -- The CXX compiler identification is GNU 9.4.0
[0.165s] -- Check for working C compiler: /usr/bin/cc
[0.232s] -- Check for working C compiler: /usr/bin/cc -- works
[0.235s] -- Detecting C compiler ABI info
[0.300s] -- Detecting C compiler ABI info - done
[0.310s] -- Detecting C compile features
[0.310s] -- Detecting C compile features - done
[0.313s] -- Check for working CXX compiler: /usr/bin/c++
[0.389s] -- Check for working CXX compiler: /usr/bin/c++ -- works
[0.390s] -- Detecting CXX compiler ABI info
[0.465s] -- Detecting CXX compiler ABI info - done
[0.475s] -- Detecting CXX compile features
[0.476s] -- Detecting CXX compile features - done
[0.479s] -- Found ament_cmake: 0.9.12 (/opt/ros/foxy/share/ament_cmake/cmake)
[0.502s] -- Found PythonInterp: /usr/bin/python3 (found suitable version "3.8.10", minimum required is "3") 
[0.502s] -- Using PYTHON_EXECUTABLE: /usr/bin/python3
[0.651s] -- Override CMake install command with custom implementation using symlinks instead of copying resources
[0.676s] -- Found ament_cmake_gtest: 0.9.12 (/opt/ros/foxy/share/ament_cmake_gtest/cmake)
[0.702s] -- Found Boost: /usr/lib/x86_64-linux-gnu/cmake/Boost-1.71.0/BoostConfig.cmake (found version "1.71.0")  
[0.709s] -- Found gtest sources under '/opt/ros/foxy/src/gtest_vendor': C++ tests using 'Google Test' will be built
[0.713s] -- Looking for pthread.h
[0.786s] -- Looking for pthread.h - found
[0.786s] -- Performing Test CMAKE_HAVE_LIBC_PTHREAD
[0.864s] -- Performing Test CMAKE_HAVE_LIBC_PTHREAD - Failed
[0.864s] -- Check if compiler accepts -pthread
[0.937s] -- Check if compiler accepts -pthread - yes
[0.937s] -- Found Threads: TRUE  
[1.005s] -- Configuring done
[1.013s] -- Generating done
[1.014s] -- Build files have been written to: /home/ylspyrou/humble_ws/build/serial
[1.021s] Invoked command in '/home/ylspyrou/humble_ws/build/serial' returned '0': CMAKE_PREFIX_PATH=${CMAKE_PREFIX_PATH}:/opt/ros/foxy /usr/bin/cmake /home/ylspyrou/humble_ws/src/serial -DAMENT_CMAKE_SYMLINK_INSTALL=1 -DCMAKE_INSTALL_PREFIX=/home/ylspyrou/humble_ws/install/serial
[1.022s] Invoking command in '/home/ylspyrou/humble_ws/build/serial': CMAKE_PREFIX_PATH=${CMAKE_PREFIX_PATH}:/opt/ros/foxy /usr/bin/cmake --build /home/ylspyrou/humble_ws/build/serial -- -j2 -l2
[1.060s] [35m[1mScanning dependencies of target gtest[0m
[1.060s] [35m[1mScanning dependencies of target serial[0m
[1.084s] [  7%] [32mBuilding CXX object CMakeFiles/serial.dir/src/serial.cc.o[0m
[1.093s] [ 14%] [32mBuilding CXX object gtest/CMakeFiles/gtest.dir/src/gtest-all.cc.o[0m
[1.540s] [ 21%] [32mBuilding CXX object CMakeFiles/serial.dir/src/impl/unix.cc.o[0m
[1.937s] [ 28%] [32mBuilding CXX object CMakeFiles/serial.dir/src/impl/list_ports/list_ports_linux.cc.o[0m
[2.382s] [ 35%] [32m[1mLinking CXX static library libserial.a[0m
[2.423s] [ 35%] Built target serial
[2.433s] [35m[1mScanning dependencies of target gtest_main[0m
[2.448s] [ 42%] [32mBuilding CXX object gtest/CMakeFiles/gtest_main.dir/src/gtest_main.cc.o[0m
[3.129s] [ 50%] [32m[1mLinking CXX static library libgtest_main.a[0m
[3.163s] [ 50%] Built target gtest_main
[3.173s] [35m[1mScanning dependencies of target serial_example[0m
[3.185s] [ 57%] [32mBuilding CXX object CMakeFiles/serial_example.dir/examples/serial_example.cc.o[0m
[3.471s] [ 64%] [32m[1mLinking CXX executable serial_example[0m
[3.571s] [ 64%] Built target serial_example
[4.197s] [ 71%] [32m[1mLinking CXX static library libgtest.a[0m
[4.255s] [ 71%] Built target gtest
[4.266s] [35m[1mScanning dependencies of target serial-test-timer[0m
[4.266s] [35m[1mScanning dependencies of target serial-test[0m
[4.281s] [ 85%] [32mBuilding CXX object tests/CMakeFiles/serial-test.dir/unix_serial_tests.cc.o[0m
[4.281s] [ 85%] [32mBuilding CXX object tests/CMakeFiles/serial-test-timer.dir/unit/unix_timer_tests.cc.o[0m
[4.957s] [ 92%] [32m[1mLinking CXX executable serial-test-timer[0m
[5.102s] [100%] [32m[1mLinking CXX executable serial-test[0m
[5.107s] [100%] Built target serial-test-timer
[5.248s] [100%] Built target serial-test
[5.265s] Invoked command in '/home/ylspyrou/humble_ws/build/serial' returned '0': CMAKE_PREFIX_PATH=${CMAKE_PREFIX_PATH}:/opt/ros/foxy /usr/bin/cmake --build /home/ylspyrou/humble_ws/build/serial -- -j2 -l2
[5.309s] Invoking command in '/home/ylspyrou/humble_ws/build/serial': CMAKE_PREFIX_PATH=${CMAKE_PREFIX_PATH}:/opt/ros/foxy /usr/bin/cmake --install /home/ylspyrou/humble_ws/build/serial
[5.320s] -- Install configuration: ""
[5.320s] -- Execute custom install script
[5.320s] -- Symlinking: /home/ylspyrou/humble_ws/install/serial/lib/libserial.a
[5.330s] -- Symlinking: /home/ylspyrou/humble_ws/install/serial/include/serial/serial.h
[5.339s] -- Symlinking: /home/ylspyrou/humble_ws/install/serial/include/serial/v8stdint.h
[5.349s] -- Symlinking: /home/ylspyrou/humble_ws/install/serial/share/serial/environment/library_path.sh
[5.360s] -- Symlinking: /home/ylspyrou/humble_ws/install/serial/share/serial/environment/library_path.dsv
[5.369s] -- Symlinking: /home/ylspyrou/humble_ws/install/serial/share/ament_index/resource_index/package_run_dependencies/serial
[5.379s] -- Symlinking: /home/ylspyrou/humble_ws/install/serial/share/ament_index/resource_index/parent_prefix_path/serial
[5.388s] -- Symlinking: /home/ylspyrou/humble_ws/install/serial/share/serial/environment/ament_prefix_path.sh
[5.397s] -- Symlinking: /home/ylspyrou/humble_ws/install/serial/share/serial/environment/ament_prefix_path.dsv
[5.407s] -- Symlinking: /home/ylspyrou/humble_ws/install/serial/share/serial/environment/path.sh
[5.417s] -- Symlinking: /home/ylspyrou/humble_ws/install/serial/share/serial/environment/path.dsv
[5.427s] -- Symlinking: /home/ylspyrou/humble_ws/install/serial/share/serial/local_setup.bash
[5.436s] -- Symlinking: /home/ylspyrou/humble_ws/install/serial/share/serial/local_setup.sh
[5.445s] -- Symlinking: /home/ylspyrou/humble_ws/install/serial/share/serial/local_setup.zsh
[5.456s] -- Symlinking: /home/ylspyrou/humble_ws/install/serial/share/serial/local_setup.dsv
[5.465s] -- Symlinking: /home/ylspyrou/humble_ws/install/serial/share/serial/package.dsv
[5.475s] -- Symlinking: /home/ylspyrou/humble_ws/install/serial/share/ament_index/resource_index/packages/serial
[5.484s] -- Symlinking: /home/ylspyrou/humble_ws/install/serial/share/serial/cmake/ament_cmake_export_include_directories-extras.cmake
[5.493s] -- Symlinking: /home/ylspyrou/humble_ws/install/serial/share/serial/cmake/ament_cmake_export_libraries-extras.cmake
[5.503s] -- Symlinking: /home/ylspyrou/humble_ws/install/serial/share/serial/cmake/serialConfig.cmake
[5.512s] -- Symlinking: /home/ylspyrou/humble_ws/install/serial/share/serial/cmake/serialConfig-version.cmake
[5.522s] -- Symlinking: /home/ylspyrou/humble_ws/install/serial/share/serial/package.xml
[5.534s] Invoked command in '/home/ylspyrou/humble_ws/build/serial' returned '0': CMAKE_PREFIX_PATH=${CMAKE_PREFIX_PATH}:/opt/ros/foxy /usr/bin/cmake --install /home/ylspyrou/humble_ws/build/serial
