[0.229s] Invoking command in '/home/ylspyrou/humble_ws/build/controller_interface': AMENT_PREFIX_PATH=/home/ylspyrou/humble_ws/install/hardware_interface:/home/ylspyrou/humble_ws/install/ros2_control_test_assets:/home/ylspyrou/humble_ws/install/control_msgs:${AMENT_PREFIX_PATH} CMAKE_PREFIX_PATH=/home/ylspyrou/humble_ws/install/hardware_interface:/home/ylspyrou/humble_ws/install/ros2_control_test_assets:/home/ylspyrou/humble_ws/install/control_msgs:/opt/ros/foxy LD_LIBRARY_PATH=/home/ylspyrou/humble_ws/install/hardware_interface/lib:/home/ylspyrou/humble_ws/install/control_msgs/lib:${LD_LIBRARY_PATH} PYTHONPATH=/home/ylspyrou/humble_ws/install/control_msgs/lib/python3.8/site-packages:${PYTHONPATH} /usr/bin/cmake --build /home/ylspyrou/humble_ws/build/controller_interface -- -j2 -l2
[0.317s] [ 20%] Built target gmock
[0.344s] [ 33%] Built target gmock_main
[0.376s] [ 46%] Built target controller_interface
[0.396s] [ 60%] Built target test_force_torque_sensor
[0.436s] [ 73%] Built target test_semantic_component_interface
[0.445s] [ 86%] Built target test_imu_sensor
[0.492s] [100%] Built target test_controller_with_options
[0.504s] Invoked command in '/home/ylspyrou/humble_ws/build/controller_interface' returned '0': AMENT_PREFIX_PATH=/home/ylspyrou/humble_ws/install/hardware_interface:/home/ylspyrou/humble_ws/install/ros2_control_test_assets:/home/ylspyrou/humble_ws/install/control_msgs:${AMENT_PREFIX_PATH} CMAKE_PREFIX_PATH=/home/ylspyrou/humble_ws/install/hardware_interface:/home/ylspyrou/humble_ws/install/ros2_control_test_assets:/home/ylspyrou/humble_ws/install/control_msgs:/opt/ros/foxy LD_LIBRARY_PATH=/home/ylspyrou/humble_ws/install/hardware_interface/lib:/home/ylspyrou/humble_ws/install/control_msgs/lib:${LD_LIBRARY_PATH} PYTHONPATH=/home/ylspyrou/humble_ws/install/control_msgs/lib/python3.8/site-packages:${PYTHONPATH} /usr/bin/cmake --build /home/ylspyrou/humble_ws/build/controller_interface -- -j2 -l2
[0.544s] Invoking command in '/home/ylspyrou/humble_ws/build/controller_interface': AMENT_PREFIX_PATH=/home/ylspyrou/humble_ws/install/hardware_interface:/home/ylspyrou/humble_ws/install/ros2_control_test_assets:/home/ylspyrou/humble_ws/install/control_msgs:${AMENT_PREFIX_PATH} CMAKE_PREFIX_PATH=/home/ylspyrou/humble_ws/install/hardware_interface:/home/ylspyrou/humble_ws/install/ros2_control_test_assets:/home/ylspyrou/humble_ws/install/control_msgs:/opt/ros/foxy LD_LIBRARY_PATH=/home/ylspyrou/humble_ws/install/hardware_interface/lib:/home/ylspyrou/humble_ws/install/control_msgs/lib:${LD_LIBRARY_PATH} PYTHONPATH=/home/ylspyrou/humble_ws/install/control_msgs/lib/python3.8/site-packages:${PYTHONPATH} /usr/bin/cmake --install /home/ylspyrou/humble_ws/build/controller_interface
[0.555s] -- Install configuration: ""
[0.556s] -- Execute custom install script
[0.557s] -- Up-to-date symlink: /home/ylspyrou/humble_ws/install/controller_interface/include/controller_interface/controller_interface.hpp
[0.558s] -- Up-to-date symlink: /home/ylspyrou/humble_ws/install/controller_interface/include/controller_interface/controller_state_names.hpp
[0.559s] -- Up-to-date symlink: /home/ylspyrou/humble_ws/install/controller_interface/include/controller_interface/helpers.hpp
[0.559s] -- Up-to-date symlink: /home/ylspyrou/humble_ws/install/controller_interface/include/controller_interface/visibility_control.h
[0.560s] -- Up-to-date symlink: /home/ylspyrou/humble_ws/install/controller_interface/include/semantic_components/force_torque_sensor.hpp
[0.561s] -- Up-to-date symlink: /home/ylspyrou/humble_ws/install/controller_interface/include/semantic_components/imu_sensor.hpp
[0.562s] -- Up-to-date symlink: /home/ylspyrou/humble_ws/install/controller_interface/include/semantic_components/semantic_component_interface.hpp
[0.564s] -- Up-to-date symlink: /home/ylspyrou/humble_ws/install/controller_interface/lib/libcontroller_interface.so
[0.564s] -- Up-to-date symlink: /home/ylspyrou/humble_ws/install/controller_interface/share/controller_interface/environment/library_path.sh
[0.565s] -- Up-to-date symlink: /home/ylspyrou/humble_ws/install/controller_interface/share/controller_interface/environment/library_path.dsv
[0.567s] -- Up-to-date symlink: /home/ylspyrou/humble_ws/install/controller_interface/share/ament_index/resource_index/package_run_dependencies/controller_interface
[0.569s] -- Up-to-date symlink: /home/ylspyrou/humble_ws/install/controller_interface/share/ament_index/resource_index/parent_prefix_path/controller_interface
[0.569s] -- Up-to-date symlink: /home/ylspyrou/humble_ws/install/controller_interface/share/controller_interface/environment/ament_prefix_path.sh
[0.570s] -- Up-to-date symlink: /home/ylspyrou/humble_ws/install/controller_interface/share/controller_interface/environment/ament_prefix_path.dsv
[0.571s] -- Up-to-date symlink: /home/ylspyrou/humble_ws/install/controller_interface/share/controller_interface/environment/path.sh
[0.571s] -- Up-to-date symlink: /home/ylspyrou/humble_ws/install/controller_interface/share/controller_interface/environment/path.dsv
[0.572s] -- Up-to-date symlink: /home/ylspyrou/humble_ws/install/controller_interface/share/controller_interface/local_setup.bash
[0.573s] -- Up-to-date symlink: /home/ylspyrou/humble_ws/install/controller_interface/share/controller_interface/local_setup.sh
[0.573s] -- Up-to-date symlink: /home/ylspyrou/humble_ws/install/controller_interface/share/controller_interface/local_setup.zsh
[0.574s] -- Up-to-date symlink: /home/ylspyrou/humble_ws/install/controller_interface/share/controller_interface/local_setup.dsv
[0.575s] -- Symlinking: /home/ylspyrou/humble_ws/install/controller_interface/share/controller_interface/package.dsv
[0.586s] -- Up-to-date symlink: /home/ylspyrou/humble_ws/install/controller_interface/share/ament_index/resource_index/packages/controller_interface
[0.588s] -- Up-to-date symlink: /home/ylspyrou/humble_ws/install/controller_interface/share/controller_interface/cmake/ament_cmake_export_dependencies-extras.cmake
[0.588s] -- Up-to-date symlink: /home/ylspyrou/humble_ws/install/controller_interface/share/controller_interface/cmake/ament_cmake_export_include_directories-extras.cmake
[0.588s] -- Up-to-date symlink: /home/ylspyrou/humble_ws/install/controller_interface/share/controller_interface/cmake/ament_cmake_export_libraries-extras.cmake
[0.589s] -- Up-to-date symlink: /home/ylspyrou/humble_ws/install/controller_interface/share/controller_interface/cmake/controller_interfaceConfig.cmake
[0.589s] -- Up-to-date symlink: /home/ylspyrou/humble_ws/install/controller_interface/share/controller_interface/cmake/controller_interfaceConfig-version.cmake
[0.589s] -- Up-to-date symlink: /home/ylspyrou/humble_ws/install/controller_interface/share/controller_interface/package.xml
[0.594s] Invoked command in '/home/ylspyrou/humble_ws/build/controller_interface' returned '0': AMENT_PREFIX_PATH=/home/ylspyrou/humble_ws/install/hardware_interface:/home/ylspyrou/humble_ws/install/ros2_control_test_assets:/home/ylspyrou/humble_ws/install/control_msgs:${AMENT_PREFIX_PATH} CMAKE_PREFIX_PATH=/home/ylspyrou/humble_ws/install/hardware_interface:/home/ylspyrou/humble_ws/install/ros2_control_test_assets:/home/ylspyrou/humble_ws/install/control_msgs:/opt/ros/foxy LD_LIBRARY_PATH=/home/ylspyrou/humble_ws/install/hardware_interface/lib:/home/ylspyrou/humble_ws/install/control_msgs/lib:${LD_LIBRARY_PATH} PYTHONPATH=/home/ylspyrou/humble_ws/install/control_msgs/lib/python3.8/site-packages:${PYTHONPATH} /usr/bin/cmake --install /home/ylspyrou/humble_ws/build/controller_interface
