[0.104s] Invoking command in '/home/ylspyrou/humble_ws/build/effort_controllers': AMENT_PREFIX_PATH=/home/ylspyrou/humble_ws/install/forward_command_controller:/home/ylspyrou/humble_ws/install/controller_manager:/home/ylspyrou/humble_ws/install/controller_interface:/home/ylspyrou/humble_ws/install/hardware_interface:/home/ylspyrou/humble_ws/install/ros2_control_test_assets:/home/ylspyrou/humble_ws/install/realtime_tools:/home/ylspyrou/humble_ws/install/controller_manager_msgs:/home/ylspyrou/humble_ws/install/control_msgs:${AMENT_PREFIX_PATH} CMAKE_PREFIX_PATH=/home/ylspyrou/humble_ws/install/forward_command_controller:/home/ylspyrou/humble_ws/install/controller_manager:/home/ylspyrou/humble_ws/install/controller_interface:/home/ylspyrou/humble_ws/install/hardware_interface:/home/ylspyrou/humble_ws/install/ros2_control_test_assets:/home/ylspyrou/humble_ws/install/realtime_tools:/home/ylspyrou/humble_ws/install/controller_manager_msgs:/home/ylspyrou/humble_ws/install/control_msgs:/opt/ros/foxy LD_LIBRARY_PATH=/home/ylspyrou/humble_ws/install/forward_command_controller/lib:/home/ylspyrou/humble_ws/install/controller_manager/lib:/home/ylspyrou/humble_ws/install/controller_interface/lib:/home/ylspyrou/humble_ws/install/hardware_interface/lib:/home/ylspyrou/humble_ws/install/realtime_tools/lib:/home/ylspyrou/humble_ws/install/controller_manager_msgs/lib:/home/ylspyrou/humble_ws/install/control_msgs/lib:${LD_LIBRARY_PATH} PYTHONPATH=/home/ylspyrou/humble_ws/install/controller_manager/lib/python3.8/site-packages:/home/ylspyrou/humble_ws/install/controller_manager_msgs/lib/python3.8/site-packages:/home/ylspyrou/humble_ws/install/control_msgs/lib/python3.8/site-packages:${PYTHONPATH} /usr/bin/cmake /home/ylspyrou/humble_ws/src/ros2_controllers/effort_controllers -DAMENT_CMAKE_SYMLINK_INSTALL=1 -DCMAKE_INSTALL_PREFIX=/home/ylspyrou/humble_ws/install/effort_controllers
[0.234s] -- The C compiler identification is GNU 9.4.0
[0.305s] -- The CXX compiler identification is GNU 9.4.0
[0.316s] -- Check for working C compiler: /usr/bin/cc
[0.406s] -- Check for working C compiler: /usr/bin/cc -- works
[0.409s] -- Detecting C compiler ABI info
[0.506s] -- Detecting C compiler ABI info - done
[0.518s] -- Detecting C compile features
[0.520s] -- Detecting C compile features - done
[0.523s] -- Check for working CXX compiler: /usr/bin/c++
[0.652s] -- Check for working CXX compiler: /usr/bin/c++ -- works
[0.654s] -- Detecting CXX compiler ABI info
[0.781s] -- Detecting CXX compiler ABI info - done
[0.794s] -- Detecting CXX compile features
[0.795s] -- Detecting CXX compile features - done
[0.806s] -- Found ament_cmake: 0.9.12 (/opt/ros/foxy/share/ament_cmake/cmake)
[0.866s] -- Found PythonInterp: /usr/bin/python3 (found suitable version "3.8.10", minimum required is "3") 
[0.866s] -- Using PYTHON_EXECUTABLE: /usr/bin/python3
[1.406s] -- Override CMake install command with custom implementation using symlinks instead of copying resources
[1.461s] -- Found forward_command_controller: 0.9.0 (/home/ylspyrou/humble_ws/install/forward_command_controller/share/forward_command_controller/cmake)
[1.533s] -- Using all available rosidl_typesupport_c: rosidl_typesupport_fastrtps_c;rosidl_typesupport_introspection_c
[1.546s] -- Found rosidl_adapter: 1.3.1 (/opt/ros/foxy/share/rosidl_adapter/cmake)
[1.674s] -- Found OpenSSL: /usr/lib/x86_64-linux-gnu/libcrypto.so (found version "1.1.1f")  
[1.714s] -- Found FastRTPS: /opt/ros/foxy/include  
[1.838s] -- Using all available rosidl_typesupport_cpp: rosidl_typesupport_fastrtps_cpp;rosidl_typesupport_introspection_cpp
[2.554s] -- Found rmw_implementation_cmake: 1.0.4 (/opt/ros/foxy/share/rmw_implementation_cmake/cmake)
[2.558s] -- Using RMW implementation 'rmw_fastrtps_cpp' as default
[2.561s] -- Looking for pthread.h
[2.661s] -- Looking for pthread.h - found
[2.661s] -- Performing Test CMAKE_HAVE_LIBC_PTHREAD
[2.758s] -- Performing Test CMAKE_HAVE_LIBC_PTHREAD - Failed
[2.758s] -- Looking for pthread_create in pthreads
[2.823s] -- Looking for pthread_create in pthreads - not found
[2.824s] -- Looking for pthread_create in pthread
[2.916s] -- Looking for pthread_create in pthread - found
[2.917s] -- Found Threads: TRUE  
[3.586s] -- Found ament_cmake_gmock: 0.9.12 (/opt/ros/foxy/share/ament_cmake_gmock/cmake)
[3.590s] -- Found controller_manager: 0.11.0 (/home/ylspyrou/humble_ws/install/controller_manager/share/controller_manager/cmake)
[3.681s] -- Found ros2_control_test_assets: 0.11.0 (/home/ylspyrou/humble_ws/install/ros2_control_test_assets/share/ros2_control_test_assets/cmake)
[3.687s] -- Found gmock sources under '/opt/ros/foxy/src/gmock_vendor': C++ tests using 'Google Mock' will be built
[3.694s] -- Found ament_cmake_gtest: 0.9.12 (/opt/ros/foxy/share/ament_cmake_gtest/cmake)
[3.696s] -- Found gtest sources under '/opt/ros/foxy/src/gtest_vendor': C++ tests using 'Google Test' will be built
[3.868s] -- Configuring done
[3.964s] -- Generating done
[3.969s] -- Build files have been written to: /home/ylspyrou/humble_ws/build/effort_controllers
[4.007s] Invoked command in '/home/ylspyrou/humble_ws/build/effort_controllers' returned '0': AMENT_PREFIX_PATH=/home/ylspyrou/humble_ws/install/forward_command_controller:/home/ylspyrou/humble_ws/install/controller_manager:/home/ylspyrou/humble_ws/install/controller_interface:/home/ylspyrou/humble_ws/install/hardware_interface:/home/ylspyrou/humble_ws/install/ros2_control_test_assets:/home/ylspyrou/humble_ws/install/realtime_tools:/home/ylspyrou/humble_ws/install/controller_manager_msgs:/home/ylspyrou/humble_ws/install/control_msgs:${AMENT_PREFIX_PATH} CMAKE_PREFIX_PATH=/home/ylspyrou/humble_ws/install/forward_command_controller:/home/ylspyrou/humble_ws/install/controller_manager:/home/ylspyrou/humble_ws/install/controller_interface:/home/ylspyrou/humble_ws/install/hardware_interface:/home/ylspyrou/humble_ws/install/ros2_control_test_assets:/home/ylspyrou/humble_ws/install/realtime_tools:/home/ylspyrou/humble_ws/install/controller_manager_msgs:/home/ylspyrou/humble_ws/install/control_msgs:/opt/ros/foxy LD_LIBRARY_PATH=/home/ylspyrou/humble_ws/install/forward_command_controller/lib:/home/ylspyrou/humble_ws/install/controller_manager/lib:/home/ylspyrou/humble_ws/install/controller_interface/lib:/home/ylspyrou/humble_ws/install/hardware_interface/lib:/home/ylspyrou/humble_ws/install/realtime_tools/lib:/home/ylspyrou/humble_ws/install/controller_manager_msgs/lib:/home/ylspyrou/humble_ws/install/control_msgs/lib:${LD_LIBRARY_PATH} PYTHONPATH=/home/ylspyrou/humble_ws/install/controller_manager/lib/python3.8/site-packages:/home/ylspyrou/humble_ws/install/controller_manager_msgs/lib/python3.8/site-packages:/home/ylspyrou/humble_ws/install/control_msgs/lib/python3.8/site-packages:${PYTHONPATH} /usr/bin/cmake /home/ylspyrou/humble_ws/src/ros2_controllers/effort_controllers -DAMENT_CMAKE_SYMLINK_INSTALL=1 -DCMAKE_INSTALL_PREFIX=/home/ylspyrou/humble_ws/install/effort_controllers
[4.009s] Invoking command in '/home/ylspyrou/humble_ws/build/effort_controllers': AMENT_PREFIX_PATH=/home/ylspyrou/humble_ws/install/forward_command_controller:/home/ylspyrou/humble_ws/install/controller_manager:/home/ylspyrou/humble_ws/install/controller_interface:/home/ylspyrou/humble_ws/install/hardware_interface:/home/ylspyrou/humble_ws/install/ros2_control_test_assets:/home/ylspyrou/humble_ws/install/realtime_tools:/home/ylspyrou/humble_ws/install/controller_manager_msgs:/home/ylspyrou/humble_ws/install/control_msgs:${AMENT_PREFIX_PATH} CMAKE_PREFIX_PATH=/home/ylspyrou/humble_ws/install/forward_command_controller:/home/ylspyrou/humble_ws/install/controller_manager:/home/ylspyrou/humble_ws/install/controller_interface:/home/ylspyrou/humble_ws/install/hardware_interface:/home/ylspyrou/humble_ws/install/ros2_control_test_assets:/home/ylspyrou/humble_ws/install/realtime_tools:/home/ylspyrou/humble_ws/install/controller_manager_msgs:/home/ylspyrou/humble_ws/install/control_msgs:/opt/ros/foxy LD_LIBRARY_PATH=/home/ylspyrou/humble_ws/install/forward_command_controller/lib:/home/ylspyrou/humble_ws/install/controller_manager/lib:/home/ylspyrou/humble_ws/install/controller_interface/lib:/home/ylspyrou/humble_ws/install/hardware_interface/lib:/home/ylspyrou/humble_ws/install/realtime_tools/lib:/home/ylspyrou/humble_ws/install/controller_manager_msgs/lib:/home/ylspyrou/humble_ws/install/control_msgs/lib:${LD_LIBRARY_PATH} PYTHONPATH=/home/ylspyrou/humble_ws/install/controller_manager/lib/python3.8/site-packages:/home/ylspyrou/humble_ws/install/controller_manager_msgs/lib/python3.8/site-packages:/home/ylspyrou/humble_ws/install/control_msgs/lib/python3.8/site-packages:${PYTHONPATH} /usr/bin/cmake --build /home/ylspyrou/humble_ws/build/effort_controllers -- -j2 -l2
[4.100s] [35m[1mScanning dependencies of target gmock[0m
[4.135s] [  9%] [32mBuilding CXX object gmock/CMakeFiles/gmock.dir/opt/ros/foxy/src/gtest_vendor/src/gtest-all.cc.o[0m
[8.036s] [ 18%] [32mBuilding CXX object gmock/CMakeFiles/gmock.dir/src/gmock-all.cc.o[0m
[10.395s] [ 27%] [32m[1mLinking CXX static library libgmock.a[0m
[10.559s] [ 27%] Built target gmock
[10.587s] [35m[1mScanning dependencies of target gmock_main[0m
[10.679s] [ 36%] [32mBuilding CXX object gmock/CMakeFiles/gmock_main.dir/src/gmock_main.cc.o[0m
[12.607s] [ 45%] [32m[1mLinking CXX static library libgmock_main.a[0m
[12.706s] [ 45%] Built target gmock_main
[12.748s] [35m[1mScanning dependencies of target effort_controllers[0m
[12.880s] [ 54%] [32mBuilding CXX object CMakeFiles/effort_controllers.dir/src/joint_group_effort_controller.cpp.o[0m
[16.602s] [ 63%] [32m[1mLinking CXX shared library libeffort_controllers.so[0m
[17.131s] [ 63%] Built target effort_controllers
[17.176s] [35m[1mScanning dependencies of target test_load_joint_group_effort_controller[0m
[17.299s] [ 72%] [32mBuilding CXX object CMakeFiles/test_load_joint_group_effort_controller.dir/test/test_load_joint_group_effort_controller.cpp.o[0m
[24.149s] [ 81%] [32m[1mLinking CXX executable test_load_joint_group_effort_controller[0m
[25.411s] [ 81%] Built target test_load_joint_group_effort_controller
[25.432s] [35m[1mScanning dependencies of target test_joint_group_effort_controller[0m
[25.566s] [ 90%] [32mBuilding CXX object CMakeFiles/test_joint_group_effort_controller.dir/test/test_joint_group_effort_controller.cpp.o[0m
[33.693s] [100%] [32m[1mLinking CXX executable test_joint_group_effort_controller[0m
[34.728s] [100%] Built target test_joint_group_effort_controller
[34.754s] Invoked command in '/home/ylspyrou/humble_ws/build/effort_controllers' returned '0': AMENT_PREFIX_PATH=/home/ylspyrou/humble_ws/install/forward_command_controller:/home/ylspyrou/humble_ws/install/controller_manager:/home/ylspyrou/humble_ws/install/controller_interface:/home/ylspyrou/humble_ws/install/hardware_interface:/home/ylspyrou/humble_ws/install/ros2_control_test_assets:/home/ylspyrou/humble_ws/install/realtime_tools:/home/ylspyrou/humble_ws/install/controller_manager_msgs:/home/ylspyrou/humble_ws/install/control_msgs:${AMENT_PREFIX_PATH} CMAKE_PREFIX_PATH=/home/ylspyrou/humble_ws/install/forward_command_controller:/home/ylspyrou/humble_ws/install/controller_manager:/home/ylspyrou/humble_ws/install/controller_interface:/home/ylspyrou/humble_ws/install/hardware_interface:/home/ylspyrou/humble_ws/install/ros2_control_test_assets:/home/ylspyrou/humble_ws/install/realtime_tools:/home/ylspyrou/humble_ws/install/controller_manager_msgs:/home/ylspyrou/humble_ws/install/control_msgs:/opt/ros/foxy LD_LIBRARY_PATH=/home/ylspyrou/humble_ws/install/forward_command_controller/lib:/home/ylspyrou/humble_ws/install/controller_manager/lib:/home/ylspyrou/humble_ws/install/controller_interface/lib:/home/ylspyrou/humble_ws/install/hardware_interface/lib:/home/ylspyrou/humble_ws/install/realtime_tools/lib:/home/ylspyrou/humble_ws/install/controller_manager_msgs/lib:/home/ylspyrou/humble_ws/install/control_msgs/lib:${LD_LIBRARY_PATH} PYTHONPATH=/home/ylspyrou/humble_ws/install/controller_manager/lib/python3.8/site-packages:/home/ylspyrou/humble_ws/install/controller_manager_msgs/lib/python3.8/site-packages:/home/ylspyrou/humble_ws/install/control_msgs/lib/python3.8/site-packages:${PYTHONPATH} /usr/bin/cmake --build /home/ylspyrou/humble_ws/build/effort_controllers -- -j2 -l2
[34.795s] Invoking command in '/home/ylspyrou/humble_ws/build/effort_controllers': AMENT_PREFIX_PATH=/home/ylspyrou/humble_ws/install/forward_command_controller:/home/ylspyrou/humble_ws/install/controller_manager:/home/ylspyrou/humble_ws/install/controller_interface:/home/ylspyrou/humble_ws/install/hardware_interface:/home/ylspyrou/humble_ws/install/ros2_control_test_assets:/home/ylspyrou/humble_ws/install/realtime_tools:/home/ylspyrou/humble_ws/install/controller_manager_msgs:/home/ylspyrou/humble_ws/install/control_msgs:${AMENT_PREFIX_PATH} CMAKE_PREFIX_PATH=/home/ylspyrou/humble_ws/install/forward_command_controller:/home/ylspyrou/humble_ws/install/controller_manager:/home/ylspyrou/humble_ws/install/controller_interface:/home/ylspyrou/humble_ws/install/hardware_interface:/home/ylspyrou/humble_ws/install/ros2_control_test_assets:/home/ylspyrou/humble_ws/install/realtime_tools:/home/ylspyrou/humble_ws/install/controller_manager_msgs:/home/ylspyrou/humble_ws/install/control_msgs:/opt/ros/foxy LD_LIBRARY_PATH=/home/ylspyrou/humble_ws/install/forward_command_controller/lib:/home/ylspyrou/humble_ws/install/controller_manager/lib:/home/ylspyrou/humble_ws/install/controller_interface/lib:/home/ylspyrou/humble_ws/install/hardware_interface/lib:/home/ylspyrou/humble_ws/install/realtime_tools/lib:/home/ylspyrou/humble_ws/install/controller_manager_msgs/lib:/home/ylspyrou/humble_ws/install/control_msgs/lib:${LD_LIBRARY_PATH} PYTHONPATH=/home/ylspyrou/humble_ws/install/controller_manager/lib/python3.8/site-packages:/home/ylspyrou/humble_ws/install/controller_manager_msgs/lib/python3.8/site-packages:/home/ylspyrou/humble_ws/install/control_msgs/lib/python3.8/site-packages:${PYTHONPATH} /usr/bin/cmake --install /home/ylspyrou/humble_ws/build/effort_controllers
[34.806s] -- Install configuration: ""
[34.807s] -- Execute custom install script
[34.808s] -- Symlinking: /home/ylspyrou/humble_ws/install/effort_controllers/share/effort_controllers//effort_controllers_plugins.xml
[34.824s] -- Symlinking: /home/ylspyrou/humble_ws/install/effort_controllers/include/effort_controllers/joint_group_effort_controller.hpp
[34.834s] -- Symlinking: /home/ylspyrou/humble_ws/install/effort_controllers/include/effort_controllers/visibility_control.h
[34.852s] -- Symlinking: /home/ylspyrou/humble_ws/install/effort_controllers/lib/libeffort_controllers.so
[34.867s] -- Symlinking: /home/ylspyrou/humble_ws/install/effort_controllers/share/effort_controllers/environment/library_path.sh
[34.879s] -- Symlinking: /home/ylspyrou/humble_ws/install/effort_controllers/share/effort_controllers/environment/library_path.dsv
[34.895s] -- Symlinking: /home/ylspyrou/humble_ws/install/effort_controllers/share/ament_index/resource_index/package_run_dependencies/effort_controllers
[34.909s] -- Symlinking: /home/ylspyrou/humble_ws/install/effort_controllers/share/ament_index/resource_index/parent_prefix_path/effort_controllers
[34.921s] -- Symlinking: /home/ylspyrou/humble_ws/install/effort_controllers/share/effort_controllers/environment/ament_prefix_path.sh
[34.933s] -- Symlinking: /home/ylspyrou/humble_ws/install/effort_controllers/share/effort_controllers/environment/ament_prefix_path.dsv
[34.944s] -- Symlinking: /home/ylspyrou/humble_ws/install/effort_controllers/share/effort_controllers/environment/path.sh
[34.978s] -- Symlinking: /home/ylspyrou/humble_ws/install/effort_controllers/share/effort_controllers/environment/path.dsv
[35.002s] -- Symlinking: /home/ylspyrou/humble_ws/install/effort_controllers/share/effort_controllers/local_setup.bash
[35.024s] -- Symlinking: /home/ylspyrou/humble_ws/install/effort_controllers/share/effort_controllers/local_setup.sh
[35.034s] -- Symlinking: /home/ylspyrou/humble_ws/install/effort_controllers/share/effort_controllers/local_setup.zsh
[35.051s] -- Symlinking: /home/ylspyrou/humble_ws/install/effort_controllers/share/effort_controllers/local_setup.dsv
[35.067s] -- Symlinking: /home/ylspyrou/humble_ws/install/effort_controllers/share/effort_controllers/package.dsv
[35.079s] -- Symlinking: /home/ylspyrou/humble_ws/install/effort_controllers/share/ament_index/resource_index/packages/effort_controllers
[35.089s] -- Symlinking: /home/ylspyrou/humble_ws/install/effort_controllers/share/ament_index/resource_index/controller_interface__pluginlib__plugin/effort_controllers
[35.102s] -- Symlinking: /home/ylspyrou/humble_ws/install/effort_controllers/share/effort_controllers/cmake/ament_cmake_export_dependencies-extras.cmake
[35.113s] -- Symlinking: /home/ylspyrou/humble_ws/install/effort_controllers/share/effort_controllers/cmake/ament_cmake_export_include_directories-extras.cmake
[35.124s] -- Symlinking: /home/ylspyrou/humble_ws/install/effort_controllers/share/effort_controllers/cmake/ament_cmake_export_libraries-extras.cmake
[35.136s] -- Symlinking: /home/ylspyrou/humble_ws/install/effort_controllers/share/effort_controllers/cmake/effort_controllersConfig.cmake
[35.152s] -- Symlinking: /home/ylspyrou/humble_ws/install/effort_controllers/share/effort_controllers/cmake/effort_controllersConfig-version.cmake
[35.166s] -- Symlinking: /home/ylspyrou/humble_ws/install/effort_controllers/share/effort_controllers/package.xml
[35.183s] Invoked command in '/home/ylspyrou/humble_ws/build/effort_controllers' returned '0': AMENT_PREFIX_PATH=/home/ylspyrou/humble_ws/install/forward_command_controller:/home/ylspyrou/humble_ws/install/controller_manager:/home/ylspyrou/humble_ws/install/controller_interface:/home/ylspyrou/humble_ws/install/hardware_interface:/home/ylspyrou/humble_ws/install/ros2_control_test_assets:/home/ylspyrou/humble_ws/install/realtime_tools:/home/ylspyrou/humble_ws/install/controller_manager_msgs:/home/ylspyrou/humble_ws/install/control_msgs:${AMENT_PREFIX_PATH} CMAKE_PREFIX_PATH=/home/ylspyrou/humble_ws/install/forward_command_controller:/home/ylspyrou/humble_ws/install/controller_manager:/home/ylspyrou/humble_ws/install/controller_interface:/home/ylspyrou/humble_ws/install/hardware_interface:/home/ylspyrou/humble_ws/install/ros2_control_test_assets:/home/ylspyrou/humble_ws/install/realtime_tools:/home/ylspyrou/humble_ws/install/controller_manager_msgs:/home/ylspyrou/humble_ws/install/control_msgs:/opt/ros/foxy LD_LIBRARY_PATH=/home/ylspyrou/humble_ws/install/forward_command_controller/lib:/home/ylspyrou/humble_ws/install/controller_manager/lib:/home/ylspyrou/humble_ws/install/controller_interface/lib:/home/ylspyrou/humble_ws/install/hardware_interface/lib:/home/ylspyrou/humble_ws/install/realtime_tools/lib:/home/ylspyrou/humble_ws/install/controller_manager_msgs/lib:/home/ylspyrou/humble_ws/install/control_msgs/lib:${LD_LIBRARY_PATH} PYTHONPATH=/home/ylspyrou/humble_ws/install/controller_manager/lib/python3.8/site-packages:/home/ylspyrou/humble_ws/install/controller_manager_msgs/lib/python3.8/site-packages:/home/ylspyrou/humble_ws/install/control_msgs/lib/python3.8/site-packages:${PYTHONPATH} /usr/bin/cmake --install /home/ylspyrou/humble_ws/build/effort_controllers
