[0.017s] Invoking command in '/home/ylspyrou/humble_ws/build/serial_motor_demo_msgs': CMAKE_PREFIX_PATH=/opt/ros/foxy /usr/bin/cmake --build /home/ylspyrou/humble_ws/build/serial_motor_demo_msgs -- -j2 -l2
[0.116s] [ 10%] Built target serial_motor_demo_msgs__rosidl_generator_c
[0.122s] [ 12%] Built target serial_motor_demo_msgs__cpp
[0.161s] [ 23%] Built target serial_motor_demo_msgs__rosidl_typesupport_c
[0.164s] [ 34%] Built target serial_motor_demo_msgs__rosidl_typesupport_introspection_c
[0.204s] [ 44%] Built target serial_motor_demo_msgs__rosidl_typesupport_introspection_cpp
[0.212s] [ 55%] Built target serial_motor_demo_msgs__rosidl_typesupport_cpp
[0.258s] [ 65%] Built target serial_motor_demo_msgs__rosidl_typesupport_fastrtps_cpp
[0.289s] [ 76%] Built target serial_motor_demo_msgs__rosidl_typesupport_fastrtps_c
[0.324s] [ 76%] Built target serial_motor_demo_msgs
[0.351s] [ 78%] Built target serial_motor_demo_msgs__py
[0.387s] [ 87%] Built target serial_motor_demo_msgs__python
[0.436s] [ 91%] Built target serial_motor_demo_msgs__rosidl_typesupport_introspection_c__pyext
[0.444s] [ 95%] Built target serial_motor_demo_msgs__rosidl_typesupport_fastrtps_c__pyext
[0.473s] [100%] Built target serial_motor_demo_msgs__rosidl_typesupport_c__pyext
[0.487s] Invoked command in '/home/ylspyrou/humble_ws/build/serial_motor_demo_msgs' returned '0': CMAKE_PREFIX_PATH=/opt/ros/foxy /usr/bin/cmake --build /home/ylspyrou/humble_ws/build/serial_motor_demo_msgs -- -j2 -l2
[0.594s] Invoking command in '/home/ylspyrou/humble_ws/build/serial_motor_demo_msgs': CMAKE_PREFIX_PATH=/opt/ros/foxy /usr/bin/cmake --install /home/ylspyrou/humble_ws/build/serial_motor_demo_msgs
[0.610s] -- Install configuration: ""
[0.611s] -- Execute custom install script
[0.614s] -- Up-to-date symlink: /home/ylspyrou/humble_ws/install/serial_motor_demo_msgs/share/ament_index/resource_index/rosidl_interfaces/serial_motor_demo_msgs
[0.617s] -- Up-to-date symlink: /home/ylspyrou/humble_ws/install/serial_motor_demo_msgs/include/serial_motor_demo_msgs/msg/detail/encoder_vals__functions.h
[0.618s] -- Up-to-date symlink: /home/ylspyrou/humble_ws/install/serial_motor_demo_msgs/include/serial_motor_demo_msgs/msg/detail/encoder_vals__struct.h
[0.618s] -- Up-to-date symlink: /home/ylspyrou/humble_ws/install/serial_motor_demo_msgs/include/serial_motor_demo_msgs/msg/detail/encoder_vals__type_support.h
[0.619s] -- Up-to-date symlink: /home/ylspyrou/humble_ws/install/serial_motor_demo_msgs/include/serial_motor_demo_msgs/msg/detail/motor_command__functions.h
[0.619s] -- Up-to-date symlink: /home/ylspyrou/humble_ws/install/serial_motor_demo_msgs/include/serial_motor_demo_msgs/msg/detail/motor_command__struct.h
[0.620s] -- Up-to-date symlink: /home/ylspyrou/humble_ws/install/serial_motor_demo_msgs/include/serial_motor_demo_msgs/msg/detail/motor_command__type_support.h
[0.620s] -- Up-to-date symlink: /home/ylspyrou/humble_ws/install/serial_motor_demo_msgs/include/serial_motor_demo_msgs/msg/detail/motor_vels__functions.h
[0.621s] -- Up-to-date symlink: /home/ylspyrou/humble_ws/install/serial_motor_demo_msgs/include/serial_motor_demo_msgs/msg/detail/motor_vels__struct.h
[0.622s] -- Up-to-date symlink: /home/ylspyrou/humble_ws/install/serial_motor_demo_msgs/include/serial_motor_demo_msgs/msg/detail/motor_vels__type_support.h
[0.622s] -- Up-to-date symlink: /home/ylspyrou/humble_ws/install/serial_motor_demo_msgs/include/serial_motor_demo_msgs/msg/encoder_vals.h
[0.622s] -- Up-to-date symlink: /home/ylspyrou/humble_ws/install/serial_motor_demo_msgs/include/serial_motor_demo_msgs/msg/motor_command.h
[0.623s] -- Up-to-date symlink: /home/ylspyrou/humble_ws/install/serial_motor_demo_msgs/include/serial_motor_demo_msgs/msg/motor_vels.h
[0.623s] -- Up-to-date symlink: /home/ylspyrou/humble_ws/install/serial_motor_demo_msgs/include/serial_motor_demo_msgs/msg/rosidl_generator_c__visibility_control.h
[0.625s] -- Up-to-date symlink: /home/ylspyrou/humble_ws/install/serial_motor_demo_msgs/share/serial_motor_demo_msgs/environment/library_path.sh
[0.626s] -- Up-to-date symlink: /home/ylspyrou/humble_ws/install/serial_motor_demo_msgs/share/serial_motor_demo_msgs/environment/library_path.dsv
[0.626s] -- Up-to-date symlink: /home/ylspyrou/humble_ws/install/serial_motor_demo_msgs/include/serial_motor_demo_msgs/msg/detail/encoder_vals__rosidl_typesupport_fastrtps_c.h
[0.627s] -- Up-to-date symlink: /home/ylspyrou/humble_ws/install/serial_motor_demo_msgs/include/serial_motor_demo_msgs/msg/detail/motor_command__rosidl_typesupport_fastrtps_c.h
[0.627s] -- Up-to-date symlink: /home/ylspyrou/humble_ws/install/serial_motor_demo_msgs/include/serial_motor_demo_msgs/msg/detail/motor_vels__rosidl_typesupport_fastrtps_c.h
[0.628s] -- Up-to-date symlink: /home/ylspyrou/humble_ws/install/serial_motor_demo_msgs/include/serial_motor_demo_msgs/msg/rosidl_typesupport_fastrtps_c__visibility_control.h
[0.629s] -- Up-to-date symlink: /home/ylspyrou/humble_ws/install/serial_motor_demo_msgs/lib/libserial_motor_demo_msgs__rosidl_typesupport_fastrtps_c.so
[0.630s] -- Up-to-date symlink: /home/ylspyrou/humble_ws/install/serial_motor_demo_msgs/include/serial_motor_demo_msgs/msg/detail/encoder_vals__rosidl_typesupport_fastrtps_cpp.hpp
[0.631s] -- Up-to-date symlink: /home/ylspyrou/humble_ws/install/serial_motor_demo_msgs/include/serial_motor_demo_msgs/msg/detail/motor_command__rosidl_typesupport_fastrtps_cpp.hpp
[0.631s] -- Up-to-date symlink: /home/ylspyrou/humble_ws/install/serial_motor_demo_msgs/include/serial_motor_demo_msgs/msg/detail/motor_vels__rosidl_typesupport_fastrtps_cpp.hpp
[0.631s] -- Up-to-date symlink: /home/ylspyrou/humble_ws/install/serial_motor_demo_msgs/include/serial_motor_demo_msgs/msg/rosidl_typesupport_fastrtps_cpp__visibility_control.h
[0.632s] -- Up-to-date symlink: /home/ylspyrou/humble_ws/install/serial_motor_demo_msgs/lib/libserial_motor_demo_msgs__rosidl_typesupport_fastrtps_cpp.so
[0.633s] -- Up-to-date symlink: /home/ylspyrou/humble_ws/install/serial_motor_demo_msgs/include/serial_motor_demo_msgs/msg/detail/encoder_vals__rosidl_typesupport_introspection_c.h
[0.634s] -- Up-to-date symlink: /home/ylspyrou/humble_ws/install/serial_motor_demo_msgs/include/serial_motor_demo_msgs/msg/detail/motor_command__rosidl_typesupport_introspection_c.h
[0.635s] -- Up-to-date symlink: /home/ylspyrou/humble_ws/install/serial_motor_demo_msgs/include/serial_motor_demo_msgs/msg/detail/motor_vels__rosidl_typesupport_introspection_c.h
[0.635s] -- Up-to-date symlink: /home/ylspyrou/humble_ws/install/serial_motor_demo_msgs/include/serial_motor_demo_msgs/msg/rosidl_typesupport_introspection_c__visibility_control.h
[0.636s] -- Up-to-date symlink: /home/ylspyrou/humble_ws/install/serial_motor_demo_msgs/include/serial_motor_demo_msgs/msg/detail/encoder_vals__builder.hpp
[0.637s] -- Up-to-date symlink: /home/ylspyrou/humble_ws/install/serial_motor_demo_msgs/include/serial_motor_demo_msgs/msg/detail/encoder_vals__struct.hpp
[0.638s] -- Up-to-date symlink: /home/ylspyrou/humble_ws/install/serial_motor_demo_msgs/include/serial_motor_demo_msgs/msg/detail/encoder_vals__traits.hpp
[0.638s] -- Up-to-date symlink: /home/ylspyrou/humble_ws/install/serial_motor_demo_msgs/include/serial_motor_demo_msgs/msg/detail/encoder_vals__type_support.hpp
[0.639s] -- Up-to-date symlink: /home/ylspyrou/humble_ws/install/serial_motor_demo_msgs/include/serial_motor_demo_msgs/msg/detail/motor_command__builder.hpp
[0.639s] -- Up-to-date symlink: /home/ylspyrou/humble_ws/install/serial_motor_demo_msgs/include/serial_motor_demo_msgs/msg/detail/motor_command__struct.hpp
[0.640s] -- Up-to-date symlink: /home/ylspyrou/humble_ws/install/serial_motor_demo_msgs/include/serial_motor_demo_msgs/msg/detail/motor_command__traits.hpp
[0.640s] -- Up-to-date symlink: /home/ylspyrou/humble_ws/install/serial_motor_demo_msgs/include/serial_motor_demo_msgs/msg/detail/motor_command__type_support.hpp
[0.641s] -- Up-to-date symlink: /home/ylspyrou/humble_ws/install/serial_motor_demo_msgs/include/serial_motor_demo_msgs/msg/detail/motor_vels__builder.hpp
[0.642s] -- Up-to-date symlink: /home/ylspyrou/humble_ws/install/serial_motor_demo_msgs/include/serial_motor_demo_msgs/msg/detail/motor_vels__struct.hpp
[0.642s] -- Up-to-date symlink: /home/ylspyrou/humble_ws/install/serial_motor_demo_msgs/include/serial_motor_demo_msgs/msg/detail/motor_vels__traits.hpp
[0.643s] -- Up-to-date symlink: /home/ylspyrou/humble_ws/install/serial_motor_demo_msgs/include/serial_motor_demo_msgs/msg/detail/motor_vels__type_support.hpp
[0.643s] -- Up-to-date symlink: /home/ylspyrou/humble_ws/install/serial_motor_demo_msgs/include/serial_motor_demo_msgs/msg/encoder_vals.hpp
[0.644s] -- Up-to-date symlink: /home/ylspyrou/humble_ws/install/serial_motor_demo_msgs/include/serial_motor_demo_msgs/msg/motor_command.hpp
[0.644s] -- Up-to-date symlink: /home/ylspyrou/humble_ws/install/serial_motor_demo_msgs/include/serial_motor_demo_msgs/msg/motor_vels.hpp
[0.645s] -- Up-to-date symlink: /home/ylspyrou/humble_ws/install/serial_motor_demo_msgs/include/serial_motor_demo_msgs/msg/rosidl_generator_cpp__visibility_control.hpp
[0.646s] -- Up-to-date symlink: /home/ylspyrou/humble_ws/install/serial_motor_demo_msgs/include/serial_motor_demo_msgs/msg/detail/encoder_vals__rosidl_typesupport_introspection_cpp.hpp
[0.647s] -- Up-to-date symlink: /home/ylspyrou/humble_ws/install/serial_motor_demo_msgs/include/serial_motor_demo_msgs/msg/detail/motor_command__rosidl_typesupport_introspection_cpp.hpp
[0.648s] -- Up-to-date symlink: /home/ylspyrou/humble_ws/install/serial_motor_demo_msgs/include/serial_motor_demo_msgs/msg/detail/motor_vels__rosidl_typesupport_introspection_cpp.hpp
[0.648s] -- Up-to-date symlink: /home/ylspyrou/humble_ws/install/serial_motor_demo_msgs/share/serial_motor_demo_msgs/environment/pythonpath.sh
[0.649s] -- Up-to-date symlink: /home/ylspyrou/humble_ws/install/serial_motor_demo_msgs/share/serial_motor_demo_msgs/environment/pythonpath.dsv
[0.650s] -- Up-to-date symlink: /home/ylspyrou/humble_ws/install/serial_motor_demo_msgs/lib/python3.8/site-packages/serial_motor_demo_msgs/__init__.py
[0.651s] -- Up-to-date symlink: /home/ylspyrou/humble_ws/install/serial_motor_demo_msgs/lib/python3.8/site-packages/serial_motor_demo_msgs/msg/__init__.py
[0.652s] -- Up-to-date symlink: /home/ylspyrou/humble_ws/install/serial_motor_demo_msgs/lib/python3.8/site-packages/serial_motor_demo_msgs/msg/_encoder_vals.py
[0.653s] -- Up-to-date symlink: /home/ylspyrou/humble_ws/install/serial_motor_demo_msgs/lib/python3.8/site-packages/serial_motor_demo_msgs/msg/_motor_command.py
[0.653s] -- Up-to-date symlink: /home/ylspyrou/humble_ws/install/serial_motor_demo_msgs/lib/python3.8/site-packages/serial_motor_demo_msgs/msg/_motor_vels.py
[0.654s] -- Up-to-date symlink: /home/ylspyrou/humble_ws/install/serial_motor_demo_msgs/lib/python3.8/site-packages/serial_motor_demo_msgs/serial_motor_demo_msgs_s__rosidl_typesupport_fastrtps_c.cpython-38-x86_64-linux-gnu.so
[0.655s] -- Up-to-date symlink: /home/ylspyrou/humble_ws/install/serial_motor_demo_msgs/lib/python3.8/site-packages/serial_motor_demo_msgs/serial_motor_demo_msgs_s__rosidl_typesupport_introspection_c.cpython-38-x86_64-linux-gnu.so
[0.656s] -- Up-to-date symlink: /home/ylspyrou/humble_ws/install/serial_motor_demo_msgs/lib/python3.8/site-packages/serial_motor_demo_msgs/serial_motor_demo_msgs_s__rosidl_typesupport_c.cpython-38-x86_64-linux-gnu.so
[0.658s] -- Up-to-date symlink: /home/ylspyrou/humble_ws/install/serial_motor_demo_msgs/lib/libserial_motor_demo_msgs__python.so
[0.658s] -- Up-to-date symlink: /home/ylspyrou/humble_ws/install/serial_motor_demo_msgs/share/serial_motor_demo_msgs/msg/MotorCommand.idl
[0.659s] -- Up-to-date symlink: /home/ylspyrou/humble_ws/install/serial_motor_demo_msgs/share/serial_motor_demo_msgs/msg/MotorVels.idl
[0.660s] -- Up-to-date symlink: /home/ylspyrou/humble_ws/install/serial_motor_demo_msgs/share/serial_motor_demo_msgs/msg/EncoderVals.idl
[0.661s] -- Up-to-date symlink: /home/ylspyrou/humble_ws/install/serial_motor_demo_msgs/share/serial_motor_demo_msgs/msg/MotorCommand.msg
[0.661s] -- Up-to-date symlink: /home/ylspyrou/humble_ws/install/serial_motor_demo_msgs/share/serial_motor_demo_msgs/msg/MotorVels.msg
[0.662s] -- Up-to-date symlink: /home/ylspyrou/humble_ws/install/serial_motor_demo_msgs/share/serial_motor_demo_msgs/msg/EncoderVals.msg
[0.663s] -- Up-to-date symlink: /home/ylspyrou/humble_ws/install/serial_motor_demo_msgs/share/ament_index/resource_index/package_run_dependencies/serial_motor_demo_msgs
[0.664s] -- Up-to-date symlink: /home/ylspyrou/humble_ws/install/serial_motor_demo_msgs/share/ament_index/resource_index/parent_prefix_path/serial_motor_demo_msgs
[0.665s] -- Up-to-date symlink: /home/ylspyrou/humble_ws/install/serial_motor_demo_msgs/share/serial_motor_demo_msgs/environment/ament_prefix_path.sh
[0.666s] -- Up-to-date symlink: /home/ylspyrou/humble_ws/install/serial_motor_demo_msgs/share/serial_motor_demo_msgs/environment/ament_prefix_path.dsv
[0.666s] -- Up-to-date symlink: /home/ylspyrou/humble_ws/install/serial_motor_demo_msgs/share/serial_motor_demo_msgs/environment/path.sh
[0.667s] -- Up-to-date symlink: /home/ylspyrou/humble_ws/install/serial_motor_demo_msgs/share/serial_motor_demo_msgs/environment/path.dsv
[0.668s] -- Up-to-date symlink: /home/ylspyrou/humble_ws/install/serial_motor_demo_msgs/share/serial_motor_demo_msgs/local_setup.bash
[0.669s] -- Up-to-date symlink: /home/ylspyrou/humble_ws/install/serial_motor_demo_msgs/share/serial_motor_demo_msgs/local_setup.sh
[0.670s] -- Up-to-date symlink: /home/ylspyrou/humble_ws/install/serial_motor_demo_msgs/share/serial_motor_demo_msgs/local_setup.zsh
[0.671s] -- Up-to-date symlink: /home/ylspyrou/humble_ws/install/serial_motor_demo_msgs/share/serial_motor_demo_msgs/local_setup.dsv
[0.672s] -- Symlinking: /home/ylspyrou/humble_ws/install/serial_motor_demo_msgs/share/serial_motor_demo_msgs/package.dsv
[0.686s] -- Up-to-date symlink: /home/ylspyrou/humble_ws/install/serial_motor_demo_msgs/share/ament_index/resource_index/packages/serial_motor_demo_msgs
[0.687s] -- Up-to-date symlink: /home/ylspyrou/humble_ws/install/serial_motor_demo_msgs/share/serial_motor_demo_msgs/cmake/rosidl_cmake-extras.cmake
[0.688s] -- Up-to-date symlink: /home/ylspyrou/humble_ws/install/serial_motor_demo_msgs/share/serial_motor_demo_msgs/cmake/ament_cmake_export_dependencies-extras.cmake
[0.689s] -- Up-to-date symlink: /home/ylspyrou/humble_ws/install/serial_motor_demo_msgs/share/serial_motor_demo_msgs/cmake/ament_cmake_export_libraries-extras.cmake
[0.690s] -- Up-to-date symlink: /home/ylspyrou/humble_ws/install/serial_motor_demo_msgs/share/serial_motor_demo_msgs/cmake/ament_cmake_export_targets-extras.cmake
[0.690s] -- Up-to-date symlink: /home/ylspyrou/humble_ws/install/serial_motor_demo_msgs/share/serial_motor_demo_msgs/cmake/ament_cmake_export_include_directories-extras.cmake
[0.691s] -- Up-to-date symlink: /home/ylspyrou/humble_ws/install/serial_motor_demo_msgs/share/serial_motor_demo_msgs/cmake/rosidl_cmake_export_typesupport_libraries-extras.cmake
[0.691s] -- Up-to-date symlink: /home/ylspyrou/humble_ws/install/serial_motor_demo_msgs/share/serial_motor_demo_msgs/cmake/rosidl_cmake_export_typesupport_targets-extras.cmake
[0.692s] -- Up-to-date symlink: /home/ylspyrou/humble_ws/install/serial_motor_demo_msgs/share/serial_motor_demo_msgs/cmake/serial_motor_demo_msgsConfig.cmake
[0.692s] -- Up-to-date symlink: /home/ylspyrou/humble_ws/install/serial_motor_demo_msgs/share/serial_motor_demo_msgs/cmake/serial_motor_demo_msgsConfig-version.cmake
[0.693s] -- Up-to-date symlink: /home/ylspyrou/humble_ws/install/serial_motor_demo_msgs/share/serial_motor_demo_msgs/package.xml
[0.693s] -- Up-to-date: /home/ylspyrou/humble_ws/install/serial_motor_demo_msgs/lib/libserial_motor_demo_msgs__rosidl_generator_c.so
[0.694s] -- Up-to-date: /home/ylspyrou/humble_ws/install/serial_motor_demo_msgs/lib/libserial_motor_demo_msgs__rosidl_typesupport_introspection_c.so
[0.695s] -- Up-to-date: /home/ylspyrou/humble_ws/install/serial_motor_demo_msgs/lib/libserial_motor_demo_msgs__rosidl_typesupport_c.so
[0.697s] -- Up-to-date: /home/ylspyrou/humble_ws/install/serial_motor_demo_msgs/lib/libserial_motor_demo_msgs__rosidl_typesupport_introspection_cpp.so
[0.698s] -- Up-to-date: /home/ylspyrou/humble_ws/install/serial_motor_demo_msgs/lib/libserial_motor_demo_msgs__rosidl_typesupport_cpp.so
[0.732s] -- Up-to-date: /home/ylspyrou/humble_ws/install/serial_motor_demo_msgs/share/serial_motor_demo_msgs/cmake/serial_motor_demo_msgs__rosidl_generator_cExport.cmake
[0.732s] -- Up-to-date: /home/ylspyrou/humble_ws/install/serial_motor_demo_msgs/share/serial_motor_demo_msgs/cmake/serial_motor_demo_msgs__rosidl_generator_cExport-noconfig.cmake
[0.733s] -- Up-to-date: /home/ylspyrou/humble_ws/install/serial_motor_demo_msgs/share/serial_motor_demo_msgs/cmake/serial_motor_demo_msgs__rosidl_typesupport_introspection_cExport.cmake
[0.733s] -- Up-to-date: /home/ylspyrou/humble_ws/install/serial_motor_demo_msgs/share/serial_motor_demo_msgs/cmake/serial_motor_demo_msgs__rosidl_typesupport_introspection_cExport-noconfig.cmake
[0.734s] -- Up-to-date: /home/ylspyrou/humble_ws/install/serial_motor_demo_msgs/share/serial_motor_demo_msgs/cmake/serial_motor_demo_msgs__rosidl_typesupport_cExport.cmake
[0.734s] -- Up-to-date: /home/ylspyrou/humble_ws/install/serial_motor_demo_msgs/share/serial_motor_demo_msgs/cmake/serial_motor_demo_msgs__rosidl_typesupport_cExport-noconfig.cmake
[0.735s] -- Up-to-date: /home/ylspyrou/humble_ws/install/serial_motor_demo_msgs/share/serial_motor_demo_msgs/cmake/serial_motor_demo_msgs__rosidl_generator_cppExport.cmake
[0.736s] -- Up-to-date: /home/ylspyrou/humble_ws/install/serial_motor_demo_msgs/share/serial_motor_demo_msgs/cmake/serial_motor_demo_msgs__rosidl_typesupport_introspection_cppExport.cmake
[0.736s] -- Up-to-date: /home/ylspyrou/humble_ws/install/serial_motor_demo_msgs/share/serial_motor_demo_msgs/cmake/serial_motor_demo_msgs__rosidl_typesupport_introspection_cppExport-noconfig.cmake
[0.737s] -- Up-to-date: /home/ylspyrou/humble_ws/install/serial_motor_demo_msgs/share/serial_motor_demo_msgs/cmake/serial_motor_demo_msgs__rosidl_typesupport_cppExport.cmake
[0.738s] -- Up-to-date: /home/ylspyrou/humble_ws/install/serial_motor_demo_msgs/share/serial_motor_demo_msgs/cmake/serial_motor_demo_msgs__rosidl_typesupport_cppExport-noconfig.cmake
[0.741s] Invoked command in '/home/ylspyrou/humble_ws/build/serial_motor_demo_msgs' returned '0': CMAKE_PREFIX_PATH=/opt/ros/foxy /usr/bin/cmake --install /home/ylspyrou/humble_ws/build/serial_motor_demo_msgs
