[0.060s] Invoking command in '/home/ylspyrou/humble_ws/build/joint_state_broadcaster': AMENT_PREFIX_PATH=/home/ylspyrou/humble_ws/install/controller_manager:/home/ylspyrou/humble_ws/install/controller_interface:/home/ylspyrou/humble_ws/install/hardware_interface:/home/ylspyrou/humble_ws/install/ros2_control_test_assets:/home/ylspyrou/humble_ws/install/realtime_tools:/home/ylspyrou/humble_ws/install/controller_manager_msgs:/home/ylspyrou/humble_ws/install/control_msgs:${AMENT_PREFIX_PATH} CMAKE_PREFIX_PATH=/home/ylspyrou/humble_ws/install/controller_manager:/home/ylspyrou/humble_ws/install/controller_interface:/home/ylspyrou/humble_ws/install/hardware_interface:/home/ylspyrou/humble_ws/install/ros2_control_test_assets:/home/ylspyrou/humble_ws/install/realtime_tools:/home/ylspyrou/humble_ws/install/controller_manager_msgs:/home/ylspyrou/humble_ws/install/control_msgs:/opt/ros/foxy LD_LIBRARY_PATH=/home/ylspyrou/humble_ws/install/controller_manager/lib:/home/ylspyrou/humble_ws/install/controller_interface/lib:/home/ylspyrou/humble_ws/install/hardware_interface/lib:/home/ylspyrou/humble_ws/install/realtime_tools/lib:/home/ylspyrou/humble_ws/install/controller_manager_msgs/lib:/home/ylspyrou/humble_ws/install/control_msgs/lib:${LD_LIBRARY_PATH} PYTHONPATH=/home/ylspyrou/humble_ws/install/controller_manager/lib/python3.8/site-packages:/home/ylspyrou/humble_ws/install/controller_manager_msgs/lib/python3.8/site-packages:/home/ylspyrou/humble_ws/install/control_msgs/lib/python3.8/site-packages:${PYTHONPATH} /usr/bin/cmake /home/ylspyrou/humble_ws/src/ros2_controllers/joint_state_broadcaster -DAMENT_CMAKE_SYMLINK_INSTALL=1 -DCMAKE_INSTALL_PREFIX=/home/ylspyrou/humble_ws/install/joint_state_broadcaster
[0.181s] -- The C compiler identification is GNU 9.4.0
[0.255s] -- The CXX compiler identification is GNU 9.4.0
[0.259s] -- Check for working C compiler: /usr/bin/cc
[0.354s] -- Check for working C compiler: /usr/bin/cc -- works
[0.356s] -- Detecting C compiler ABI info
[0.432s] -- Detecting C compiler ABI info - done
[0.443s] -- Detecting C compile features
[0.443s] -- Detecting C compile features - done
[0.445s] -- Check for working CXX compiler: /usr/bin/c++
[0.540s] -- Check for working CXX compiler: /usr/bin/c++ -- works
[0.541s] -- Detecting CXX compiler ABI info
[0.641s] -- Detecting CXX compiler ABI info - done
[0.652s] -- Detecting CXX compile features
[0.653s] -- Detecting CXX compile features - done
[0.661s] -- Found ament_cmake: 0.9.12 (/opt/ros/foxy/share/ament_cmake/cmake)
[0.687s] -- Found PythonInterp: /usr/bin/python3 (found suitable version "3.8.10", minimum required is "3") 
[0.687s] -- Using PYTHON_EXECUTABLE: /usr/bin/python3
[0.872s] -- Override CMake install command with custom implementation using symlinks instead of copying resources
[0.901s] -- Found control_msgs: 2.5.1 (/home/ylspyrou/humble_ws/install/control_msgs/share/control_msgs/cmake)
[0.959s] -- Using all available rosidl_typesupport_c: rosidl_typesupport_fastrtps_c;rosidl_typesupport_introspection_c
[0.972s] -- Found rosidl_adapter: 1.3.1 (/opt/ros/foxy/share/rosidl_adapter/cmake)
[1.095s] -- Found OpenSSL: /usr/lib/x86_64-linux-gnu/libcrypto.so (found version "1.1.1f")  
[1.130s] -- Found FastRTPS: /opt/ros/foxy/include  
[1.235s] -- Using all available rosidl_typesupport_cpp: rosidl_typesupport_fastrtps_cpp;rosidl_typesupport_introspection_cpp
[1.771s] -- Found controller_interface: 0.11.0 (/home/ylspyrou/humble_ws/install/controller_interface/share/controller_interface/cmake)
[2.044s] -- Found rmw_implementation_cmake: 1.0.4 (/opt/ros/foxy/share/rmw_implementation_cmake/cmake)
[2.054s] -- Using RMW implementation 'rmw_fastrtps_cpp' as default
[2.055s] -- Looking for pthread.h
[2.182s] -- Looking for pthread.h - found
[2.182s] -- Performing Test CMAKE_HAVE_LIBC_PTHREAD
[2.282s] -- Performing Test CMAKE_HAVE_LIBC_PTHREAD - Failed
[2.282s] -- Looking for pthread_create in pthreads
[2.352s] -- Looking for pthread_create in pthreads - not found
[2.353s] -- Looking for pthread_create in pthread
[2.429s] -- Looking for pthread_create in pthread - found
[2.430s] -- Found Threads: TRUE  
[2.791s] -- Found realtime_tools: 2.2.0 (/home/ylspyrou/humble_ws/install/realtime_tools/share/realtime_tools/cmake)
[2.866s] -- Found ament_cmake_gmock: 0.9.12 (/opt/ros/foxy/share/ament_cmake_gmock/cmake)
[2.870s] -- Found controller_manager: 0.11.0 (/home/ylspyrou/humble_ws/install/controller_manager/share/controller_manager/cmake)
[2.954s] -- Found ros2_control_test_assets: 0.11.0 (/home/ylspyrou/humble_ws/install/ros2_control_test_assets/share/ros2_control_test_assets/cmake)
[2.961s] -- Found gmock sources under '/opt/ros/foxy/src/gmock_vendor': C++ tests using 'Google Mock' will be built
[2.967s] -- Found ament_cmake_gtest: 0.9.12 (/opt/ros/foxy/share/ament_cmake_gtest/cmake)
[2.970s] -- Found gtest sources under '/opt/ros/foxy/src/gtest_vendor': C++ tests using 'Google Test' will be built
[3.123s] -- Configuring done
[3.210s] -- Generating done
[3.213s] -- Build files have been written to: /home/ylspyrou/humble_ws/build/joint_state_broadcaster
[3.226s] Invoked command in '/home/ylspyrou/humble_ws/build/joint_state_broadcaster' returned '0': AMENT_PREFIX_PATH=/home/ylspyrou/humble_ws/install/controller_manager:/home/ylspyrou/humble_ws/install/controller_interface:/home/ylspyrou/humble_ws/install/hardware_interface:/home/ylspyrou/humble_ws/install/ros2_control_test_assets:/home/ylspyrou/humble_ws/install/realtime_tools:/home/ylspyrou/humble_ws/install/controller_manager_msgs:/home/ylspyrou/humble_ws/install/control_msgs:${AMENT_PREFIX_PATH} CMAKE_PREFIX_PATH=/home/ylspyrou/humble_ws/install/controller_manager:/home/ylspyrou/humble_ws/install/controller_interface:/home/ylspyrou/humble_ws/install/hardware_interface:/home/ylspyrou/humble_ws/install/ros2_control_test_assets:/home/ylspyrou/humble_ws/install/realtime_tools:/home/ylspyrou/humble_ws/install/controller_manager_msgs:/home/ylspyrou/humble_ws/install/control_msgs:/opt/ros/foxy LD_LIBRARY_PATH=/home/ylspyrou/humble_ws/install/controller_manager/lib:/home/ylspyrou/humble_ws/install/controller_interface/lib:/home/ylspyrou/humble_ws/install/hardware_interface/lib:/home/ylspyrou/humble_ws/install/realtime_tools/lib:/home/ylspyrou/humble_ws/install/controller_manager_msgs/lib:/home/ylspyrou/humble_ws/install/control_msgs/lib:${LD_LIBRARY_PATH} PYTHONPATH=/home/ylspyrou/humble_ws/install/controller_manager/lib/python3.8/site-packages:/home/ylspyrou/humble_ws/install/controller_manager_msgs/lib/python3.8/site-packages:/home/ylspyrou/humble_ws/install/control_msgs/lib/python3.8/site-packages:${PYTHONPATH} /usr/bin/cmake /home/ylspyrou/humble_ws/src/ros2_controllers/joint_state_broadcaster -DAMENT_CMAKE_SYMLINK_INSTALL=1 -DCMAKE_INSTALL_PREFIX=/home/ylspyrou/humble_ws/install/joint_state_broadcaster
[3.229s] Invoking command in '/home/ylspyrou/humble_ws/build/joint_state_broadcaster': AMENT_PREFIX_PATH=/home/ylspyrou/humble_ws/install/controller_manager:/home/ylspyrou/humble_ws/install/controller_interface:/home/ylspyrou/humble_ws/install/hardware_interface:/home/ylspyrou/humble_ws/install/ros2_control_test_assets:/home/ylspyrou/humble_ws/install/realtime_tools:/home/ylspyrou/humble_ws/install/controller_manager_msgs:/home/ylspyrou/humble_ws/install/control_msgs:${AMENT_PREFIX_PATH} CMAKE_PREFIX_PATH=/home/ylspyrou/humble_ws/install/controller_manager:/home/ylspyrou/humble_ws/install/controller_interface:/home/ylspyrou/humble_ws/install/hardware_interface:/home/ylspyrou/humble_ws/install/ros2_control_test_assets:/home/ylspyrou/humble_ws/install/realtime_tools:/home/ylspyrou/humble_ws/install/controller_manager_msgs:/home/ylspyrou/humble_ws/install/control_msgs:/opt/ros/foxy LD_LIBRARY_PATH=/home/ylspyrou/humble_ws/install/controller_manager/lib:/home/ylspyrou/humble_ws/install/controller_interface/lib:/home/ylspyrou/humble_ws/install/hardware_interface/lib:/home/ylspyrou/humble_ws/install/realtime_tools/lib:/home/ylspyrou/humble_ws/install/controller_manager_msgs/lib:/home/ylspyrou/humble_ws/install/control_msgs/lib:${LD_LIBRARY_PATH} PYTHONPATH=/home/ylspyrou/humble_ws/install/controller_manager/lib/python3.8/site-packages:/home/ylspyrou/humble_ws/install/controller_manager_msgs/lib/python3.8/site-packages:/home/ylspyrou/humble_ws/install/control_msgs/lib/python3.8/site-packages:${PYTHONPATH} /usr/bin/cmake --build /home/ylspyrou/humble_ws/build/joint_state_broadcaster -- -j2 -l2
[3.294s] [35m[1mScanning dependencies of target gmock[0m
[3.318s] [  9%] [32mBuilding CXX object gmock/CMakeFiles/gmock.dir/opt/ros/foxy/src/gtest_vendor/src/gtest-all.cc.o[0m
[7.379s] [ 18%] [32mBuilding CXX object gmock/CMakeFiles/gmock.dir/src/gmock-all.cc.o[0m
[9.694s] [ 27%] [32m[1mLinking CXX static library libgmock.a[0m
[9.768s] [ 27%] Built target gmock
[9.781s] [35m[1mScanning dependencies of target gmock_main[0m
[9.800s] [ 36%] [32mBuilding CXX object gmock/CMakeFiles/gmock_main.dir/src/gmock_main.cc.o[0m
[10.883s] [ 45%] [32m[1mLinking CXX static library libgmock_main.a[0m
[10.923s] [ 45%] Built target gmock_main
[10.935s] [35m[1mScanning dependencies of target joint_state_broadcaster[0m
[11.002s] [ 54%] [32mBuilding CXX object CMakeFiles/joint_state_broadcaster.dir/src/joint_state_broadcaster.cpp.o[0m
[16.176s] [ 63%] [32m[1mLinking CXX shared library libjoint_state_broadcaster.so[0m
[16.617s] [ 63%] Built target joint_state_broadcaster
[16.642s] [35m[1mScanning dependencies of target test_load_joint_state_broadcaster[0m
[16.833s] [ 72%] [32mBuilding CXX object CMakeFiles/test_load_joint_state_broadcaster.dir/test/test_load_joint_state_broadcaster.cpp.o[0m
[21.575s] [ 81%] [32m[1mLinking CXX executable test_load_joint_state_broadcaster[0m
[22.566s] [ 81%] Built target test_load_joint_state_broadcaster
[22.579s] [35m[1mScanning dependencies of target test_joint_state_broadcaster[0m
[22.648s] [ 90%] [32mBuilding CXX object CMakeFiles/test_joint_state_broadcaster.dir/test/test_joint_state_broadcaster.cpp.o[0m
[34.419s] [100%] [32m[1mLinking CXX executable test_joint_state_broadcaster[0m
[35.472s] [100%] Built target test_joint_state_broadcaster
[35.488s] Invoked command in '/home/ylspyrou/humble_ws/build/joint_state_broadcaster' returned '0': AMENT_PREFIX_PATH=/home/ylspyrou/humble_ws/install/controller_manager:/home/ylspyrou/humble_ws/install/controller_interface:/home/ylspyrou/humble_ws/install/hardware_interface:/home/ylspyrou/humble_ws/install/ros2_control_test_assets:/home/ylspyrou/humble_ws/install/realtime_tools:/home/ylspyrou/humble_ws/install/controller_manager_msgs:/home/ylspyrou/humble_ws/install/control_msgs:${AMENT_PREFIX_PATH} CMAKE_PREFIX_PATH=/home/ylspyrou/humble_ws/install/controller_manager:/home/ylspyrou/humble_ws/install/controller_interface:/home/ylspyrou/humble_ws/install/hardware_interface:/home/ylspyrou/humble_ws/install/ros2_control_test_assets:/home/ylspyrou/humble_ws/install/realtime_tools:/home/ylspyrou/humble_ws/install/controller_manager_msgs:/home/ylspyrou/humble_ws/install/control_msgs:/opt/ros/foxy LD_LIBRARY_PATH=/home/ylspyrou/humble_ws/install/controller_manager/lib:/home/ylspyrou/humble_ws/install/controller_interface/lib:/home/ylspyrou/humble_ws/install/hardware_interface/lib:/home/ylspyrou/humble_ws/install/realtime_tools/lib:/home/ylspyrou/humble_ws/install/controller_manager_msgs/lib:/home/ylspyrou/humble_ws/install/control_msgs/lib:${LD_LIBRARY_PATH} PYTHONPATH=/home/ylspyrou/humble_ws/install/controller_manager/lib/python3.8/site-packages:/home/ylspyrou/humble_ws/install/controller_manager_msgs/lib/python3.8/site-packages:/home/ylspyrou/humble_ws/install/control_msgs/lib/python3.8/site-packages:${PYTHONPATH} /usr/bin/cmake --build /home/ylspyrou/humble_ws/build/joint_state_broadcaster -- -j2 -l2
[35.547s] Invoking command in '/home/ylspyrou/humble_ws/build/joint_state_broadcaster': AMENT_PREFIX_PATH=/home/ylspyrou/humble_ws/install/controller_manager:/home/ylspyrou/humble_ws/install/controller_interface:/home/ylspyrou/humble_ws/install/hardware_interface:/home/ylspyrou/humble_ws/install/ros2_control_test_assets:/home/ylspyrou/humble_ws/install/realtime_tools:/home/ylspyrou/humble_ws/install/controller_manager_msgs:/home/ylspyrou/humble_ws/install/control_msgs:${AMENT_PREFIX_PATH} CMAKE_PREFIX_PATH=/home/ylspyrou/humble_ws/install/controller_manager:/home/ylspyrou/humble_ws/install/controller_interface:/home/ylspyrou/humble_ws/install/hardware_interface:/home/ylspyrou/humble_ws/install/ros2_control_test_assets:/home/ylspyrou/humble_ws/install/realtime_tools:/home/ylspyrou/humble_ws/install/controller_manager_msgs:/home/ylspyrou/humble_ws/install/control_msgs:/opt/ros/foxy LD_LIBRARY_PATH=/home/ylspyrou/humble_ws/install/controller_manager/lib:/home/ylspyrou/humble_ws/install/controller_interface/lib:/home/ylspyrou/humble_ws/install/hardware_interface/lib:/home/ylspyrou/humble_ws/install/realtime_tools/lib:/home/ylspyrou/humble_ws/install/controller_manager_msgs/lib:/home/ylspyrou/humble_ws/install/control_msgs/lib:${LD_LIBRARY_PATH} PYTHONPATH=/home/ylspyrou/humble_ws/install/controller_manager/lib/python3.8/site-packages:/home/ylspyrou/humble_ws/install/controller_manager_msgs/lib/python3.8/site-packages:/home/ylspyrou/humble_ws/install/control_msgs/lib/python3.8/site-packages:${PYTHONPATH} /usr/bin/cmake --install /home/ylspyrou/humble_ws/build/joint_state_broadcaster
[35.557s] -- Install configuration: ""
[35.561s] -- Execute custom install script
[35.562s] -- Symlinking: /home/ylspyrou/humble_ws/install/joint_state_broadcaster/share/joint_state_broadcaster//joint_state_plugin.xml
[35.573s] -- Symlinking: /home/ylspyrou/humble_ws/install/joint_state_broadcaster/include/joint_state_broadcaster/joint_state_broadcaster.hpp
[35.583s] -- Symlinking: /home/ylspyrou/humble_ws/install/joint_state_broadcaster/include/joint_state_broadcaster/visibility_control.h
[35.593s] -- Symlinking: /home/ylspyrou/humble_ws/install/joint_state_broadcaster/lib/libjoint_state_broadcaster.so
[35.603s] -- Symlinking: /home/ylspyrou/humble_ws/install/joint_state_broadcaster/share/joint_state_broadcaster/environment/library_path.sh
[35.616s] -- Symlinking: /home/ylspyrou/humble_ws/install/joint_state_broadcaster/share/joint_state_broadcaster/environment/library_path.dsv
[35.627s] -- Symlinking: /home/ylspyrou/humble_ws/install/joint_state_broadcaster/share/ament_index/resource_index/package_run_dependencies/joint_state_broadcaster
[35.639s] -- Symlinking: /home/ylspyrou/humble_ws/install/joint_state_broadcaster/share/ament_index/resource_index/parent_prefix_path/joint_state_broadcaster
[35.648s] -- Symlinking: /home/ylspyrou/humble_ws/install/joint_state_broadcaster/share/joint_state_broadcaster/environment/ament_prefix_path.sh
[35.659s] -- Symlinking: /home/ylspyrou/humble_ws/install/joint_state_broadcaster/share/joint_state_broadcaster/environment/ament_prefix_path.dsv
[35.669s] -- Symlinking: /home/ylspyrou/humble_ws/install/joint_state_broadcaster/share/joint_state_broadcaster/environment/path.sh
[35.679s] -- Symlinking: /home/ylspyrou/humble_ws/install/joint_state_broadcaster/share/joint_state_broadcaster/environment/path.dsv
[35.689s] -- Symlinking: /home/ylspyrou/humble_ws/install/joint_state_broadcaster/share/joint_state_broadcaster/local_setup.bash
[35.700s] -- Symlinking: /home/ylspyrou/humble_ws/install/joint_state_broadcaster/share/joint_state_broadcaster/local_setup.sh
[35.711s] -- Symlinking: /home/ylspyrou/humble_ws/install/joint_state_broadcaster/share/joint_state_broadcaster/local_setup.zsh
[35.725s] -- Symlinking: /home/ylspyrou/humble_ws/install/joint_state_broadcaster/share/joint_state_broadcaster/local_setup.dsv
[35.735s] -- Symlinking: /home/ylspyrou/humble_ws/install/joint_state_broadcaster/share/joint_state_broadcaster/package.dsv
[35.746s] -- Symlinking: /home/ylspyrou/humble_ws/install/joint_state_broadcaster/share/ament_index/resource_index/packages/joint_state_broadcaster
[35.758s] -- Symlinking: /home/ylspyrou/humble_ws/install/joint_state_broadcaster/share/ament_index/resource_index/controller_interface__pluginlib__plugin/joint_state_broadcaster
[35.769s] -- Symlinking: /home/ylspyrou/humble_ws/install/joint_state_broadcaster/share/joint_state_broadcaster/cmake/ament_cmake_export_dependencies-extras.cmake
[35.779s] -- Symlinking: /home/ylspyrou/humble_ws/install/joint_state_broadcaster/share/joint_state_broadcaster/cmake/ament_cmake_export_include_directories-extras.cmake
[35.789s] -- Symlinking: /home/ylspyrou/humble_ws/install/joint_state_broadcaster/share/joint_state_broadcaster/cmake/ament_cmake_export_libraries-extras.cmake
[35.800s] -- Symlinking: /home/ylspyrou/humble_ws/install/joint_state_broadcaster/share/joint_state_broadcaster/cmake/joint_state_broadcasterConfig.cmake
[35.811s] -- Symlinking: /home/ylspyrou/humble_ws/install/joint_state_broadcaster/share/joint_state_broadcaster/cmake/joint_state_broadcasterConfig-version.cmake
[35.826s] -- Symlinking: /home/ylspyrou/humble_ws/install/joint_state_broadcaster/share/joint_state_broadcaster/package.xml
[35.840s] Invoked command in '/home/ylspyrou/humble_ws/build/joint_state_broadcaster' returned '0': AMENT_PREFIX_PATH=/home/ylspyrou/humble_ws/install/controller_manager:/home/ylspyrou/humble_ws/install/controller_interface:/home/ylspyrou/humble_ws/install/hardware_interface:/home/ylspyrou/humble_ws/install/ros2_control_test_assets:/home/ylspyrou/humble_ws/install/realtime_tools:/home/ylspyrou/humble_ws/install/controller_manager_msgs:/home/ylspyrou/humble_ws/install/control_msgs:${AMENT_PREFIX_PATH} CMAKE_PREFIX_PATH=/home/ylspyrou/humble_ws/install/controller_manager:/home/ylspyrou/humble_ws/install/controller_interface:/home/ylspyrou/humble_ws/install/hardware_interface:/home/ylspyrou/humble_ws/install/ros2_control_test_assets:/home/ylspyrou/humble_ws/install/realtime_tools:/home/ylspyrou/humble_ws/install/controller_manager_msgs:/home/ylspyrou/humble_ws/install/control_msgs:/opt/ros/foxy LD_LIBRARY_PATH=/home/ylspyrou/humble_ws/install/controller_manager/lib:/home/ylspyrou/humble_ws/install/controller_interface/lib:/home/ylspyrou/humble_ws/install/hardware_interface/lib:/home/ylspyrou/humble_ws/install/realtime_tools/lib:/home/ylspyrou/humble_ws/install/controller_manager_msgs/lib:/home/ylspyrou/humble_ws/install/control_msgs/lib:${LD_LIBRARY_PATH} PYTHONPATH=/home/ylspyrou/humble_ws/install/controller_manager/lib/python3.8/site-packages:/home/ylspyrou/humble_ws/install/controller_manager_msgs/lib/python3.8/site-packages:/home/ylspyrou/humble_ws/install/control_msgs/lib/python3.8/site-packages:${PYTHONPATH} /usr/bin/cmake --install /home/ylspyrou/humble_ws/build/joint_state_broadcaster
