[0.027s] Invoking command in '/home/ylspyrou/humble_ws/build/realtime_tools': CMAKE_PREFIX_PATH=${CMAKE_PREFIX_PATH}:/home/ylspyrou/humble_ws/install/serial_motor_demo:/home/ylspyrou/humble_ws/install/ros2controlcli:/home/ylspyrou/humble_ws/install/ros2_control_test_nodes:/opt/ros/foxy /usr/bin/cmake --build /home/ylspyrou/humble_ws/build/realtime_tools -- -j2 -l2
[0.134s] [ 17%] Built target gmock
[0.136s] [ 29%] Built target realtime_tools
[0.183s] [ 41%] Built target gmock_main
[0.237s] [ 52%] Built target realtime_publisher_tests
[0.247s] [ 64%] Built target realtime_buffer_tests
[0.277s] [ 76%] Built target realtime_server_goal_handle_tests
[0.306s] [ 88%] Built target realtime_box_tests
[0.317s] [100%] Built target realtime_clock_tests
[0.334s] Invoked command in '/home/ylspyrou/humble_ws/build/realtime_tools' returned '0': CMAKE_PREFIX_PATH=${CMAKE_PREFIX_PATH}:/home/ylspyrou/humble_ws/install/serial_motor_demo:/home/ylspyrou/humble_ws/install/ros2controlcli:/home/ylspyrou/humble_ws/install/ros2_control_test_nodes:/opt/ros/foxy /usr/bin/cmake --build /home/ylspyrou/humble_ws/build/realtime_tools -- -j2 -l2
[0.384s] Invoking command in '/home/ylspyrou/humble_ws/build/realtime_tools': CMAKE_PREFIX_PATH=${CMAKE_PREFIX_PATH}:/home/ylspyrou/humble_ws/install/serial_motor_demo:/home/ylspyrou/humble_ws/install/ros2controlcli:/home/ylspyrou/humble_ws/install/ros2_control_test_nodes:/opt/ros/foxy /usr/bin/cmake --install /home/ylspyrou/humble_ws/build/realtime_tools
[0.396s] -- Install configuration: ""
[0.396s] -- Execute custom install script
[0.396s] -- Up-to-date symlink: /home/ylspyrou/humble_ws/install/realtime_tools/include/realtime_tools/realtime_box.h
[0.396s] -- Up-to-date symlink: /home/ylspyrou/humble_ws/install/realtime_tools/include/realtime_tools/realtime_buffer.h
[0.396s] -- Up-to-date symlink: /home/ylspyrou/humble_ws/install/realtime_tools/include/realtime_tools/realtime_clock.h
[0.397s] -- Up-to-date symlink: /home/ylspyrou/humble_ws/install/realtime_tools/include/realtime_tools/realtime_publisher.h
[0.397s] -- Up-to-date symlink: /home/ylspyrou/humble_ws/install/realtime_tools/include/realtime_tools/realtime_server_goal_handle.h
[0.397s] -- Up-to-date symlink: /home/ylspyrou/humble_ws/install/realtime_tools/lib/librealtime_tools.a
[0.398s] -- Up-to-date symlink: /home/ylspyrou/humble_ws/install/realtime_tools/share/realtime_tools/environment/library_path.sh
[0.398s] -- Up-to-date symlink: /home/ylspyrou/humble_ws/install/realtime_tools/share/realtime_tools/environment/library_path.dsv
[0.398s] -- Up-to-date symlink: /home/ylspyrou/humble_ws/install/realtime_tools/share/ament_index/resource_index/package_run_dependencies/realtime_tools
[0.399s] -- Up-to-date symlink: /home/ylspyrou/humble_ws/install/realtime_tools/share/ament_index/resource_index/parent_prefix_path/realtime_tools
[0.399s] -- Up-to-date symlink: /home/ylspyrou/humble_ws/install/realtime_tools/share/realtime_tools/environment/ament_prefix_path.sh
[0.399s] -- Up-to-date symlink: /home/ylspyrou/humble_ws/install/realtime_tools/share/realtime_tools/environment/ament_prefix_path.dsv
[0.399s] -- Up-to-date symlink: /home/ylspyrou/humble_ws/install/realtime_tools/share/realtime_tools/environment/path.sh
[0.400s] -- Up-to-date symlink: /home/ylspyrou/humble_ws/install/realtime_tools/share/realtime_tools/environment/path.dsv
[0.400s] -- Up-to-date symlink: /home/ylspyrou/humble_ws/install/realtime_tools/share/realtime_tools/local_setup.bash
[0.400s] -- Up-to-date symlink: /home/ylspyrou/humble_ws/install/realtime_tools/share/realtime_tools/local_setup.sh
[0.400s] -- Up-to-date symlink: /home/ylspyrou/humble_ws/install/realtime_tools/share/realtime_tools/local_setup.zsh
[0.400s] -- Up-to-date symlink: /home/ylspyrou/humble_ws/install/realtime_tools/share/realtime_tools/local_setup.dsv
[0.401s] -- Symlinking: /home/ylspyrou/humble_ws/install/realtime_tools/share/realtime_tools/package.dsv
[0.412s] -- Up-to-date symlink: /home/ylspyrou/humble_ws/install/realtime_tools/share/ament_index/resource_index/packages/realtime_tools
[0.412s] -- Up-to-date symlink: /home/ylspyrou/humble_ws/install/realtime_tools/share/realtime_tools/cmake/ament_cmake_export_include_directories-extras.cmake
[0.412s] -- Up-to-date symlink: /home/ylspyrou/humble_ws/install/realtime_tools/share/realtime_tools/cmake/ament_cmake_export_libraries-extras.cmake
[0.412s] -- Up-to-date symlink: /home/ylspyrou/humble_ws/install/realtime_tools/share/realtime_tools/cmake/ament_cmake_export_dependencies-extras.cmake
[0.413s] -- Up-to-date symlink: /home/ylspyrou/humble_ws/install/realtime_tools/share/realtime_tools/cmake/realtime_toolsConfig.cmake
[0.413s] -- Up-to-date symlink: /home/ylspyrou/humble_ws/install/realtime_tools/share/realtime_tools/cmake/realtime_toolsConfig-version.cmake
[0.413s] -- Up-to-date symlink: /home/ylspyrou/humble_ws/install/realtime_tools/share/realtime_tools/package.xml
[0.418s] Invoked command in '/home/ylspyrou/humble_ws/build/realtime_tools' returned '0': CMAKE_PREFIX_PATH=${CMAKE_PREFIX_PATH}:/home/ylspyrou/humble_ws/install/serial_motor_demo:/home/ylspyrou/humble_ws/install/ros2controlcli:/home/ylspyrou/humble_ws/install/ros2_control_test_nodes:/opt/ros/foxy /usr/bin/cmake --install /home/ylspyrou/humble_ws/build/realtime_tools
