[0.043s] Invoking command in '/home/ylspyrou/humble_ws/build/diffdrive_arduino': AMENT_PREFIX_PATH=/home/ylspyrou/humble_ws/install/controller_manager:/home/ylspyrou/humble_ws/install/controller_interface:/home/ylspyrou/humble_ws/install/hardware_interface:/home/ylspyrou/humble_ws/install/serial:/home/ylspyrou/humble_ws/install/ros2_control_test_assets:/home/ylspyrou/humble_ws/install/controller_manager_msgs:/home/ylspyrou/humble_ws/install/control_msgs:${AMENT_PREFIX_PATH} CMAKE_PREFIX_PATH=/home/ylspyrou/humble_ws/install/controller_manager:/home/ylspyrou/humble_ws/install/controller_interface:/home/ylspyrou/humble_ws/install/hardware_interface:/home/ylspyrou/humble_ws/install/serial:/home/ylspyrou/humble_ws/install/ros2_control_test_assets:/home/ylspyrou/humble_ws/install/controller_manager_msgs:/home/ylspyrou/humble_ws/install/control_msgs:/opt/ros/foxy LD_LIBRARY_PATH=/home/ylspyrou/humble_ws/install/controller_manager/lib:/home/ylspyrou/humble_ws/install/controller_interface/lib:/home/ylspyrou/humble_ws/install/hardware_interface/lib:/home/ylspyrou/humble_ws/install/serial/lib:/home/ylspyrou/humble_ws/install/controller_manager_msgs/lib:/home/ylspyrou/humble_ws/install/control_msgs/lib:${LD_LIBRARY_PATH} PYTHONPATH=/home/ylspyrou/humble_ws/install/controller_manager/lib/python3.8/site-packages:/home/ylspyrou/humble_ws/install/controller_manager_msgs/lib/python3.8/site-packages:/home/ylspyrou/humble_ws/install/control_msgs/lib/python3.8/site-packages:${PYTHONPATH} /usr/bin/cmake --build /home/ylspyrou/humble_ws/build/diffdrive_arduino -- -j2 -l2
[0.137s] [ 42%] Built target fake_robot
[0.149s] [100%] Built target diffdrive_arduino
[0.165s] Invoked command in '/home/ylspyrou/humble_ws/build/diffdrive_arduino' returned '0': AMENT_PREFIX_PATH=/home/ylspyrou/humble_ws/install/controller_manager:/home/ylspyrou/humble_ws/install/controller_interface:/home/ylspyrou/humble_ws/install/hardware_interface:/home/ylspyrou/humble_ws/install/serial:/home/ylspyrou/humble_ws/install/ros2_control_test_assets:/home/ylspyrou/humble_ws/install/controller_manager_msgs:/home/ylspyrou/humble_ws/install/control_msgs:${AMENT_PREFIX_PATH} CMAKE_PREFIX_PATH=/home/ylspyrou/humble_ws/install/controller_manager:/home/ylspyrou/humble_ws/install/controller_interface:/home/ylspyrou/humble_ws/install/hardware_interface:/home/ylspyrou/humble_ws/install/serial:/home/ylspyrou/humble_ws/install/ros2_control_test_assets:/home/ylspyrou/humble_ws/install/controller_manager_msgs:/home/ylspyrou/humble_ws/install/control_msgs:/opt/ros/foxy LD_LIBRARY_PATH=/home/ylspyrou/humble_ws/install/controller_manager/lib:/home/ylspyrou/humble_ws/install/controller_interface/lib:/home/ylspyrou/humble_ws/install/hardware_interface/lib:/home/ylspyrou/humble_ws/install/serial/lib:/home/ylspyrou/humble_ws/install/controller_manager_msgs/lib:/home/ylspyrou/humble_ws/install/control_msgs/lib:${LD_LIBRARY_PATH} PYTHONPATH=/home/ylspyrou/humble_ws/install/controller_manager/lib/python3.8/site-packages:/home/ylspyrou/humble_ws/install/controller_manager_msgs/lib/python3.8/site-packages:/home/ylspyrou/humble_ws/install/control_msgs/lib/python3.8/site-packages:${PYTHONPATH} /usr/bin/cmake --build /home/ylspyrou/humble_ws/build/diffdrive_arduino -- -j2 -l2
[0.193s] Invoking command in '/home/ylspyrou/humble_ws/build/diffdrive_arduino': AMENT_PREFIX_PATH=/home/ylspyrou/humble_ws/install/controller_manager:/home/ylspyrou/humble_ws/install/controller_interface:/home/ylspyrou/humble_ws/install/hardware_interface:/home/ylspyrou/humble_ws/install/serial:/home/ylspyrou/humble_ws/install/ros2_control_test_assets:/home/ylspyrou/humble_ws/install/controller_manager_msgs:/home/ylspyrou/humble_ws/install/control_msgs:${AMENT_PREFIX_PATH} CMAKE_PREFIX_PATH=/home/ylspyrou/humble_ws/install/controller_manager:/home/ylspyrou/humble_ws/install/controller_interface:/home/ylspyrou/humble_ws/install/hardware_interface:/home/ylspyrou/humble_ws/install/serial:/home/ylspyrou/humble_ws/install/ros2_control_test_assets:/home/ylspyrou/humble_ws/install/controller_manager_msgs:/home/ylspyrou/humble_ws/install/control_msgs:/opt/ros/foxy LD_LIBRARY_PATH=/home/ylspyrou/humble_ws/install/controller_manager/lib:/home/ylspyrou/humble_ws/install/controller_interface/lib:/home/ylspyrou/humble_ws/install/hardware_interface/lib:/home/ylspyrou/humble_ws/install/serial/lib:/home/ylspyrou/humble_ws/install/controller_manager_msgs/lib:/home/ylspyrou/humble_ws/install/control_msgs/lib:${LD_LIBRARY_PATH} PYTHONPATH=/home/ylspyrou/humble_ws/install/controller_manager/lib/python3.8/site-packages:/home/ylspyrou/humble_ws/install/controller_manager_msgs/lib/python3.8/site-packages:/home/ylspyrou/humble_ws/install/control_msgs/lib/python3.8/site-packages:${PYTHONPATH} /usr/bin/cmake --install /home/ylspyrou/humble_ws/build/diffdrive_arduino
[0.202s] -- Install configuration: ""
[0.202s] -- Execute custom install script
[0.202s] -- Up-to-date symlink: /home/ylspyrou/humble_ws/install/diffdrive_arduino/share/diffdrive_arduino//robot_hardware.xml
[0.202s] -- Up-to-date symlink: /home/ylspyrou/humble_ws/install/diffdrive_arduino/share/diffdrive_arduino//fake_robot_hardware.xml
[0.203s] -- Up-to-date symlink: /home/ylspyrou/humble_ws/install/diffdrive_arduino/lib/libdiffdrive_arduino.so
[0.203s] -- Up-to-date symlink: /home/ylspyrou/humble_ws/install/diffdrive_arduino/lib/libfake_robot.so
[0.203s] -- Up-to-date symlink: /home/ylspyrou/humble_ws/install/diffdrive_arduino/share/diffdrive_arduino/controllers/robot_controller_example.yaml
[0.204s] -- Up-to-date symlink: /home/ylspyrou/humble_ws/install/diffdrive_arduino/share/diffdrive_arduino/fake_robot.launch.py
[0.204s] -- Up-to-date symlink: /home/ylspyrou/humble_ws/install/diffdrive_arduino/share/diffdrive_arduino/test_robot.launch.py
[0.205s] -- Up-to-date symlink: /home/ylspyrou/humble_ws/install/diffdrive_arduino/share/diffdrive_arduino/environment/library_path.sh
[0.205s] -- Up-to-date symlink: /home/ylspyrou/humble_ws/install/diffdrive_arduino/share/diffdrive_arduino/environment/library_path.dsv
[0.205s] -- Up-to-date symlink: /home/ylspyrou/humble_ws/install/diffdrive_arduino/share/ament_index/resource_index/package_run_dependencies/diffdrive_arduino
[0.205s] -- Up-to-date symlink: /home/ylspyrou/humble_ws/install/diffdrive_arduino/share/ament_index/resource_index/parent_prefix_path/diffdrive_arduino
[0.206s] -- Up-to-date symlink: /home/ylspyrou/humble_ws/install/diffdrive_arduino/share/diffdrive_arduino/environment/ament_prefix_path.sh
[0.206s] -- Up-to-date symlink: /home/ylspyrou/humble_ws/install/diffdrive_arduino/share/diffdrive_arduino/environment/ament_prefix_path.dsv
[0.206s] -- Up-to-date symlink: /home/ylspyrou/humble_ws/install/diffdrive_arduino/share/diffdrive_arduino/environment/path.sh
[0.206s] -- Up-to-date symlink: /home/ylspyrou/humble_ws/install/diffdrive_arduino/share/diffdrive_arduino/environment/path.dsv
[0.207s] -- Up-to-date symlink: /home/ylspyrou/humble_ws/install/diffdrive_arduino/share/diffdrive_arduino/local_setup.bash
[0.207s] -- Up-to-date symlink: /home/ylspyrou/humble_ws/install/diffdrive_arduino/share/diffdrive_arduino/local_setup.sh
[0.207s] -- Up-to-date symlink: /home/ylspyrou/humble_ws/install/diffdrive_arduino/share/diffdrive_arduino/local_setup.zsh
[0.208s] -- Up-to-date symlink: /home/ylspyrou/humble_ws/install/diffdrive_arduino/share/diffdrive_arduino/local_setup.dsv
[0.208s] -- Symlinking: /home/ylspyrou/humble_ws/install/diffdrive_arduino/share/diffdrive_arduino/package.dsv
[0.218s] -- Up-to-date symlink: /home/ylspyrou/humble_ws/install/diffdrive_arduino/share/ament_index/resource_index/packages/diffdrive_arduino
[0.218s] -- Up-to-date symlink: /home/ylspyrou/humble_ws/install/diffdrive_arduino/share/ament_index/resource_index/hardware_interface__pluginlib__plugin/diffdrive_arduino
[0.219s] -- Up-to-date symlink: /home/ylspyrou/humble_ws/install/diffdrive_arduino/share/diffdrive_arduino/cmake/ament_cmake_export_libraries-extras.cmake
[0.219s] -- Up-to-date symlink: /home/ylspyrou/humble_ws/install/diffdrive_arduino/share/diffdrive_arduino/cmake/ament_cmake_export_dependencies-extras.cmake
[0.219s] -- Up-to-date symlink: /home/ylspyrou/humble_ws/install/diffdrive_arduino/share/diffdrive_arduino/cmake/diffdrive_arduinoConfig.cmake
[0.219s] -- Up-to-date symlink: /home/ylspyrou/humble_ws/install/diffdrive_arduino/share/diffdrive_arduino/cmake/diffdrive_arduinoConfig-version.cmake
[0.219s] -- Up-to-date symlink: /home/ylspyrou/humble_ws/install/diffdrive_arduino/share/diffdrive_arduino/package.xml
[0.224s] Invoked command in '/home/ylspyrou/humble_ws/build/diffdrive_arduino' returned '0': AMENT_PREFIX_PATH=/home/ylspyrou/humble_ws/install/controller_manager:/home/ylspyrou/humble_ws/install/controller_interface:/home/ylspyrou/humble_ws/install/hardware_interface:/home/ylspyrou/humble_ws/install/serial:/home/ylspyrou/humble_ws/install/ros2_control_test_assets:/home/ylspyrou/humble_ws/install/controller_manager_msgs:/home/ylspyrou/humble_ws/install/control_msgs:${AMENT_PREFIX_PATH} CMAKE_PREFIX_PATH=/home/ylspyrou/humble_ws/install/controller_manager:/home/ylspyrou/humble_ws/install/controller_interface:/home/ylspyrou/humble_ws/install/hardware_interface:/home/ylspyrou/humble_ws/install/serial:/home/ylspyrou/humble_ws/install/ros2_control_test_assets:/home/ylspyrou/humble_ws/install/controller_manager_msgs:/home/ylspyrou/humble_ws/install/control_msgs:/opt/ros/foxy LD_LIBRARY_PATH=/home/ylspyrou/humble_ws/install/controller_manager/lib:/home/ylspyrou/humble_ws/install/controller_interface/lib:/home/ylspyrou/humble_ws/install/hardware_interface/lib:/home/ylspyrou/humble_ws/install/serial/lib:/home/ylspyrou/humble_ws/install/controller_manager_msgs/lib:/home/ylspyrou/humble_ws/install/control_msgs/lib:${LD_LIBRARY_PATH} PYTHONPATH=/home/ylspyrou/humble_ws/install/controller_manager/lib/python3.8/site-packages:/home/ylspyrou/humble_ws/install/controller_manager_msgs/lib/python3.8/site-packages:/home/ylspyrou/humble_ws/install/control_msgs/lib/python3.8/site-packages:${PYTHONPATH} /usr/bin/cmake --install /home/ylspyrou/humble_ws/build/diffdrive_arduino
