[0.033s] Invoking command in '/home/ylspyrou/humble_ws/build/serial': CMAKE_PREFIX_PATH=${CMAKE_PREFIX_PATH}:/home/ylspyrou/humble_ws/install/serial_motor_demo:/home/ylspyrou/humble_ws/install/ros2controlcli:/home/ylspyrou/humble_ws/install/ros2_control_test_nodes:/home/ylspyrou/dev_ws/install/serial_motor_demo:/opt/ros/foxy /usr/bin/cmake --build /home/ylspyrou/humble_ws/build/serial -- -j2 -l2
[0.127s] [ 14%] Built target gtest
[0.135s] [ 42%] Built target serial
[0.167s] [ 57%] Built target gtest_main
[0.178s] [ 71%] Built target serial_example
[0.214s] [ 85%] Built target serial-test-timer
[0.245s] [100%] Built target serial-test
[0.263s] Invoked command in '/home/ylspyrou/humble_ws/build/serial' returned '0': CMAKE_PREFIX_PATH=${CMAKE_PREFIX_PATH}:/home/ylspyrou/humble_ws/install/serial_motor_demo:/home/ylspyrou/humble_ws/install/ros2controlcli:/home/ylspyrou/humble_ws/install/ros2_control_test_nodes:/home/ylspyrou/dev_ws/install/serial_motor_demo:/opt/ros/foxy /usr/bin/cmake --build /home/ylspyrou/humble_ws/build/serial -- -j2 -l2
[0.371s] Invoking command in '/home/ylspyrou/humble_ws/build/serial': CMAKE_PREFIX_PATH=${CMAKE_PREFIX_PATH}:/home/ylspyrou/humble_ws/install/serial_motor_demo:/home/ylspyrou/humble_ws/install/ros2controlcli:/home/ylspyrou/humble_ws/install/ros2_control_test_nodes:/home/ylspyrou/dev_ws/install/serial_motor_demo:/opt/ros/foxy /usr/bin/cmake --install /home/ylspyrou/humble_ws/build/serial
[0.388s] -- Install configuration: ""
[0.389s] -- Execute custom install script
[0.389s] -- Up-to-date symlink: /home/ylspyrou/humble_ws/install/serial/lib/libserial.a
[0.389s] -- Up-to-date symlink: /home/ylspyrou/humble_ws/install/serial/include/serial/serial.h
[0.390s] -- Up-to-date symlink: /home/ylspyrou/humble_ws/install/serial/include/serial/v8stdint.h
[0.390s] -- Up-to-date symlink: /home/ylspyrou/humble_ws/install/serial/share/serial/environment/library_path.sh
[0.390s] -- Up-to-date symlink: /home/ylspyrou/humble_ws/install/serial/share/serial/environment/library_path.dsv
[0.391s] -- Up-to-date symlink: /home/ylspyrou/humble_ws/install/serial/share/ament_index/resource_index/package_run_dependencies/serial
[0.392s] -- Up-to-date symlink: /home/ylspyrou/humble_ws/install/serial/share/ament_index/resource_index/parent_prefix_path/serial
[0.392s] -- Up-to-date symlink: /home/ylspyrou/humble_ws/install/serial/share/serial/environment/ament_prefix_path.sh
[0.392s] -- Up-to-date symlink: /home/ylspyrou/humble_ws/install/serial/share/serial/environment/ament_prefix_path.dsv
[0.393s] -- Up-to-date symlink: /home/ylspyrou/humble_ws/install/serial/share/serial/environment/path.sh
[0.393s] -- Up-to-date symlink: /home/ylspyrou/humble_ws/install/serial/share/serial/environment/path.dsv
[0.393s] -- Up-to-date symlink: /home/ylspyrou/humble_ws/install/serial/share/serial/local_setup.bash
[0.394s] -- Up-to-date symlink: /home/ylspyrou/humble_ws/install/serial/share/serial/local_setup.sh
[0.394s] -- Up-to-date symlink: /home/ylspyrou/humble_ws/install/serial/share/serial/local_setup.zsh
[0.394s] -- Up-to-date symlink: /home/ylspyrou/humble_ws/install/serial/share/serial/local_setup.dsv
[0.395s] -- Symlinking: /home/ylspyrou/humble_ws/install/serial/share/serial/package.dsv
[0.405s] -- Up-to-date symlink: /home/ylspyrou/humble_ws/install/serial/share/ament_index/resource_index/packages/serial
[0.406s] -- Up-to-date symlink: /home/ylspyrou/humble_ws/install/serial/share/serial/cmake/ament_cmake_export_include_directories-extras.cmake
[0.406s] -- Up-to-date symlink: /home/ylspyrou/humble_ws/install/serial/share/serial/cmake/ament_cmake_export_libraries-extras.cmake
[0.407s] -- Up-to-date symlink: /home/ylspyrou/humble_ws/install/serial/share/serial/cmake/serialConfig.cmake
[0.407s] -- Up-to-date symlink: /home/ylspyrou/humble_ws/install/serial/share/serial/cmake/serialConfig-version.cmake
[0.407s] -- Up-to-date symlink: /home/ylspyrou/humble_ws/install/serial/share/serial/package.xml
[0.413s] Invoked command in '/home/ylspyrou/humble_ws/build/serial' returned '0': CMAKE_PREFIX_PATH=${CMAKE_PREFIX_PATH}:/home/ylspyrou/humble_ws/install/serial_motor_demo:/home/ylspyrou/humble_ws/install/ros2controlcli:/home/ylspyrou/humble_ws/install/ros2_control_test_nodes:/home/ylspyrou/dev_ws/install/serial_motor_demo:/opt/ros/foxy /usr/bin/cmake --install /home/ylspyrou/humble_ws/build/serial
