-- The C compiler identification is GNU 9.4.0
-- The CXX compiler identification is GNU 9.4.0
-- Check for working C compiler: /usr/bin/cc
-- Check for working C compiler: /usr/bin/cc -- works
-- Detecting C compiler ABI info
-- Detecting C compiler ABI info - done
-- Detecting C compile features
-- Detecting C compile features - done
-- Check for working CXX compiler: /usr/bin/c++
-- Check for working CXX compiler: /usr/bin/c++ -- works
-- Detecting CXX compiler ABI info
-- Detecting CXX compiler ABI info - done
-- Detecting CXX compile features
-- Detecting CXX compile features - done
-- Found ament_cmake: 0.9.12 (/opt/ros/foxy/share/ament_cmake/cmake)
-- Found PythonInterp: /usr/bin/python3 (found suitable version "3.8.10", minimum required is "3") 
-- Using PYTHON_EXECUTABLE: /usr/bin/python3
-- Override CMake install command with custom implementation using symlinks instead of copying resources
-- Found joint_state_broadcaster: 0.9.0 (/home/ylspyrou/humble_ws/install/joint_state_broadcaster/share/joint_state_broadcaster/cmake)
-- Using all available rosidl_typesupport_c: rosidl_typesupport_fastrtps_c;rosidl_typesupport_introspection_c
-- Found rosidl_adapter: 1.3.1 (/opt/ros/foxy/share/rosidl_adapter/cmake)
-- Found OpenSSL: /usr/lib/x86_64-linux-gnu/libcrypto.so (found version "1.1.1f")  
-- Found FastRTPS: /opt/ros/foxy/include  
-- Using all available rosidl_typesupport_cpp: rosidl_typesupport_fastrtps_cpp;rosidl_typesupport_introspection_cpp
-- Found rmw_implementation_cmake: 1.0.4 (/opt/ros/foxy/share/rmw_implementation_cmake/cmake)
-- Using RMW implementation 'rmw_fastrtps_cpp' as default
-- Looking for pthread.h
-- Looking for pthread.h - found
-- Performing Test CMAKE_HAVE_LIBC_PTHREAD
-- Performing Test CMAKE_HAVE_LIBC_PTHREAD - Failed
-- Looking for pthread_create in pthreads
-- Looking for pthread_create in pthreads - not found
-- Looking for pthread_create in pthread
-- Looking for pthread_create in pthread - found
-- Found Threads: TRUE  
-- Found ament_cmake_gmock: 0.9.12 (/opt/ros/foxy/share/ament_cmake_gmock/cmake)
-- Found controller_manager: 0.11.0 (/home/ylspyrou/humble_ws/install/controller_manager/share/controller_manager/cmake)
-- Found ros2_control_test_assets: 0.11.0 (/home/ylspyrou/humble_ws/install/ros2_control_test_assets/share/ros2_control_test_assets/cmake)
-- Found gmock sources under '/opt/ros/foxy/src/gmock_vendor': C++ tests using 'Google Mock' will be built
-- Found ament_cmake_gtest: 0.9.12 (/opt/ros/foxy/share/ament_cmake_gtest/cmake)
-- Found gtest sources under '/opt/ros/foxy/src/gtest_vendor': C++ tests using 'Google Test' will be built
-- Configuring done
-- Generating done
-- Build files have been written to: /home/ylspyrou/humble_ws/build/joint_state_controller
[35m[1mScanning dependencies of target gmock[0m
[ 11%] [32mBuilding CXX object gmock/CMakeFiles/gmock.dir/opt/ros/foxy/src/gtest_vendor/src/gtest-all.cc.o[0m
[ 22%] [32mBuilding CXX object gmock/CMakeFiles/gmock.dir/src/gmock-all.cc.o[0m
[ 33%] [32m[1mLinking CXX static library libgmock.a[0m
[ 33%] Built target gmock
[35m[1mScanning dependencies of target gmock_main[0m
[ 44%] [32mBuilding CXX object gmock/CMakeFiles/gmock_main.dir/src/gmock_main.cc.o[0m
[ 55%] [32m[1mLinking CXX static library libgmock_main.a[0m
[ 55%] Built target gmock_main
[35m[1mScanning dependencies of target joint_state_controller[0m
[ 66%] [32mBuilding CXX object CMakeFiles/joint_state_controller.dir/src/joint_state_controller.cpp.o[0m
[ 77%] [32m[1mLinking CXX shared library libjoint_state_controller.so[0m
[ 77%] Built target joint_state_controller
[35m[1mScanning dependencies of target test_load_joint_state_controller[0m
[ 88%] [32mBuilding CXX object CMakeFiles/test_load_joint_state_controller.dir/test/test_load_joint_state_controller.cpp.o[0m
[100%] [32m[1mLinking CXX executable test_load_joint_state_controller[0m
[100%] Built target test_load_joint_state_controller
-- Install configuration: ""
-- Execute custom install script
-- Symlinking: /home/ylspyrou/humble_ws/install/joint_state_controller/share/joint_state_controller//joint_state_plugin.xml
-- Symlinking: /home/ylspyrou/humble_ws/install/joint_state_controller/lib/libjoint_state_controller.so
-- Symlinking: /home/ylspyrou/humble_ws/install/joint_state_controller/share/joint_state_controller/environment/library_path.sh
-- Symlinking: /home/ylspyrou/humble_ws/install/joint_state_controller/share/joint_state_controller/environment/library_path.dsv
-- Symlinking: /home/ylspyrou/humble_ws/install/joint_state_controller/share/ament_index/resource_index/package_run_dependencies/joint_state_controller
-- Symlinking: /home/ylspyrou/humble_ws/install/joint_state_controller/share/ament_index/resource_index/parent_prefix_path/joint_state_controller
-- Symlinking: /home/ylspyrou/humble_ws/install/joint_state_controller/share/joint_state_controller/environment/ament_prefix_path.sh
-- Symlinking: /home/ylspyrou/humble_ws/install/joint_state_controller/share/joint_state_controller/environment/ament_prefix_path.dsv
-- Symlinking: /home/ylspyrou/humble_ws/install/joint_state_controller/share/joint_state_controller/environment/path.sh
-- Symlinking: /home/ylspyrou/humble_ws/install/joint_state_controller/share/joint_state_controller/environment/path.dsv
-- Symlinking: /home/ylspyrou/humble_ws/install/joint_state_controller/share/joint_state_controller/local_setup.bash
-- Symlinking: /home/ylspyrou/humble_ws/install/joint_state_controller/share/joint_state_controller/local_setup.sh
-- Symlinking: /home/ylspyrou/humble_ws/install/joint_state_controller/share/joint_state_controller/local_setup.zsh
-- Symlinking: /home/ylspyrou/humble_ws/install/joint_state_controller/share/joint_state_controller/local_setup.dsv
-- Symlinking: /home/ylspyrou/humble_ws/install/joint_state_controller/share/joint_state_controller/package.dsv
-- Symlinking: /home/ylspyrou/humble_ws/install/joint_state_controller/share/ament_index/resource_index/packages/joint_state_controller
-- Symlinking: /home/ylspyrou/humble_ws/install/joint_state_controller/share/ament_index/resource_index/controller_interface__pluginlib__plugin/joint_state_controller
-- Symlinking: /home/ylspyrou/humble_ws/install/joint_state_controller/share/joint_state_controller/cmake/ament_cmake_export_dependencies-extras.cmake
-- Symlinking: /home/ylspyrou/humble_ws/install/joint_state_controller/share/joint_state_controller/cmake/ament_cmake_export_libraries-extras.cmake
-- Symlinking: /home/ylspyrou/humble_ws/install/joint_state_controller/share/joint_state_controller/cmake/joint_state_controllerConfig.cmake
-- Symlinking: /home/ylspyrou/humble_ws/install/joint_state_controller/share/joint_state_controller/cmake/joint_state_controllerConfig-version.cmake
-- Symlinking: /home/ylspyrou/humble_ws/install/joint_state_controller/share/joint_state_controller/package.xml
