[0.085s] Invoking command in '/home/ylspyrou/humble_ws/build/joint_state_controller': AMENT_PREFIX_PATH=/home/ylspyrou/humble_ws/install/joint_state_broadcaster:/home/ylspyrou/humble_ws/install/controller_manager:/home/ylspyrou/humble_ws/install/controller_interface:/home/ylspyrou/humble_ws/install/hardware_interface:/home/ylspyrou/humble_ws/install/ros2_control_test_assets:/home/ylspyrou/humble_ws/install/realtime_tools:/home/ylspyrou/humble_ws/install/controller_manager_msgs:/home/ylspyrou/humble_ws/install/control_msgs:${AMENT_PREFIX_PATH} CMAKE_PREFIX_PATH=/home/ylspyrou/humble_ws/install/joint_state_broadcaster:/home/ylspyrou/humble_ws/install/controller_manager:/home/ylspyrou/humble_ws/install/controller_interface:/home/ylspyrou/humble_ws/install/hardware_interface:/home/ylspyrou/humble_ws/install/ros2_control_test_assets:/home/ylspyrou/humble_ws/install/realtime_tools:/home/ylspyrou/humble_ws/install/controller_manager_msgs:/home/ylspyrou/humble_ws/install/control_msgs:/opt/ros/foxy LD_LIBRARY_PATH=/home/ylspyrou/humble_ws/install/joint_state_broadcaster/lib:/home/ylspyrou/humble_ws/install/controller_manager/lib:/home/ylspyrou/humble_ws/install/controller_interface/lib:/home/ylspyrou/humble_ws/install/hardware_interface/lib:/home/ylspyrou/humble_ws/install/realtime_tools/lib:/home/ylspyrou/humble_ws/install/controller_manager_msgs/lib:/home/ylspyrou/humble_ws/install/control_msgs/lib:${LD_LIBRARY_PATH} PYTHONPATH=/home/ylspyrou/humble_ws/install/controller_manager/lib/python3.8/site-packages:/home/ylspyrou/humble_ws/install/controller_manager_msgs/lib/python3.8/site-packages:/home/ylspyrou/humble_ws/install/control_msgs/lib/python3.8/site-packages:${PYTHONPATH} /usr/bin/cmake /home/ylspyrou/humble_ws/src/ros2_controllers/joint_state_controller -DAMENT_CMAKE_SYMLINK_INSTALL=1 -DCMAKE_INSTALL_PREFIX=/home/ylspyrou/humble_ws/install/joint_state_controller
[0.215s] -- The C compiler identification is GNU 9.4.0
[0.368s] -- The CXX compiler identification is GNU 9.4.0
[0.381s] -- Check for working C compiler: /usr/bin/cc
[0.531s] -- Check for working C compiler: /usr/bin/cc -- works
[0.539s] -- Detecting C compiler ABI info
[0.780s] -- Detecting C compiler ABI info - done
[0.807s] -- Detecting C compile features
[0.808s] -- Detecting C compile features - done
[0.821s] -- Check for working CXX compiler: /usr/bin/c++
[1.062s] -- Check for working CXX compiler: /usr/bin/c++ -- works
[1.065s] -- Detecting CXX compiler ABI info
[1.255s] -- Detecting CXX compiler ABI info - done
[1.279s] -- Detecting CXX compile features
[1.279s] -- Detecting CXX compile features - done
[1.293s] -- Found ament_cmake: 0.9.12 (/opt/ros/foxy/share/ament_cmake/cmake)
[1.424s] -- Found PythonInterp: /usr/bin/python3 (found suitable version "3.8.10", minimum required is "3") 
[1.424s] -- Using PYTHON_EXECUTABLE: /usr/bin/python3
[2.037s] -- Override CMake install command with custom implementation using symlinks instead of copying resources
[2.116s] -- Found joint_state_broadcaster: 0.9.0 (/home/ylspyrou/humble_ws/install/joint_state_broadcaster/share/joint_state_broadcaster/cmake)
[2.195s] -- Using all available rosidl_typesupport_c: rosidl_typesupport_fastrtps_c;rosidl_typesupport_introspection_c
[2.218s] -- Found rosidl_adapter: 1.3.1 (/opt/ros/foxy/share/rosidl_adapter/cmake)
[2.455s] -- Found OpenSSL: /usr/lib/x86_64-linux-gnu/libcrypto.so (found version "1.1.1f")  
[2.519s] -- Found FastRTPS: /opt/ros/foxy/include  
[2.631s] -- Using all available rosidl_typesupport_cpp: rosidl_typesupport_fastrtps_cpp;rosidl_typesupport_introspection_cpp
[3.377s] -- Found rmw_implementation_cmake: 1.0.4 (/opt/ros/foxy/share/rmw_implementation_cmake/cmake)
[3.379s] -- Using RMW implementation 'rmw_fastrtps_cpp' as default
[3.384s] -- Looking for pthread.h
[3.476s] -- Looking for pthread.h - found
[3.476s] -- Performing Test CMAKE_HAVE_LIBC_PTHREAD
[3.577s] -- Performing Test CMAKE_HAVE_LIBC_PTHREAD - Failed
[3.578s] -- Looking for pthread_create in pthreads
[3.653s] -- Looking for pthread_create in pthreads - not found
[3.653s] -- Looking for pthread_create in pthread
[3.740s] -- Looking for pthread_create in pthread - found
[3.742s] -- Found Threads: TRUE  
[4.406s] -- Found ament_cmake_gmock: 0.9.12 (/opt/ros/foxy/share/ament_cmake_gmock/cmake)
[4.409s] -- Found controller_manager: 0.11.0 (/home/ylspyrou/humble_ws/install/controller_manager/share/controller_manager/cmake)
[4.493s] -- Found ros2_control_test_assets: 0.11.0 (/home/ylspyrou/humble_ws/install/ros2_control_test_assets/share/ros2_control_test_assets/cmake)
[4.497s] -- Found gmock sources under '/opt/ros/foxy/src/gmock_vendor': C++ tests using 'Google Mock' will be built
[4.502s] -- Found ament_cmake_gtest: 0.9.12 (/opt/ros/foxy/share/ament_cmake_gtest/cmake)
[4.504s] -- Found gtest sources under '/opt/ros/foxy/src/gtest_vendor': C++ tests using 'Google Test' will be built
[4.741s] -- Configuring done
[4.806s] -- Generating done
[4.809s] -- Build files have been written to: /home/ylspyrou/humble_ws/build/joint_state_controller
[4.823s] Invoked command in '/home/ylspyrou/humble_ws/build/joint_state_controller' returned '0': AMENT_PREFIX_PATH=/home/ylspyrou/humble_ws/install/joint_state_broadcaster:/home/ylspyrou/humble_ws/install/controller_manager:/home/ylspyrou/humble_ws/install/controller_interface:/home/ylspyrou/humble_ws/install/hardware_interface:/home/ylspyrou/humble_ws/install/ros2_control_test_assets:/home/ylspyrou/humble_ws/install/realtime_tools:/home/ylspyrou/humble_ws/install/controller_manager_msgs:/home/ylspyrou/humble_ws/install/control_msgs:${AMENT_PREFIX_PATH} CMAKE_PREFIX_PATH=/home/ylspyrou/humble_ws/install/joint_state_broadcaster:/home/ylspyrou/humble_ws/install/controller_manager:/home/ylspyrou/humble_ws/install/controller_interface:/home/ylspyrou/humble_ws/install/hardware_interface:/home/ylspyrou/humble_ws/install/ros2_control_test_assets:/home/ylspyrou/humble_ws/install/realtime_tools:/home/ylspyrou/humble_ws/install/controller_manager_msgs:/home/ylspyrou/humble_ws/install/control_msgs:/opt/ros/foxy LD_LIBRARY_PATH=/home/ylspyrou/humble_ws/install/joint_state_broadcaster/lib:/home/ylspyrou/humble_ws/install/controller_manager/lib:/home/ylspyrou/humble_ws/install/controller_interface/lib:/home/ylspyrou/humble_ws/install/hardware_interface/lib:/home/ylspyrou/humble_ws/install/realtime_tools/lib:/home/ylspyrou/humble_ws/install/controller_manager_msgs/lib:/home/ylspyrou/humble_ws/install/control_msgs/lib:${LD_LIBRARY_PATH} PYTHONPATH=/home/ylspyrou/humble_ws/install/controller_manager/lib/python3.8/site-packages:/home/ylspyrou/humble_ws/install/controller_manager_msgs/lib/python3.8/site-packages:/home/ylspyrou/humble_ws/install/control_msgs/lib/python3.8/site-packages:${PYTHONPATH} /usr/bin/cmake /home/ylspyrou/humble_ws/src/ros2_controllers/joint_state_controller -DAMENT_CMAKE_SYMLINK_INSTALL=1 -DCMAKE_INSTALL_PREFIX=/home/ylspyrou/humble_ws/install/joint_state_controller
[4.824s] Invoking command in '/home/ylspyrou/humble_ws/build/joint_state_controller': AMENT_PREFIX_PATH=/home/ylspyrou/humble_ws/install/joint_state_broadcaster:/home/ylspyrou/humble_ws/install/controller_manager:/home/ylspyrou/humble_ws/install/controller_interface:/home/ylspyrou/humble_ws/install/hardware_interface:/home/ylspyrou/humble_ws/install/ros2_control_test_assets:/home/ylspyrou/humble_ws/install/realtime_tools:/home/ylspyrou/humble_ws/install/controller_manager_msgs:/home/ylspyrou/humble_ws/install/control_msgs:${AMENT_PREFIX_PATH} CMAKE_PREFIX_PATH=/home/ylspyrou/humble_ws/install/joint_state_broadcaster:/home/ylspyrou/humble_ws/install/controller_manager:/home/ylspyrou/humble_ws/install/controller_interface:/home/ylspyrou/humble_ws/install/hardware_interface:/home/ylspyrou/humble_ws/install/ros2_control_test_assets:/home/ylspyrou/humble_ws/install/realtime_tools:/home/ylspyrou/humble_ws/install/controller_manager_msgs:/home/ylspyrou/humble_ws/install/control_msgs:/opt/ros/foxy LD_LIBRARY_PATH=/home/ylspyrou/humble_ws/install/joint_state_broadcaster/lib:/home/ylspyrou/humble_ws/install/controller_manager/lib:/home/ylspyrou/humble_ws/install/controller_interface/lib:/home/ylspyrou/humble_ws/install/hardware_interface/lib:/home/ylspyrou/humble_ws/install/realtime_tools/lib:/home/ylspyrou/humble_ws/install/controller_manager_msgs/lib:/home/ylspyrou/humble_ws/install/control_msgs/lib:${LD_LIBRARY_PATH} PYTHONPATH=/home/ylspyrou/humble_ws/install/controller_manager/lib/python3.8/site-packages:/home/ylspyrou/humble_ws/install/controller_manager_msgs/lib/python3.8/site-packages:/home/ylspyrou/humble_ws/install/control_msgs/lib/python3.8/site-packages:${PYTHONPATH} /usr/bin/cmake --build /home/ylspyrou/humble_ws/build/joint_state_controller -- -j2 -l2
[4.879s] [35m[1mScanning dependencies of target gmock[0m
[4.907s] [ 11%] [32mBuilding CXX object gmock/CMakeFiles/gmock.dir/opt/ros/foxy/src/gtest_vendor/src/gtest-all.cc.o[0m
[9.491s] [ 22%] [32mBuilding CXX object gmock/CMakeFiles/gmock.dir/src/gmock-all.cc.o[0m
[11.900s] [ 33%] [32m[1mLinking CXX static library libgmock.a[0m
[12.322s] [ 33%] Built target gmock
[12.355s] [35m[1mScanning dependencies of target gmock_main[0m
[12.403s] [ 44%] [32mBuilding CXX object gmock/CMakeFiles/gmock_main.dir/src/gmock_main.cc.o[0m
[13.937s] [ 55%] [32m[1mLinking CXX static library libgmock_main.a[0m
[13.980s] [ 55%] Built target gmock_main
[13.996s] [35m[1mScanning dependencies of target joint_state_controller[0m
[14.087s] [ 66%] [32mBuilding CXX object CMakeFiles/joint_state_controller.dir/src/joint_state_controller.cpp.o[0m
[17.163s] [ 77%] [32m[1mLinking CXX shared library libjoint_state_controller.so[0m
[17.370s] [ 77%] Built target joint_state_controller
[17.386s] [35m[1mScanning dependencies of target test_load_joint_state_controller[0m
[17.477s] [ 88%] [32mBuilding CXX object CMakeFiles/test_load_joint_state_controller.dir/test/test_load_joint_state_controller.cpp.o[0m
[22.867s] [100%] [32m[1mLinking CXX executable test_load_joint_state_controller[0m
[24.000s] [100%] Built target test_load_joint_state_controller
[24.025s] Invoked command in '/home/ylspyrou/humble_ws/build/joint_state_controller' returned '0': AMENT_PREFIX_PATH=/home/ylspyrou/humble_ws/install/joint_state_broadcaster:/home/ylspyrou/humble_ws/install/controller_manager:/home/ylspyrou/humble_ws/install/controller_interface:/home/ylspyrou/humble_ws/install/hardware_interface:/home/ylspyrou/humble_ws/install/ros2_control_test_assets:/home/ylspyrou/humble_ws/install/realtime_tools:/home/ylspyrou/humble_ws/install/controller_manager_msgs:/home/ylspyrou/humble_ws/install/control_msgs:${AMENT_PREFIX_PATH} CMAKE_PREFIX_PATH=/home/ylspyrou/humble_ws/install/joint_state_broadcaster:/home/ylspyrou/humble_ws/install/controller_manager:/home/ylspyrou/humble_ws/install/controller_interface:/home/ylspyrou/humble_ws/install/hardware_interface:/home/ylspyrou/humble_ws/install/ros2_control_test_assets:/home/ylspyrou/humble_ws/install/realtime_tools:/home/ylspyrou/humble_ws/install/controller_manager_msgs:/home/ylspyrou/humble_ws/install/control_msgs:/opt/ros/foxy LD_LIBRARY_PATH=/home/ylspyrou/humble_ws/install/joint_state_broadcaster/lib:/home/ylspyrou/humble_ws/install/controller_manager/lib:/home/ylspyrou/humble_ws/install/controller_interface/lib:/home/ylspyrou/humble_ws/install/hardware_interface/lib:/home/ylspyrou/humble_ws/install/realtime_tools/lib:/home/ylspyrou/humble_ws/install/controller_manager_msgs/lib:/home/ylspyrou/humble_ws/install/control_msgs/lib:${LD_LIBRARY_PATH} PYTHONPATH=/home/ylspyrou/humble_ws/install/controller_manager/lib/python3.8/site-packages:/home/ylspyrou/humble_ws/install/controller_manager_msgs/lib/python3.8/site-packages:/home/ylspyrou/humble_ws/install/control_msgs/lib/python3.8/site-packages:${PYTHONPATH} /usr/bin/cmake --build /home/ylspyrou/humble_ws/build/joint_state_controller -- -j2 -l2
[24.077s] Invoking command in '/home/ylspyrou/humble_ws/build/joint_state_controller': AMENT_PREFIX_PATH=/home/ylspyrou/humble_ws/install/joint_state_broadcaster:/home/ylspyrou/humble_ws/install/controller_manager:/home/ylspyrou/humble_ws/install/controller_interface:/home/ylspyrou/humble_ws/install/hardware_interface:/home/ylspyrou/humble_ws/install/ros2_control_test_assets:/home/ylspyrou/humble_ws/install/realtime_tools:/home/ylspyrou/humble_ws/install/controller_manager_msgs:/home/ylspyrou/humble_ws/install/control_msgs:${AMENT_PREFIX_PATH} CMAKE_PREFIX_PATH=/home/ylspyrou/humble_ws/install/joint_state_broadcaster:/home/ylspyrou/humble_ws/install/controller_manager:/home/ylspyrou/humble_ws/install/controller_interface:/home/ylspyrou/humble_ws/install/hardware_interface:/home/ylspyrou/humble_ws/install/ros2_control_test_assets:/home/ylspyrou/humble_ws/install/realtime_tools:/home/ylspyrou/humble_ws/install/controller_manager_msgs:/home/ylspyrou/humble_ws/install/control_msgs:/opt/ros/foxy LD_LIBRARY_PATH=/home/ylspyrou/humble_ws/install/joint_state_broadcaster/lib:/home/ylspyrou/humble_ws/install/controller_manager/lib:/home/ylspyrou/humble_ws/install/controller_interface/lib:/home/ylspyrou/humble_ws/install/hardware_interface/lib:/home/ylspyrou/humble_ws/install/realtime_tools/lib:/home/ylspyrou/humble_ws/install/controller_manager_msgs/lib:/home/ylspyrou/humble_ws/install/control_msgs/lib:${LD_LIBRARY_PATH} PYTHONPATH=/home/ylspyrou/humble_ws/install/controller_manager/lib/python3.8/site-packages:/home/ylspyrou/humble_ws/install/controller_manager_msgs/lib/python3.8/site-packages:/home/ylspyrou/humble_ws/install/control_msgs/lib/python3.8/site-packages:${PYTHONPATH} /usr/bin/cmake --install /home/ylspyrou/humble_ws/build/joint_state_controller
[24.102s] -- Install configuration: ""
[24.104s] -- Execute custom install script
[24.105s] -- Symlinking: /home/ylspyrou/humble_ws/install/joint_state_controller/share/joint_state_controller//joint_state_plugin.xml
[24.125s] -- Symlinking: /home/ylspyrou/humble_ws/install/joint_state_controller/lib/libjoint_state_controller.so
[24.144s] -- Symlinking: /home/ylspyrou/humble_ws/install/joint_state_controller/share/joint_state_controller/environment/library_path.sh
[24.155s] -- Symlinking: /home/ylspyrou/humble_ws/install/joint_state_controller/share/joint_state_controller/environment/library_path.dsv
[24.169s] -- Symlinking: /home/ylspyrou/humble_ws/install/joint_state_controller/share/ament_index/resource_index/package_run_dependencies/joint_state_controller
[24.190s] -- Symlinking: /home/ylspyrou/humble_ws/install/joint_state_controller/share/ament_index/resource_index/parent_prefix_path/joint_state_controller
[24.204s] -- Symlinking: /home/ylspyrou/humble_ws/install/joint_state_controller/share/joint_state_controller/environment/ament_prefix_path.sh
[24.219s] -- Symlinking: /home/ylspyrou/humble_ws/install/joint_state_controller/share/joint_state_controller/environment/ament_prefix_path.dsv
[24.236s] -- Symlinking: /home/ylspyrou/humble_ws/install/joint_state_controller/share/joint_state_controller/environment/path.sh
[24.250s] -- Symlinking: /home/ylspyrou/humble_ws/install/joint_state_controller/share/joint_state_controller/environment/path.dsv
[24.265s] -- Symlinking: /home/ylspyrou/humble_ws/install/joint_state_controller/share/joint_state_controller/local_setup.bash
[24.286s] -- Symlinking: /home/ylspyrou/humble_ws/install/joint_state_controller/share/joint_state_controller/local_setup.sh
[24.301s] -- Symlinking: /home/ylspyrou/humble_ws/install/joint_state_controller/share/joint_state_controller/local_setup.zsh
[24.338s] -- Symlinking: /home/ylspyrou/humble_ws/install/joint_state_controller/share/joint_state_controller/local_setup.dsv
[24.389s] -- Symlinking: /home/ylspyrou/humble_ws/install/joint_state_controller/share/joint_state_controller/package.dsv
[24.442s] -- Symlinking: /home/ylspyrou/humble_ws/install/joint_state_controller/share/ament_index/resource_index/packages/joint_state_controller
[24.477s] -- Symlinking: /home/ylspyrou/humble_ws/install/joint_state_controller/share/ament_index/resource_index/controller_interface__pluginlib__plugin/joint_state_controller
[24.503s] -- Symlinking: /home/ylspyrou/humble_ws/install/joint_state_controller/share/joint_state_controller/cmake/ament_cmake_export_dependencies-extras.cmake
[24.526s] -- Symlinking: /home/ylspyrou/humble_ws/install/joint_state_controller/share/joint_state_controller/cmake/ament_cmake_export_libraries-extras.cmake
[24.542s] -- Symlinking: /home/ylspyrou/humble_ws/install/joint_state_controller/share/joint_state_controller/cmake/joint_state_controllerConfig.cmake
[24.554s] -- Symlinking: /home/ylspyrou/humble_ws/install/joint_state_controller/share/joint_state_controller/cmake/joint_state_controllerConfig-version.cmake
[24.569s] -- Symlinking: /home/ylspyrou/humble_ws/install/joint_state_controller/share/joint_state_controller/package.xml
[24.598s] Invoked command in '/home/ylspyrou/humble_ws/build/joint_state_controller' returned '0': AMENT_PREFIX_PATH=/home/ylspyrou/humble_ws/install/joint_state_broadcaster:/home/ylspyrou/humble_ws/install/controller_manager:/home/ylspyrou/humble_ws/install/controller_interface:/home/ylspyrou/humble_ws/install/hardware_interface:/home/ylspyrou/humble_ws/install/ros2_control_test_assets:/home/ylspyrou/humble_ws/install/realtime_tools:/home/ylspyrou/humble_ws/install/controller_manager_msgs:/home/ylspyrou/humble_ws/install/control_msgs:${AMENT_PREFIX_PATH} CMAKE_PREFIX_PATH=/home/ylspyrou/humble_ws/install/joint_state_broadcaster:/home/ylspyrou/humble_ws/install/controller_manager:/home/ylspyrou/humble_ws/install/controller_interface:/home/ylspyrou/humble_ws/install/hardware_interface:/home/ylspyrou/humble_ws/install/ros2_control_test_assets:/home/ylspyrou/humble_ws/install/realtime_tools:/home/ylspyrou/humble_ws/install/controller_manager_msgs:/home/ylspyrou/humble_ws/install/control_msgs:/opt/ros/foxy LD_LIBRARY_PATH=/home/ylspyrou/humble_ws/install/joint_state_broadcaster/lib:/home/ylspyrou/humble_ws/install/controller_manager/lib:/home/ylspyrou/humble_ws/install/controller_interface/lib:/home/ylspyrou/humble_ws/install/hardware_interface/lib:/home/ylspyrou/humble_ws/install/realtime_tools/lib:/home/ylspyrou/humble_ws/install/controller_manager_msgs/lib:/home/ylspyrou/humble_ws/install/control_msgs/lib:${LD_LIBRARY_PATH} PYTHONPATH=/home/ylspyrou/humble_ws/install/controller_manager/lib/python3.8/site-packages:/home/ylspyrou/humble_ws/install/controller_manager_msgs/lib/python3.8/site-packages:/home/ylspyrou/humble_ws/install/control_msgs/lib/python3.8/site-packages:${PYTHONPATH} /usr/bin/cmake --install /home/ylspyrou/humble_ws/build/joint_state_controller
