[0.238s] Invoking command in '/home/ylspyrou/humble_ws/build/tricycle_controller': AMENT_PREFIX_PATH=/home/ylspyrou/humble_ws/install/controller_manager:/home/ylspyrou/humble_ws/install/controller_interface:/home/ylspyrou/humble_ws/install/hardware_interface:/home/ylspyrou/humble_ws/install/ros2_control_test_assets:/home/ylspyrou/humble_ws/install/realtime_tools:/home/ylspyrou/humble_ws/install/controller_manager_msgs:/home/ylspyrou/humble_ws/install/control_msgs:${AMENT_PREFIX_PATH} CMAKE_PREFIX_PATH=/home/ylspyrou/humble_ws/install/controller_manager:/home/ylspyrou/humble_ws/install/controller_interface:/home/ylspyrou/humble_ws/install/hardware_interface:/home/ylspyrou/humble_ws/install/ros2_control_test_assets:/home/ylspyrou/humble_ws/install/realtime_tools:/home/ylspyrou/humble_ws/install/controller_manager_msgs:/home/ylspyrou/humble_ws/install/control_msgs:/opt/ros/foxy LD_LIBRARY_PATH=/home/ylspyrou/humble_ws/install/controller_manager/lib:/home/ylspyrou/humble_ws/install/controller_interface/lib:/home/ylspyrou/humble_ws/install/hardware_interface/lib:/home/ylspyrou/humble_ws/install/realtime_tools/lib:/home/ylspyrou/humble_ws/install/controller_manager_msgs/lib:/home/ylspyrou/humble_ws/install/control_msgs/lib:${LD_LIBRARY_PATH} PYTHONPATH=/home/ylspyrou/humble_ws/install/controller_manager/lib/python3.8/site-packages:/home/ylspyrou/humble_ws/install/controller_manager_msgs/lib/python3.8/site-packages:/home/ylspyrou/humble_ws/install/control_msgs/lib/python3.8/site-packages:${PYTHONPATH} /usr/bin/cmake --build /home/ylspyrou/humble_ws/build/tricycle_controller -- -j2 -l2
[0.317s] [ 14%] Built target gmock_main
[0.329s] [ 35%] Built target gmock
[0.401s] [ 71%] Built target tricycle_controller
[0.403s] [ 85%] Built target test_load_tricycle_controller
[0.439s] [100%] Built target test_tricycle_controller
[0.452s] Invoked command in '/home/ylspyrou/humble_ws/build/tricycle_controller' returned '0': AMENT_PREFIX_PATH=/home/ylspyrou/humble_ws/install/controller_manager:/home/ylspyrou/humble_ws/install/controller_interface:/home/ylspyrou/humble_ws/install/hardware_interface:/home/ylspyrou/humble_ws/install/ros2_control_test_assets:/home/ylspyrou/humble_ws/install/realtime_tools:/home/ylspyrou/humble_ws/install/controller_manager_msgs:/home/ylspyrou/humble_ws/install/control_msgs:${AMENT_PREFIX_PATH} CMAKE_PREFIX_PATH=/home/ylspyrou/humble_ws/install/controller_manager:/home/ylspyrou/humble_ws/install/controller_interface:/home/ylspyrou/humble_ws/install/hardware_interface:/home/ylspyrou/humble_ws/install/ros2_control_test_assets:/home/ylspyrou/humble_ws/install/realtime_tools:/home/ylspyrou/humble_ws/install/controller_manager_msgs:/home/ylspyrou/humble_ws/install/control_msgs:/opt/ros/foxy LD_LIBRARY_PATH=/home/ylspyrou/humble_ws/install/controller_manager/lib:/home/ylspyrou/humble_ws/install/controller_interface/lib:/home/ylspyrou/humble_ws/install/hardware_interface/lib:/home/ylspyrou/humble_ws/install/realtime_tools/lib:/home/ylspyrou/humble_ws/install/controller_manager_msgs/lib:/home/ylspyrou/humble_ws/install/control_msgs/lib:${LD_LIBRARY_PATH} PYTHONPATH=/home/ylspyrou/humble_ws/install/controller_manager/lib/python3.8/site-packages:/home/ylspyrou/humble_ws/install/controller_manager_msgs/lib/python3.8/site-packages:/home/ylspyrou/humble_ws/install/control_msgs/lib/python3.8/site-packages:${PYTHONPATH} /usr/bin/cmake --build /home/ylspyrou/humble_ws/build/tricycle_controller -- -j2 -l2
[0.490s] Invoking command in '/home/ylspyrou/humble_ws/build/tricycle_controller': AMENT_PREFIX_PATH=/home/ylspyrou/humble_ws/install/controller_manager:/home/ylspyrou/humble_ws/install/controller_interface:/home/ylspyrou/humble_ws/install/hardware_interface:/home/ylspyrou/humble_ws/install/ros2_control_test_assets:/home/ylspyrou/humble_ws/install/realtime_tools:/home/ylspyrou/humble_ws/install/controller_manager_msgs:/home/ylspyrou/humble_ws/install/control_msgs:${AMENT_PREFIX_PATH} CMAKE_PREFIX_PATH=/home/ylspyrou/humble_ws/install/controller_manager:/home/ylspyrou/humble_ws/install/controller_interface:/home/ylspyrou/humble_ws/install/hardware_interface:/home/ylspyrou/humble_ws/install/ros2_control_test_assets:/home/ylspyrou/humble_ws/install/realtime_tools:/home/ylspyrou/humble_ws/install/controller_manager_msgs:/home/ylspyrou/humble_ws/install/control_msgs:/opt/ros/foxy LD_LIBRARY_PATH=/home/ylspyrou/humble_ws/install/controller_manager/lib:/home/ylspyrou/humble_ws/install/controller_interface/lib:/home/ylspyrou/humble_ws/install/hardware_interface/lib:/home/ylspyrou/humble_ws/install/realtime_tools/lib:/home/ylspyrou/humble_ws/install/controller_manager_msgs/lib:/home/ylspyrou/humble_ws/install/control_msgs/lib:${LD_LIBRARY_PATH} PYTHONPATH=/home/ylspyrou/humble_ws/install/controller_manager/lib/python3.8/site-packages:/home/ylspyrou/humble_ws/install/controller_manager_msgs/lib/python3.8/site-packages:/home/ylspyrou/humble_ws/install/control_msgs/lib/python3.8/site-packages:${PYTHONPATH} /usr/bin/cmake --install /home/ylspyrou/humble_ws/build/tricycle_controller
[0.501s] -- Install configuration: ""
[0.503s] -- Execute custom install script
[0.504s] -- Up-to-date symlink: /home/ylspyrou/humble_ws/install/tricycle_controller/share/tricycle_controller//tricycle_controller.xml
[0.505s] -- Up-to-date symlink: /home/ylspyrou/humble_ws/install/tricycle_controller/lib/libtricycle_controller.so
[0.506s] -- Up-to-date symlink: /home/ylspyrou/humble_ws/install/tricycle_controller/include/tricycle_controller/odometry.hpp
[0.506s] -- Up-to-date symlink: /home/ylspyrou/humble_ws/install/tricycle_controller/include/tricycle_controller/rolling_mean_accumulator.hpp
[0.507s] -- Up-to-date symlink: /home/ylspyrou/humble_ws/install/tricycle_controller/include/tricycle_controller/steering_limiter.hpp
[0.507s] -- Up-to-date symlink: /home/ylspyrou/humble_ws/install/tricycle_controller/include/tricycle_controller/traction_limiter.hpp
[0.507s] -- Up-to-date symlink: /home/ylspyrou/humble_ws/install/tricycle_controller/include/tricycle_controller/tricycle_controller.hpp
[0.508s] -- Up-to-date symlink: /home/ylspyrou/humble_ws/install/tricycle_controller/include/tricycle_controller/visibility_control.h
[0.509s] -- Up-to-date symlink: /home/ylspyrou/humble_ws/install/tricycle_controller/share/tricycle_controller/environment/library_path.sh
[0.509s] -- Up-to-date symlink: /home/ylspyrou/humble_ws/install/tricycle_controller/share/tricycle_controller/environment/library_path.dsv
[0.510s] -- Up-to-date symlink: /home/ylspyrou/humble_ws/install/tricycle_controller/share/ament_index/resource_index/package_run_dependencies/tricycle_controller
[0.510s] -- Up-to-date symlink: /home/ylspyrou/humble_ws/install/tricycle_controller/share/ament_index/resource_index/parent_prefix_path/tricycle_controller
[0.511s] -- Up-to-date symlink: /home/ylspyrou/humble_ws/install/tricycle_controller/share/tricycle_controller/environment/ament_prefix_path.sh
[0.512s] -- Up-to-date symlink: /home/ylspyrou/humble_ws/install/tricycle_controller/share/tricycle_controller/environment/ament_prefix_path.dsv
[0.512s] -- Up-to-date symlink: /home/ylspyrou/humble_ws/install/tricycle_controller/share/tricycle_controller/environment/path.sh
[0.513s] -- Up-to-date symlink: /home/ylspyrou/humble_ws/install/tricycle_controller/share/tricycle_controller/environment/path.dsv
[0.513s] -- Up-to-date symlink: /home/ylspyrou/humble_ws/install/tricycle_controller/share/tricycle_controller/local_setup.bash
[0.513s] -- Up-to-date symlink: /home/ylspyrou/humble_ws/install/tricycle_controller/share/tricycle_controller/local_setup.sh
[0.514s] -- Up-to-date symlink: /home/ylspyrou/humble_ws/install/tricycle_controller/share/tricycle_controller/local_setup.zsh
[0.514s] -- Up-to-date symlink: /home/ylspyrou/humble_ws/install/tricycle_controller/share/tricycle_controller/local_setup.dsv
[0.515s] -- Symlinking: /home/ylspyrou/humble_ws/install/tricycle_controller/share/tricycle_controller/package.dsv
[0.525s] -- Up-to-date symlink: /home/ylspyrou/humble_ws/install/tricycle_controller/share/ament_index/resource_index/packages/tricycle_controller
[0.525s] -- Up-to-date symlink: /home/ylspyrou/humble_ws/install/tricycle_controller/share/ament_index/resource_index/controller_interface__pluginlib__plugin/tricycle_controller
[0.526s] -- Up-to-date symlink: /home/ylspyrou/humble_ws/install/tricycle_controller/share/tricycle_controller/cmake/ament_cmake_export_include_directories-extras.cmake
[0.526s] -- Up-to-date symlink: /home/ylspyrou/humble_ws/install/tricycle_controller/share/tricycle_controller/cmake/ament_cmake_export_libraries-extras.cmake
[0.527s] -- Up-to-date symlink: /home/ylspyrou/humble_ws/install/tricycle_controller/share/tricycle_controller/cmake/ament_cmake_export_dependencies-extras.cmake
[0.528s] -- Up-to-date symlink: /home/ylspyrou/humble_ws/install/tricycle_controller/share/tricycle_controller/cmake/tricycle_controllerConfig.cmake
[0.528s] -- Up-to-date symlink: /home/ylspyrou/humble_ws/install/tricycle_controller/share/tricycle_controller/cmake/tricycle_controllerConfig-version.cmake
[0.528s] -- Up-to-date symlink: /home/ylspyrou/humble_ws/install/tricycle_controller/share/tricycle_controller/package.xml
[0.532s] Invoked command in '/home/ylspyrou/humble_ws/build/tricycle_controller' returned '0': AMENT_PREFIX_PATH=/home/ylspyrou/humble_ws/install/controller_manager:/home/ylspyrou/humble_ws/install/controller_interface:/home/ylspyrou/humble_ws/install/hardware_interface:/home/ylspyrou/humble_ws/install/ros2_control_test_assets:/home/ylspyrou/humble_ws/install/realtime_tools:/home/ylspyrou/humble_ws/install/controller_manager_msgs:/home/ylspyrou/humble_ws/install/control_msgs:${AMENT_PREFIX_PATH} CMAKE_PREFIX_PATH=/home/ylspyrou/humble_ws/install/controller_manager:/home/ylspyrou/humble_ws/install/controller_interface:/home/ylspyrou/humble_ws/install/hardware_interface:/home/ylspyrou/humble_ws/install/ros2_control_test_assets:/home/ylspyrou/humble_ws/install/realtime_tools:/home/ylspyrou/humble_ws/install/controller_manager_msgs:/home/ylspyrou/humble_ws/install/control_msgs:/opt/ros/foxy LD_LIBRARY_PATH=/home/ylspyrou/humble_ws/install/controller_manager/lib:/home/ylspyrou/humble_ws/install/controller_interface/lib:/home/ylspyrou/humble_ws/install/hardware_interface/lib:/home/ylspyrou/humble_ws/install/realtime_tools/lib:/home/ylspyrou/humble_ws/install/controller_manager_msgs/lib:/home/ylspyrou/humble_ws/install/control_msgs/lib:${LD_LIBRARY_PATH} PYTHONPATH=/home/ylspyrou/humble_ws/install/controller_manager/lib/python3.8/site-packages:/home/ylspyrou/humble_ws/install/controller_manager_msgs/lib/python3.8/site-packages:/home/ylspyrou/humble_ws/install/control_msgs/lib/python3.8/site-packages:${PYTHONPATH} /usr/bin/cmake --install /home/ylspyrou/humble_ws/build/tricycle_controller
