[0.019s] Invoking command in '/home/ylspyrou/humble_ws/build/transmission_interface': AMENT_PREFIX_PATH=/home/ylspyrou/humble_ws/install/hardware_interface:/home/ylspyrou/humble_ws/install/ros2_control_test_assets:/home/ylspyrou/humble_ws/install/control_msgs:${AMENT_PREFIX_PATH} CMAKE_PREFIX_PATH=/home/ylspyrou/humble_ws/install/hardware_interface:/home/ylspyrou/humble_ws/install/ros2_control_test_assets:/home/ylspyrou/humble_ws/install/control_msgs:/opt/ros/foxy LD_LIBRARY_PATH=/home/ylspyrou/humble_ws/install/hardware_interface/lib:/home/ylspyrou/humble_ws/install/control_msgs/lib:${LD_LIBRARY_PATH} PYTHONPATH=/home/ylspyrou/humble_ws/install/control_msgs/lib/python3.8/site-packages:${PYTHONPATH} /usr/bin/cmake --build /home/ylspyrou/humble_ws/build/transmission_interface -- -j2 -l2
[0.103s] [ 18%] Built target gmock_main
[0.120s] [ 45%] Built target gmock
[0.167s] [ 63%] Built target test_differential_transmission
[0.177s] [ 81%] Built target test_four_bar_linkage_transmission
[0.204s] [100%] Built target test_simple_transmission
[0.222s] Invoked command in '/home/ylspyrou/humble_ws/build/transmission_interface' returned '0': AMENT_PREFIX_PATH=/home/ylspyrou/humble_ws/install/hardware_interface:/home/ylspyrou/humble_ws/install/ros2_control_test_assets:/home/ylspyrou/humble_ws/install/control_msgs:${AMENT_PREFIX_PATH} CMAKE_PREFIX_PATH=/home/ylspyrou/humble_ws/install/hardware_interface:/home/ylspyrou/humble_ws/install/ros2_control_test_assets:/home/ylspyrou/humble_ws/install/control_msgs:/opt/ros/foxy LD_LIBRARY_PATH=/home/ylspyrou/humble_ws/install/hardware_interface/lib:/home/ylspyrou/humble_ws/install/control_msgs/lib:${LD_LIBRARY_PATH} PYTHONPATH=/home/ylspyrou/humble_ws/install/control_msgs/lib/python3.8/site-packages:${PYTHONPATH} /usr/bin/cmake --build /home/ylspyrou/humble_ws/build/transmission_interface -- -j2 -l2
[0.253s] Invoking command in '/home/ylspyrou/humble_ws/build/transmission_interface': AMENT_PREFIX_PATH=/home/ylspyrou/humble_ws/install/hardware_interface:/home/ylspyrou/humble_ws/install/ros2_control_test_assets:/home/ylspyrou/humble_ws/install/control_msgs:${AMENT_PREFIX_PATH} CMAKE_PREFIX_PATH=/home/ylspyrou/humble_ws/install/hardware_interface:/home/ylspyrou/humble_ws/install/ros2_control_test_assets:/home/ylspyrou/humble_ws/install/control_msgs:/opt/ros/foxy LD_LIBRARY_PATH=/home/ylspyrou/humble_ws/install/hardware_interface/lib:/home/ylspyrou/humble_ws/install/control_msgs/lib:${LD_LIBRARY_PATH} PYTHONPATH=/home/ylspyrou/humble_ws/install/control_msgs/lib/python3.8/site-packages:${PYTHONPATH} /usr/bin/cmake --install /home/ylspyrou/humble_ws/build/transmission_interface
[0.263s] -- Install configuration: ""
[0.264s] -- Execute custom install script
[0.267s] -- Up-to-date symlink: /home/ylspyrou/humble_ws/install/transmission_interface/include/transmission_interface/accessor.hpp
[0.268s] -- Up-to-date symlink: /home/ylspyrou/humble_ws/install/transmission_interface/include/transmission_interface/differential_transmission.hpp
[0.268s] -- Up-to-date symlink: /home/ylspyrou/humble_ws/install/transmission_interface/include/transmission_interface/exception.hpp
[0.269s] -- Up-to-date symlink: /home/ylspyrou/humble_ws/install/transmission_interface/include/transmission_interface/four_bar_linkage_transmission.hpp
[0.270s] -- Up-to-date symlink: /home/ylspyrou/humble_ws/install/transmission_interface/include/transmission_interface/handle.hpp
[0.270s] -- Up-to-date symlink: /home/ylspyrou/humble_ws/install/transmission_interface/include/transmission_interface/simple_transmission.hpp
[0.271s] -- Up-to-date symlink: /home/ylspyrou/humble_ws/install/transmission_interface/include/transmission_interface/transmission.hpp
[0.272s] -- Up-to-date symlink: /home/ylspyrou/humble_ws/install/transmission_interface/include/transmission_interface/transmission_parser.hpp
[0.272s] -- Up-to-date symlink: /home/ylspyrou/humble_ws/install/transmission_interface/include/transmission_interface/visibility_control.h
[0.275s] -- Up-to-date symlink: /home/ylspyrou/humble_ws/install/transmission_interface/share/ament_index/resource_index/package_run_dependencies/transmission_interface
[0.276s] -- Up-to-date symlink: /home/ylspyrou/humble_ws/install/transmission_interface/share/ament_index/resource_index/parent_prefix_path/transmission_interface
[0.278s] -- Up-to-date symlink: /home/ylspyrou/humble_ws/install/transmission_interface/share/transmission_interface/environment/ament_prefix_path.sh
[0.279s] -- Up-to-date symlink: /home/ylspyrou/humble_ws/install/transmission_interface/share/transmission_interface/environment/ament_prefix_path.dsv
[0.280s] -- Up-to-date symlink: /home/ylspyrou/humble_ws/install/transmission_interface/share/transmission_interface/environment/path.sh
[0.281s] -- Up-to-date symlink: /home/ylspyrou/humble_ws/install/transmission_interface/share/transmission_interface/environment/path.dsv
[0.282s] -- Up-to-date symlink: /home/ylspyrou/humble_ws/install/transmission_interface/share/transmission_interface/local_setup.bash
[0.282s] -- Up-to-date symlink: /home/ylspyrou/humble_ws/install/transmission_interface/share/transmission_interface/local_setup.sh
[0.283s] -- Up-to-date symlink: /home/ylspyrou/humble_ws/install/transmission_interface/share/transmission_interface/local_setup.zsh
[0.284s] -- Up-to-date symlink: /home/ylspyrou/humble_ws/install/transmission_interface/share/transmission_interface/local_setup.dsv
[0.284s] -- Symlinking: /home/ylspyrou/humble_ws/install/transmission_interface/share/transmission_interface/package.dsv
[0.294s] -- Up-to-date symlink: /home/ylspyrou/humble_ws/install/transmission_interface/share/ament_index/resource_index/packages/transmission_interface
[0.295s] -- Up-to-date symlink: /home/ylspyrou/humble_ws/install/transmission_interface/share/transmission_interface/cmake/ament_cmake_export_include_directories-extras.cmake
[0.296s] -- Up-to-date symlink: /home/ylspyrou/humble_ws/install/transmission_interface/share/transmission_interface/cmake/ament_cmake_export_dependencies-extras.cmake
[0.297s] -- Up-to-date symlink: /home/ylspyrou/humble_ws/install/transmission_interface/share/transmission_interface/cmake/transmission_interfaceConfig.cmake
[0.297s] -- Up-to-date symlink: /home/ylspyrou/humble_ws/install/transmission_interface/share/transmission_interface/cmake/transmission_interfaceConfig-version.cmake
[0.298s] -- Up-to-date symlink: /home/ylspyrou/humble_ws/install/transmission_interface/share/transmission_interface/package.xml
[0.302s] Invoked command in '/home/ylspyrou/humble_ws/build/transmission_interface' returned '0': AMENT_PREFIX_PATH=/home/ylspyrou/humble_ws/install/hardware_interface:/home/ylspyrou/humble_ws/install/ros2_control_test_assets:/home/ylspyrou/humble_ws/install/control_msgs:${AMENT_PREFIX_PATH} CMAKE_PREFIX_PATH=/home/ylspyrou/humble_ws/install/hardware_interface:/home/ylspyrou/humble_ws/install/ros2_control_test_assets:/home/ylspyrou/humble_ws/install/control_msgs:/opt/ros/foxy LD_LIBRARY_PATH=/home/ylspyrou/humble_ws/install/hardware_interface/lib:/home/ylspyrou/humble_ws/install/control_msgs/lib:${LD_LIBRARY_PATH} PYTHONPATH=/home/ylspyrou/humble_ws/install/control_msgs/lib/python3.8/site-packages:${PYTHONPATH} /usr/bin/cmake --install /home/ylspyrou/humble_ws/build/transmission_interface
