[0.022s] Invoking command in '/home/ylspyrou/humble_ws/build/serial': CMAKE_PREFIX_PATH=${CMAKE_PREFIX_PATH}:/home/ylspyrou/humble_ws/install/serial_motor_demo:/home/ylspyrou/humble_ws/install/ros2controlcli:/home/ylspyrou/humble_ws/install/ros2_control_test_nodes:/home/ylspyrou/dev_ws/install/serial_motor_demo:/opt/ros/foxy /usr/bin/cmake --build /home/ylspyrou/humble_ws/build/serial -- -j2 -l2
[0.110s] [ 28%] Built target serial
[0.140s] [ 42%] Built target gtest
[0.158s] [ 57%] Built target gtest_main
[0.173s] [ 71%] Built target serial_example
[0.196s] [ 85%] Built target serial-test-timer
[0.207s] [100%] Built target serial-test
[0.230s] Invoked command in '/home/ylspyrou/humble_ws/build/serial' returned '0': CMAKE_PREFIX_PATH=${CMAKE_PREFIX_PATH}:/home/ylspyrou/humble_ws/install/serial_motor_demo:/home/ylspyrou/humble_ws/install/ros2controlcli:/home/ylspyrou/humble_ws/install/ros2_control_test_nodes:/home/ylspyrou/dev_ws/install/serial_motor_demo:/opt/ros/foxy /usr/bin/cmake --build /home/ylspyrou/humble_ws/build/serial -- -j2 -l2
[0.295s] Invoking command in '/home/ylspyrou/humble_ws/build/serial': CMAKE_PREFIX_PATH=${CMAKE_PREFIX_PATH}:/home/ylspyrou/humble_ws/install/serial_motor_demo:/home/ylspyrou/humble_ws/install/ros2controlcli:/home/ylspyrou/humble_ws/install/ros2_control_test_nodes:/home/ylspyrou/dev_ws/install/serial_motor_demo:/opt/ros/foxy /usr/bin/cmake --install /home/ylspyrou/humble_ws/build/serial
[0.308s] -- Install configuration: ""
[0.309s] -- Execute custom install script
[0.310s] -- Up-to-date symlink: /home/ylspyrou/humble_ws/install/serial/lib/libserial.a
[0.312s] -- Up-to-date symlink: /home/ylspyrou/humble_ws/install/serial/include/serial/serial.h
[0.313s] -- Up-to-date symlink: /home/ylspyrou/humble_ws/install/serial/include/serial/v8stdint.h
[0.314s] -- Up-to-date symlink: /home/ylspyrou/humble_ws/install/serial/share/serial/environment/library_path.sh
[0.314s] -- Up-to-date symlink: /home/ylspyrou/humble_ws/install/serial/share/serial/environment/library_path.dsv
[0.315s] -- Up-to-date symlink: /home/ylspyrou/humble_ws/install/serial/share/ament_index/resource_index/package_run_dependencies/serial
[0.315s] -- Up-to-date symlink: /home/ylspyrou/humble_ws/install/serial/share/ament_index/resource_index/parent_prefix_path/serial
[0.316s] -- Up-to-date symlink: /home/ylspyrou/humble_ws/install/serial/share/serial/environment/ament_prefix_path.sh
[0.316s] -- Up-to-date symlink: /home/ylspyrou/humble_ws/install/serial/share/serial/environment/ament_prefix_path.dsv
[0.317s] -- Up-to-date symlink: /home/ylspyrou/humble_ws/install/serial/share/serial/environment/path.sh
[0.317s] -- Up-to-date symlink: /home/ylspyrou/humble_ws/install/serial/share/serial/environment/path.dsv
[0.321s] -- Up-to-date symlink: /home/ylspyrou/humble_ws/install/serial/share/serial/local_setup.bash
[0.321s] -- Up-to-date symlink: /home/ylspyrou/humble_ws/install/serial/share/serial/local_setup.sh
[0.321s] -- Up-to-date symlink: /home/ylspyrou/humble_ws/install/serial/share/serial/local_setup.zsh
[0.321s] -- Up-to-date symlink: /home/ylspyrou/humble_ws/install/serial/share/serial/local_setup.dsv
[0.322s] -- Symlinking: /home/ylspyrou/humble_ws/install/serial/share/serial/package.dsv
[0.333s] -- Up-to-date symlink: /home/ylspyrou/humble_ws/install/serial/share/ament_index/resource_index/packages/serial
[0.334s] -- Up-to-date symlink: /home/ylspyrou/humble_ws/install/serial/share/serial/cmake/ament_cmake_export_include_directories-extras.cmake
[0.335s] -- Up-to-date symlink: /home/ylspyrou/humble_ws/install/serial/share/serial/cmake/ament_cmake_export_libraries-extras.cmake
[0.335s] -- Up-to-date symlink: /home/ylspyrou/humble_ws/install/serial/share/serial/cmake/serialConfig.cmake
[0.336s] -- Up-to-date symlink: /home/ylspyrou/humble_ws/install/serial/share/serial/cmake/serialConfig-version.cmake
[0.336s] -- Up-to-date symlink: /home/ylspyrou/humble_ws/install/serial/share/serial/package.xml
[0.340s] Invoked command in '/home/ylspyrou/humble_ws/build/serial' returned '0': CMAKE_PREFIX_PATH=${CMAKE_PREFIX_PATH}:/home/ylspyrou/humble_ws/install/serial_motor_demo:/home/ylspyrou/humble_ws/install/ros2controlcli:/home/ylspyrou/humble_ws/install/ros2_control_test_nodes:/home/ylspyrou/dev_ws/install/serial_motor_demo:/opt/ros/foxy /usr/bin/cmake --install /home/ylspyrou/humble_ws/build/serial
