[0.045s] Invoking command in '/home/ylspyrou/humble_ws/build/diff_drive_controller': AMENT_PREFIX_PATH=/home/ylspyrou/humble_ws/install/controller_manager:/home/ylspyrou/humble_ws/install/controller_interface:/home/ylspyrou/humble_ws/install/hardware_interface:/home/ylspyrou/humble_ws/install/ros2_control_test_assets:/home/ylspyrou/humble_ws/install/realtime_tools:/home/ylspyrou/humble_ws/install/controller_manager_msgs:/home/ylspyrou/humble_ws/install/control_msgs:${AMENT_PREFIX_PATH} CMAKE_PREFIX_PATH=/home/ylspyrou/humble_ws/install/controller_manager:/home/ylspyrou/humble_ws/install/controller_interface:/home/ylspyrou/humble_ws/install/hardware_interface:/home/ylspyrou/humble_ws/install/ros2_control_test_assets:/home/ylspyrou/humble_ws/install/realtime_tools:/home/ylspyrou/humble_ws/install/controller_manager_msgs:/home/ylspyrou/humble_ws/install/control_msgs:/opt/ros/foxy LD_LIBRARY_PATH=/home/ylspyrou/humble_ws/install/controller_manager/lib:/home/ylspyrou/humble_ws/install/controller_interface/lib:/home/ylspyrou/humble_ws/install/hardware_interface/lib:/home/ylspyrou/humble_ws/install/realtime_tools/lib:/home/ylspyrou/humble_ws/install/controller_manager_msgs/lib:/home/ylspyrou/humble_ws/install/control_msgs/lib:${LD_LIBRARY_PATH} PYTHONPATH=/home/ylspyrou/humble_ws/install/controller_manager/lib/python3.8/site-packages:/home/ylspyrou/humble_ws/install/controller_manager_msgs/lib/python3.8/site-packages:/home/ylspyrou/humble_ws/install/control_msgs/lib/python3.8/site-packages:${PYTHONPATH} /usr/bin/cmake --build /home/ylspyrou/humble_ws/build/diff_drive_controller -- -j2 -l2
[0.151s] [ 20%] Built target gmock
[0.177s] [ 33%] Built target gmock_main
[0.213s] [ 46%] Built target test_accumulator
[0.225s] [ 73%] Built target diff_drive_controller
[0.274s] [ 86%] Built target test_load_diff_drive_controller
[0.284s] [100%] Built target test_diff_drive_controller
[0.299s] Invoked command in '/home/ylspyrou/humble_ws/build/diff_drive_controller' returned '0': AMENT_PREFIX_PATH=/home/ylspyrou/humble_ws/install/controller_manager:/home/ylspyrou/humble_ws/install/controller_interface:/home/ylspyrou/humble_ws/install/hardware_interface:/home/ylspyrou/humble_ws/install/ros2_control_test_assets:/home/ylspyrou/humble_ws/install/realtime_tools:/home/ylspyrou/humble_ws/install/controller_manager_msgs:/home/ylspyrou/humble_ws/install/control_msgs:${AMENT_PREFIX_PATH} CMAKE_PREFIX_PATH=/home/ylspyrou/humble_ws/install/controller_manager:/home/ylspyrou/humble_ws/install/controller_interface:/home/ylspyrou/humble_ws/install/hardware_interface:/home/ylspyrou/humble_ws/install/ros2_control_test_assets:/home/ylspyrou/humble_ws/install/realtime_tools:/home/ylspyrou/humble_ws/install/controller_manager_msgs:/home/ylspyrou/humble_ws/install/control_msgs:/opt/ros/foxy LD_LIBRARY_PATH=/home/ylspyrou/humble_ws/install/controller_manager/lib:/home/ylspyrou/humble_ws/install/controller_interface/lib:/home/ylspyrou/humble_ws/install/hardware_interface/lib:/home/ylspyrou/humble_ws/install/realtime_tools/lib:/home/ylspyrou/humble_ws/install/controller_manager_msgs/lib:/home/ylspyrou/humble_ws/install/control_msgs/lib:${LD_LIBRARY_PATH} PYTHONPATH=/home/ylspyrou/humble_ws/install/controller_manager/lib/python3.8/site-packages:/home/ylspyrou/humble_ws/install/controller_manager_msgs/lib/python3.8/site-packages:/home/ylspyrou/humble_ws/install/control_msgs/lib/python3.8/site-packages:${PYTHONPATH} /usr/bin/cmake --build /home/ylspyrou/humble_ws/build/diff_drive_controller -- -j2 -l2
[0.344s] Invoking command in '/home/ylspyrou/humble_ws/build/diff_drive_controller': AMENT_PREFIX_PATH=/home/ylspyrou/humble_ws/install/controller_manager:/home/ylspyrou/humble_ws/install/controller_interface:/home/ylspyrou/humble_ws/install/hardware_interface:/home/ylspyrou/humble_ws/install/ros2_control_test_assets:/home/ylspyrou/humble_ws/install/realtime_tools:/home/ylspyrou/humble_ws/install/controller_manager_msgs:/home/ylspyrou/humble_ws/install/control_msgs:${AMENT_PREFIX_PATH} CMAKE_PREFIX_PATH=/home/ylspyrou/humble_ws/install/controller_manager:/home/ylspyrou/humble_ws/install/controller_interface:/home/ylspyrou/humble_ws/install/hardware_interface:/home/ylspyrou/humble_ws/install/ros2_control_test_assets:/home/ylspyrou/humble_ws/install/realtime_tools:/home/ylspyrou/humble_ws/install/controller_manager_msgs:/home/ylspyrou/humble_ws/install/control_msgs:/opt/ros/foxy LD_LIBRARY_PATH=/home/ylspyrou/humble_ws/install/controller_manager/lib:/home/ylspyrou/humble_ws/install/controller_interface/lib:/home/ylspyrou/humble_ws/install/hardware_interface/lib:/home/ylspyrou/humble_ws/install/realtime_tools/lib:/home/ylspyrou/humble_ws/install/controller_manager_msgs/lib:/home/ylspyrou/humble_ws/install/control_msgs/lib:${LD_LIBRARY_PATH} PYTHONPATH=/home/ylspyrou/humble_ws/install/controller_manager/lib/python3.8/site-packages:/home/ylspyrou/humble_ws/install/controller_manager_msgs/lib/python3.8/site-packages:/home/ylspyrou/humble_ws/install/control_msgs/lib/python3.8/site-packages:${PYTHONPATH} /usr/bin/cmake --install /home/ylspyrou/humble_ws/build/diff_drive_controller
[0.358s] -- Install configuration: ""
[0.360s] -- Execute custom install script
[0.363s] -- Up-to-date symlink: /home/ylspyrou/humble_ws/install/diff_drive_controller/share/diff_drive_controller//diff_drive_plugin.xml
[0.364s] -- Up-to-date symlink: /home/ylspyrou/humble_ws/install/diff_drive_controller/include/diff_drive_controller/diff_drive_controller.hpp
[0.365s] -- Up-to-date symlink: /home/ylspyrou/humble_ws/install/diff_drive_controller/include/diff_drive_controller/odometry.hpp
[0.365s] -- Up-to-date symlink: /home/ylspyrou/humble_ws/install/diff_drive_controller/include/diff_drive_controller/rolling_mean_accumulator.hpp
[0.366s] -- Up-to-date symlink: /home/ylspyrou/humble_ws/install/diff_drive_controller/include/diff_drive_controller/speed_limiter.hpp
[0.366s] -- Up-to-date symlink: /home/ylspyrou/humble_ws/install/diff_drive_controller/include/diff_drive_controller/visibility_control.h
[0.368s] -- Up-to-date symlink: /home/ylspyrou/humble_ws/install/diff_drive_controller/lib/libdiff_drive_controller.so
[0.369s] -- Up-to-date symlink: /home/ylspyrou/humble_ws/install/diff_drive_controller/share/diff_drive_controller/environment/library_path.sh
[0.370s] -- Up-to-date symlink: /home/ylspyrou/humble_ws/install/diff_drive_controller/share/diff_drive_controller/environment/library_path.dsv
[0.372s] -- Up-to-date symlink: /home/ylspyrou/humble_ws/install/diff_drive_controller/share/ament_index/resource_index/package_run_dependencies/diff_drive_controller
[0.374s] -- Up-to-date symlink: /home/ylspyrou/humble_ws/install/diff_drive_controller/share/ament_index/resource_index/parent_prefix_path/diff_drive_controller
[0.374s] -- Up-to-date symlink: /home/ylspyrou/humble_ws/install/diff_drive_controller/share/diff_drive_controller/environment/ament_prefix_path.sh
[0.375s] -- Up-to-date symlink: /home/ylspyrou/humble_ws/install/diff_drive_controller/share/diff_drive_controller/environment/ament_prefix_path.dsv
[0.376s] -- Up-to-date symlink: /home/ylspyrou/humble_ws/install/diff_drive_controller/share/diff_drive_controller/environment/path.sh
[0.376s] -- Up-to-date symlink: /home/ylspyrou/humble_ws/install/diff_drive_controller/share/diff_drive_controller/environment/path.dsv
[0.377s] -- Up-to-date symlink: /home/ylspyrou/humble_ws/install/diff_drive_controller/share/diff_drive_controller/local_setup.bash
[0.377s] -- Up-to-date symlink: /home/ylspyrou/humble_ws/install/diff_drive_controller/share/diff_drive_controller/local_setup.sh
[0.378s] -- Up-to-date symlink: /home/ylspyrou/humble_ws/install/diff_drive_controller/share/diff_drive_controller/local_setup.zsh
[0.379s] -- Up-to-date symlink: /home/ylspyrou/humble_ws/install/diff_drive_controller/share/diff_drive_controller/local_setup.dsv
[0.379s] -- Symlinking: /home/ylspyrou/humble_ws/install/diff_drive_controller/share/diff_drive_controller/package.dsv
[0.391s] -- Up-to-date symlink: /home/ylspyrou/humble_ws/install/diff_drive_controller/share/ament_index/resource_index/packages/diff_drive_controller
[0.392s] -- Up-to-date symlink: /home/ylspyrou/humble_ws/install/diff_drive_controller/share/ament_index/resource_index/controller_interface__pluginlib__plugin/diff_drive_controller
[0.393s] -- Up-to-date symlink: /home/ylspyrou/humble_ws/install/diff_drive_controller/share/diff_drive_controller/cmake/ament_cmake_export_dependencies-extras.cmake
[0.393s] -- Up-to-date symlink: /home/ylspyrou/humble_ws/install/diff_drive_controller/share/diff_drive_controller/cmake/ament_cmake_export_include_directories-extras.cmake
[0.394s] -- Up-to-date symlink: /home/ylspyrou/humble_ws/install/diff_drive_controller/share/diff_drive_controller/cmake/ament_cmake_export_libraries-extras.cmake
[0.395s] -- Up-to-date symlink: /home/ylspyrou/humble_ws/install/diff_drive_controller/share/diff_drive_controller/cmake/diff_drive_controllerConfig.cmake
[0.395s] -- Up-to-date symlink: /home/ylspyrou/humble_ws/install/diff_drive_controller/share/diff_drive_controller/cmake/diff_drive_controllerConfig-version.cmake
[0.396s] -- Up-to-date symlink: /home/ylspyrou/humble_ws/install/diff_drive_controller/share/diff_drive_controller/package.xml
[0.401s] Invoked command in '/home/ylspyrou/humble_ws/build/diff_drive_controller' returned '0': AMENT_PREFIX_PATH=/home/ylspyrou/humble_ws/install/controller_manager:/home/ylspyrou/humble_ws/install/controller_interface:/home/ylspyrou/humble_ws/install/hardware_interface:/home/ylspyrou/humble_ws/install/ros2_control_test_assets:/home/ylspyrou/humble_ws/install/realtime_tools:/home/ylspyrou/humble_ws/install/controller_manager_msgs:/home/ylspyrou/humble_ws/install/control_msgs:${AMENT_PREFIX_PATH} CMAKE_PREFIX_PATH=/home/ylspyrou/humble_ws/install/controller_manager:/home/ylspyrou/humble_ws/install/controller_interface:/home/ylspyrou/humble_ws/install/hardware_interface:/home/ylspyrou/humble_ws/install/ros2_control_test_assets:/home/ylspyrou/humble_ws/install/realtime_tools:/home/ylspyrou/humble_ws/install/controller_manager_msgs:/home/ylspyrou/humble_ws/install/control_msgs:/opt/ros/foxy LD_LIBRARY_PATH=/home/ylspyrou/humble_ws/install/controller_manager/lib:/home/ylspyrou/humble_ws/install/controller_interface/lib:/home/ylspyrou/humble_ws/install/hardware_interface/lib:/home/ylspyrou/humble_ws/install/realtime_tools/lib:/home/ylspyrou/humble_ws/install/controller_manager_msgs/lib:/home/ylspyrou/humble_ws/install/control_msgs/lib:${LD_LIBRARY_PATH} PYTHONPATH=/home/ylspyrou/humble_ws/install/controller_manager/lib/python3.8/site-packages:/home/ylspyrou/humble_ws/install/controller_manager_msgs/lib/python3.8/site-packages:/home/ylspyrou/humble_ws/install/control_msgs/lib/python3.8/site-packages:${PYTHONPATH} /usr/bin/cmake --install /home/ylspyrou/humble_ws/build/diff_drive_controller
