[0.046s] Invoking command in '/home/ylspyrou/humble_ws/build/control_msgs': CMAKE_PREFIX_PATH=${CMAKE_PREFIX_PATH}:/home/ylspyrou/humble_ws/install/serial_motor_demo:/home/ylspyrou/humble_ws/install/ros2controlcli:/home/ylspyrou/humble_ws/install/ros2_control_test_nodes:/opt/ros/foxy /usr/bin/cmake --build /home/ylspyrou/humble_ws/build/control_msgs -- -j2 -l2
[0.144s] [  0%] Built target control_msgs__cpp
[0.155s] [ 12%] Built target control_msgs__rosidl_generator_c
[0.198s] [ 24%] Built target control_msgs__rosidl_typesupport_cpp
[0.207s] [ 36%] Built target control_msgs__rosidl_typesupport_fastrtps_cpp
[0.270s] [ 48%] Built target control_msgs__rosidl_typesupport_c
[0.296s] [ 60%] Built target control_msgs__rosidl_typesupport_introspection_c
[0.305s] [ 72%] Built target control_msgs__rosidl_typesupport_introspection_cpp
[0.349s] [ 84%] Built target control_msgs__rosidl_typesupport_fastrtps_c
[0.388s] [ 84%] Built target control_msgs
[0.425s] [ 85%] Built target control_msgs__py
[0.492s] [ 96%] Built target control_msgs__python
[0.557s] [ 98%] Built target control_msgs__rosidl_typesupport_introspection_c__pyext
[0.568s] [ 99%] Built target control_msgs__rosidl_typesupport_c__pyext
[0.608s] [100%] Built target control_msgs__rosidl_typesupport_fastrtps_c__pyext
[0.626s] Invoked command in '/home/ylspyrou/humble_ws/build/control_msgs' returned '0': CMAKE_PREFIX_PATH=${CMAKE_PREFIX_PATH}:/home/ylspyrou/humble_ws/install/serial_motor_demo:/home/ylspyrou/humble_ws/install/ros2controlcli:/home/ylspyrou/humble_ws/install/ros2_control_test_nodes:/opt/ros/foxy /usr/bin/cmake --build /home/ylspyrou/humble_ws/build/control_msgs -- -j2 -l2
[1.113s] Invoking command in '/home/ylspyrou/humble_ws/build/control_msgs': CMAKE_PREFIX_PATH=${CMAKE_PREFIX_PATH}:/home/ylspyrou/humble_ws/install/serial_motor_demo:/home/ylspyrou/humble_ws/install/ros2controlcli:/home/ylspyrou/humble_ws/install/ros2_control_test_nodes:/opt/ros/foxy /usr/bin/cmake --install /home/ylspyrou/humble_ws/build/control_msgs
[1.126s] -- Install configuration: ""
[1.127s] -- Execute custom install script
[1.127s] -- Up-to-date symlink: /home/ylspyrou/humble_ws/install/control_msgs/share/ament_index/resource_index/rosidl_interfaces/control_msgs
[1.128s] -- Up-to-date symlink: /home/ylspyrou/humble_ws/install/control_msgs/include/control_msgs/action/detail/follow_joint_trajectory__functions.h
[1.128s] -- Up-to-date symlink: /home/ylspyrou/humble_ws/install/control_msgs/include/control_msgs/action/detail/follow_joint_trajectory__struct.h
[1.128s] -- Up-to-date symlink: /home/ylspyrou/humble_ws/install/control_msgs/include/control_msgs/action/detail/follow_joint_trajectory__type_support.h
[1.129s] -- Up-to-date symlink: /home/ylspyrou/humble_ws/install/control_msgs/include/control_msgs/action/detail/gripper_command__functions.h
[1.129s] -- Up-to-date symlink: /home/ylspyrou/humble_ws/install/control_msgs/include/control_msgs/action/detail/gripper_command__struct.h
[1.129s] -- Up-to-date symlink: /home/ylspyrou/humble_ws/install/control_msgs/include/control_msgs/action/detail/gripper_command__type_support.h
[1.129s] -- Up-to-date symlink: /home/ylspyrou/humble_ws/install/control_msgs/include/control_msgs/action/detail/joint_trajectory__functions.h
[1.129s] -- Up-to-date symlink: /home/ylspyrou/humble_ws/install/control_msgs/include/control_msgs/action/detail/joint_trajectory__struct.h
[1.129s] -- Up-to-date symlink: /home/ylspyrou/humble_ws/install/control_msgs/include/control_msgs/action/detail/joint_trajectory__type_support.h
[1.129s] -- Up-to-date symlink: /home/ylspyrou/humble_ws/install/control_msgs/include/control_msgs/action/detail/point_head__functions.h
[1.130s] -- Up-to-date symlink: /home/ylspyrou/humble_ws/install/control_msgs/include/control_msgs/action/detail/point_head__struct.h
[1.130s] -- Up-to-date symlink: /home/ylspyrou/humble_ws/install/control_msgs/include/control_msgs/action/detail/point_head__type_support.h
[1.130s] -- Up-to-date symlink: /home/ylspyrou/humble_ws/install/control_msgs/include/control_msgs/action/detail/single_joint_position__functions.h
[1.130s] -- Up-to-date symlink: /home/ylspyrou/humble_ws/install/control_msgs/include/control_msgs/action/detail/single_joint_position__struct.h
[1.130s] -- Up-to-date symlink: /home/ylspyrou/humble_ws/install/control_msgs/include/control_msgs/action/detail/single_joint_position__type_support.h
[1.130s] -- Up-to-date symlink: /home/ylspyrou/humble_ws/install/control_msgs/include/control_msgs/action/follow_joint_trajectory.h
[1.131s] -- Up-to-date symlink: /home/ylspyrou/humble_ws/install/control_msgs/include/control_msgs/action/gripper_command.h
[1.131s] -- Up-to-date symlink: /home/ylspyrou/humble_ws/install/control_msgs/include/control_msgs/action/joint_trajectory.h
[1.131s] -- Up-to-date symlink: /home/ylspyrou/humble_ws/install/control_msgs/include/control_msgs/action/point_head.h
[1.131s] -- Up-to-date symlink: /home/ylspyrou/humble_ws/install/control_msgs/include/control_msgs/action/single_joint_position.h
[1.131s] -- Up-to-date symlink: /home/ylspyrou/humble_ws/install/control_msgs/include/control_msgs/msg/detail/dynamic_joint_state__functions.h
[1.131s] -- Up-to-date symlink: /home/ylspyrou/humble_ws/install/control_msgs/include/control_msgs/msg/detail/dynamic_joint_state__struct.h
[1.131s] -- Up-to-date symlink: /home/ylspyrou/humble_ws/install/control_msgs/include/control_msgs/msg/detail/dynamic_joint_state__type_support.h
[1.132s] -- Up-to-date symlink: /home/ylspyrou/humble_ws/install/control_msgs/include/control_msgs/msg/detail/gripper_command__functions.h
[1.132s] -- Up-to-date symlink: /home/ylspyrou/humble_ws/install/control_msgs/include/control_msgs/msg/detail/gripper_command__struct.h
[1.132s] -- Up-to-date symlink: /home/ylspyrou/humble_ws/install/control_msgs/include/control_msgs/msg/detail/gripper_command__type_support.h
[1.132s] -- Up-to-date symlink: /home/ylspyrou/humble_ws/install/control_msgs/include/control_msgs/msg/detail/interface_value__functions.h
[1.132s] -- Up-to-date symlink: /home/ylspyrou/humble_ws/install/control_msgs/include/control_msgs/msg/detail/interface_value__struct.h
[1.132s] -- Up-to-date symlink: /home/ylspyrou/humble_ws/install/control_msgs/include/control_msgs/msg/detail/interface_value__type_support.h
[1.133s] -- Up-to-date symlink: /home/ylspyrou/humble_ws/install/control_msgs/include/control_msgs/msg/detail/joint_controller_state__functions.h
[1.133s] -- Up-to-date symlink: /home/ylspyrou/humble_ws/install/control_msgs/include/control_msgs/msg/detail/joint_controller_state__struct.h
[1.133s] -- Up-to-date symlink: /home/ylspyrou/humble_ws/install/control_msgs/include/control_msgs/msg/detail/joint_controller_state__type_support.h
[1.133s] -- Up-to-date symlink: /home/ylspyrou/humble_ws/install/control_msgs/include/control_msgs/msg/detail/joint_jog__functions.h
[1.133s] -- Up-to-date symlink: /home/ylspyrou/humble_ws/install/control_msgs/include/control_msgs/msg/detail/joint_jog__struct.h
[1.133s] -- Up-to-date symlink: /home/ylspyrou/humble_ws/install/control_msgs/include/control_msgs/msg/detail/joint_jog__type_support.h
[1.134s] -- Up-to-date symlink: /home/ylspyrou/humble_ws/install/control_msgs/include/control_msgs/msg/detail/joint_tolerance__functions.h
[1.136s] -- Up-to-date symlink: /home/ylspyrou/humble_ws/install/control_msgs/include/control_msgs/msg/detail/joint_tolerance__struct.h
[1.136s] -- Up-to-date symlink: /home/ylspyrou/humble_ws/install/control_msgs/include/control_msgs/msg/detail/joint_tolerance__type_support.h
[1.136s] -- Up-to-date symlink: /home/ylspyrou/humble_ws/install/control_msgs/include/control_msgs/msg/detail/joint_trajectory_controller_state__functions.h
[1.136s] -- Up-to-date symlink: /home/ylspyrou/humble_ws/install/control_msgs/include/control_msgs/msg/detail/joint_trajectory_controller_state__struct.h
[1.139s] -- Up-to-date symlink: /home/ylspyrou/humble_ws/install/control_msgs/include/control_msgs/msg/detail/joint_trajectory_controller_state__type_support.h
[1.139s] -- Up-to-date symlink: /home/ylspyrou/humble_ws/install/control_msgs/include/control_msgs/msg/detail/pid_state__functions.h
[1.139s] -- Up-to-date symlink: /home/ylspyrou/humble_ws/install/control_msgs/include/control_msgs/msg/detail/pid_state__struct.h
[1.139s] -- Up-to-date symlink: /home/ylspyrou/humble_ws/install/control_msgs/include/control_msgs/msg/detail/pid_state__type_support.h
[1.139s] -- Up-to-date symlink: /home/ylspyrou/humble_ws/install/control_msgs/include/control_msgs/msg/dynamic_joint_state.h
[1.139s] -- Up-to-date symlink: /home/ylspyrou/humble_ws/install/control_msgs/include/control_msgs/msg/gripper_command.h
[1.140s] -- Up-to-date symlink: /home/ylspyrou/humble_ws/install/control_msgs/include/control_msgs/msg/interface_value.h
[1.140s] -- Up-to-date symlink: /home/ylspyrou/humble_ws/install/control_msgs/include/control_msgs/msg/joint_controller_state.h
[1.140s] -- Up-to-date symlink: /home/ylspyrou/humble_ws/install/control_msgs/include/control_msgs/msg/joint_jog.h
[1.140s] -- Up-to-date symlink: /home/ylspyrou/humble_ws/install/control_msgs/include/control_msgs/msg/joint_tolerance.h
[1.140s] -- Up-to-date symlink: /home/ylspyrou/humble_ws/install/control_msgs/include/control_msgs/msg/joint_trajectory_controller_state.h
[1.140s] -- Up-to-date symlink: /home/ylspyrou/humble_ws/install/control_msgs/include/control_msgs/msg/pid_state.h
[1.140s] -- Up-to-date symlink: /home/ylspyrou/humble_ws/install/control_msgs/include/control_msgs/msg/rosidl_generator_c__visibility_control.h
[1.141s] -- Up-to-date symlink: /home/ylspyrou/humble_ws/install/control_msgs/include/control_msgs/srv/detail/query_calibration_state__functions.h
[1.141s] -- Up-to-date symlink: /home/ylspyrou/humble_ws/install/control_msgs/include/control_msgs/srv/detail/query_calibration_state__struct.h
[1.141s] -- Up-to-date symlink: /home/ylspyrou/humble_ws/install/control_msgs/include/control_msgs/srv/detail/query_calibration_state__type_support.h
[1.141s] -- Up-to-date symlink: /home/ylspyrou/humble_ws/install/control_msgs/include/control_msgs/srv/detail/query_trajectory_state__functions.h
[1.141s] -- Up-to-date symlink: /home/ylspyrou/humble_ws/install/control_msgs/include/control_msgs/srv/detail/query_trajectory_state__struct.h
[1.141s] -- Up-to-date symlink: /home/ylspyrou/humble_ws/install/control_msgs/include/control_msgs/srv/detail/query_trajectory_state__type_support.h
[1.142s] -- Up-to-date symlink: /home/ylspyrou/humble_ws/install/control_msgs/include/control_msgs/srv/query_calibration_state.h
[1.142s] -- Up-to-date symlink: /home/ylspyrou/humble_ws/install/control_msgs/include/control_msgs/srv/query_trajectory_state.h
[1.142s] -- Up-to-date symlink: /home/ylspyrou/humble_ws/install/control_msgs/share/control_msgs/environment/library_path.sh
[1.142s] -- Up-to-date symlink: /home/ylspyrou/humble_ws/install/control_msgs/share/control_msgs/environment/library_path.dsv
[1.143s] -- Up-to-date symlink: /home/ylspyrou/humble_ws/install/control_msgs/include/control_msgs/action/detail/follow_joint_trajectory__rosidl_typesupport_fastrtps_c.h
[1.143s] -- Up-to-date symlink: /home/ylspyrou/humble_ws/install/control_msgs/include/control_msgs/action/detail/gripper_command__rosidl_typesupport_fastrtps_c.h
[1.143s] -- Up-to-date symlink: /home/ylspyrou/humble_ws/install/control_msgs/include/control_msgs/action/detail/joint_trajectory__rosidl_typesupport_fastrtps_c.h
[1.144s] -- Up-to-date symlink: /home/ylspyrou/humble_ws/install/control_msgs/include/control_msgs/action/detail/point_head__rosidl_typesupport_fastrtps_c.h
[1.144s] -- Up-to-date symlink: /home/ylspyrou/humble_ws/install/control_msgs/include/control_msgs/action/detail/single_joint_position__rosidl_typesupport_fastrtps_c.h
[1.144s] -- Up-to-date symlink: /home/ylspyrou/humble_ws/install/control_msgs/include/control_msgs/msg/detail/dynamic_joint_state__rosidl_typesupport_fastrtps_c.h
[1.144s] -- Up-to-date symlink: /home/ylspyrou/humble_ws/install/control_msgs/include/control_msgs/msg/detail/gripper_command__rosidl_typesupport_fastrtps_c.h
[1.144s] -- Up-to-date symlink: /home/ylspyrou/humble_ws/install/control_msgs/include/control_msgs/msg/detail/interface_value__rosidl_typesupport_fastrtps_c.h
[1.144s] -- Up-to-date symlink: /home/ylspyrou/humble_ws/install/control_msgs/include/control_msgs/msg/detail/joint_controller_state__rosidl_typesupport_fastrtps_c.h
[1.145s] -- Up-to-date symlink: /home/ylspyrou/humble_ws/install/control_msgs/include/control_msgs/msg/detail/joint_jog__rosidl_typesupport_fastrtps_c.h
[1.145s] -- Up-to-date symlink: /home/ylspyrou/humble_ws/install/control_msgs/include/control_msgs/msg/detail/joint_tolerance__rosidl_typesupport_fastrtps_c.h
[1.145s] -- Up-to-date symlink: /home/ylspyrou/humble_ws/install/control_msgs/include/control_msgs/msg/detail/joint_trajectory_controller_state__rosidl_typesupport_fastrtps_c.h
[1.145s] -- Up-to-date symlink: /home/ylspyrou/humble_ws/install/control_msgs/include/control_msgs/msg/detail/pid_state__rosidl_typesupport_fastrtps_c.h
[1.145s] -- Up-to-date symlink: /home/ylspyrou/humble_ws/install/control_msgs/include/control_msgs/msg/rosidl_typesupport_fastrtps_c__visibility_control.h
[1.145s] -- Up-to-date symlink: /home/ylspyrou/humble_ws/install/control_msgs/include/control_msgs/srv/detail/query_calibration_state__rosidl_typesupport_fastrtps_c.h
[1.145s] -- Up-to-date symlink: /home/ylspyrou/humble_ws/install/control_msgs/include/control_msgs/srv/detail/query_trajectory_state__rosidl_typesupport_fastrtps_c.h
[1.146s] -- Up-to-date symlink: /home/ylspyrou/humble_ws/install/control_msgs/lib/libcontrol_msgs__rosidl_typesupport_fastrtps_c.so
[1.147s] -- Up-to-date symlink: /home/ylspyrou/humble_ws/install/control_msgs/include/control_msgs/action/detail/follow_joint_trajectory__rosidl_typesupport_fastrtps_cpp.hpp
[1.147s] -- Up-to-date symlink: /home/ylspyrou/humble_ws/install/control_msgs/include/control_msgs/action/detail/gripper_command__rosidl_typesupport_fastrtps_cpp.hpp
[1.147s] -- Up-to-date symlink: /home/ylspyrou/humble_ws/install/control_msgs/include/control_msgs/action/detail/joint_trajectory__rosidl_typesupport_fastrtps_cpp.hpp
[1.147s] -- Up-to-date symlink: /home/ylspyrou/humble_ws/install/control_msgs/include/control_msgs/action/detail/point_head__rosidl_typesupport_fastrtps_cpp.hpp
[1.147s] -- Up-to-date symlink: /home/ylspyrou/humble_ws/install/control_msgs/include/control_msgs/action/detail/single_joint_position__rosidl_typesupport_fastrtps_cpp.hpp
[1.148s] -- Up-to-date symlink: /home/ylspyrou/humble_ws/install/control_msgs/include/control_msgs/msg/detail/dynamic_joint_state__rosidl_typesupport_fastrtps_cpp.hpp
[1.148s] -- Up-to-date symlink: /home/ylspyrou/humble_ws/install/control_msgs/include/control_msgs/msg/detail/gripper_command__rosidl_typesupport_fastrtps_cpp.hpp
[1.148s] -- Up-to-date symlink: /home/ylspyrou/humble_ws/install/control_msgs/include/control_msgs/msg/detail/interface_value__rosidl_typesupport_fastrtps_cpp.hpp
[1.148s] -- Up-to-date symlink: /home/ylspyrou/humble_ws/install/control_msgs/include/control_msgs/msg/detail/joint_controller_state__rosidl_typesupport_fastrtps_cpp.hpp
[1.148s] -- Up-to-date symlink: /home/ylspyrou/humble_ws/install/control_msgs/include/control_msgs/msg/detail/joint_jog__rosidl_typesupport_fastrtps_cpp.hpp
[1.148s] -- Up-to-date symlink: /home/ylspyrou/humble_ws/install/control_msgs/include/control_msgs/msg/detail/joint_tolerance__rosidl_typesupport_fastrtps_cpp.hpp
[1.148s] -- Up-to-date symlink: /home/ylspyrou/humble_ws/install/control_msgs/include/control_msgs/msg/detail/joint_trajectory_controller_state__rosidl_typesupport_fastrtps_cpp.hpp
[1.149s] -- Up-to-date symlink: /home/ylspyrou/humble_ws/install/control_msgs/include/control_msgs/msg/detail/pid_state__rosidl_typesupport_fastrtps_cpp.hpp
[1.149s] -- Up-to-date symlink: /home/ylspyrou/humble_ws/install/control_msgs/include/control_msgs/msg/rosidl_typesupport_fastrtps_cpp__visibility_control.h
[1.149s] -- Up-to-date symlink: /home/ylspyrou/humble_ws/install/control_msgs/include/control_msgs/srv/detail/query_calibration_state__rosidl_typesupport_fastrtps_cpp.hpp
[1.149s] -- Up-to-date symlink: /home/ylspyrou/humble_ws/install/control_msgs/include/control_msgs/srv/detail/query_trajectory_state__rosidl_typesupport_fastrtps_cpp.hpp
[1.149s] -- Up-to-date symlink: /home/ylspyrou/humble_ws/install/control_msgs/lib/libcontrol_msgs__rosidl_typesupport_fastrtps_cpp.so
[1.150s] -- Up-to-date symlink: /home/ylspyrou/humble_ws/install/control_msgs/include/control_msgs/action/detail/follow_joint_trajectory__rosidl_typesupport_introspection_c.h
[1.150s] -- Up-to-date symlink: /home/ylspyrou/humble_ws/install/control_msgs/include/control_msgs/action/detail/gripper_command__rosidl_typesupport_introspection_c.h
[1.150s] -- Up-to-date symlink: /home/ylspyrou/humble_ws/install/control_msgs/include/control_msgs/action/detail/joint_trajectory__rosidl_typesupport_introspection_c.h
[1.154s] -- Up-to-date symlink: /home/ylspyrou/humble_ws/install/control_msgs/include/control_msgs/action/detail/point_head__rosidl_typesupport_introspection_c.h
[1.154s] -- Up-to-date symlink: /home/ylspyrou/humble_ws/install/control_msgs/include/control_msgs/action/detail/single_joint_position__rosidl_typesupport_introspection_c.h
[1.154s] -- Up-to-date symlink: /home/ylspyrou/humble_ws/install/control_msgs/include/control_msgs/msg/detail/dynamic_joint_state__rosidl_typesupport_introspection_c.h
[1.154s] -- Up-to-date symlink: /home/ylspyrou/humble_ws/install/control_msgs/include/control_msgs/msg/detail/gripper_command__rosidl_typesupport_introspection_c.h
[1.155s] -- Up-to-date symlink: /home/ylspyrou/humble_ws/install/control_msgs/include/control_msgs/msg/detail/interface_value__rosidl_typesupport_introspection_c.h
[1.155s] -- Up-to-date symlink: /home/ylspyrou/humble_ws/install/control_msgs/include/control_msgs/msg/detail/joint_controller_state__rosidl_typesupport_introspection_c.h
[1.155s] -- Up-to-date symlink: /home/ylspyrou/humble_ws/install/control_msgs/include/control_msgs/msg/detail/joint_jog__rosidl_typesupport_introspection_c.h
[1.155s] -- Up-to-date symlink: /home/ylspyrou/humble_ws/install/control_msgs/include/control_msgs/msg/detail/joint_tolerance__rosidl_typesupport_introspection_c.h
[1.155s] -- Up-to-date symlink: /home/ylspyrou/humble_ws/install/control_msgs/include/control_msgs/msg/detail/joint_trajectory_controller_state__rosidl_typesupport_introspection_c.h
[1.155s] -- Up-to-date symlink: /home/ylspyrou/humble_ws/install/control_msgs/include/control_msgs/msg/detail/pid_state__rosidl_typesupport_introspection_c.h
[1.155s] -- Up-to-date symlink: /home/ylspyrou/humble_ws/install/control_msgs/include/control_msgs/msg/rosidl_typesupport_introspection_c__visibility_control.h
[1.155s] -- Up-to-date symlink: /home/ylspyrou/humble_ws/install/control_msgs/include/control_msgs/srv/detail/query_calibration_state__rosidl_typesupport_introspection_c.h
[1.156s] -- Up-to-date symlink: /home/ylspyrou/humble_ws/install/control_msgs/include/control_msgs/srv/detail/query_trajectory_state__rosidl_typesupport_introspection_c.h
[1.157s] -- Up-to-date symlink: /home/ylspyrou/humble_ws/install/control_msgs/include/control_msgs/action/detail/follow_joint_trajectory__builder.hpp
[1.157s] -- Up-to-date symlink: /home/ylspyrou/humble_ws/install/control_msgs/include/control_msgs/action/detail/follow_joint_trajectory__struct.hpp
[1.157s] -- Up-to-date symlink: /home/ylspyrou/humble_ws/install/control_msgs/include/control_msgs/action/detail/follow_joint_trajectory__traits.hpp
[1.157s] -- Up-to-date symlink: /home/ylspyrou/humble_ws/install/control_msgs/include/control_msgs/action/detail/follow_joint_trajectory__type_support.hpp
[1.158s] -- Up-to-date symlink: /home/ylspyrou/humble_ws/install/control_msgs/include/control_msgs/action/detail/gripper_command__builder.hpp
[1.158s] -- Up-to-date symlink: /home/ylspyrou/humble_ws/install/control_msgs/include/control_msgs/action/detail/gripper_command__struct.hpp
[1.158s] -- Up-to-date symlink: /home/ylspyrou/humble_ws/install/control_msgs/include/control_msgs/action/detail/gripper_command__traits.hpp
[1.158s] -- Up-to-date symlink: /home/ylspyrou/humble_ws/install/control_msgs/include/control_msgs/action/detail/gripper_command__type_support.hpp
[1.158s] -- Up-to-date symlink: /home/ylspyrou/humble_ws/install/control_msgs/include/control_msgs/action/detail/joint_trajectory__builder.hpp
[1.158s] -- Up-to-date symlink: /home/ylspyrou/humble_ws/install/control_msgs/include/control_msgs/action/detail/joint_trajectory__struct.hpp
[1.158s] -- Up-to-date symlink: /home/ylspyrou/humble_ws/install/control_msgs/include/control_msgs/action/detail/joint_trajectory__traits.hpp
[1.159s] -- Up-to-date symlink: /home/ylspyrou/humble_ws/install/control_msgs/include/control_msgs/action/detail/joint_trajectory__type_support.hpp
[1.159s] -- Up-to-date symlink: /home/ylspyrou/humble_ws/install/control_msgs/include/control_msgs/action/detail/point_head__builder.hpp
[1.159s] -- Up-to-date symlink: /home/ylspyrou/humble_ws/install/control_msgs/include/control_msgs/action/detail/point_head__struct.hpp
[1.159s] -- Up-to-date symlink: /home/ylspyrou/humble_ws/install/control_msgs/include/control_msgs/action/detail/point_head__traits.hpp
[1.159s] -- Up-to-date symlink: /home/ylspyrou/humble_ws/install/control_msgs/include/control_msgs/action/detail/point_head__type_support.hpp
[1.159s] -- Up-to-date symlink: /home/ylspyrou/humble_ws/install/control_msgs/include/control_msgs/action/detail/single_joint_position__builder.hpp
[1.159s] -- Up-to-date symlink: /home/ylspyrou/humble_ws/install/control_msgs/include/control_msgs/action/detail/single_joint_position__struct.hpp
[1.159s] -- Up-to-date symlink: /home/ylspyrou/humble_ws/install/control_msgs/include/control_msgs/action/detail/single_joint_position__traits.hpp
[1.159s] -- Up-to-date symlink: /home/ylspyrou/humble_ws/install/control_msgs/include/control_msgs/action/detail/single_joint_position__type_support.hpp
[1.159s] -- Up-to-date symlink: /home/ylspyrou/humble_ws/install/control_msgs/include/control_msgs/action/follow_joint_trajectory.hpp
[1.160s] -- Up-to-date symlink: /home/ylspyrou/humble_ws/install/control_msgs/include/control_msgs/action/gripper_command.hpp
[1.160s] -- Up-to-date symlink: /home/ylspyrou/humble_ws/install/control_msgs/include/control_msgs/action/joint_trajectory.hpp
[1.160s] -- Up-to-date symlink: /home/ylspyrou/humble_ws/install/control_msgs/include/control_msgs/action/point_head.hpp
[1.160s] -- Up-to-date symlink: /home/ylspyrou/humble_ws/install/control_msgs/include/control_msgs/action/single_joint_position.hpp
[1.160s] -- Up-to-date symlink: /home/ylspyrou/humble_ws/install/control_msgs/include/control_msgs/msg/detail/dynamic_joint_state__builder.hpp
[1.160s] -- Up-to-date symlink: /home/ylspyrou/humble_ws/install/control_msgs/include/control_msgs/msg/detail/dynamic_joint_state__struct.hpp
[1.160s] -- Up-to-date symlink: /home/ylspyrou/humble_ws/install/control_msgs/include/control_msgs/msg/detail/dynamic_joint_state__traits.hpp
[1.161s] -- Up-to-date symlink: /home/ylspyrou/humble_ws/install/control_msgs/include/control_msgs/msg/detail/dynamic_joint_state__type_support.hpp
[1.161s] -- Up-to-date symlink: /home/ylspyrou/humble_ws/install/control_msgs/include/control_msgs/msg/detail/gripper_command__builder.hpp
[1.161s] -- Up-to-date symlink: /home/ylspyrou/humble_ws/install/control_msgs/include/control_msgs/msg/detail/gripper_command__struct.hpp
[1.161s] -- Up-to-date symlink: /home/ylspyrou/humble_ws/install/control_msgs/include/control_msgs/msg/detail/gripper_command__traits.hpp
[1.161s] -- Up-to-date symlink: /home/ylspyrou/humble_ws/install/control_msgs/include/control_msgs/msg/detail/gripper_command__type_support.hpp
[1.161s] -- Up-to-date symlink: /home/ylspyrou/humble_ws/install/control_msgs/include/control_msgs/msg/detail/interface_value__builder.hpp
[1.162s] -- Up-to-date symlink: /home/ylspyrou/humble_ws/install/control_msgs/include/control_msgs/msg/detail/interface_value__struct.hpp
[1.162s] -- Up-to-date symlink: /home/ylspyrou/humble_ws/install/control_msgs/include/control_msgs/msg/detail/interface_value__traits.hpp
[1.162s] -- Up-to-date symlink: /home/ylspyrou/humble_ws/install/control_msgs/include/control_msgs/msg/detail/interface_value__type_support.hpp
[1.162s] -- Up-to-date symlink: /home/ylspyrou/humble_ws/install/control_msgs/include/control_msgs/msg/detail/joint_controller_state__builder.hpp
[1.162s] -- Up-to-date symlink: /home/ylspyrou/humble_ws/install/control_msgs/include/control_msgs/msg/detail/joint_controller_state__struct.hpp
[1.162s] -- Up-to-date symlink: /home/ylspyrou/humble_ws/install/control_msgs/include/control_msgs/msg/detail/joint_controller_state__traits.hpp
[1.163s] -- Up-to-date symlink: /home/ylspyrou/humble_ws/install/control_msgs/include/control_msgs/msg/detail/joint_controller_state__type_support.hpp
[1.163s] -- Up-to-date symlink: /home/ylspyrou/humble_ws/install/control_msgs/include/control_msgs/msg/detail/joint_jog__builder.hpp
[1.163s] -- Up-to-date symlink: /home/ylspyrou/humble_ws/install/control_msgs/include/control_msgs/msg/detail/joint_jog__struct.hpp
[1.163s] -- Up-to-date symlink: /home/ylspyrou/humble_ws/install/control_msgs/include/control_msgs/msg/detail/joint_jog__traits.hpp
[1.163s] -- Up-to-date symlink: /home/ylspyrou/humble_ws/install/control_msgs/include/control_msgs/msg/detail/joint_jog__type_support.hpp
[1.163s] -- Up-to-date symlink: /home/ylspyrou/humble_ws/install/control_msgs/include/control_msgs/msg/detail/joint_tolerance__builder.hpp
[1.163s] -- Up-to-date symlink: /home/ylspyrou/humble_ws/install/control_msgs/include/control_msgs/msg/detail/joint_tolerance__struct.hpp
[1.164s] -- Up-to-date symlink: /home/ylspyrou/humble_ws/install/control_msgs/include/control_msgs/msg/detail/joint_tolerance__traits.hpp
[1.164s] -- Up-to-date symlink: /home/ylspyrou/humble_ws/install/control_msgs/include/control_msgs/msg/detail/joint_tolerance__type_support.hpp
[1.164s] -- Up-to-date symlink: /home/ylspyrou/humble_ws/install/control_msgs/include/control_msgs/msg/detail/joint_trajectory_controller_state__builder.hpp
[1.164s] -- Up-to-date symlink: /home/ylspyrou/humble_ws/install/control_msgs/include/control_msgs/msg/detail/joint_trajectory_controller_state__struct.hpp
[1.164s] -- Up-to-date symlink: /home/ylspyrou/humble_ws/install/control_msgs/include/control_msgs/msg/detail/joint_trajectory_controller_state__traits.hpp
[1.164s] -- Up-to-date symlink: /home/ylspyrou/humble_ws/install/control_msgs/include/control_msgs/msg/detail/joint_trajectory_controller_state__type_support.hpp
[1.165s] -- Up-to-date symlink: /home/ylspyrou/humble_ws/install/control_msgs/include/control_msgs/msg/detail/pid_state__builder.hpp
[1.165s] -- Up-to-date symlink: /home/ylspyrou/humble_ws/install/control_msgs/include/control_msgs/msg/detail/pid_state__struct.hpp
[1.165s] -- Up-to-date symlink: /home/ylspyrou/humble_ws/install/control_msgs/include/control_msgs/msg/detail/pid_state__traits.hpp
[1.165s] -- Up-to-date symlink: /home/ylspyrou/humble_ws/install/control_msgs/include/control_msgs/msg/detail/pid_state__type_support.hpp
[1.165s] -- Up-to-date symlink: /home/ylspyrou/humble_ws/install/control_msgs/include/control_msgs/msg/dynamic_joint_state.hpp
[1.165s] -- Up-to-date symlink: /home/ylspyrou/humble_ws/install/control_msgs/include/control_msgs/msg/gripper_command.hpp
[1.166s] -- Up-to-date symlink: /home/ylspyrou/humble_ws/install/control_msgs/include/control_msgs/msg/interface_value.hpp
[1.166s] -- Up-to-date symlink: /home/ylspyrou/humble_ws/install/control_msgs/include/control_msgs/msg/joint_controller_state.hpp
[1.166s] -- Up-to-date symlink: /home/ylspyrou/humble_ws/install/control_msgs/include/control_msgs/msg/joint_jog.hpp
[1.166s] -- Up-to-date symlink: /home/ylspyrou/humble_ws/install/control_msgs/include/control_msgs/msg/joint_tolerance.hpp
[1.166s] -- Up-to-date symlink: /home/ylspyrou/humble_ws/install/control_msgs/include/control_msgs/msg/joint_trajectory_controller_state.hpp
[1.166s] -- Up-to-date symlink: /home/ylspyrou/humble_ws/install/control_msgs/include/control_msgs/msg/pid_state.hpp
[1.166s] -- Up-to-date symlink: /home/ylspyrou/humble_ws/install/control_msgs/include/control_msgs/msg/rosidl_generator_cpp__visibility_control.hpp
[1.169s] -- Up-to-date symlink: /home/ylspyrou/humble_ws/install/control_msgs/include/control_msgs/srv/detail/query_calibration_state__builder.hpp
[1.169s] -- Up-to-date symlink: /home/ylspyrou/humble_ws/install/control_msgs/include/control_msgs/srv/detail/query_calibration_state__struct.hpp
[1.169s] -- Up-to-date symlink: /home/ylspyrou/humble_ws/install/control_msgs/include/control_msgs/srv/detail/query_calibration_state__traits.hpp
[1.169s] -- Up-to-date symlink: /home/ylspyrou/humble_ws/install/control_msgs/include/control_msgs/srv/detail/query_calibration_state__type_support.hpp
[1.169s] -- Up-to-date symlink: /home/ylspyrou/humble_ws/install/control_msgs/include/control_msgs/srv/detail/query_trajectory_state__builder.hpp
[1.169s] -- Up-to-date symlink: /home/ylspyrou/humble_ws/install/control_msgs/include/control_msgs/srv/detail/query_trajectory_state__struct.hpp
[1.169s] -- Up-to-date symlink: /home/ylspyrou/humble_ws/install/control_msgs/include/control_msgs/srv/detail/query_trajectory_state__traits.hpp
[1.169s] -- Up-to-date symlink: /home/ylspyrou/humble_ws/install/control_msgs/include/control_msgs/srv/detail/query_trajectory_state__type_support.hpp
[1.170s] -- Up-to-date symlink: /home/ylspyrou/humble_ws/install/control_msgs/include/control_msgs/srv/query_calibration_state.hpp
[1.170s] -- Up-to-date symlink: /home/ylspyrou/humble_ws/install/control_msgs/include/control_msgs/srv/query_trajectory_state.hpp
[1.171s] -- Up-to-date symlink: /home/ylspyrou/humble_ws/install/control_msgs/include/control_msgs/action/detail/follow_joint_trajectory__rosidl_typesupport_introspection_cpp.hpp
[1.171s] -- Up-to-date symlink: /home/ylspyrou/humble_ws/install/control_msgs/include/control_msgs/action/detail/gripper_command__rosidl_typesupport_introspection_cpp.hpp
[1.171s] -- Up-to-date symlink: /home/ylspyrou/humble_ws/install/control_msgs/include/control_msgs/action/detail/joint_trajectory__rosidl_typesupport_introspection_cpp.hpp
[1.171s] -- Up-to-date symlink: /home/ylspyrou/humble_ws/install/control_msgs/include/control_msgs/action/detail/point_head__rosidl_typesupport_introspection_cpp.hpp
[1.171s] -- Up-to-date symlink: /home/ylspyrou/humble_ws/install/control_msgs/include/control_msgs/action/detail/single_joint_position__rosidl_typesupport_introspection_cpp.hpp
[1.171s] -- Up-to-date symlink: /home/ylspyrou/humble_ws/install/control_msgs/include/control_msgs/msg/detail/dynamic_joint_state__rosidl_typesupport_introspection_cpp.hpp
[1.171s] -- Up-to-date symlink: /home/ylspyrou/humble_ws/install/control_msgs/include/control_msgs/msg/detail/gripper_command__rosidl_typesupport_introspection_cpp.hpp
[1.172s] -- Up-to-date symlink: /home/ylspyrou/humble_ws/install/control_msgs/include/control_msgs/msg/detail/interface_value__rosidl_typesupport_introspection_cpp.hpp
[1.172s] -- Up-to-date symlink: /home/ylspyrou/humble_ws/install/control_msgs/include/control_msgs/msg/detail/joint_controller_state__rosidl_typesupport_introspection_cpp.hpp
[1.172s] -- Up-to-date symlink: /home/ylspyrou/humble_ws/install/control_msgs/include/control_msgs/msg/detail/joint_jog__rosidl_typesupport_introspection_cpp.hpp
[1.172s] -- Up-to-date symlink: /home/ylspyrou/humble_ws/install/control_msgs/include/control_msgs/msg/detail/joint_tolerance__rosidl_typesupport_introspection_cpp.hpp
[1.172s] -- Up-to-date symlink: /home/ylspyrou/humble_ws/install/control_msgs/include/control_msgs/msg/detail/joint_trajectory_controller_state__rosidl_typesupport_introspection_cpp.hpp
[1.172s] -- Up-to-date symlink: /home/ylspyrou/humble_ws/install/control_msgs/include/control_msgs/msg/detail/pid_state__rosidl_typesupport_introspection_cpp.hpp
[1.173s] -- Up-to-date symlink: /home/ylspyrou/humble_ws/install/control_msgs/include/control_msgs/srv/detail/query_calibration_state__rosidl_typesupport_introspection_cpp.hpp
[1.173s] -- Up-to-date symlink: /home/ylspyrou/humble_ws/install/control_msgs/include/control_msgs/srv/detail/query_trajectory_state__rosidl_typesupport_introspection_cpp.hpp
[1.173s] -- Up-to-date symlink: /home/ylspyrou/humble_ws/install/control_msgs/share/control_msgs/environment/pythonpath.sh
[1.173s] -- Up-to-date symlink: /home/ylspyrou/humble_ws/install/control_msgs/share/control_msgs/environment/pythonpath.dsv
[1.173s] -- Up-to-date symlink: /home/ylspyrou/humble_ws/install/control_msgs/lib/python3.8/site-packages/control_msgs/__init__.py
[1.174s] -- Up-to-date symlink: /home/ylspyrou/humble_ws/install/control_msgs/lib/python3.8/site-packages/control_msgs/msg/__init__.py
[1.174s] -- Up-to-date symlink: /home/ylspyrou/humble_ws/install/control_msgs/lib/python3.8/site-packages/control_msgs/msg/_dynamic_joint_state.py
[1.174s] -- Up-to-date symlink: /home/ylspyrou/humble_ws/install/control_msgs/lib/python3.8/site-packages/control_msgs/msg/_gripper_command.py
[1.175s] -- Up-to-date symlink: /home/ylspyrou/humble_ws/install/control_msgs/lib/python3.8/site-packages/control_msgs/msg/_interface_value.py
[1.175s] -- Up-to-date symlink: /home/ylspyrou/humble_ws/install/control_msgs/lib/python3.8/site-packages/control_msgs/msg/_joint_controller_state.py
[1.175s] -- Up-to-date symlink: /home/ylspyrou/humble_ws/install/control_msgs/lib/python3.8/site-packages/control_msgs/msg/_joint_jog.py
[1.175s] -- Up-to-date symlink: /home/ylspyrou/humble_ws/install/control_msgs/lib/python3.8/site-packages/control_msgs/msg/_joint_tolerance.py
[1.175s] -- Up-to-date symlink: /home/ylspyrou/humble_ws/install/control_msgs/lib/python3.8/site-packages/control_msgs/msg/_joint_trajectory_controller_state.py
[1.175s] -- Up-to-date symlink: /home/ylspyrou/humble_ws/install/control_msgs/lib/python3.8/site-packages/control_msgs/msg/_pid_state.py
[1.176s] -- Up-to-date symlink: /home/ylspyrou/humble_ws/install/control_msgs/lib/python3.8/site-packages/control_msgs/srv/__init__.py
[1.176s] -- Up-to-date symlink: /home/ylspyrou/humble_ws/install/control_msgs/lib/python3.8/site-packages/control_msgs/srv/_query_calibration_state.py
[1.176s] -- Up-to-date symlink: /home/ylspyrou/humble_ws/install/control_msgs/lib/python3.8/site-packages/control_msgs/srv/_query_trajectory_state.py
[1.178s] -- Up-to-date symlink: /home/ylspyrou/humble_ws/install/control_msgs/lib/python3.8/site-packages/control_msgs/action/__init__.py
[1.178s] -- Up-to-date symlink: /home/ylspyrou/humble_ws/install/control_msgs/lib/python3.8/site-packages/control_msgs/action/_follow_joint_trajectory.py
[1.178s] -- Up-to-date symlink: /home/ylspyrou/humble_ws/install/control_msgs/lib/python3.8/site-packages/control_msgs/action/_gripper_command.py
[1.179s] -- Up-to-date symlink: /home/ylspyrou/humble_ws/install/control_msgs/lib/python3.8/site-packages/control_msgs/action/_joint_trajectory.py
[1.179s] -- Up-to-date symlink: /home/ylspyrou/humble_ws/install/control_msgs/lib/python3.8/site-packages/control_msgs/action/_point_head.py
[1.179s] -- Up-to-date symlink: /home/ylspyrou/humble_ws/install/control_msgs/lib/python3.8/site-packages/control_msgs/action/_single_joint_position.py
[1.179s] -- Up-to-date symlink: /home/ylspyrou/humble_ws/install/control_msgs/lib/python3.8/site-packages/control_msgs/control_msgs_s__rosidl_typesupport_fastrtps_c.cpython-38-x86_64-linux-gnu.so
[1.180s] -- Up-to-date symlink: /home/ylspyrou/humble_ws/install/control_msgs/lib/python3.8/site-packages/control_msgs/control_msgs_s__rosidl_typesupport_introspection_c.cpython-38-x86_64-linux-gnu.so
[1.180s] -- Up-to-date symlink: /home/ylspyrou/humble_ws/install/control_msgs/lib/python3.8/site-packages/control_msgs/control_msgs_s__rosidl_typesupport_c.cpython-38-x86_64-linux-gnu.so
[1.180s] -- Up-to-date symlink: /home/ylspyrou/humble_ws/install/control_msgs/lib/libcontrol_msgs__python.so
[1.181s] -- Up-to-date symlink: /home/ylspyrou/humble_ws/install/control_msgs/share/control_msgs/msg/DynamicJointState.idl
[1.181s] -- Up-to-date symlink: /home/ylspyrou/humble_ws/install/control_msgs/share/control_msgs/msg/GripperCommand.idl
[1.181s] -- Up-to-date symlink: /home/ylspyrou/humble_ws/install/control_msgs/share/control_msgs/msg/InterfaceValue.idl
[1.181s] -- Up-to-date symlink: /home/ylspyrou/humble_ws/install/control_msgs/share/control_msgs/msg/JointControllerState.idl
[1.181s] -- Up-to-date symlink: /home/ylspyrou/humble_ws/install/control_msgs/share/control_msgs/msg/JointJog.idl
[1.182s] -- Up-to-date symlink: /home/ylspyrou/humble_ws/install/control_msgs/share/control_msgs/msg/JointTolerance.idl
[1.182s] -- Up-to-date symlink: /home/ylspyrou/humble_ws/install/control_msgs/share/control_msgs/msg/JointTrajectoryControllerState.idl
[1.182s] -- Up-to-date symlink: /home/ylspyrou/humble_ws/install/control_msgs/share/control_msgs/msg/PidState.idl
[1.182s] -- Up-to-date symlink: /home/ylspyrou/humble_ws/install/control_msgs/share/control_msgs/srv/QueryCalibrationState.idl
[1.183s] -- Up-to-date symlink: /home/ylspyrou/humble_ws/install/control_msgs/share/control_msgs/srv/QueryTrajectoryState.idl
[1.184s] -- Up-to-date symlink: /home/ylspyrou/humble_ws/install/control_msgs/share/control_msgs/action/FollowJointTrajectory.idl
[1.184s] -- Up-to-date symlink: /home/ylspyrou/humble_ws/install/control_msgs/share/control_msgs/action/GripperCommand.idl
[1.184s] -- Up-to-date symlink: /home/ylspyrou/humble_ws/install/control_msgs/share/control_msgs/action/JointTrajectory.idl
[1.184s] -- Up-to-date symlink: /home/ylspyrou/humble_ws/install/control_msgs/share/control_msgs/action/PointHead.idl
[1.184s] -- Up-to-date symlink: /home/ylspyrou/humble_ws/install/control_msgs/share/control_msgs/action/SingleJointPosition.idl
[1.185s] -- Up-to-date symlink: /home/ylspyrou/humble_ws/install/control_msgs/share/control_msgs/msg/DynamicJointState.msg
[1.185s] -- Up-to-date symlink: /home/ylspyrou/humble_ws/install/control_msgs/share/control_msgs/msg/GripperCommand.msg
[1.185s] -- Up-to-date symlink: /home/ylspyrou/humble_ws/install/control_msgs/share/control_msgs/msg/InterfaceValue.msg
[1.185s] -- Up-to-date symlink: /home/ylspyrou/humble_ws/install/control_msgs/share/control_msgs/msg/JointControllerState.msg
[1.186s] -- Up-to-date symlink: /home/ylspyrou/humble_ws/install/control_msgs/share/control_msgs/msg/JointJog.msg
[1.186s] -- Up-to-date symlink: /home/ylspyrou/humble_ws/install/control_msgs/share/control_msgs/msg/JointTolerance.msg
[1.186s] -- Up-to-date symlink: /home/ylspyrou/humble_ws/install/control_msgs/share/control_msgs/msg/JointTrajectoryControllerState.msg
[1.186s] -- Up-to-date symlink: /home/ylspyrou/humble_ws/install/control_msgs/share/control_msgs/msg/PidState.msg
[1.187s] -- Up-to-date symlink: /home/ylspyrou/humble_ws/install/control_msgs/share/control_msgs/srv/QueryCalibrationState.srv
[1.187s] -- Up-to-date symlink: /home/ylspyrou/humble_ws/install/control_msgs/share/control_msgs/srv/QueryCalibrationState_Request.msg
[1.187s] -- Up-to-date symlink: /home/ylspyrou/humble_ws/install/control_msgs/share/control_msgs/srv/QueryCalibrationState_Response.msg
[1.187s] -- Up-to-date symlink: /home/ylspyrou/humble_ws/install/control_msgs/share/control_msgs/srv/QueryTrajectoryState.srv
[1.188s] -- Up-to-date symlink: /home/ylspyrou/humble_ws/install/control_msgs/share/control_msgs/srv/QueryTrajectoryState_Request.msg
[1.188s] -- Up-to-date symlink: /home/ylspyrou/humble_ws/install/control_msgs/share/control_msgs/srv/QueryTrajectoryState_Response.msg
[1.188s] -- Up-to-date symlink: /home/ylspyrou/humble_ws/install/control_msgs/share/control_msgs/action/FollowJointTrajectory.action
[1.188s] -- Up-to-date symlink: /home/ylspyrou/humble_ws/install/control_msgs/share/control_msgs/action/GripperCommand.action
[1.188s] -- Up-to-date symlink: /home/ylspyrou/humble_ws/install/control_msgs/share/control_msgs/action/JointTrajectory.action
[1.189s] -- Up-to-date symlink: /home/ylspyrou/humble_ws/install/control_msgs/share/control_msgs/action/PointHead.action
[1.189s] -- Up-to-date symlink: /home/ylspyrou/humble_ws/install/control_msgs/share/control_msgs/action/SingleJointPosition.action
[1.189s] -- Up-to-date symlink: /home/ylspyrou/humble_ws/install/control_msgs/share/ament_index/resource_index/package_run_dependencies/control_msgs
[1.189s] -- Up-to-date symlink: /home/ylspyrou/humble_ws/install/control_msgs/share/ament_index/resource_index/parent_prefix_path/control_msgs
[1.190s] -- Up-to-date symlink: /home/ylspyrou/humble_ws/install/control_msgs/share/control_msgs/environment/ament_prefix_path.sh
[1.190s] -- Up-to-date symlink: /home/ylspyrou/humble_ws/install/control_msgs/share/control_msgs/environment/ament_prefix_path.dsv
[1.190s] -- Up-to-date symlink: /home/ylspyrou/humble_ws/install/control_msgs/share/control_msgs/environment/path.sh
[1.190s] -- Up-to-date symlink: /home/ylspyrou/humble_ws/install/control_msgs/share/control_msgs/environment/path.dsv
[1.191s] -- Up-to-date symlink: /home/ylspyrou/humble_ws/install/control_msgs/share/control_msgs/local_setup.bash
[1.191s] -- Up-to-date symlink: /home/ylspyrou/humble_ws/install/control_msgs/share/control_msgs/local_setup.sh
[1.191s] -- Up-to-date symlink: /home/ylspyrou/humble_ws/install/control_msgs/share/control_msgs/local_setup.zsh
[1.191s] -- Up-to-date symlink: /home/ylspyrou/humble_ws/install/control_msgs/share/control_msgs/local_setup.dsv
[1.191s] -- Symlinking: /home/ylspyrou/humble_ws/install/control_msgs/share/control_msgs/package.dsv
[1.208s] -- Up-to-date symlink: /home/ylspyrou/humble_ws/install/control_msgs/share/ament_index/resource_index/packages/control_msgs
[1.208s] -- Up-to-date symlink: /home/ylspyrou/humble_ws/install/control_msgs/share/control_msgs/cmake/rosidl_cmake-extras.cmake
[1.208s] -- Up-to-date symlink: /home/ylspyrou/humble_ws/install/control_msgs/share/control_msgs/cmake/ament_cmake_export_dependencies-extras.cmake
[1.208s] -- Up-to-date symlink: /home/ylspyrou/humble_ws/install/control_msgs/share/control_msgs/cmake/ament_cmake_export_libraries-extras.cmake
[1.208s] -- Up-to-date symlink: /home/ylspyrou/humble_ws/install/control_msgs/share/control_msgs/cmake/ament_cmake_export_targets-extras.cmake
[1.209s] -- Up-to-date symlink: /home/ylspyrou/humble_ws/install/control_msgs/share/control_msgs/cmake/ament_cmake_export_include_directories-extras.cmake
[1.209s] -- Up-to-date symlink: /home/ylspyrou/humble_ws/install/control_msgs/share/control_msgs/cmake/rosidl_cmake_export_typesupport_libraries-extras.cmake
[1.209s] -- Up-to-date symlink: /home/ylspyrou/humble_ws/install/control_msgs/share/control_msgs/cmake/rosidl_cmake_export_typesupport_targets-extras.cmake
[1.210s] -- Up-to-date symlink: /home/ylspyrou/humble_ws/install/control_msgs/share/control_msgs/cmake/control_msgsConfig.cmake
[1.210s] -- Up-to-date symlink: /home/ylspyrou/humble_ws/install/control_msgs/share/control_msgs/cmake/control_msgsConfig-version.cmake
[1.210s] -- Up-to-date symlink: /home/ylspyrou/humble_ws/install/control_msgs/share/control_msgs/package.xml
[1.210s] -- Up-to-date: /home/ylspyrou/humble_ws/install/control_msgs/lib/libcontrol_msgs__rosidl_generator_c.so
[1.211s] -- Up-to-date: /home/ylspyrou/humble_ws/install/control_msgs/lib/libcontrol_msgs__rosidl_typesupport_introspection_c.so
[1.211s] -- Up-to-date: /home/ylspyrou/humble_ws/install/control_msgs/lib/libcontrol_msgs__rosidl_typesupport_c.so
[1.211s] -- Up-to-date: /home/ylspyrou/humble_ws/install/control_msgs/lib/libcontrol_msgs__rosidl_typesupport_introspection_cpp.so
[1.212s] -- Up-to-date: /home/ylspyrou/humble_ws/install/control_msgs/lib/libcontrol_msgs__rosidl_typesupport_cpp.so
[1.281s] -- Up-to-date: /home/ylspyrou/humble_ws/install/control_msgs/share/control_msgs/cmake/control_msgs__rosidl_generator_cExport.cmake
[1.281s] -- Up-to-date: /home/ylspyrou/humble_ws/install/control_msgs/share/control_msgs/cmake/control_msgs__rosidl_generator_cExport-noconfig.cmake
[1.281s] -- Up-to-date: /home/ylspyrou/humble_ws/install/control_msgs/share/control_msgs/cmake/control_msgs__rosidl_typesupport_introspection_cExport.cmake
[1.281s] -- Up-to-date: /home/ylspyrou/humble_ws/install/control_msgs/share/control_msgs/cmake/control_msgs__rosidl_typesupport_introspection_cExport-noconfig.cmake
[1.281s] -- Up-to-date: /home/ylspyrou/humble_ws/install/control_msgs/share/control_msgs/cmake/control_msgs__rosidl_typesupport_cExport.cmake
[1.281s] -- Up-to-date: /home/ylspyrou/humble_ws/install/control_msgs/share/control_msgs/cmake/control_msgs__rosidl_typesupport_cExport-noconfig.cmake
[1.281s] -- Up-to-date: /home/ylspyrou/humble_ws/install/control_msgs/share/control_msgs/cmake/control_msgs__rosidl_generator_cppExport.cmake
[1.281s] -- Up-to-date: /home/ylspyrou/humble_ws/install/control_msgs/share/control_msgs/cmake/control_msgs__rosidl_typesupport_introspection_cppExport.cmake
[1.282s] -- Up-to-date: /home/ylspyrou/humble_ws/install/control_msgs/share/control_msgs/cmake/control_msgs__rosidl_typesupport_introspection_cppExport-noconfig.cmake
[1.282s] -- Up-to-date: /home/ylspyrou/humble_ws/install/control_msgs/share/control_msgs/cmake/control_msgs__rosidl_typesupport_cppExport.cmake
[1.282s] -- Up-to-date: /home/ylspyrou/humble_ws/install/control_msgs/share/control_msgs/cmake/control_msgs__rosidl_typesupport_cppExport-noconfig.cmake
[1.288s] Invoked command in '/home/ylspyrou/humble_ws/build/control_msgs' returned '0': CMAKE_PREFIX_PATH=${CMAKE_PREFIX_PATH}:/home/ylspyrou/humble_ws/install/serial_motor_demo:/home/ylspyrou/humble_ws/install/ros2controlcli:/home/ylspyrou/humble_ws/install/ros2_control_test_nodes:/opt/ros/foxy /usr/bin/cmake --install /home/ylspyrou/humble_ws/build/control_msgs
