[0.021s] Invoking command in '/home/ylspyrou/humble_ws/build/serial_motor_demo_msgs': CMAKE_PREFIX_PATH=${CMAKE_PREFIX_PATH}:/home/ylspyrou/humble_ws/install/serial_motor_demo:/home/ylspyrou/humble_ws/install/ros2controlcli:/home/ylspyrou/humble_ws/install/ros2_control_test_nodes:/home/ylspyrou/dev_ws/install/serial_motor_demo:/opt/ros/foxy /usr/bin/cmake --build /home/ylspyrou/humble_ws/build/serial_motor_demo_msgs -- -j2 -l2
[0.101s] [  2%] Built target serial_motor_demo_msgs__cpp
[0.109s] [ 12%] Built target serial_motor_demo_msgs__rosidl_generator_c
[0.128s] [ 23%] Built target serial_motor_demo_msgs__rosidl_typesupport_cpp
[0.146s] [ 34%] Built target serial_motor_demo_msgs__rosidl_typesupport_fastrtps_cpp
[0.155s] [ 44%] Built target serial_motor_demo_msgs__rosidl_typesupport_c
[0.182s] [ 55%] Built target serial_motor_demo_msgs__rosidl_typesupport_introspection_cpp
[0.189s] [ 65%] Built target serial_motor_demo_msgs__rosidl_typesupport_introspection_c
[0.219s] [ 76%] Built target serial_motor_demo_msgs__rosidl_typesupport_fastrtps_c
[0.244s] [ 76%] Built target serial_motor_demo_msgs
[0.274s] [ 78%] Built target serial_motor_demo_msgs__py
[0.315s] [ 87%] Built target serial_motor_demo_msgs__python
[0.373s] [ 91%] Built target serial_motor_demo_msgs__rosidl_typesupport_introspection_c__pyext
[0.380s] [ 95%] Built target serial_motor_demo_msgs__rosidl_typesupport_fastrtps_c__pyext
[0.425s] [100%] Built target serial_motor_demo_msgs__rosidl_typesupport_c__pyext
[0.449s] Invoked command in '/home/ylspyrou/humble_ws/build/serial_motor_demo_msgs' returned '0': CMAKE_PREFIX_PATH=${CMAKE_PREFIX_PATH}:/home/ylspyrou/humble_ws/install/serial_motor_demo:/home/ylspyrou/humble_ws/install/ros2controlcli:/home/ylspyrou/humble_ws/install/ros2_control_test_nodes:/home/ylspyrou/dev_ws/install/serial_motor_demo:/opt/ros/foxy /usr/bin/cmake --build /home/ylspyrou/humble_ws/build/serial_motor_demo_msgs -- -j2 -l2
[0.598s] Invoking command in '/home/ylspyrou/humble_ws/build/serial_motor_demo_msgs': CMAKE_PREFIX_PATH=${CMAKE_PREFIX_PATH}:/home/ylspyrou/humble_ws/install/serial_motor_demo:/home/ylspyrou/humble_ws/install/ros2controlcli:/home/ylspyrou/humble_ws/install/ros2_control_test_nodes:/home/ylspyrou/dev_ws/install/serial_motor_demo:/opt/ros/foxy /usr/bin/cmake --install /home/ylspyrou/humble_ws/build/serial_motor_demo_msgs
[0.610s] -- Install configuration: ""
[0.611s] -- Execute custom install script
[0.612s] -- Up-to-date symlink: /home/ylspyrou/humble_ws/install/serial_motor_demo_msgs/share/ament_index/resource_index/rosidl_interfaces/serial_motor_demo_msgs
[0.613s] -- Up-to-date symlink: /home/ylspyrou/humble_ws/install/serial_motor_demo_msgs/include/serial_motor_demo_msgs/msg/detail/encoder_vals__functions.h
[0.613s] -- Up-to-date symlink: /home/ylspyrou/humble_ws/install/serial_motor_demo_msgs/include/serial_motor_demo_msgs/msg/detail/encoder_vals__struct.h
[0.614s] -- Up-to-date symlink: /home/ylspyrou/humble_ws/install/serial_motor_demo_msgs/include/serial_motor_demo_msgs/msg/detail/encoder_vals__type_support.h
[0.614s] -- Up-to-date symlink: /home/ylspyrou/humble_ws/install/serial_motor_demo_msgs/include/serial_motor_demo_msgs/msg/detail/motor_command__functions.h
[0.614s] -- Up-to-date symlink: /home/ylspyrou/humble_ws/install/serial_motor_demo_msgs/include/serial_motor_demo_msgs/msg/detail/motor_command__struct.h
[0.615s] -- Up-to-date symlink: /home/ylspyrou/humble_ws/install/serial_motor_demo_msgs/include/serial_motor_demo_msgs/msg/detail/motor_command__type_support.h
[0.615s] -- Up-to-date symlink: /home/ylspyrou/humble_ws/install/serial_motor_demo_msgs/include/serial_motor_demo_msgs/msg/detail/motor_vels__functions.h
[0.615s] -- Up-to-date symlink: /home/ylspyrou/humble_ws/install/serial_motor_demo_msgs/include/serial_motor_demo_msgs/msg/detail/motor_vels__struct.h
[0.616s] -- Up-to-date symlink: /home/ylspyrou/humble_ws/install/serial_motor_demo_msgs/include/serial_motor_demo_msgs/msg/detail/motor_vels__type_support.h
[0.616s] -- Up-to-date symlink: /home/ylspyrou/humble_ws/install/serial_motor_demo_msgs/include/serial_motor_demo_msgs/msg/encoder_vals.h
[0.616s] -- Up-to-date symlink: /home/ylspyrou/humble_ws/install/serial_motor_demo_msgs/include/serial_motor_demo_msgs/msg/motor_command.h
[0.617s] -- Up-to-date symlink: /home/ylspyrou/humble_ws/install/serial_motor_demo_msgs/include/serial_motor_demo_msgs/msg/motor_vels.h
[0.617s] -- Up-to-date symlink: /home/ylspyrou/humble_ws/install/serial_motor_demo_msgs/include/serial_motor_demo_msgs/msg/rosidl_generator_c__visibility_control.h
[0.617s] -- Up-to-date symlink: /home/ylspyrou/humble_ws/install/serial_motor_demo_msgs/share/serial_motor_demo_msgs/environment/library_path.sh
[0.618s] -- Up-to-date symlink: /home/ylspyrou/humble_ws/install/serial_motor_demo_msgs/share/serial_motor_demo_msgs/environment/library_path.dsv
[0.619s] -- Up-to-date symlink: /home/ylspyrou/humble_ws/install/serial_motor_demo_msgs/include/serial_motor_demo_msgs/msg/detail/encoder_vals__rosidl_typesupport_fastrtps_c.h
[0.619s] -- Up-to-date symlink: /home/ylspyrou/humble_ws/install/serial_motor_demo_msgs/include/serial_motor_demo_msgs/msg/detail/motor_command__rosidl_typesupport_fastrtps_c.h
[0.619s] -- Up-to-date symlink: /home/ylspyrou/humble_ws/install/serial_motor_demo_msgs/include/serial_motor_demo_msgs/msg/detail/motor_vels__rosidl_typesupport_fastrtps_c.h
[0.619s] -- Up-to-date symlink: /home/ylspyrou/humble_ws/install/serial_motor_demo_msgs/include/serial_motor_demo_msgs/msg/rosidl_typesupport_fastrtps_c__visibility_control.h
[0.620s] -- Up-to-date symlink: /home/ylspyrou/humble_ws/install/serial_motor_demo_msgs/lib/libserial_motor_demo_msgs__rosidl_typesupport_fastrtps_c.so
[0.621s] -- Up-to-date symlink: /home/ylspyrou/humble_ws/install/serial_motor_demo_msgs/include/serial_motor_demo_msgs/msg/detail/encoder_vals__rosidl_typesupport_fastrtps_cpp.hpp
[0.621s] -- Up-to-date symlink: /home/ylspyrou/humble_ws/install/serial_motor_demo_msgs/include/serial_motor_demo_msgs/msg/detail/motor_command__rosidl_typesupport_fastrtps_cpp.hpp
[0.622s] -- Up-to-date symlink: /home/ylspyrou/humble_ws/install/serial_motor_demo_msgs/include/serial_motor_demo_msgs/msg/detail/motor_vels__rosidl_typesupport_fastrtps_cpp.hpp
[0.622s] -- Up-to-date symlink: /home/ylspyrou/humble_ws/install/serial_motor_demo_msgs/include/serial_motor_demo_msgs/msg/rosidl_typesupport_fastrtps_cpp__visibility_control.h
[0.622s] -- Up-to-date symlink: /home/ylspyrou/humble_ws/install/serial_motor_demo_msgs/lib/libserial_motor_demo_msgs__rosidl_typesupport_fastrtps_cpp.so
[0.623s] -- Up-to-date symlink: /home/ylspyrou/humble_ws/install/serial_motor_demo_msgs/include/serial_motor_demo_msgs/msg/detail/encoder_vals__rosidl_typesupport_introspection_c.h
[0.624s] -- Up-to-date symlink: /home/ylspyrou/humble_ws/install/serial_motor_demo_msgs/include/serial_motor_demo_msgs/msg/detail/motor_command__rosidl_typesupport_introspection_c.h
[0.624s] -- Up-to-date symlink: /home/ylspyrou/humble_ws/install/serial_motor_demo_msgs/include/serial_motor_demo_msgs/msg/detail/motor_vels__rosidl_typesupport_introspection_c.h
[0.624s] -- Up-to-date symlink: /home/ylspyrou/humble_ws/install/serial_motor_demo_msgs/include/serial_motor_demo_msgs/msg/rosidl_typesupport_introspection_c__visibility_control.h
[0.625s] -- Up-to-date symlink: /home/ylspyrou/humble_ws/install/serial_motor_demo_msgs/include/serial_motor_demo_msgs/msg/detail/encoder_vals__builder.hpp
[0.625s] -- Up-to-date symlink: /home/ylspyrou/humble_ws/install/serial_motor_demo_msgs/include/serial_motor_demo_msgs/msg/detail/encoder_vals__struct.hpp
[0.626s] -- Up-to-date symlink: /home/ylspyrou/humble_ws/install/serial_motor_demo_msgs/include/serial_motor_demo_msgs/msg/detail/encoder_vals__traits.hpp
[0.626s] -- Up-to-date symlink: /home/ylspyrou/humble_ws/install/serial_motor_demo_msgs/include/serial_motor_demo_msgs/msg/detail/encoder_vals__type_support.hpp
[0.626s] -- Up-to-date symlink: /home/ylspyrou/humble_ws/install/serial_motor_demo_msgs/include/serial_motor_demo_msgs/msg/detail/motor_command__builder.hpp
[0.627s] -- Up-to-date symlink: /home/ylspyrou/humble_ws/install/serial_motor_demo_msgs/include/serial_motor_demo_msgs/msg/detail/motor_command__struct.hpp
[0.627s] -- Up-to-date symlink: /home/ylspyrou/humble_ws/install/serial_motor_demo_msgs/include/serial_motor_demo_msgs/msg/detail/motor_command__traits.hpp
[0.627s] -- Up-to-date symlink: /home/ylspyrou/humble_ws/install/serial_motor_demo_msgs/include/serial_motor_demo_msgs/msg/detail/motor_command__type_support.hpp
[0.628s] -- Up-to-date symlink: /home/ylspyrou/humble_ws/install/serial_motor_demo_msgs/include/serial_motor_demo_msgs/msg/detail/motor_vels__builder.hpp
[0.628s] -- Up-to-date symlink: /home/ylspyrou/humble_ws/install/serial_motor_demo_msgs/include/serial_motor_demo_msgs/msg/detail/motor_vels__struct.hpp
[0.629s] -- Up-to-date symlink: /home/ylspyrou/humble_ws/install/serial_motor_demo_msgs/include/serial_motor_demo_msgs/msg/detail/motor_vels__traits.hpp
[0.629s] -- Up-to-date symlink: /home/ylspyrou/humble_ws/install/serial_motor_demo_msgs/include/serial_motor_demo_msgs/msg/detail/motor_vels__type_support.hpp
[0.630s] -- Up-to-date symlink: /home/ylspyrou/humble_ws/install/serial_motor_demo_msgs/include/serial_motor_demo_msgs/msg/encoder_vals.hpp
[0.630s] -- Up-to-date symlink: /home/ylspyrou/humble_ws/install/serial_motor_demo_msgs/include/serial_motor_demo_msgs/msg/motor_command.hpp
[0.630s] -- Up-to-date symlink: /home/ylspyrou/humble_ws/install/serial_motor_demo_msgs/include/serial_motor_demo_msgs/msg/motor_vels.hpp
[0.631s] -- Up-to-date symlink: /home/ylspyrou/humble_ws/install/serial_motor_demo_msgs/include/serial_motor_demo_msgs/msg/rosidl_generator_cpp__visibility_control.hpp
[0.631s] -- Up-to-date symlink: /home/ylspyrou/humble_ws/install/serial_motor_demo_msgs/include/serial_motor_demo_msgs/msg/detail/encoder_vals__rosidl_typesupport_introspection_cpp.hpp
[0.632s] -- Up-to-date symlink: /home/ylspyrou/humble_ws/install/serial_motor_demo_msgs/include/serial_motor_demo_msgs/msg/detail/motor_command__rosidl_typesupport_introspection_cpp.hpp
[0.632s] -- Up-to-date symlink: /home/ylspyrou/humble_ws/install/serial_motor_demo_msgs/include/serial_motor_demo_msgs/msg/detail/motor_vels__rosidl_typesupport_introspection_cpp.hpp
[0.632s] -- Up-to-date symlink: /home/ylspyrou/humble_ws/install/serial_motor_demo_msgs/share/serial_motor_demo_msgs/environment/pythonpath.sh
[0.633s] -- Up-to-date symlink: /home/ylspyrou/humble_ws/install/serial_motor_demo_msgs/share/serial_motor_demo_msgs/environment/pythonpath.dsv
[0.633s] -- Up-to-date symlink: /home/ylspyrou/humble_ws/install/serial_motor_demo_msgs/lib/python3.8/site-packages/serial_motor_demo_msgs/__init__.py
[0.634s] -- Up-to-date symlink: /home/ylspyrou/humble_ws/install/serial_motor_demo_msgs/lib/python3.8/site-packages/serial_motor_demo_msgs/msg/__init__.py
[0.634s] -- Up-to-date symlink: /home/ylspyrou/humble_ws/install/serial_motor_demo_msgs/lib/python3.8/site-packages/serial_motor_demo_msgs/msg/_encoder_vals.py
[0.634s] -- Up-to-date symlink: /home/ylspyrou/humble_ws/install/serial_motor_demo_msgs/lib/python3.8/site-packages/serial_motor_demo_msgs/msg/_motor_command.py
[0.634s] -- Up-to-date symlink: /home/ylspyrou/humble_ws/install/serial_motor_demo_msgs/lib/python3.8/site-packages/serial_motor_demo_msgs/msg/_motor_vels.py
[0.635s] -- Up-to-date symlink: /home/ylspyrou/humble_ws/install/serial_motor_demo_msgs/lib/python3.8/site-packages/serial_motor_demo_msgs/serial_motor_demo_msgs_s__rosidl_typesupport_fastrtps_c.cpython-38-x86_64-linux-gnu.so
[0.636s] -- Up-to-date symlink: /home/ylspyrou/humble_ws/install/serial_motor_demo_msgs/lib/python3.8/site-packages/serial_motor_demo_msgs/serial_motor_demo_msgs_s__rosidl_typesupport_introspection_c.cpython-38-x86_64-linux-gnu.so
[0.636s] -- Up-to-date symlink: /home/ylspyrou/humble_ws/install/serial_motor_demo_msgs/lib/python3.8/site-packages/serial_motor_demo_msgs/serial_motor_demo_msgs_s__rosidl_typesupport_c.cpython-38-x86_64-linux-gnu.so
[0.637s] -- Up-to-date symlink: /home/ylspyrou/humble_ws/install/serial_motor_demo_msgs/lib/libserial_motor_demo_msgs__python.so
[0.637s] -- Up-to-date symlink: /home/ylspyrou/humble_ws/install/serial_motor_demo_msgs/share/serial_motor_demo_msgs/msg/MotorCommand.idl
[0.637s] -- Up-to-date symlink: /home/ylspyrou/humble_ws/install/serial_motor_demo_msgs/share/serial_motor_demo_msgs/msg/MotorVels.idl
[0.638s] -- Up-to-date symlink: /home/ylspyrou/humble_ws/install/serial_motor_demo_msgs/share/serial_motor_demo_msgs/msg/EncoderVals.idl
[0.638s] -- Up-to-date symlink: /home/ylspyrou/humble_ws/install/serial_motor_demo_msgs/share/serial_motor_demo_msgs/msg/MotorCommand.msg
[0.639s] -- Up-to-date symlink: /home/ylspyrou/humble_ws/install/serial_motor_demo_msgs/share/serial_motor_demo_msgs/msg/MotorVels.msg
[0.639s] -- Up-to-date symlink: /home/ylspyrou/humble_ws/install/serial_motor_demo_msgs/share/serial_motor_demo_msgs/msg/EncoderVals.msg
[0.640s] -- Up-to-date symlink: /home/ylspyrou/humble_ws/install/serial_motor_demo_msgs/share/ament_index/resource_index/package_run_dependencies/serial_motor_demo_msgs
[0.640s] -- Up-to-date symlink: /home/ylspyrou/humble_ws/install/serial_motor_demo_msgs/share/ament_index/resource_index/parent_prefix_path/serial_motor_demo_msgs
[0.640s] -- Up-to-date symlink: /home/ylspyrou/humble_ws/install/serial_motor_demo_msgs/share/serial_motor_demo_msgs/environment/ament_prefix_path.sh
[0.641s] -- Up-to-date symlink: /home/ylspyrou/humble_ws/install/serial_motor_demo_msgs/share/serial_motor_demo_msgs/environment/ament_prefix_path.dsv
[0.641s] -- Up-to-date symlink: /home/ylspyrou/humble_ws/install/serial_motor_demo_msgs/share/serial_motor_demo_msgs/environment/path.sh
[0.642s] -- Up-to-date symlink: /home/ylspyrou/humble_ws/install/serial_motor_demo_msgs/share/serial_motor_demo_msgs/environment/path.dsv
[0.642s] -- Up-to-date symlink: /home/ylspyrou/humble_ws/install/serial_motor_demo_msgs/share/serial_motor_demo_msgs/local_setup.bash
[0.643s] -- Up-to-date symlink: /home/ylspyrou/humble_ws/install/serial_motor_demo_msgs/share/serial_motor_demo_msgs/local_setup.sh
[0.643s] -- Up-to-date symlink: /home/ylspyrou/humble_ws/install/serial_motor_demo_msgs/share/serial_motor_demo_msgs/local_setup.zsh
[0.643s] -- Up-to-date symlink: /home/ylspyrou/humble_ws/install/serial_motor_demo_msgs/share/serial_motor_demo_msgs/local_setup.dsv
[0.644s] -- Symlinking: /home/ylspyrou/humble_ws/install/serial_motor_demo_msgs/share/serial_motor_demo_msgs/package.dsv
[0.664s] -- Up-to-date symlink: /home/ylspyrou/humble_ws/install/serial_motor_demo_msgs/share/ament_index/resource_index/packages/serial_motor_demo_msgs
[0.664s] -- Up-to-date symlink: /home/ylspyrou/humble_ws/install/serial_motor_demo_msgs/share/serial_motor_demo_msgs/cmake/rosidl_cmake-extras.cmake
[0.664s] -- Up-to-date symlink: /home/ylspyrou/humble_ws/install/serial_motor_demo_msgs/share/serial_motor_demo_msgs/cmake/ament_cmake_export_dependencies-extras.cmake
[0.664s] -- Up-to-date symlink: /home/ylspyrou/humble_ws/install/serial_motor_demo_msgs/share/serial_motor_demo_msgs/cmake/ament_cmake_export_libraries-extras.cmake
[0.664s] -- Up-to-date symlink: /home/ylspyrou/humble_ws/install/serial_motor_demo_msgs/share/serial_motor_demo_msgs/cmake/ament_cmake_export_targets-extras.cmake
[0.664s] -- Up-to-date symlink: /home/ylspyrou/humble_ws/install/serial_motor_demo_msgs/share/serial_motor_demo_msgs/cmake/ament_cmake_export_include_directories-extras.cmake
[0.665s] -- Up-to-date symlink: /home/ylspyrou/humble_ws/install/serial_motor_demo_msgs/share/serial_motor_demo_msgs/cmake/rosidl_cmake_export_typesupport_libraries-extras.cmake
[0.665s] -- Up-to-date symlink: /home/ylspyrou/humble_ws/install/serial_motor_demo_msgs/share/serial_motor_demo_msgs/cmake/rosidl_cmake_export_typesupport_targets-extras.cmake
[0.665s] -- Up-to-date symlink: /home/ylspyrou/humble_ws/install/serial_motor_demo_msgs/share/serial_motor_demo_msgs/cmake/serial_motor_demo_msgsConfig.cmake
[0.665s] -- Up-to-date symlink: /home/ylspyrou/humble_ws/install/serial_motor_demo_msgs/share/serial_motor_demo_msgs/cmake/serial_motor_demo_msgsConfig-version.cmake
[0.665s] -- Up-to-date symlink: /home/ylspyrou/humble_ws/install/serial_motor_demo_msgs/share/serial_motor_demo_msgs/package.xml
[0.665s] -- Up-to-date: /home/ylspyrou/humble_ws/install/serial_motor_demo_msgs/lib/libserial_motor_demo_msgs__rosidl_generator_c.so
[0.665s] -- Up-to-date: /home/ylspyrou/humble_ws/install/serial_motor_demo_msgs/lib/libserial_motor_demo_msgs__rosidl_typesupport_introspection_c.so
[0.665s] -- Up-to-date: /home/ylspyrou/humble_ws/install/serial_motor_demo_msgs/lib/libserial_motor_demo_msgs__rosidl_typesupport_c.so
[0.666s] -- Up-to-date: /home/ylspyrou/humble_ws/install/serial_motor_demo_msgs/lib/libserial_motor_demo_msgs__rosidl_typesupport_introspection_cpp.so
[0.666s] -- Up-to-date: /home/ylspyrou/humble_ws/install/serial_motor_demo_msgs/lib/libserial_motor_demo_msgs__rosidl_typesupport_cpp.so
[0.726s] -- Up-to-date: /home/ylspyrou/humble_ws/install/serial_motor_demo_msgs/share/serial_motor_demo_msgs/cmake/serial_motor_demo_msgs__rosidl_generator_cExport.cmake
[0.726s] -- Up-to-date: /home/ylspyrou/humble_ws/install/serial_motor_demo_msgs/share/serial_motor_demo_msgs/cmake/serial_motor_demo_msgs__rosidl_generator_cExport-noconfig.cmake
[0.726s] -- Up-to-date: /home/ylspyrou/humble_ws/install/serial_motor_demo_msgs/share/serial_motor_demo_msgs/cmake/serial_motor_demo_msgs__rosidl_typesupport_introspection_cExport.cmake
[0.726s] -- Up-to-date: /home/ylspyrou/humble_ws/install/serial_motor_demo_msgs/share/serial_motor_demo_msgs/cmake/serial_motor_demo_msgs__rosidl_typesupport_introspection_cExport-noconfig.cmake
[0.726s] -- Up-to-date: /home/ylspyrou/humble_ws/install/serial_motor_demo_msgs/share/serial_motor_demo_msgs/cmake/serial_motor_demo_msgs__rosidl_typesupport_cExport.cmake
[0.726s] -- Up-to-date: /home/ylspyrou/humble_ws/install/serial_motor_demo_msgs/share/serial_motor_demo_msgs/cmake/serial_motor_demo_msgs__rosidl_typesupport_cExport-noconfig.cmake
[0.726s] -- Up-to-date: /home/ylspyrou/humble_ws/install/serial_motor_demo_msgs/share/serial_motor_demo_msgs/cmake/serial_motor_demo_msgs__rosidl_generator_cppExport.cmake
[0.726s] -- Up-to-date: /home/ylspyrou/humble_ws/install/serial_motor_demo_msgs/share/serial_motor_demo_msgs/cmake/serial_motor_demo_msgs__rosidl_typesupport_introspection_cppExport.cmake
[0.726s] -- Up-to-date: /home/ylspyrou/humble_ws/install/serial_motor_demo_msgs/share/serial_motor_demo_msgs/cmake/serial_motor_demo_msgs__rosidl_typesupport_introspection_cppExport-noconfig.cmake
[0.727s] -- Up-to-date: /home/ylspyrou/humble_ws/install/serial_motor_demo_msgs/share/serial_motor_demo_msgs/cmake/serial_motor_demo_msgs__rosidl_typesupport_cppExport.cmake
[0.727s] -- Up-to-date: /home/ylspyrou/humble_ws/install/serial_motor_demo_msgs/share/serial_motor_demo_msgs/cmake/serial_motor_demo_msgs__rosidl_typesupport_cppExport-noconfig.cmake
[0.729s] Invoked command in '/home/ylspyrou/humble_ws/build/serial_motor_demo_msgs' returned '0': CMAKE_PREFIX_PATH=${CMAKE_PREFIX_PATH}:/home/ylspyrou/humble_ws/install/serial_motor_demo:/home/ylspyrou/humble_ws/install/ros2controlcli:/home/ylspyrou/humble_ws/install/ros2_control_test_nodes:/home/ylspyrou/dev_ws/install/serial_motor_demo:/opt/ros/foxy /usr/bin/cmake --install /home/ylspyrou/humble_ws/build/serial_motor_demo_msgs
