[0.021s] Invoking command in '/home/ylspyrou/humble_ws/build/rrbot_description': CMAKE_PREFIX_PATH=/opt/ros/foxy /usr/bin/cmake /home/ylspyrou/humble_ws/src/ros2_control_demos/ros2_control_demo_description/rrbot_description -DAMENT_CMAKE_SYMLINK_INSTALL=1 -DCMAKE_INSTALL_PREFIX=/home/ylspyrou/humble_ws/install/rrbot_description
[0.119s] -- The C compiler identification is GNU 9.4.0
[0.183s] -- The CXX compiler identification is GNU 9.4.0
[0.187s] -- Check for working C compiler: /usr/bin/cc
[0.270s] -- Check for working C compiler: /usr/bin/cc -- works
[0.270s] -- Detecting C compiler ABI info
[0.353s] -- Detecting C compiler ABI info - done
[0.363s] -- Detecting C compile features
[0.363s] -- Detecting C compile features - done
[0.367s] -- Check for working CXX compiler: /usr/bin/c++
[0.453s] -- Check for working CXX compiler: /usr/bin/c++ -- works
[0.453s] -- Detecting CXX compiler ABI info
[0.547s] -- Detecting CXX compiler ABI info - done
[0.562s] -- Detecting CXX compile features
[0.562s] -- Detecting CXX compile features - done
[0.565s] -- Found ament_cmake: 0.9.12 (/opt/ros/foxy/share/ament_cmake/cmake)
[0.594s] -- Found PythonInterp: /usr/bin/python3 (found suitable version "3.8.10", minimum required is "3") 
[0.596s] -- Using PYTHON_EXECUTABLE: /usr/bin/python3
[0.771s] -- Override CMake install command with custom implementation using symlinks instead of copying resources
[0.868s] -- Configuring done
[0.872s] -- Generating done
[0.874s] -- Build files have been written to: /home/ylspyrou/humble_ws/build/rrbot_description
[0.883s] Invoked command in '/home/ylspyrou/humble_ws/build/rrbot_description' returned '0': CMAKE_PREFIX_PATH=/opt/ros/foxy /usr/bin/cmake /home/ylspyrou/humble_ws/src/ros2_control_demos/ros2_control_demo_description/rrbot_description -DAMENT_CMAKE_SYMLINK_INSTALL=1 -DCMAKE_INSTALL_PREFIX=/home/ylspyrou/humble_ws/install/rrbot_description
[0.883s] Invoking command in '/home/ylspyrou/humble_ws/build/rrbot_description': CMAKE_PREFIX_PATH=/opt/ros/foxy /usr/bin/cmake --build /home/ylspyrou/humble_ws/build/rrbot_description -- -j2 -l2
[0.948s] Invoked command in '/home/ylspyrou/humble_ws/build/rrbot_description' returned '0': CMAKE_PREFIX_PATH=/opt/ros/foxy /usr/bin/cmake --build /home/ylspyrou/humble_ws/build/rrbot_description -- -j2 -l2
[0.990s] Invoking command in '/home/ylspyrou/humble_ws/build/rrbot_description': CMAKE_PREFIX_PATH=/opt/ros/foxy /usr/bin/cmake --install /home/ylspyrou/humble_ws/build/rrbot_description
[1.004s] -- Install configuration: ""
[1.006s] -- Execute custom install script
[1.009s] -- Symlinking: /home/ylspyrou/humble_ws/install/rrbot_description/share/rrbot_description/config/rrbot.rviz
[1.028s] -- Symlinking: /home/ylspyrou/humble_ws/install/rrbot_description/share/rrbot_description/gazebo/rrbot.gazebo.xacro
[1.039s] -- Symlinking: /home/ylspyrou/humble_ws/install/rrbot_description/share/rrbot_description/gazebo/rrbot.materials.xacro
[1.052s] -- Symlinking: /home/ylspyrou/humble_ws/install/rrbot_description/share/rrbot_description/meshes/hokuyo.dae
[1.065s] -- Symlinking: /home/ylspyrou/humble_ws/install/rrbot_description/share/rrbot_description/launch/view_robot.launch.py
[1.078s] -- Symlinking: /home/ylspyrou/humble_ws/install/rrbot_description/share/rrbot_description/ros2_control/rrbot.ros2_control.xacro
[1.089s] -- Symlinking: /home/ylspyrou/humble_ws/install/rrbot_description/share/rrbot_description/ros2_control/rrbot_system_multi_interface.ros2_control.xacro
[1.104s] -- Symlinking: /home/ylspyrou/humble_ws/install/rrbot_description/share/rrbot_description/ros2_control/rrbot_system_position_only.ros2_control.xacro
[1.119s] -- Symlinking: /home/ylspyrou/humble_ws/install/rrbot_description/share/rrbot_description/ros2_control/rrbot_system_with_sensor.ros2_control.xacro
[1.132s] -- Symlinking: /home/ylspyrou/humble_ws/install/rrbot_description/share/rrbot_description/urdf/rrbot.urdf.xacro
[1.144s] -- Symlinking: /home/ylspyrou/humble_ws/install/rrbot_description/share/rrbot_description/urdf/rrbot_description.urdf.xacro
[1.154s] -- Symlinking: /home/ylspyrou/humble_ws/install/rrbot_description/share/rrbot_description/urdf/rrbot_system_multi_interface.urdf.xacro
[1.164s] -- Symlinking: /home/ylspyrou/humble_ws/install/rrbot_description/share/rrbot_description/urdf/rrbot_system_position_only.urdf.xacro
[1.176s] -- Symlinking: /home/ylspyrou/humble_ws/install/rrbot_description/share/rrbot_description/urdf/rrbot_system_with_sensor.urdf.xacro
[1.190s] -- Symlinking: /home/ylspyrou/humble_ws/install/rrbot_description/share/rrbot_description/environment/rrbot_description.dsv
[1.203s] -- Symlinking: /home/ylspyrou/humble_ws/install/rrbot_description/share/ament_index/resource_index/package_run_dependencies/rrbot_description
[1.216s] -- Symlinking: /home/ylspyrou/humble_ws/install/rrbot_description/share/ament_index/resource_index/parent_prefix_path/rrbot_description
[1.228s] -- Symlinking: /home/ylspyrou/humble_ws/install/rrbot_description/share/rrbot_description/environment/ament_prefix_path.sh
[1.241s] -- Symlinking: /home/ylspyrou/humble_ws/install/rrbot_description/share/rrbot_description/environment/ament_prefix_path.dsv
[1.252s] -- Symlinking: /home/ylspyrou/humble_ws/install/rrbot_description/share/rrbot_description/environment/path.sh
[1.264s] -- Symlinking: /home/ylspyrou/humble_ws/install/rrbot_description/share/rrbot_description/environment/path.dsv
[1.274s] -- Symlinking: /home/ylspyrou/humble_ws/install/rrbot_description/share/rrbot_description/local_setup.bash
[1.286s] -- Symlinking: /home/ylspyrou/humble_ws/install/rrbot_description/share/rrbot_description/local_setup.sh
[1.298s] -- Symlinking: /home/ylspyrou/humble_ws/install/rrbot_description/share/rrbot_description/local_setup.zsh
[1.310s] -- Symlinking: /home/ylspyrou/humble_ws/install/rrbot_description/share/rrbot_description/local_setup.dsv
[1.323s] -- Symlinking: /home/ylspyrou/humble_ws/install/rrbot_description/share/rrbot_description/package.dsv
[1.334s] -- Symlinking: /home/ylspyrou/humble_ws/install/rrbot_description/share/ament_index/resource_index/packages/rrbot_description
[1.346s] -- Symlinking: /home/ylspyrou/humble_ws/install/rrbot_description/share/rrbot_description/cmake/rrbot_descriptionConfig.cmake
[1.357s] -- Symlinking: /home/ylspyrou/humble_ws/install/rrbot_description/share/rrbot_description/cmake/rrbot_descriptionConfig-version.cmake
[1.367s] -- Symlinking: /home/ylspyrou/humble_ws/install/rrbot_description/share/rrbot_description/package.xml
[1.383s] Invoked command in '/home/ylspyrou/humble_ws/build/rrbot_description' returned '0': CMAKE_PREFIX_PATH=/opt/ros/foxy /usr/bin/cmake --install /home/ylspyrou/humble_ws/build/rrbot_description
