-- The C compiler identification is GNU 9.4.0
-- The CXX compiler identification is GNU 9.4.0
-- Check for working C compiler: /usr/bin/cc
-- Check for working C compiler: /usr/bin/cc -- works
-- Detecting C compiler ABI info
-- Detecting C compiler ABI info - done
-- Detecting C compile features
-- Detecting C compile features - done
-- Check for working CXX compiler: /usr/bin/c++
-- Check for working CXX compiler: /usr/bin/c++ -- works
-- Detecting CXX compiler ABI info
-- Detecting CXX compiler ABI info - done
-- Detecting CXX compile features
-- Detecting CXX compile features - done
-- Found ament_cmake: 0.9.12 (/opt/ros/foxy/share/ament_cmake/cmake)
-- Found PythonInterp: /usr/bin/python3 (found suitable version "3.8.10", minimum required is "3") 
-- Using PYTHON_EXECUTABLE: /usr/bin/python3
-- Override CMake install command with custom implementation using symlinks instead of copying resources
-- Found controller_interface: 0.11.0 (/home/ylspyrou/humble_ws/install/controller_interface/share/controller_interface/cmake)
-- Using all available rosidl_typesupport_c: rosidl_typesupport_fastrtps_c;rosidl_typesupport_introspection_c
-- Found rosidl_adapter: 1.3.1 (/opt/ros/foxy/share/rosidl_adapter/cmake)
-- Found OpenSSL: /usr/lib/x86_64-linux-gnu/libcrypto.so (found version "1.1.1f")  
-- Found FastRTPS: /opt/ros/foxy/include  
-- Using all available rosidl_typesupport_cpp: rosidl_typesupport_fastrtps_cpp;rosidl_typesupport_introspection_cpp
-- Found rmw_implementation_cmake: 1.0.4 (/opt/ros/foxy/share/rmw_implementation_cmake/cmake)
-- Using RMW implementation 'rmw_fastrtps_cpp' as default
-- Looking for pthread.h
-- Looking for pthread.h - found
-- Performing Test CMAKE_HAVE_LIBC_PTHREAD
-- Performing Test CMAKE_HAVE_LIBC_PTHREAD - Failed
-- Looking for pthread_create in pthreads
-- Looking for pthread_create in pthreads - not found
-- Looking for pthread_create in pthread
-- Looking for pthread_create in pthread - found
-- Found Threads: TRUE  
-- Found nav_msgs: 2.0.5 (/opt/ros/foxy/share/nav_msgs/cmake)
-- Found std_srvs: 2.0.5 (/opt/ros/foxy/share/std_srvs/cmake)
-- Found realtime_tools: 2.2.0 (/home/ylspyrou/humble_ws/install/realtime_tools/share/realtime_tools/cmake)
-- Found tf2: 0.13.14 (/opt/ros/foxy/share/tf2/cmake)
-- Found tf2_msgs: 0.13.14 (/opt/ros/foxy/share/tf2_msgs/cmake)
-- Found ackermann_msgs: 2.0.2 (/opt/ros/foxy/share/ackermann_msgs/cmake)
-- Found ament_cmake_gmock: 0.9.12 (/opt/ros/foxy/share/ament_cmake_gmock/cmake)
-- Found controller_manager: 0.11.0 (/home/ylspyrou/humble_ws/install/controller_manager/share/controller_manager/cmake)
-- Found ros2_control_test_assets: 0.11.0 (/home/ylspyrou/humble_ws/install/ros2_control_test_assets/share/ros2_control_test_assets/cmake)
-- Found gmock sources under '/opt/ros/foxy/src/gmock_vendor': C++ tests using 'Google Mock' will be built
-- Found ament_cmake_gtest: 0.9.12 (/opt/ros/foxy/share/ament_cmake_gtest/cmake)
-- Found gtest sources under '/opt/ros/foxy/src/gtest_vendor': C++ tests using 'Google Test' will be built
-- Configuring done
-- Generating done
-- Build files have been written to: /home/ylspyrou/humble_ws/build/tricycle_controller
[35m[1mScanning dependencies of target gmock[0m
[  7%] [32mBuilding CXX object gmock/CMakeFiles/gmock.dir/opt/ros/foxy/src/gtest_vendor/src/gtest-all.cc.o[0m
[ 14%] [32mBuilding CXX object gmock/CMakeFiles/gmock.dir/src/gmock-all.cc.o[0m
[ 21%] [32m[1mLinking CXX static library libgmock.a[0m
[ 21%] Built target gmock
[35m[1mScanning dependencies of target gmock_main[0m
[ 28%] [32mBuilding CXX object gmock/CMakeFiles/gmock_main.dir/src/gmock_main.cc.o[0m
[ 35%] [32m[1mLinking CXX static library libgmock_main.a[0m
[ 35%] Built target gmock_main
[35m[1mScanning dependencies of target tricycle_controller[0m
[ 42%] [32mBuilding CXX object CMakeFiles/tricycle_controller.dir/src/tricycle_controller.cpp.o[0m
[ 50%] [32mBuilding CXX object CMakeFiles/tricycle_controller.dir/src/odometry.cpp.o[0m
[ 57%] [32mBuilding CXX object CMakeFiles/tricycle_controller.dir/src/traction_limiter.cpp.o[0m
[ 64%] [32mBuilding CXX object CMakeFiles/tricycle_controller.dir/src/steering_limiter.cpp.o[0m
[ 71%] [32m[1mLinking CXX shared library libtricycle_controller.so[0m
[ 71%] Built target tricycle_controller
[35m[1mScanning dependencies of target test_load_tricycle_controller[0m
[ 78%] [32mBuilding CXX object CMakeFiles/test_load_tricycle_controller.dir/test/test_load_tricycle_controller.cpp.o[0m
[ 85%] [32m[1mLinking CXX executable test_load_tricycle_controller[0m
[ 85%] Built target test_load_tricycle_controller
[35m[1mScanning dependencies of target test_tricycle_controller[0m
[ 92%] [32mBuilding CXX object CMakeFiles/test_tricycle_controller.dir/test/test_tricycle_controller.cpp.o[0m
[100%] [32m[1mLinking CXX executable test_tricycle_controller[0m
[100%] Built target test_tricycle_controller
-- Install configuration: ""
-- Execute custom install script
-- Symlinking: /home/ylspyrou/humble_ws/install/tricycle_controller/share/tricycle_controller//tricycle_controller.xml
-- Symlinking: /home/ylspyrou/humble_ws/install/tricycle_controller/lib/libtricycle_controller.so
-- Symlinking: /home/ylspyrou/humble_ws/install/tricycle_controller/include/tricycle_controller/odometry.hpp
-- Symlinking: /home/ylspyrou/humble_ws/install/tricycle_controller/include/tricycle_controller/rolling_mean_accumulator.hpp
-- Symlinking: /home/ylspyrou/humble_ws/install/tricycle_controller/include/tricycle_controller/steering_limiter.hpp
-- Symlinking: /home/ylspyrou/humble_ws/install/tricycle_controller/include/tricycle_controller/traction_limiter.hpp
-- Symlinking: /home/ylspyrou/humble_ws/install/tricycle_controller/include/tricycle_controller/tricycle_controller.hpp
-- Symlinking: /home/ylspyrou/humble_ws/install/tricycle_controller/include/tricycle_controller/visibility_control.h
-- Symlinking: /home/ylspyrou/humble_ws/install/tricycle_controller/share/tricycle_controller/environment/library_path.sh
-- Symlinking: /home/ylspyrou/humble_ws/install/tricycle_controller/share/tricycle_controller/environment/library_path.dsv
-- Symlinking: /home/ylspyrou/humble_ws/install/tricycle_controller/share/ament_index/resource_index/package_run_dependencies/tricycle_controller
-- Symlinking: /home/ylspyrou/humble_ws/install/tricycle_controller/share/ament_index/resource_index/parent_prefix_path/tricycle_controller
-- Symlinking: /home/ylspyrou/humble_ws/install/tricycle_controller/share/tricycle_controller/environment/ament_prefix_path.sh
-- Symlinking: /home/ylspyrou/humble_ws/install/tricycle_controller/share/tricycle_controller/environment/ament_prefix_path.dsv
-- Symlinking: /home/ylspyrou/humble_ws/install/tricycle_controller/share/tricycle_controller/environment/path.sh
-- Symlinking: /home/ylspyrou/humble_ws/install/tricycle_controller/share/tricycle_controller/environment/path.dsv
-- Symlinking: /home/ylspyrou/humble_ws/install/tricycle_controller/share/tricycle_controller/local_setup.bash
-- Symlinking: /home/ylspyrou/humble_ws/install/tricycle_controller/share/tricycle_controller/local_setup.sh
-- Symlinking: /home/ylspyrou/humble_ws/install/tricycle_controller/share/tricycle_controller/local_setup.zsh
-- Symlinking: /home/ylspyrou/humble_ws/install/tricycle_controller/share/tricycle_controller/local_setup.dsv
-- Symlinking: /home/ylspyrou/humble_ws/install/tricycle_controller/share/tricycle_controller/package.dsv
-- Symlinking: /home/ylspyrou/humble_ws/install/tricycle_controller/share/ament_index/resource_index/packages/tricycle_controller
-- Symlinking: /home/ylspyrou/humble_ws/install/tricycle_controller/share/ament_index/resource_index/controller_interface__pluginlib__plugin/tricycle_controller
-- Symlinking: /home/ylspyrou/humble_ws/install/tricycle_controller/share/tricycle_controller/cmake/ament_cmake_export_include_directories-extras.cmake
-- Symlinking: /home/ylspyrou/humble_ws/install/tricycle_controller/share/tricycle_controller/cmake/ament_cmake_export_libraries-extras.cmake
-- Symlinking: /home/ylspyrou/humble_ws/install/tricycle_controller/share/tricycle_controller/cmake/ament_cmake_export_dependencies-extras.cmake
-- Symlinking: /home/ylspyrou/humble_ws/install/tricycle_controller/share/tricycle_controller/cmake/tricycle_controllerConfig.cmake
-- Symlinking: /home/ylspyrou/humble_ws/install/tricycle_controller/share/tricycle_controller/cmake/tricycle_controllerConfig-version.cmake
-- Symlinking: /home/ylspyrou/humble_ws/install/tricycle_controller/share/tricycle_controller/package.xml
