[0.058s] Invoking command in '/home/ylspyrou/humble_ws/build/tricycle_controller': AMENT_PREFIX_PATH=/home/ylspyrou/humble_ws/install/controller_manager:/home/ylspyrou/humble_ws/install/controller_interface:/home/ylspyrou/humble_ws/install/hardware_interface:/home/ylspyrou/humble_ws/install/ros2_control_test_assets:/home/ylspyrou/humble_ws/install/realtime_tools:/home/ylspyrou/humble_ws/install/controller_manager_msgs:/home/ylspyrou/humble_ws/install/control_msgs:${AMENT_PREFIX_PATH} CMAKE_PREFIX_PATH=/home/ylspyrou/humble_ws/install/controller_manager:/home/ylspyrou/humble_ws/install/controller_interface:/home/ylspyrou/humble_ws/install/hardware_interface:/home/ylspyrou/humble_ws/install/ros2_control_test_assets:/home/ylspyrou/humble_ws/install/realtime_tools:/home/ylspyrou/humble_ws/install/controller_manager_msgs:/home/ylspyrou/humble_ws/install/control_msgs:/opt/ros/foxy LD_LIBRARY_PATH=/home/ylspyrou/humble_ws/install/controller_manager/lib:/home/ylspyrou/humble_ws/install/controller_interface/lib:/home/ylspyrou/humble_ws/install/hardware_interface/lib:/home/ylspyrou/humble_ws/install/realtime_tools/lib:/home/ylspyrou/humble_ws/install/controller_manager_msgs/lib:/home/ylspyrou/humble_ws/install/control_msgs/lib:${LD_LIBRARY_PATH} PYTHONPATH=/home/ylspyrou/humble_ws/install/controller_manager/lib/python3.8/site-packages:/home/ylspyrou/humble_ws/install/controller_manager_msgs/lib/python3.8/site-packages:/home/ylspyrou/humble_ws/install/control_msgs/lib/python3.8/site-packages:${PYTHONPATH} /usr/bin/cmake /home/ylspyrou/humble_ws/src/ros2_controllers/tricycle_controller -DAMENT_CMAKE_SYMLINK_INSTALL=1 -DCMAKE_INSTALL_PREFIX=/home/ylspyrou/humble_ws/install/tricycle_controller
[0.151s] -- The C compiler identification is GNU 9.4.0
[0.225s] -- The CXX compiler identification is GNU 9.4.0
[0.230s] -- Check for working C compiler: /usr/bin/cc
[0.334s] -- Check for working C compiler: /usr/bin/cc -- works
[0.334s] -- Detecting C compiler ABI info
[0.414s] -- Detecting C compiler ABI info - done
[0.427s] -- Detecting C compile features
[0.428s] -- Detecting C compile features - done
[0.431s] -- Check for working CXX compiler: /usr/bin/c++
[0.537s] -- Check for working CXX compiler: /usr/bin/c++ -- works
[0.539s] -- Detecting CXX compiler ABI info
[0.801s] -- Detecting CXX compiler ABI info - done
[0.813s] -- Detecting CXX compile features
[0.813s] -- Detecting CXX compile features - done
[0.837s] -- Found ament_cmake: 0.9.12 (/opt/ros/foxy/share/ament_cmake/cmake)
[0.892s] -- Found PythonInterp: /usr/bin/python3 (found suitable version "3.8.10", minimum required is "3") 
[0.892s] -- Using PYTHON_EXECUTABLE: /usr/bin/python3
[1.175s] -- Override CMake install command with custom implementation using symlinks instead of copying resources
[1.204s] -- Found controller_interface: 0.11.0 (/home/ylspyrou/humble_ws/install/controller_interface/share/controller_interface/cmake)
[1.248s] -- Using all available rosidl_typesupport_c: rosidl_typesupport_fastrtps_c;rosidl_typesupport_introspection_c
[1.258s] -- Found rosidl_adapter: 1.3.1 (/opt/ros/foxy/share/rosidl_adapter/cmake)
[1.372s] -- Found OpenSSL: /usr/lib/x86_64-linux-gnu/libcrypto.so (found version "1.1.1f")  
[1.410s] -- Found FastRTPS: /opt/ros/foxy/include  
[1.539s] -- Using all available rosidl_typesupport_cpp: rosidl_typesupport_fastrtps_cpp;rosidl_typesupport_introspection_cpp
[2.282s] -- Found rmw_implementation_cmake: 1.0.4 (/opt/ros/foxy/share/rmw_implementation_cmake/cmake)
[2.284s] -- Using RMW implementation 'rmw_fastrtps_cpp' as default
[2.285s] -- Looking for pthread.h
[2.399s] -- Looking for pthread.h - found
[2.399s] -- Performing Test CMAKE_HAVE_LIBC_PTHREAD
[2.498s] -- Performing Test CMAKE_HAVE_LIBC_PTHREAD - Failed
[2.498s] -- Looking for pthread_create in pthreads
[2.578s] -- Looking for pthread_create in pthreads - not found
[2.578s] -- Looking for pthread_create in pthread
[2.655s] -- Looking for pthread_create in pthread - found
[2.661s] -- Found Threads: TRUE  
[3.051s] -- Found nav_msgs: 2.0.5 (/opt/ros/foxy/share/nav_msgs/cmake)
[3.172s] -- Found std_srvs: 2.0.5 (/opt/ros/foxy/share/std_srvs/cmake)
[3.196s] -- Found realtime_tools: 2.2.0 (/home/ylspyrou/humble_ws/install/realtime_tools/share/realtime_tools/cmake)
[3.270s] -- Found tf2: 0.13.14 (/opt/ros/foxy/share/tf2/cmake)
[3.286s] -- Found tf2_msgs: 0.13.14 (/opt/ros/foxy/share/tf2_msgs/cmake)
[3.458s] -- Found ackermann_msgs: 2.0.2 (/opt/ros/foxy/share/ackermann_msgs/cmake)
[3.632s] -- Found ament_cmake_gmock: 0.9.12 (/opt/ros/foxy/share/ament_cmake_gmock/cmake)
[3.633s] -- Found controller_manager: 0.11.0 (/home/ylspyrou/humble_ws/install/controller_manager/share/controller_manager/cmake)
[3.777s] -- Found ros2_control_test_assets: 0.11.0 (/home/ylspyrou/humble_ws/install/ros2_control_test_assets/share/ros2_control_test_assets/cmake)
[3.796s] -- Found gmock sources under '/opt/ros/foxy/src/gmock_vendor': C++ tests using 'Google Mock' will be built
[3.796s] -- Found ament_cmake_gtest: 0.9.12 (/opt/ros/foxy/share/ament_cmake_gtest/cmake)
[3.801s] -- Found gtest sources under '/opt/ros/foxy/src/gtest_vendor': C++ tests using 'Google Test' will be built
[4.040s] -- Configuring done
[4.143s] -- Generating done
[4.146s] -- Build files have been written to: /home/ylspyrou/humble_ws/build/tricycle_controller
[4.172s] Invoked command in '/home/ylspyrou/humble_ws/build/tricycle_controller' returned '0': AMENT_PREFIX_PATH=/home/ylspyrou/humble_ws/install/controller_manager:/home/ylspyrou/humble_ws/install/controller_interface:/home/ylspyrou/humble_ws/install/hardware_interface:/home/ylspyrou/humble_ws/install/ros2_control_test_assets:/home/ylspyrou/humble_ws/install/realtime_tools:/home/ylspyrou/humble_ws/install/controller_manager_msgs:/home/ylspyrou/humble_ws/install/control_msgs:${AMENT_PREFIX_PATH} CMAKE_PREFIX_PATH=/home/ylspyrou/humble_ws/install/controller_manager:/home/ylspyrou/humble_ws/install/controller_interface:/home/ylspyrou/humble_ws/install/hardware_interface:/home/ylspyrou/humble_ws/install/ros2_control_test_assets:/home/ylspyrou/humble_ws/install/realtime_tools:/home/ylspyrou/humble_ws/install/controller_manager_msgs:/home/ylspyrou/humble_ws/install/control_msgs:/opt/ros/foxy LD_LIBRARY_PATH=/home/ylspyrou/humble_ws/install/controller_manager/lib:/home/ylspyrou/humble_ws/install/controller_interface/lib:/home/ylspyrou/humble_ws/install/hardware_interface/lib:/home/ylspyrou/humble_ws/install/realtime_tools/lib:/home/ylspyrou/humble_ws/install/controller_manager_msgs/lib:/home/ylspyrou/humble_ws/install/control_msgs/lib:${LD_LIBRARY_PATH} PYTHONPATH=/home/ylspyrou/humble_ws/install/controller_manager/lib/python3.8/site-packages:/home/ylspyrou/humble_ws/install/controller_manager_msgs/lib/python3.8/site-packages:/home/ylspyrou/humble_ws/install/control_msgs/lib/python3.8/site-packages:${PYTHONPATH} /usr/bin/cmake /home/ylspyrou/humble_ws/src/ros2_controllers/tricycle_controller -DAMENT_CMAKE_SYMLINK_INSTALL=1 -DCMAKE_INSTALL_PREFIX=/home/ylspyrou/humble_ws/install/tricycle_controller
[4.173s] Invoking command in '/home/ylspyrou/humble_ws/build/tricycle_controller': AMENT_PREFIX_PATH=/home/ylspyrou/humble_ws/install/controller_manager:/home/ylspyrou/humble_ws/install/controller_interface:/home/ylspyrou/humble_ws/install/hardware_interface:/home/ylspyrou/humble_ws/install/ros2_control_test_assets:/home/ylspyrou/humble_ws/install/realtime_tools:/home/ylspyrou/humble_ws/install/controller_manager_msgs:/home/ylspyrou/humble_ws/install/control_msgs:${AMENT_PREFIX_PATH} CMAKE_PREFIX_PATH=/home/ylspyrou/humble_ws/install/controller_manager:/home/ylspyrou/humble_ws/install/controller_interface:/home/ylspyrou/humble_ws/install/hardware_interface:/home/ylspyrou/humble_ws/install/ros2_control_test_assets:/home/ylspyrou/humble_ws/install/realtime_tools:/home/ylspyrou/humble_ws/install/controller_manager_msgs:/home/ylspyrou/humble_ws/install/control_msgs:/opt/ros/foxy LD_LIBRARY_PATH=/home/ylspyrou/humble_ws/install/controller_manager/lib:/home/ylspyrou/humble_ws/install/controller_interface/lib:/home/ylspyrou/humble_ws/install/hardware_interface/lib:/home/ylspyrou/humble_ws/install/realtime_tools/lib:/home/ylspyrou/humble_ws/install/controller_manager_msgs/lib:/home/ylspyrou/humble_ws/install/control_msgs/lib:${LD_LIBRARY_PATH} PYTHONPATH=/home/ylspyrou/humble_ws/install/controller_manager/lib/python3.8/site-packages:/home/ylspyrou/humble_ws/install/controller_manager_msgs/lib/python3.8/site-packages:/home/ylspyrou/humble_ws/install/control_msgs/lib/python3.8/site-packages:${PYTHONPATH} /usr/bin/cmake --build /home/ylspyrou/humble_ws/build/tricycle_controller -- -j2 -l2
[4.237s] [35m[1mScanning dependencies of target gmock[0m
[4.265s] [  7%] [32mBuilding CXX object gmock/CMakeFiles/gmock.dir/opt/ros/foxy/src/gtest_vendor/src/gtest-all.cc.o[0m
[8.305s] [ 14%] [32mBuilding CXX object gmock/CMakeFiles/gmock.dir/src/gmock-all.cc.o[0m
[10.403s] [ 21%] [32m[1mLinking CXX static library libgmock.a[0m
[10.482s] [ 21%] Built target gmock
[10.495s] [35m[1mScanning dependencies of target gmock_main[0m
[10.516s] [ 28%] [32mBuilding CXX object gmock/CMakeFiles/gmock_main.dir/src/gmock_main.cc.o[0m
[11.709s] [ 35%] [32m[1mLinking CXX static library libgmock_main.a[0m
[11.781s] [ 35%] Built target gmock_main
[11.916s] [35m[1mScanning dependencies of target tricycle_controller[0m
[12.044s] [ 42%] [32mBuilding CXX object CMakeFiles/tricycle_controller.dir/src/tricycle_controller.cpp.o[0m
[24.470s] [ 50%] [32mBuilding CXX object CMakeFiles/tricycle_controller.dir/src/odometry.cpp.o[0m
[24.938s] [ 57%] [32mBuilding CXX object CMakeFiles/tricycle_controller.dir/src/traction_limiter.cpp.o[0m
[25.204s] [ 64%] [32mBuilding CXX object CMakeFiles/tricycle_controller.dir/src/steering_limiter.cpp.o[0m
[25.458s] [ 71%] [32m[1mLinking CXX shared library libtricycle_controller.so[0m
[26.317s] [ 71%] Built target tricycle_controller
[26.330s] [35m[1mScanning dependencies of target test_load_tricycle_controller[0m
[26.412s] [ 78%] [32mBuilding CXX object CMakeFiles/test_load_tricycle_controller.dir/test/test_load_tricycle_controller.cpp.o[0m
[31.351s] [ 85%] [32m[1mLinking CXX executable test_load_tricycle_controller[0m
[32.796s] [ 85%] Built target test_load_tricycle_controller
[32.811s] [35m[1mScanning dependencies of target test_tricycle_controller[0m
[32.907s] [ 92%] [32mBuilding CXX object CMakeFiles/test_tricycle_controller.dir/test/test_tricycle_controller.cpp.o[0m
[42.147s] [100%] [32m[1mLinking CXX executable test_tricycle_controller[0m
[44.364s] [100%] Built target test_tricycle_controller
[44.394s] Invoked command in '/home/ylspyrou/humble_ws/build/tricycle_controller' returned '0': AMENT_PREFIX_PATH=/home/ylspyrou/humble_ws/install/controller_manager:/home/ylspyrou/humble_ws/install/controller_interface:/home/ylspyrou/humble_ws/install/hardware_interface:/home/ylspyrou/humble_ws/install/ros2_control_test_assets:/home/ylspyrou/humble_ws/install/realtime_tools:/home/ylspyrou/humble_ws/install/controller_manager_msgs:/home/ylspyrou/humble_ws/install/control_msgs:${AMENT_PREFIX_PATH} CMAKE_PREFIX_PATH=/home/ylspyrou/humble_ws/install/controller_manager:/home/ylspyrou/humble_ws/install/controller_interface:/home/ylspyrou/humble_ws/install/hardware_interface:/home/ylspyrou/humble_ws/install/ros2_control_test_assets:/home/ylspyrou/humble_ws/install/realtime_tools:/home/ylspyrou/humble_ws/install/controller_manager_msgs:/home/ylspyrou/humble_ws/install/control_msgs:/opt/ros/foxy LD_LIBRARY_PATH=/home/ylspyrou/humble_ws/install/controller_manager/lib:/home/ylspyrou/humble_ws/install/controller_interface/lib:/home/ylspyrou/humble_ws/install/hardware_interface/lib:/home/ylspyrou/humble_ws/install/realtime_tools/lib:/home/ylspyrou/humble_ws/install/controller_manager_msgs/lib:/home/ylspyrou/humble_ws/install/control_msgs/lib:${LD_LIBRARY_PATH} PYTHONPATH=/home/ylspyrou/humble_ws/install/controller_manager/lib/python3.8/site-packages:/home/ylspyrou/humble_ws/install/controller_manager_msgs/lib/python3.8/site-packages:/home/ylspyrou/humble_ws/install/control_msgs/lib/python3.8/site-packages:${PYTHONPATH} /usr/bin/cmake --build /home/ylspyrou/humble_ws/build/tricycle_controller -- -j2 -l2
[44.492s] Invoking command in '/home/ylspyrou/humble_ws/build/tricycle_controller': AMENT_PREFIX_PATH=/home/ylspyrou/humble_ws/install/controller_manager:/home/ylspyrou/humble_ws/install/controller_interface:/home/ylspyrou/humble_ws/install/hardware_interface:/home/ylspyrou/humble_ws/install/ros2_control_test_assets:/home/ylspyrou/humble_ws/install/realtime_tools:/home/ylspyrou/humble_ws/install/controller_manager_msgs:/home/ylspyrou/humble_ws/install/control_msgs:${AMENT_PREFIX_PATH} CMAKE_PREFIX_PATH=/home/ylspyrou/humble_ws/install/controller_manager:/home/ylspyrou/humble_ws/install/controller_interface:/home/ylspyrou/humble_ws/install/hardware_interface:/home/ylspyrou/humble_ws/install/ros2_control_test_assets:/home/ylspyrou/humble_ws/install/realtime_tools:/home/ylspyrou/humble_ws/install/controller_manager_msgs:/home/ylspyrou/humble_ws/install/control_msgs:/opt/ros/foxy LD_LIBRARY_PATH=/home/ylspyrou/humble_ws/install/controller_manager/lib:/home/ylspyrou/humble_ws/install/controller_interface/lib:/home/ylspyrou/humble_ws/install/hardware_interface/lib:/home/ylspyrou/humble_ws/install/realtime_tools/lib:/home/ylspyrou/humble_ws/install/controller_manager_msgs/lib:/home/ylspyrou/humble_ws/install/control_msgs/lib:${LD_LIBRARY_PATH} PYTHONPATH=/home/ylspyrou/humble_ws/install/controller_manager/lib/python3.8/site-packages:/home/ylspyrou/humble_ws/install/controller_manager_msgs/lib/python3.8/site-packages:/home/ylspyrou/humble_ws/install/control_msgs/lib/python3.8/site-packages:${PYTHONPATH} /usr/bin/cmake --install /home/ylspyrou/humble_ws/build/tricycle_controller
[44.523s] -- Install configuration: ""
[44.523s] -- Execute custom install script
[44.524s] -- Symlinking: /home/ylspyrou/humble_ws/install/tricycle_controller/share/tricycle_controller//tricycle_controller.xml
[44.556s] -- Symlinking: /home/ylspyrou/humble_ws/install/tricycle_controller/lib/libtricycle_controller.so
[44.588s] -- Symlinking: /home/ylspyrou/humble_ws/install/tricycle_controller/include/tricycle_controller/odometry.hpp
[44.625s] -- Symlinking: /home/ylspyrou/humble_ws/install/tricycle_controller/include/tricycle_controller/rolling_mean_accumulator.hpp
[44.666s] -- Symlinking: /home/ylspyrou/humble_ws/install/tricycle_controller/include/tricycle_controller/steering_limiter.hpp
[44.698s] -- Symlinking: /home/ylspyrou/humble_ws/install/tricycle_controller/include/tricycle_controller/traction_limiter.hpp
[44.735s] -- Symlinking: /home/ylspyrou/humble_ws/install/tricycle_controller/include/tricycle_controller/tricycle_controller.hpp
[44.766s] -- Symlinking: /home/ylspyrou/humble_ws/install/tricycle_controller/include/tricycle_controller/visibility_control.h
[44.797s] -- Symlinking: /home/ylspyrou/humble_ws/install/tricycle_controller/share/tricycle_controller/environment/library_path.sh
[44.820s] -- Symlinking: /home/ylspyrou/humble_ws/install/tricycle_controller/share/tricycle_controller/environment/library_path.dsv
[44.854s] -- Symlinking: /home/ylspyrou/humble_ws/install/tricycle_controller/share/ament_index/resource_index/package_run_dependencies/tricycle_controller
[44.869s] -- Symlinking: /home/ylspyrou/humble_ws/install/tricycle_controller/share/ament_index/resource_index/parent_prefix_path/tricycle_controller
[44.881s] -- Symlinking: /home/ylspyrou/humble_ws/install/tricycle_controller/share/tricycle_controller/environment/ament_prefix_path.sh
[44.917s] -- Symlinking: /home/ylspyrou/humble_ws/install/tricycle_controller/share/tricycle_controller/environment/ament_prefix_path.dsv
[44.944s] -- Symlinking: /home/ylspyrou/humble_ws/install/tricycle_controller/share/tricycle_controller/environment/path.sh
[44.974s] -- Symlinking: /home/ylspyrou/humble_ws/install/tricycle_controller/share/tricycle_controller/environment/path.dsv
[44.995s] -- Symlinking: /home/ylspyrou/humble_ws/install/tricycle_controller/share/tricycle_controller/local_setup.bash
[45.023s] -- Symlinking: /home/ylspyrou/humble_ws/install/tricycle_controller/share/tricycle_controller/local_setup.sh
[45.057s] -- Symlinking: /home/ylspyrou/humble_ws/install/tricycle_controller/share/tricycle_controller/local_setup.zsh
[45.076s] -- Symlinking: /home/ylspyrou/humble_ws/install/tricycle_controller/share/tricycle_controller/local_setup.dsv
[45.091s] -- Symlinking: /home/ylspyrou/humble_ws/install/tricycle_controller/share/tricycle_controller/package.dsv
[45.110s] -- Symlinking: /home/ylspyrou/humble_ws/install/tricycle_controller/share/ament_index/resource_index/packages/tricycle_controller
[45.134s] -- Symlinking: /home/ylspyrou/humble_ws/install/tricycle_controller/share/ament_index/resource_index/controller_interface__pluginlib__plugin/tricycle_controller
[45.161s] -- Symlinking: /home/ylspyrou/humble_ws/install/tricycle_controller/share/tricycle_controller/cmake/ament_cmake_export_include_directories-extras.cmake
[45.175s] -- Symlinking: /home/ylspyrou/humble_ws/install/tricycle_controller/share/tricycle_controller/cmake/ament_cmake_export_libraries-extras.cmake
[45.191s] -- Symlinking: /home/ylspyrou/humble_ws/install/tricycle_controller/share/tricycle_controller/cmake/ament_cmake_export_dependencies-extras.cmake
[45.204s] -- Symlinking: /home/ylspyrou/humble_ws/install/tricycle_controller/share/tricycle_controller/cmake/tricycle_controllerConfig.cmake
[45.218s] -- Symlinking: /home/ylspyrou/humble_ws/install/tricycle_controller/share/tricycle_controller/cmake/tricycle_controllerConfig-version.cmake
[45.242s] -- Symlinking: /home/ylspyrou/humble_ws/install/tricycle_controller/share/tricycle_controller/package.xml
[45.261s] Invoked command in '/home/ylspyrou/humble_ws/build/tricycle_controller' returned '0': AMENT_PREFIX_PATH=/home/ylspyrou/humble_ws/install/controller_manager:/home/ylspyrou/humble_ws/install/controller_interface:/home/ylspyrou/humble_ws/install/hardware_interface:/home/ylspyrou/humble_ws/install/ros2_control_test_assets:/home/ylspyrou/humble_ws/install/realtime_tools:/home/ylspyrou/humble_ws/install/controller_manager_msgs:/home/ylspyrou/humble_ws/install/control_msgs:${AMENT_PREFIX_PATH} CMAKE_PREFIX_PATH=/home/ylspyrou/humble_ws/install/controller_manager:/home/ylspyrou/humble_ws/install/controller_interface:/home/ylspyrou/humble_ws/install/hardware_interface:/home/ylspyrou/humble_ws/install/ros2_control_test_assets:/home/ylspyrou/humble_ws/install/realtime_tools:/home/ylspyrou/humble_ws/install/controller_manager_msgs:/home/ylspyrou/humble_ws/install/control_msgs:/opt/ros/foxy LD_LIBRARY_PATH=/home/ylspyrou/humble_ws/install/controller_manager/lib:/home/ylspyrou/humble_ws/install/controller_interface/lib:/home/ylspyrou/humble_ws/install/hardware_interface/lib:/home/ylspyrou/humble_ws/install/realtime_tools/lib:/home/ylspyrou/humble_ws/install/controller_manager_msgs/lib:/home/ylspyrou/humble_ws/install/control_msgs/lib:${LD_LIBRARY_PATH} PYTHONPATH=/home/ylspyrou/humble_ws/install/controller_manager/lib/python3.8/site-packages:/home/ylspyrou/humble_ws/install/controller_manager_msgs/lib/python3.8/site-packages:/home/ylspyrou/humble_ws/install/control_msgs/lib/python3.8/site-packages:${PYTHONPATH} /usr/bin/cmake --install /home/ylspyrou/humble_ws/build/tricycle_controller
