[0.018s] Invoking command in '/home/ylspyrou/humble_ws/build/rrbot_description': CMAKE_PREFIX_PATH=${CMAKE_PREFIX_PATH}:/home/ylspyrou/humble_ws/install/serial_motor_demo:/home/ylspyrou/humble_ws/install/ros2controlcli:/home/ylspyrou/humble_ws/install/ros2_control_test_nodes:/opt/ros/foxy /usr/bin/cmake --build /home/ylspyrou/humble_ws/build/rrbot_description -- -j2 -l2
[0.101s] Invoked command in '/home/ylspyrou/humble_ws/build/rrbot_description' returned '0': CMAKE_PREFIX_PATH=${CMAKE_PREFIX_PATH}:/home/ylspyrou/humble_ws/install/serial_motor_demo:/home/ylspyrou/humble_ws/install/ros2controlcli:/home/ylspyrou/humble_ws/install/ros2_control_test_nodes:/opt/ros/foxy /usr/bin/cmake --build /home/ylspyrou/humble_ws/build/rrbot_description -- -j2 -l2
[0.138s] Invoking command in '/home/ylspyrou/humble_ws/build/rrbot_description': CMAKE_PREFIX_PATH=${CMAKE_PREFIX_PATH}:/home/ylspyrou/humble_ws/install/serial_motor_demo:/home/ylspyrou/humble_ws/install/ros2controlcli:/home/ylspyrou/humble_ws/install/ros2_control_test_nodes:/opt/ros/foxy /usr/bin/cmake --install /home/ylspyrou/humble_ws/build/rrbot_description
[0.150s] -- Install configuration: ""
[0.151s] -- Execute custom install script
[0.152s] -- Up-to-date symlink: /home/ylspyrou/humble_ws/install/rrbot_description/share/rrbot_description/config/rrbot.rviz
[0.153s] -- Up-to-date symlink: /home/ylspyrou/humble_ws/install/rrbot_description/share/rrbot_description/gazebo/rrbot.gazebo.xacro
[0.153s] -- Up-to-date symlink: /home/ylspyrou/humble_ws/install/rrbot_description/share/rrbot_description/gazebo/rrbot.materials.xacro
[0.153s] -- Up-to-date symlink: /home/ylspyrou/humble_ws/install/rrbot_description/share/rrbot_description/meshes/hokuyo.dae
[0.153s] -- Up-to-date symlink: /home/ylspyrou/humble_ws/install/rrbot_description/share/rrbot_description/launch/view_robot.launch.py
[0.153s] -- Up-to-date symlink: /home/ylspyrou/humble_ws/install/rrbot_description/share/rrbot_description/ros2_control/rrbot.ros2_control.xacro
[0.154s] -- Up-to-date symlink: /home/ylspyrou/humble_ws/install/rrbot_description/share/rrbot_description/ros2_control/rrbot_system_multi_interface.ros2_control.xacro
[0.154s] -- Up-to-date symlink: /home/ylspyrou/humble_ws/install/rrbot_description/share/rrbot_description/ros2_control/rrbot_system_position_only.ros2_control.xacro
[0.155s] -- Up-to-date symlink: /home/ylspyrou/humble_ws/install/rrbot_description/share/rrbot_description/ros2_control/rrbot_system_with_sensor.ros2_control.xacro
[0.155s] -- Up-to-date symlink: /home/ylspyrou/humble_ws/install/rrbot_description/share/rrbot_description/urdf/rrbot.urdf.xacro
[0.155s] -- Up-to-date symlink: /home/ylspyrou/humble_ws/install/rrbot_description/share/rrbot_description/urdf/rrbot_description.urdf.xacro
[0.156s] -- Up-to-date symlink: /home/ylspyrou/humble_ws/install/rrbot_description/share/rrbot_description/urdf/rrbot_system_multi_interface.urdf.xacro
[0.157s] -- Up-to-date symlink: /home/ylspyrou/humble_ws/install/rrbot_description/share/rrbot_description/urdf/rrbot_system_position_only.urdf.xacro
[0.157s] -- Up-to-date symlink: /home/ylspyrou/humble_ws/install/rrbot_description/share/rrbot_description/urdf/rrbot_system_with_sensor.urdf.xacro
[0.157s] -- Up-to-date symlink: /home/ylspyrou/humble_ws/install/rrbot_description/share/rrbot_description/environment/rrbot_description.dsv
[0.158s] -- Up-to-date symlink: /home/ylspyrou/humble_ws/install/rrbot_description/share/ament_index/resource_index/package_run_dependencies/rrbot_description
[0.159s] -- Up-to-date symlink: /home/ylspyrou/humble_ws/install/rrbot_description/share/ament_index/resource_index/parent_prefix_path/rrbot_description
[0.159s] -- Up-to-date symlink: /home/ylspyrou/humble_ws/install/rrbot_description/share/rrbot_description/environment/ament_prefix_path.sh
[0.160s] -- Up-to-date symlink: /home/ylspyrou/humble_ws/install/rrbot_description/share/rrbot_description/environment/ament_prefix_path.dsv
[0.160s] -- Up-to-date symlink: /home/ylspyrou/humble_ws/install/rrbot_description/share/rrbot_description/environment/path.sh
[0.161s] -- Up-to-date symlink: /home/ylspyrou/humble_ws/install/rrbot_description/share/rrbot_description/environment/path.dsv
[0.161s] -- Up-to-date symlink: /home/ylspyrou/humble_ws/install/rrbot_description/share/rrbot_description/local_setup.bash
[0.161s] -- Up-to-date symlink: /home/ylspyrou/humble_ws/install/rrbot_description/share/rrbot_description/local_setup.sh
[0.162s] -- Up-to-date symlink: /home/ylspyrou/humble_ws/install/rrbot_description/share/rrbot_description/local_setup.zsh
[0.163s] -- Up-to-date symlink: /home/ylspyrou/humble_ws/install/rrbot_description/share/rrbot_description/local_setup.dsv
[0.163s] -- Symlinking: /home/ylspyrou/humble_ws/install/rrbot_description/share/rrbot_description/package.dsv
[0.188s] -- Up-to-date symlink: /home/ylspyrou/humble_ws/install/rrbot_description/share/ament_index/resource_index/packages/rrbot_description
[0.188s] -- Up-to-date symlink: /home/ylspyrou/humble_ws/install/rrbot_description/share/rrbot_description/cmake/rrbot_descriptionConfig.cmake
[0.189s] -- Up-to-date symlink: /home/ylspyrou/humble_ws/install/rrbot_description/share/rrbot_description/cmake/rrbot_descriptionConfig-version.cmake
[0.191s] -- Up-to-date symlink: /home/ylspyrou/humble_ws/install/rrbot_description/share/rrbot_description/package.xml
[0.194s] Invoked command in '/home/ylspyrou/humble_ws/build/rrbot_description' returned '0': CMAKE_PREFIX_PATH=${CMAKE_PREFIX_PATH}:/home/ylspyrou/humble_ws/install/serial_motor_demo:/home/ylspyrou/humble_ws/install/ros2controlcli:/home/ylspyrou/humble_ws/install/ros2_control_test_nodes:/opt/ros/foxy /usr/bin/cmake --install /home/ylspyrou/humble_ws/build/rrbot_description
