[0.028s] Invoking command in '/home/ylspyrou/humble_ws/build/realtime_tools': CMAKE_PREFIX_PATH=${CMAKE_PREFIX_PATH}:/home/ylspyrou/humble_ws/install/serial_motor_demo:/home/ylspyrou/humble_ws/install/ros2controlcli:/home/ylspyrou/humble_ws/install/ros2_control_test_nodes:/opt/ros/foxy /usr/bin/cmake --build /home/ylspyrou/humble_ws/build/realtime_tools -- -j2 -l2
[0.150s] [ 17%] Built target gmock
[0.161s] [ 29%] Built target realtime_tools
[0.196s] [ 41%] Built target gmock_main
[0.253s] [ 52%] Built target realtime_buffer_tests
[0.254s] [ 64%] Built target realtime_publisher_tests
[0.306s] [ 76%] Built target realtime_server_goal_handle_tests
[0.306s] [ 88%] Built target realtime_box_tests
[0.338s] [100%] Built target realtime_clock_tests
[0.355s] Invoked command in '/home/ylspyrou/humble_ws/build/realtime_tools' returned '0': CMAKE_PREFIX_PATH=${CMAKE_PREFIX_PATH}:/home/ylspyrou/humble_ws/install/serial_motor_demo:/home/ylspyrou/humble_ws/install/ros2controlcli:/home/ylspyrou/humble_ws/install/ros2_control_test_nodes:/opt/ros/foxy /usr/bin/cmake --build /home/ylspyrou/humble_ws/build/realtime_tools -- -j2 -l2
[0.422s] Invoking command in '/home/ylspyrou/humble_ws/build/realtime_tools': CMAKE_PREFIX_PATH=${CMAKE_PREFIX_PATH}:/home/ylspyrou/humble_ws/install/serial_motor_demo:/home/ylspyrou/humble_ws/install/ros2controlcli:/home/ylspyrou/humble_ws/install/ros2_control_test_nodes:/opt/ros/foxy /usr/bin/cmake --install /home/ylspyrou/humble_ws/build/realtime_tools
[0.434s] -- Install configuration: ""
[0.435s] -- Execute custom install script
[0.436s] -- Up-to-date symlink: /home/ylspyrou/humble_ws/install/realtime_tools/include/realtime_tools/realtime_box.h
[0.437s] -- Up-to-date symlink: /home/ylspyrou/humble_ws/install/realtime_tools/include/realtime_tools/realtime_buffer.h
[0.437s] -- Up-to-date symlink: /home/ylspyrou/humble_ws/install/realtime_tools/include/realtime_tools/realtime_clock.h
[0.437s] -- Up-to-date symlink: /home/ylspyrou/humble_ws/install/realtime_tools/include/realtime_tools/realtime_publisher.h
[0.437s] -- Up-to-date symlink: /home/ylspyrou/humble_ws/install/realtime_tools/include/realtime_tools/realtime_server_goal_handle.h
[0.437s] -- Up-to-date symlink: /home/ylspyrou/humble_ws/install/realtime_tools/lib/librealtime_tools.a
[0.438s] -- Up-to-date symlink: /home/ylspyrou/humble_ws/install/realtime_tools/share/realtime_tools/environment/library_path.sh
[0.438s] -- Up-to-date symlink: /home/ylspyrou/humble_ws/install/realtime_tools/share/realtime_tools/environment/library_path.dsv
[0.438s] -- Up-to-date symlink: /home/ylspyrou/humble_ws/install/realtime_tools/share/ament_index/resource_index/package_run_dependencies/realtime_tools
[0.438s] -- Up-to-date symlink: /home/ylspyrou/humble_ws/install/realtime_tools/share/ament_index/resource_index/parent_prefix_path/realtime_tools
[0.438s] -- Up-to-date symlink: /home/ylspyrou/humble_ws/install/realtime_tools/share/realtime_tools/environment/ament_prefix_path.sh
[0.439s] -- Up-to-date symlink: /home/ylspyrou/humble_ws/install/realtime_tools/share/realtime_tools/environment/ament_prefix_path.dsv
[0.439s] -- Up-to-date symlink: /home/ylspyrou/humble_ws/install/realtime_tools/share/realtime_tools/environment/path.sh
[0.439s] -- Up-to-date symlink: /home/ylspyrou/humble_ws/install/realtime_tools/share/realtime_tools/environment/path.dsv
[0.439s] -- Up-to-date symlink: /home/ylspyrou/humble_ws/install/realtime_tools/share/realtime_tools/local_setup.bash
[0.440s] -- Up-to-date symlink: /home/ylspyrou/humble_ws/install/realtime_tools/share/realtime_tools/local_setup.sh
[0.440s] -- Up-to-date symlink: /home/ylspyrou/humble_ws/install/realtime_tools/share/realtime_tools/local_setup.zsh
[0.440s] -- Up-to-date symlink: /home/ylspyrou/humble_ws/install/realtime_tools/share/realtime_tools/local_setup.dsv
[0.440s] -- Symlinking: /home/ylspyrou/humble_ws/install/realtime_tools/share/realtime_tools/package.dsv
[0.457s] -- Up-to-date symlink: /home/ylspyrou/humble_ws/install/realtime_tools/share/ament_index/resource_index/packages/realtime_tools
[0.457s] -- Up-to-date symlink: /home/ylspyrou/humble_ws/install/realtime_tools/share/realtime_tools/cmake/ament_cmake_export_include_directories-extras.cmake
[0.457s] -- Up-to-date symlink: /home/ylspyrou/humble_ws/install/realtime_tools/share/realtime_tools/cmake/ament_cmake_export_libraries-extras.cmake
[0.457s] -- Up-to-date symlink: /home/ylspyrou/humble_ws/install/realtime_tools/share/realtime_tools/cmake/ament_cmake_export_dependencies-extras.cmake
[0.458s] -- Up-to-date symlink: /home/ylspyrou/humble_ws/install/realtime_tools/share/realtime_tools/cmake/realtime_toolsConfig.cmake
[0.458s] -- Up-to-date symlink: /home/ylspyrou/humble_ws/install/realtime_tools/share/realtime_tools/cmake/realtime_toolsConfig-version.cmake
[0.458s] -- Up-to-date symlink: /home/ylspyrou/humble_ws/install/realtime_tools/share/realtime_tools/package.xml
[0.460s] Invoked command in '/home/ylspyrou/humble_ws/build/realtime_tools' returned '0': CMAKE_PREFIX_PATH=${CMAKE_PREFIX_PATH}:/home/ylspyrou/humble_ws/install/serial_motor_demo:/home/ylspyrou/humble_ws/install/ros2controlcli:/home/ylspyrou/humble_ws/install/ros2_control_test_nodes:/opt/ros/foxy /usr/bin/cmake --install /home/ylspyrou/humble_ws/build/realtime_tools
