-- The C compiler identification is GNU 9.4.0
-- The CXX compiler identification is GNU 9.4.0
-- Check for working C compiler: /usr/bin/cc
-- Check for working C compiler: /usr/bin/cc -- works
-- Detecting C compiler ABI info
-- Detecting C compiler ABI info - done
-- Detecting C compile features
-- Detecting C compile features - done
-- Check for working CXX compiler: /usr/bin/c++
-- Check for working CXX compiler: /usr/bin/c++ -- works
-- Detecting CXX compiler ABI info
-- Detecting CXX compiler ABI info - done
-- Detecting CXX compile features
-- Detecting CXX compile features - done
-- Found ament_cmake: 0.9.12 (/opt/ros/foxy/share/ament_cmake/cmake)
-- Found PythonInterp: /usr/bin/python3 (found suitable version "3.8.10", minimum required is "3") 
-- Using PYTHON_EXECUTABLE: /usr/bin/python3
-- Override CMake install command with custom implementation using symlinks instead of copying resources
-- Configuring done
-- Generating done
-- Build files have been written to: /home/ylspyrou/humble_ws/build/diffbot_description
-- Install configuration: ""
-- Execute custom install script
-- Symlinking: /home/ylspyrou/humble_ws/install/diffbot_description/share/diffbot_description/config/diffbot.rviz
-- Symlinking: /home/ylspyrou/humble_ws/install/diffbot_description/share/diffbot_description/gazebo/diffbot.gazebo.xacro
-- Symlinking: /home/ylspyrou/humble_ws/install/diffbot_description/share/diffbot_description/gazebo/diffbot.materials.xacro
-- Symlinking: /home/ylspyrou/humble_ws/install/diffbot_description/share/diffbot_description/ros2_control/diffbot_system.ros2_control.xacro
-- Symlinking: /home/ylspyrou/humble_ws/install/diffbot_description/share/diffbot_description/urdf/diffbot.urdf.xacro
-- Symlinking: /home/ylspyrou/humble_ws/install/diffbot_description/share/diffbot_description/urdf/diffbot_system.urdf.xacro
-- Symlinking: /home/ylspyrou/humble_ws/install/diffbot_description/share/ament_index/resource_index/package_run_dependencies/diffbot_description
-- Symlinking: /home/ylspyrou/humble_ws/install/diffbot_description/share/ament_index/resource_index/parent_prefix_path/diffbot_description
-- Symlinking: /home/ylspyrou/humble_ws/install/diffbot_description/share/diffbot_description/environment/ament_prefix_path.sh
-- Symlinking: /home/ylspyrou/humble_ws/install/diffbot_description/share/diffbot_description/environment/ament_prefix_path.dsv
-- Symlinking: /home/ylspyrou/humble_ws/install/diffbot_description/share/diffbot_description/environment/path.sh
-- Symlinking: /home/ylspyrou/humble_ws/install/diffbot_description/share/diffbot_description/environment/path.dsv
-- Symlinking: /home/ylspyrou/humble_ws/install/diffbot_description/share/diffbot_description/local_setup.bash
-- Symlinking: /home/ylspyrou/humble_ws/install/diffbot_description/share/diffbot_description/local_setup.sh
-- Symlinking: /home/ylspyrou/humble_ws/install/diffbot_description/share/diffbot_description/local_setup.zsh
-- Symlinking: /home/ylspyrou/humble_ws/install/diffbot_description/share/diffbot_description/local_setup.dsv
-- Symlinking: /home/ylspyrou/humble_ws/install/diffbot_description/share/diffbot_description/package.dsv
-- Symlinking: /home/ylspyrou/humble_ws/install/diffbot_description/share/ament_index/resource_index/packages/diffbot_description
-- Symlinking: /home/ylspyrou/humble_ws/install/diffbot_description/share/diffbot_description/cmake/diffbot_descriptionConfig.cmake
-- Symlinking: /home/ylspyrou/humble_ws/install/diffbot_description/share/diffbot_description/cmake/diffbot_descriptionConfig-version.cmake
-- Symlinking: /home/ylspyrou/humble_ws/install/diffbot_description/share/diffbot_description/package.xml
